2024-06-22 21:05:01,020 - Layer_fin - INFO - dec-start-outch512-inch448-facttucker-r0.1-wh2-ind1s
2024-06-22 21:10:43,150 - Layer_fin - INFO - dec-end-outch512-inch448-facttucker-r0.1-wh2-ind1s
2024-06-22 21:12:00,911 - Layer_fin - INFO - dec-start-outch512-inch448-facttucker-r0.1-wh2-ind2s
2024-06-22 21:17:44,581 - Layer_fin - INFO - dec-end-outch512-inch448-facttucker-r0.1-wh2-ind2s
2024-06-22 21:19:00,208 - Layer_fin - INFO - dec-start-outch512-inch448-facttucker-r0.1-wh2-ind3s
2024-06-22 21:24:43,564 - Layer_fin - INFO - dec-end-outch512-inch448-facttucker-r0.1-wh2-ind3s
2024-06-22 21:26:00,303 - Layer_fin - INFO - dec-start-outch512-inch448-facttucker-r0.25-wh2-ind1s
2024-06-22 21:35:07,586 - Layer_fin - INFO - dec-end-outch512-inch448-facttucker-r0.25-wh2-ind1s
2024-06-22 21:37:00,047 - Layer_fin - INFO - dec-start-outch512-inch448-facttucker-r0.25-wh2-ind2s
2024-06-22 21:46:05,683 - Layer_fin - INFO - dec-end-outch512-inch448-facttucker-r0.25-wh2-ind2s
2024-06-22 21:48:00,601 - Layer_fin - INFO - dec-start-outch512-inch448-facttucker-r0.25-wh2-ind3s
2024-06-22 21:57:06,116 - Layer_fin - INFO - dec-end-outch512-inch448-facttucker-r0.25-wh2-ind3s
2024-06-22 21:59:00,200 - Layer_fin - INFO - dec-start-outch512-inch448-facttucker-r0.5-wh2-ind1s
2024-06-22 22:12:18,842 - Layer_fin - INFO - dec-end-outch512-inch448-facttucker-r0.5-wh2-ind1s
2024-06-22 22:14:00,069 - Layer_fin - INFO - dec-start-outch512-inch448-facttucker-r0.5-wh2-ind2s
2024-06-22 22:27:18,904 - Layer_fin - INFO - dec-end-outch512-inch448-facttucker-r0.5-wh2-ind2s
2024-06-22 22:29:00,048 - Layer_fin - INFO - dec-start-outch512-inch448-facttucker-r0.5-wh2-ind3s
2024-06-22 22:42:20,145 - Layer_fin - INFO - dec-end-outch512-inch448-facttucker-r0.5-wh2-ind3s
2024-06-22 22:44:00,412 - Layer_fin - INFO - dec-start-outch512-inch448-facttucker-r0.75-wh2-ind1s
2024-06-22 23:00:09,082 - Layer_fin - INFO - dec-end-outch512-inch448-facttucker-r0.75-wh2-ind1s
2024-06-22 23:02:00,765 - Layer_fin - INFO - dec-start-outch512-inch448-facttucker-r0.75-wh2-ind2s
2024-06-22 23:18:10,857 - Layer_fin - INFO - dec-end-outch512-inch448-facttucker-r0.75-wh2-ind2s
2024-06-22 23:20:00,104 - Layer_fin - INFO - dec-start-outch512-inch448-facttucker-r0.75-wh2-ind3s
2024-06-22 23:36:08,143 - Layer_fin - INFO - dec-end-outch512-inch448-facttucker-r0.75-wh2-ind3s
2024-06-22 23:38:00,355 - Layer_fin - INFO - dec-start-outch512-inch448-facttucker-r0.9-wh2-ind1s
2024-06-22 23:56:50,956 - Layer_fin - INFO - dec-end-outch512-inch448-facttucker-r0.9-wh2-ind1s
2024-06-22 23:58:00,364 - Layer_fin - INFO - dec-start-outch512-inch448-facttucker-r0.9-wh2-ind2s
2024-06-23 00:16:51,051 - Layer_fin - INFO - dec-end-outch512-inch448-facttucker-r0.9-wh2-ind2s
2024-06-23 00:18:00,468 - Layer_fin - INFO - dec-start-outch512-inch448-facttucker-r0.9-wh2-ind3s
2024-06-23 00:36:52,400 - Layer_fin - INFO - dec-end-outch512-inch448-facttucker-r0.9-wh2-ind3s
2024-06-23 00:38:00,250 - Layer_fin - INFO - dec-start-outch512-inch448-facttt-r0.1-wh2-ind1s
2024-06-23 00:42:56,412 - Layer_fin - INFO - dec-end-outch512-inch448-facttt-r0.1-wh2-ind1s
2024-06-23 00:44:00,277 - Layer_fin - INFO - dec-start-outch512-inch448-facttt-r0.1-wh2-ind2s
2024-06-23 00:48:57,600 - Layer_fin - INFO - dec-end-outch512-inch448-facttt-r0.1-wh2-ind2s
2024-06-23 00:50:00,402 - Layer_fin - INFO - dec-start-outch512-inch448-facttt-r0.1-wh2-ind3s
2024-06-23 00:54:56,670 - Layer_fin - INFO - dec-end-outch512-inch448-facttt-r0.1-wh2-ind3s
2024-06-23 00:56:00,105 - Layer_fin - INFO - dec-start-outch512-inch448-facttt-r0.25-wh2-ind1s
2024-06-23 00:58:47,786 - Layer_fin - INFO - dec-end-outch512-inch448-facttt-r0.25-wh2-ind1s
2024-06-23 01:00:00,159 - Layer_fin - INFO - dec-start-outch512-inch448-facttt-r0.25-wh2-ind2s
2024-06-23 01:02:46,967 - Layer_fin - INFO - dec-end-outch512-inch448-facttt-r0.25-wh2-ind2s
2024-06-23 01:04:00,377 - Layer_fin - INFO - dec-start-outch512-inch448-facttt-r0.25-wh2-ind3s
2024-06-23 01:06:47,628 - Layer_fin - INFO - dec-end-outch512-inch448-facttt-r0.25-wh2-ind3s
2024-06-23 01:08:00,056 - Layer_fin - INFO - dec-start-outch512-inch448-facttt-r0.5-wh2-ind1s
2024-06-23 01:12:00,144 - Layer_fin - INFO - dec-end-outch512-inch448-facttt-r0.5-wh2-ind1s
2024-06-23 01:14:00,536 - Layer_fin - INFO - dec-start-outch512-inch448-facttt-r0.5-wh2-ind2s
2024-06-23 01:17:59,142 - Layer_fin - INFO - dec-end-outch512-inch448-facttt-r0.5-wh2-ind2s
2024-06-23 01:19:00,461 - Layer_fin - INFO - dec-start-outch512-inch448-facttt-r0.5-wh2-ind3s
2024-06-23 01:23:01,173 - Layer_fin - INFO - dec-end-outch512-inch448-facttt-r0.5-wh2-ind3s
2024-06-23 01:25:00,661 - Layer_fin - INFO - dec-start-outch512-inch448-facttt-r0.75-wh2-ind1s
2024-06-23 01:29:16,589 - Layer_fin - INFO - dec-end-outch512-inch448-facttt-r0.75-wh2-ind1s
2024-06-23 01:31:00,077 - Layer_fin - INFO - dec-start-outch512-inch448-facttt-r0.75-wh2-ind2s
2024-06-23 01:35:12,239 - Layer_fin - INFO - dec-end-outch512-inch448-facttt-r0.75-wh2-ind2s
2024-06-23 01:37:00,729 - Layer_fin - INFO - dec-start-outch512-inch448-facttt-r0.75-wh2-ind3s
2024-06-23 01:41:13,296 - Layer_fin - INFO - dec-end-outch512-inch448-facttt-r0.75-wh2-ind3s
2024-06-23 01:43:00,728 - Layer_fin - INFO - dec-start-outch512-inch448-facttt-r0.9-wh2-ind1s
2024-06-23 01:47:19,628 - Layer_fin - INFO - dec-end-outch512-inch448-facttt-r0.9-wh2-ind1s
2024-06-23 01:49:00,126 - Layer_fin - INFO - dec-start-outch512-inch448-facttt-r0.9-wh2-ind2s
2024-06-23 01:53:20,466 - Layer_fin - INFO - dec-end-outch512-inch448-facttt-r0.9-wh2-ind2s
2024-06-23 01:55:00,915 - Layer_fin - INFO - dec-start-outch512-inch448-facttt-r0.9-wh2-ind3s
2024-06-23 01:59:22,403 - Layer_fin - INFO - dec-end-outch512-inch448-facttt-r0.9-wh2-ind3s
2024-06-23 02:01:00,550 - Layer_fin - INFO - bas-start-outch512-inch448-wh2-ind1s
2024-06-23 02:05:09,029 - Layer_fin - INFO - bas-end-outch512-inch448-wh2-ind1s
2024-06-23 02:07:00,533 - Layer_fin - INFO - bas-start-outch512-inch448-wh2-ind2s
2024-06-23 02:11:11,161 - Layer_fin - INFO - bas-end-outch512-inch448-wh2-ind2s
2024-06-23 02:13:00,668 - Layer_fin - INFO - bas-start-outch512-inch448-wh2-ind3s
2024-06-23 02:17:08,982 - Layer_fin - INFO - bas-end-outch512-inch448-wh2-ind3s
2024-06-23 02:19:00,605 - Layer_fin - INFO - dec-start-outch512-inch448-factcp-r0.1-wh2-ind1s
2024-06-23 02:26:33,186 - Layer_fin - INFO - dec-end-outch512-inch448-factcp-r0.1-wh2-ind1s
2024-06-23 02:28:00,550 - Layer_fin - INFO - dec-start-outch512-inch448-factcp-r0.1-wh2-ind2s
2024-06-23 02:35:34,754 - Layer_fin - INFO - dec-end-outch512-inch448-factcp-r0.1-wh2-ind2s
2024-06-23 02:37:00,079 - Layer_fin - INFO - dec-start-outch512-inch448-factcp-r0.1-wh2-ind3s
2024-06-23 02:44:32,392 - Layer_fin - INFO - dec-end-outch512-inch448-factcp-r0.1-wh2-ind3s
2024-06-23 02:47:00,112 - Layer_fin - INFO - dec-start-outch512-inch448-factcp-r0.25-wh2-ind1s
2024-06-23 03:02:23,007 - Layer_fin - INFO - dec-end-outch512-inch448-factcp-r0.25-wh2-ind1s
2024-06-23 03:05:00,858 - Layer_fin - INFO - dec-start-outch512-inch448-factcp-r0.25-wh2-ind2s
2024-06-23 03:20:23,339 - Layer_fin - INFO - dec-end-outch512-inch448-factcp-r0.25-wh2-ind2s
2024-06-23 03:23:00,228 - Layer_fin - INFO - dec-start-outch512-inch448-factcp-r0.25-wh2-ind3s
2024-06-23 03:38:23,155 - Layer_fin - INFO - dec-end-outch512-inch448-factcp-r0.25-wh2-ind3s
2024-06-23 03:41:00,927 - Layer_fin - INFO - dec-start-outch512-inch448-factcp-r0.5-wh2-ind1s
2024-06-23 03:56:12,556 - Layer_fin - INFO - dec-end-outch512-inch448-factcp-r0.5-wh2-ind1s
2024-06-23 03:59:00,371 - Layer_fin - INFO - dec-start-outch512-inch448-factcp-r0.5-wh2-ind2s
2024-06-23 04:14:10,554 - Layer_fin - INFO - dec-end-outch512-inch448-factcp-r0.5-wh2-ind2s
2024-06-23 04:17:00,976 - Layer_fin - INFO - dec-start-outch512-inch448-factcp-r0.5-wh2-ind3s
2024-06-23 04:32:11,571 - Layer_fin - INFO - dec-end-outch512-inch448-factcp-r0.5-wh2-ind3s
2024-06-23 04:36:00,375 - Layer_fin - INFO - dec-start-outch512-inch448-factcp-r0.75-wh2-ind1s
2024-06-23 04:57:30,222 - Layer_fin - INFO - dec-end-outch512-inch448-factcp-r0.75-wh2-ind1s
2024-06-23 05:01:00,560 - Layer_fin - INFO - dec-start-outch512-inch448-factcp-r0.75-wh2-ind2s
2024-06-23 05:22:32,209 - Layer_fin - INFO - dec-end-outch512-inch448-factcp-r0.75-wh2-ind2s
2024-06-23 05:26:00,778 - Layer_fin - INFO - dec-start-outch512-inch448-factcp-r0.75-wh2-ind3s
2024-06-23 05:47:32,542 - Layer_fin - INFO - dec-end-outch512-inch448-factcp-r0.75-wh2-ind3s
2024-06-23 05:52:00,088 - Layer_fin - INFO - dec-start-outch512-inch448-factcp-r0.9-wh2-ind1s
2024-06-23 06:17:34,511 - Layer_fin - INFO - dec-end-outch512-inch448-factcp-r0.9-wh2-ind1s
2024-06-23 06:22:00,151 - Layer_fin - INFO - dec-start-outch512-inch448-factcp-r0.9-wh2-ind2s
2024-06-23 06:47:34,274 - Layer_fin - INFO - dec-end-outch512-inch448-factcp-r0.9-wh2-ind2s
2024-06-23 06:52:00,228 - Layer_fin - INFO - dec-start-outch512-inch448-factcp-r0.9-wh2-ind3s
2024-06-23 07:17:34,626 - Layer_fin - INFO - dec-end-outch512-inch448-factcp-r0.9-wh2-ind3s
2024-06-23 07:19:00,480 - Layer_fin - INFO - dec-start-outch512-inch448-facttucker-r0.1-wh4-ind1s
2024-06-23 07:25:13,201 - Layer_fin - INFO - dec-end-outch512-inch448-facttucker-r0.1-wh4-ind1s
2024-06-23 07:27:00,312 - Layer_fin - INFO - dec-start-outch512-inch448-facttucker-r0.1-wh4-ind2s
2024-06-23 07:33:12,724 - Layer_fin - INFO - dec-end-outch512-inch448-facttucker-r0.1-wh4-ind2s
2024-06-23 07:35:00,540 - Layer_fin - INFO - dec-start-outch512-inch448-facttucker-r0.1-wh4-ind3s
2024-06-23 07:41:11,975 - Layer_fin - INFO - dec-end-outch512-inch448-facttucker-r0.1-wh4-ind3s
2024-06-23 07:43:00,536 - Layer_fin - INFO - dec-start-outch512-inch448-facttucker-r0.25-wh4-ind1s
2024-06-23 07:52:26,648 - Layer_fin - INFO - dec-end-outch512-inch448-facttucker-r0.25-wh4-ind1s
2024-06-23 07:54:00,052 - Layer_fin - INFO - dec-start-outch512-inch448-facttucker-r0.25-wh4-ind2s
2024-06-23 08:03:27,956 - Layer_fin - INFO - dec-end-outch512-inch448-facttucker-r0.25-wh4-ind2s
2024-06-23 08:05:00,754 - Layer_fin - INFO - dec-start-outch512-inch448-facttucker-r0.25-wh4-ind3s
2024-06-23 08:14:27,922 - Layer_fin - INFO - dec-end-outch512-inch448-facttucker-r0.25-wh4-ind3s
2024-06-23 08:16:00,718 - Layer_fin - INFO - dec-start-outch512-inch448-facttucker-r0.5-wh4-ind1s
2024-06-23 08:30:20,336 - Layer_fin - INFO - dec-end-outch512-inch448-facttucker-r0.5-wh4-ind1s
2024-06-23 08:32:00,524 - Layer_fin - INFO - dec-start-outch512-inch448-facttucker-r0.5-wh4-ind2s
2024-06-23 08:46:20,071 - Layer_fin - INFO - dec-end-outch512-inch448-facttucker-r0.5-wh4-ind2s
2024-06-23 08:48:01,007 - Layer_fin - INFO - dec-start-outch512-inch448-facttucker-r0.5-wh4-ind3s
2024-06-23 09:02:19,853 - Layer_fin - INFO - dec-end-outch512-inch448-facttucker-r0.5-wh4-ind3s
2024-06-23 09:04:00,199 - Layer_fin - INFO - dec-start-outch512-inch448-facttucker-r0.75-wh4-ind1s
2024-06-23 09:21:02,290 - Layer_fin - INFO - dec-end-outch512-inch448-facttucker-r0.75-wh4-ind1s
2024-06-23 09:23:00,090 - Layer_fin - INFO - dec-start-outch512-inch448-facttucker-r0.75-wh4-ind2s
2024-06-23 09:40:01,517 - Layer_fin - INFO - dec-end-outch512-inch448-facttucker-r0.75-wh4-ind2s
2024-06-23 09:42:00,262 - Layer_fin - INFO - dec-start-outch512-inch448-facttucker-r0.75-wh4-ind3s
2024-06-23 09:59:02,283 - Layer_fin - INFO - dec-end-outch512-inch448-facttucker-r0.75-wh4-ind3s
2024-06-23 10:01:00,976 - Layer_fin - INFO - dec-start-outch512-inch448-facttucker-r0.9-wh4-ind1s
2024-06-23 10:20:07,025 - Layer_fin - INFO - dec-end-outch512-inch448-facttucker-r0.9-wh4-ind1s
2024-06-23 10:22:00,896 - Layer_fin - INFO - dec-start-outch512-inch448-facttucker-r0.9-wh4-ind2s
2024-06-23 10:41:09,162 - Layer_fin - INFO - dec-end-outch512-inch448-facttucker-r0.9-wh4-ind2s
2024-06-23 10:43:00,599 - Layer_fin - INFO - dec-start-outch512-inch448-facttucker-r0.9-wh4-ind3s
2024-06-23 11:02:09,194 - Layer_fin - INFO - dec-end-outch512-inch448-facttucker-r0.9-wh4-ind3s
2024-06-23 11:04:00,112 - Layer_fin - INFO - dec-start-outch512-inch448-facttt-r0.1-wh4-ind1s
2024-06-23 11:08:57,274 - Layer_fin - INFO - dec-end-outch512-inch448-facttt-r0.1-wh4-ind1s
2024-06-23 11:10:00,835 - Layer_fin - INFO - dec-start-outch512-inch448-facttt-r0.1-wh4-ind2s
2024-06-23 11:14:58,484 - Layer_fin - INFO - dec-end-outch512-inch448-facttt-r0.1-wh4-ind2s
2024-06-23 11:16:00,153 - Layer_fin - INFO - dec-start-outch512-inch448-facttt-r0.1-wh4-ind3s
2024-06-23 11:20:58,039 - Layer_fin - INFO - dec-end-outch512-inch448-facttt-r0.1-wh4-ind3s
2024-06-23 11:22:00,415 - Layer_fin - INFO - dec-start-outch512-inch448-facttt-r0.25-wh4-ind1s
2024-06-23 11:26:27,029 - Layer_fin - INFO - dec-end-outch512-inch448-facttt-r0.25-wh4-ind1s
2024-06-23 11:28:00,470 - Layer_fin - INFO - dec-start-outch512-inch448-facttt-r0.25-wh4-ind2s
2024-06-23 11:32:26,254 - Layer_fin - INFO - dec-end-outch512-inch448-facttt-r0.25-wh4-ind2s
2024-06-23 11:34:00,635 - Layer_fin - INFO - dec-start-outch512-inch448-facttt-r0.25-wh4-ind3s
2024-06-23 11:38:26,371 - Layer_fin - INFO - dec-end-outch512-inch448-facttt-r0.25-wh4-ind3s
2024-06-23 11:40:00,802 - Layer_fin - INFO - dec-start-outch512-inch448-facttt-r0.5-wh4-ind1s
2024-06-23 11:45:50,891 - Layer_fin - INFO - dec-end-outch512-inch448-facttt-r0.5-wh4-ind1s
2024-06-23 11:47:00,335 - Layer_fin - INFO - dec-start-outch512-inch448-facttt-r0.5-wh4-ind2s
2024-06-23 11:52:51,489 - Layer_fin - INFO - dec-end-outch512-inch448-facttt-r0.5-wh4-ind2s
2024-06-23 11:54:00,949 - Layer_fin - INFO - dec-start-outch512-inch448-facttt-r0.5-wh4-ind3s
2024-06-23 11:59:51,179 - Layer_fin - INFO - dec-end-outch512-inch448-facttt-r0.5-wh4-ind3s
2024-06-23 12:01:00,609 - Layer_fin - INFO - dec-start-outch512-inch448-facttt-r0.75-wh4-ind1s
2024-06-23 12:07:05,476 - Layer_fin - INFO - dec-end-outch512-inch448-facttt-r0.75-wh4-ind1s
2024-06-23 12:09:00,979 - Layer_fin - INFO - dec-start-outch512-inch448-facttt-r0.75-wh4-ind2s
2024-06-23 12:15:04,783 - Layer_fin - INFO - dec-end-outch512-inch448-facttt-r0.75-wh4-ind2s
2024-06-23 12:17:00,228 - Layer_fin - INFO - dec-start-outch512-inch448-facttt-r0.75-wh4-ind3s
2024-06-23 12:23:04,305 - Layer_fin - INFO - dec-end-outch512-inch448-facttt-r0.75-wh4-ind3s
2024-06-23 12:25:00,807 - Layer_fin - INFO - dec-start-outch512-inch448-facttt-r0.9-wh4-ind1s
2024-06-23 12:31:11,791 - Layer_fin - INFO - dec-end-outch512-inch448-facttt-r0.9-wh4-ind1s
2024-06-23 12:33:00,261 - Layer_fin - INFO - dec-start-outch512-inch448-facttt-r0.9-wh4-ind2s
2024-06-23 12:39:11,468 - Layer_fin - INFO - dec-end-outch512-inch448-facttt-r0.9-wh4-ind2s
2024-06-23 12:41:00,960 - Layer_fin - INFO - dec-start-outch512-inch448-facttt-r0.9-wh4-ind3s
2024-06-23 12:47:12,324 - Layer_fin - INFO - dec-end-outch512-inch448-facttt-r0.9-wh4-ind3s
2024-06-23 12:49:00,464 - Layer_fin - INFO - bas-start-outch512-inch448-wh4-ind1s
2024-06-23 12:53:38,404 - Layer_fin - INFO - bas-end-outch512-inch448-wh4-ind1s
2024-06-23 12:55:00,726 - Layer_fin - INFO - bas-start-outch512-inch448-wh4-ind2s
2024-06-23 12:59:38,927 - Layer_fin - INFO - bas-end-outch512-inch448-wh4-ind2s
2024-06-23 13:01:00,295 - Layer_fin - INFO - bas-start-outch512-inch448-wh4-ind3s
2024-06-23 13:05:38,456 - Layer_fin - INFO - bas-end-outch512-inch448-wh4-ind3s
2024-06-23 13:07:00,980 - Layer_fin - INFO - dec-start-outch512-inch448-factcp-r0.1-wh4-ind1s
2024-06-23 13:15:13,769 - Layer_fin - INFO - dec-end-outch512-inch448-factcp-r0.1-wh4-ind1s
2024-06-23 13:17:00,240 - Layer_fin - INFO - dec-start-outch512-inch448-factcp-r0.1-wh4-ind2s
2024-06-23 13:25:12,487 - Layer_fin - INFO - dec-end-outch512-inch448-factcp-r0.1-wh4-ind2s
2024-06-23 13:27:00,912 - Layer_fin - INFO - dec-start-outch512-inch448-factcp-r0.1-wh4-ind3s
2024-06-23 13:35:13,131 - Layer_fin - INFO - dec-end-outch512-inch448-factcp-r0.1-wh4-ind3s
2024-06-23 13:37:00,779 - Layer_fin - INFO - dec-start-outch512-inch448-factcp-r0.25-wh4-ind1s
2024-06-23 13:53:57,310 - Layer_fin - INFO - dec-end-outch512-inch448-factcp-r0.25-wh4-ind1s
2024-06-23 13:56:00,073 - Layer_fin - INFO - dec-start-outch512-inch448-factcp-r0.25-wh4-ind2s
2024-06-23 14:12:43,775 - Layer_fin - INFO - dec-end-outch512-inch448-factcp-r0.25-wh4-ind2s
2024-06-23 14:31:00,786 - Layer_fin - INFO - dec-start-outch512-inch448-factcp-r0.25-wh4-ind3s
2024-06-23 14:36:00,460 - Layer_fin - INFO - dec-start-outch512-inch448-factcp-r0.25-wh4-ind3s
2024-06-23 14:39:31,081 - Layer_fin - INFO - dec-end-outch512-inch448-factcp-r0.25-wh4-ind3s
2024-06-23 14:42:00,843 - Layer_fin - INFO - dec-start-outch512-inch448-factcp-r0.5-wh4-ind1s
2024-06-23 14:45:41,384 - Layer_fin - INFO - dec-end-outch512-inch448-factcp-r0.5-wh4-ind1s
2024-06-23 14:49:00,720 - Layer_fin - INFO - dec-start-outch512-inch448-factcp-r0.5-wh4-ind2s
2024-06-23 14:52:41,047 - Layer_fin - INFO - dec-end-outch512-inch448-factcp-r0.5-wh4-ind2s
2024-06-23 14:56:00,670 - Layer_fin - INFO - dec-start-outch512-inch448-factcp-r0.5-wh4-ind3s
2024-06-23 14:59:40,956 - Layer_fin - INFO - dec-end-outch512-inch448-factcp-r0.5-wh4-ind3s
2024-06-23 15:03:00,254 - Layer_fin - INFO - dec-start-outch512-inch448-factcp-r0.75-wh4-ind1s
2024-06-23 15:08:15,384 - Layer_fin - INFO - dec-end-outch512-inch448-factcp-r0.75-wh4-ind1s
2024-06-23 15:12:00,936 - Layer_fin - INFO - dec-start-outch512-inch448-factcp-r0.75-wh4-ind2s
2024-06-23 15:17:15,803 - Layer_fin - INFO - dec-end-outch512-inch448-factcp-r0.75-wh4-ind2s
2024-06-23 15:21:00,292 - Layer_fin - INFO - dec-start-outch512-inch448-factcp-r0.75-wh4-ind3s
2024-06-23 15:26:14,459 - Layer_fin - INFO - dec-end-outch512-inch448-factcp-r0.75-wh4-ind3s
2024-06-23 15:30:00,203 - Layer_fin - INFO - dec-start-outch512-inch448-factcp-r0.9-wh4-ind1s
2024-06-23 15:36:14,156 - Layer_fin - INFO - dec-end-outch512-inch448-factcp-r0.9-wh4-ind1s
2024-06-23 15:40:00,940 - Layer_fin - INFO - dec-start-outch512-inch448-factcp-r0.9-wh4-ind2s
2024-06-23 15:46:15,443 - Layer_fin - INFO - dec-end-outch512-inch448-factcp-r0.9-wh4-ind2s
2024-06-23 15:50:00,450 - Layer_fin - INFO - dec-start-outch512-inch448-factcp-r0.9-wh4-ind3s
2024-06-23 15:56:14,362 - Layer_fin - INFO - dec-end-outch512-inch448-factcp-r0.9-wh4-ind3s
2024-06-23 15:58:00,912 - Layer_fin - INFO - dec-start-outch512-inch448-facttucker-r0.1-wh6-ind1s
2024-06-23 15:59:37,435 - Layer_fin - INFO - dec-end-outch512-inch448-facttucker-r0.1-wh6-ind1s
2024-06-23 16:01:00,465 - Layer_fin - INFO - dec-start-outch512-inch448-facttucker-r0.1-wh6-ind2s
2024-06-23 16:02:36,966 - Layer_fin - INFO - dec-end-outch512-inch448-facttucker-r0.1-wh6-ind2s
2024-06-23 16:04:00,652 - Layer_fin - INFO - dec-start-outch512-inch448-facttucker-r0.1-wh6-ind3s
2024-06-23 16:05:37,229 - Layer_fin - INFO - dec-end-outch512-inch448-facttucker-r0.1-wh6-ind3s
2024-06-23 16:07:00,744 - Layer_fin - INFO - dec-start-outch512-inch448-facttucker-r0.25-wh6-ind1s
2024-06-23 16:09:24,489 - Layer_fin - INFO - dec-end-outch512-inch448-facttucker-r0.25-wh6-ind1s
2024-06-23 16:11:01,010 - Layer_fin - INFO - dec-start-outch512-inch448-facttucker-r0.25-wh6-ind2s
2024-06-23 16:13:24,551 - Layer_fin - INFO - dec-end-outch512-inch448-facttucker-r0.25-wh6-ind2s
2024-06-23 16:15:00,195 - Layer_fin - INFO - dec-start-outch512-inch448-facttucker-r0.25-wh6-ind3s
2024-06-23 16:17:25,063 - Layer_fin - INFO - dec-end-outch512-inch448-facttucker-r0.25-wh6-ind3s
2024-06-23 16:19:00,532 - Layer_fin - INFO - dec-start-outch512-inch448-facttucker-r0.5-wh6-ind1s
2024-06-23 16:22:45,143 - Layer_fin - INFO - dec-end-outch512-inch448-facttucker-r0.5-wh6-ind1s
2024-06-23 16:24:00,351 - Layer_fin - INFO - dec-start-outch512-inch448-facttucker-r0.5-wh6-ind2s
2024-06-23 16:27:44,881 - Layer_fin - INFO - dec-end-outch512-inch448-facttucker-r0.5-wh6-ind2s
2024-06-23 16:29:00,560 - Layer_fin - INFO - dec-start-outch512-inch448-facttucker-r0.5-wh6-ind3s
2024-06-23 16:32:45,399 - Layer_fin - INFO - dec-end-outch512-inch448-facttucker-r0.5-wh6-ind3s
2024-06-23 16:34:00,033 - Layer_fin - INFO - dec-start-outch512-inch448-facttucker-r0.75-wh6-ind1s
2024-06-23 16:38:51,300 - Layer_fin - INFO - dec-end-outch512-inch448-facttucker-r0.75-wh6-ind1s
2024-06-23 16:40:00,681 - Layer_fin - INFO - dec-start-outch512-inch448-facttucker-r0.75-wh6-ind2s
2024-06-23 16:44:52,674 - Layer_fin - INFO - dec-end-outch512-inch448-facttucker-r0.75-wh6-ind2s
2024-06-23 16:46:00,932 - Layer_fin - INFO - dec-start-outch512-inch448-facttucker-r0.75-wh6-ind3s
2024-06-23 16:50:53,004 - Layer_fin - INFO - dec-end-outch512-inch448-facttucker-r0.75-wh6-ind3s
2024-06-23 16:52:00,509 - Layer_fin - INFO - dec-start-outch512-inch448-facttucker-r0.9-wh6-ind1s
2024-06-23 16:57:22,311 - Layer_fin - INFO - dec-end-outch512-inch448-facttucker-r0.9-wh6-ind1s
2024-06-23 16:59:00,776 - Layer_fin - INFO - dec-start-outch512-inch448-facttucker-r0.9-wh6-ind2s
2024-06-23 17:04:22,496 - Layer_fin - INFO - dec-end-outch512-inch448-facttucker-r0.9-wh6-ind2s
2024-06-23 17:06:00,091 - Layer_fin - INFO - dec-start-outch512-inch448-facttucker-r0.9-wh6-ind3s
2024-06-23 17:11:23,080 - Layer_fin - INFO - dec-end-outch512-inch448-facttucker-r0.9-wh6-ind3s
2024-06-23 17:13:00,976 - Layer_fin - INFO - dec-start-outch512-inch448-facttt-r0.1-wh6-ind1s
2024-06-23 17:14:38,021 - Layer_fin - INFO - dec-end-outch512-inch448-facttt-r0.1-wh6-ind1s
2024-06-23 17:16:00,690 - Layer_fin - INFO - dec-start-outch512-inch448-facttt-r0.1-wh6-ind2s
2024-06-23 17:17:37,778 - Layer_fin - INFO - dec-end-outch512-inch448-facttt-r0.1-wh6-ind2s
2024-06-23 17:19:00,473 - Layer_fin - INFO - dec-start-outch512-inch448-facttt-r0.1-wh6-ind3s
2024-06-23 17:20:37,031 - Layer_fin - INFO - dec-end-outch512-inch448-facttt-r0.1-wh6-ind3s
2024-06-23 17:22:00,496 - Layer_fin - INFO - dec-start-outch512-inch448-facttt-r0.25-wh6-ind1s
2024-06-23 17:23:17,993 - Layer_fin - INFO - dec-end-outch512-inch448-facttt-r0.25-wh6-ind1s
2024-06-23 17:25:00,472 - Layer_fin - INFO - dec-start-outch512-inch448-facttt-r0.25-wh6-ind2s
2024-06-23 17:26:17,686 - Layer_fin - INFO - dec-end-outch512-inch448-facttt-r0.25-wh6-ind2s
2024-06-23 17:28:00,081 - Layer_fin - INFO - dec-start-outch512-inch448-facttt-r0.25-wh6-ind3s
2024-06-23 17:29:17,193 - Layer_fin - INFO - dec-end-outch512-inch448-facttt-r0.25-wh6-ind3s
2024-06-23 17:31:00,620 - Layer_fin - INFO - dec-start-outch512-inch448-facttt-r0.5-wh6-ind1s
2024-06-23 17:32:35,249 - Layer_fin - INFO - dec-end-outch512-inch448-facttt-r0.5-wh6-ind1s
2024-06-23 17:34:00,711 - Layer_fin - INFO - dec-start-outch512-inch448-facttt-r0.5-wh6-ind2s
2024-06-23 17:35:35,348 - Layer_fin - INFO - dec-end-outch512-inch448-facttt-r0.5-wh6-ind2s
2024-06-23 17:37:00,779 - Layer_fin - INFO - dec-start-outch512-inch448-facttt-r0.5-wh6-ind3s
2024-06-23 17:38:35,532 - Layer_fin - INFO - dec-end-outch512-inch448-facttt-r0.5-wh6-ind3s
2024-06-23 17:40:00,977 - Layer_fin - INFO - dec-start-outch512-inch448-facttt-r0.75-wh6-ind1s
2024-06-23 17:41:38,981 - Layer_fin - INFO - dec-end-outch512-inch448-facttt-r0.75-wh6-ind1s
2024-06-23 17:43:00,429 - Layer_fin - INFO - dec-start-outch512-inch448-facttt-r0.75-wh6-ind2s
2024-06-23 17:44:38,496 - Layer_fin - INFO - dec-end-outch512-inch448-facttt-r0.75-wh6-ind2s
2024-06-23 17:46:00,976 - Layer_fin - INFO - dec-start-outch512-inch448-facttt-r0.75-wh6-ind3s
2024-06-23 17:47:38,990 - Layer_fin - INFO - dec-end-outch512-inch448-facttt-r0.75-wh6-ind3s
2024-06-23 17:49:00,416 - Layer_fin - INFO - dec-start-outch512-inch448-facttt-r0.9-wh6-ind1s
2024-06-23 17:50:40,069 - Layer_fin - INFO - dec-end-outch512-inch448-facttt-r0.9-wh6-ind1s
2024-06-23 17:52:00,534 - Layer_fin - INFO - dec-start-outch512-inch448-facttt-r0.9-wh6-ind2s
2024-06-23 17:53:40,141 - Layer_fin - INFO - dec-end-outch512-inch448-facttt-r0.9-wh6-ind2s
2024-06-23 17:55:00,633 - Layer_fin - INFO - dec-start-outch512-inch448-facttt-r0.9-wh6-ind3s
2024-06-23 17:56:40,138 - Layer_fin - INFO - dec-end-outch512-inch448-facttt-r0.9-wh6-ind3s
2024-06-23 17:58:00,248 - Layer_fin - INFO - bas-start-outch512-inch448-wh6-ind1s
2024-06-23 17:59:34,330 - Layer_fin - INFO - bas-end-outch512-inch448-wh6-ind1s
2024-06-23 18:01:00,888 - Layer_fin - INFO - bas-start-outch512-inch448-wh6-ind2s
2024-06-23 18:02:34,891 - Layer_fin - INFO - bas-end-outch512-inch448-wh6-ind2s
2024-06-23 18:04:00,449 - Layer_fin - INFO - bas-start-outch512-inch448-wh6-ind3s
2024-06-23 18:05:34,372 - Layer_fin - INFO - bas-end-outch512-inch448-wh6-ind3s
2024-06-23 18:07:00,389 - Layer_fin - INFO - dec-start-outch512-inch448-factcp-r0.1-wh6-ind1s
2024-06-23 18:09:22,166 - Layer_fin - INFO - dec-end-outch512-inch448-factcp-r0.1-wh6-ind1s
2024-06-23 18:11:00,988 - Layer_fin - INFO - dec-start-outch512-inch448-factcp-r0.1-wh6-ind2s
2024-06-23 18:13:22,683 - Layer_fin - INFO - dec-end-outch512-inch448-factcp-r0.1-wh6-ind2s
2024-06-23 18:15:00,375 - Layer_fin - INFO - dec-start-outch512-inch448-factcp-r0.1-wh6-ind3s
2024-06-23 18:17:22,145 - Layer_fin - INFO - dec-end-outch512-inch448-factcp-r0.1-wh6-ind3s
2024-06-23 18:20:00,203 - Layer_fin - INFO - dec-start-outch512-inch448-factcp-r0.25-wh6-ind1s
2024-06-23 18:25:01,230 - Layer_fin - INFO - dec-end-outch512-inch448-factcp-r0.25-wh6-ind1s
2024-06-23 18:27:00,398 - Layer_fin - INFO - dec-start-outch512-inch448-factcp-r0.25-wh6-ind2s
2024-06-23 18:32:01,765 - Layer_fin - INFO - dec-end-outch512-inch448-factcp-r0.25-wh6-ind2s
2024-06-23 18:34:00,935 - Layer_fin - INFO - dec-start-outch512-inch448-factcp-r0.25-wh6-ind3s
2024-06-23 18:39:02,254 - Layer_fin - INFO - dec-end-outch512-inch448-factcp-r0.25-wh6-ind3s
2024-06-23 18:42:00,880 - Layer_fin - INFO - dec-start-outch512-inch448-factcp-r0.5-wh6-ind1s
2024-06-23 18:48:45,768 - Layer_fin - INFO - dec-end-outch512-inch448-factcp-r0.5-wh6-ind1s
2024-06-23 18:52:00,484 - Layer_fin - INFO - dec-start-outch512-inch448-factcp-r0.5-wh6-ind2s
2024-06-23 18:58:45,338 - Layer_fin - INFO - dec-end-outch512-inch448-factcp-r0.5-wh6-ind2s
2024-06-23 19:02:00,375 - Layer_fin - INFO - dec-start-outch512-inch448-factcp-r0.5-wh6-ind3s
2024-06-23 19:08:45,196 - Layer_fin - INFO - dec-end-outch512-inch448-factcp-r0.5-wh6-ind3s
2024-06-23 19:12:00,244 - Layer_fin - INFO - dec-start-outch512-inch448-factcp-r0.75-wh6-ind1s
2024-06-23 19:21:50,261 - Layer_fin - INFO - dec-end-outch512-inch448-factcp-r0.75-wh6-ind1s
2024-06-23 19:26:00,533 - Layer_fin - INFO - dec-start-outch512-inch448-factcp-r0.75-wh6-ind2s
2024-06-23 19:35:47,921 - Layer_fin - INFO - dec-end-outch512-inch448-factcp-r0.75-wh6-ind2s
2024-06-23 19:39:00,998 - Layer_fin - INFO - dec-start-outch512-inch448-factcp-r0.75-wh6-ind3s
2024-06-23 19:48:48,419 - Layer_fin - INFO - dec-end-outch512-inch448-factcp-r0.75-wh6-ind3s
2024-06-23 19:53:00,742 - Layer_fin - INFO - dec-start-outch512-inch448-factcp-r0.9-wh6-ind1s
2024-06-23 20:04:39,377 - Layer_fin - INFO - dec-end-outch512-inch448-factcp-r0.9-wh6-ind1s
2024-06-23 20:09:00,533 - Layer_fin - INFO - dec-start-outch512-inch448-factcp-r0.9-wh6-ind2s
2024-06-23 20:20:38,776 - Layer_fin - INFO - dec-end-outch512-inch448-factcp-r0.9-wh6-ind2s
2024-06-23 20:25:00,815 - Layer_fin - INFO - dec-start-outch512-inch448-factcp-r0.9-wh6-ind3s
2024-06-23 20:36:39,308 - Layer_fin - INFO - dec-end-outch512-inch448-factcp-r0.9-wh6-ind3s
2024-06-23 20:38:00,133 - Layer_fin - INFO - dec-start-outch512-inch448-facttucker-r0.1-wh8-ind1s
2024-06-23 20:39:40,054 - Layer_fin - INFO - dec-end-outch512-inch448-facttucker-r0.1-wh8-ind1s
2024-06-23 20:41:00,953 - Layer_fin - INFO - dec-start-outch512-inch448-facttucker-r0.1-wh8-ind2s
2024-06-23 20:42:40,970 - Layer_fin - INFO - dec-end-outch512-inch448-facttucker-r0.1-wh8-ind2s

2024-06-23 20:47:00,898 - Layer_fin - INFO - dec-start-outch512-inch448-facttucker-r0.25-wh8-ind1s
2024-06-23 20:49:44,295 - Layer_fin - INFO - dec-end-outch512-inch448-facttucker-r0.25-wh8-ind1s
2024-06-23 20:51:00,452 - Layer_fin - INFO - dec-start-outch512-inch448-facttucker-r0.25-wh8-ind2s
2024-06-23 20:53:42,677 - Layer_fin - INFO - dec-end-outch512-inch448-facttucker-r0.25-wh8-ind2s

2024-06-23 20:59:00,400 - Layer_fin - INFO - dec-start-outch512-inch448-facttucker-r0.5-wh8-ind1s
2024-06-23 21:03:01,357 - Layer_fin - INFO - dec-end-outch512-inch448-facttucker-r0.5-wh8-ind1s
2024-06-23 21:05:00,752 - Layer_fin - INFO - dec-start-outch512-inch448-facttucker-r0.5-wh8-ind2s
2024-06-23 21:09:01,271 - Layer_fin - INFO - dec-end-outch512-inch448-facttucker-r0.5-wh8-ind2s

2024-06-23 22:05:00,157 - Layer_fin - INFO - dec-start-outch512-inch448-facttt-r0.1-wh8-ind1s
2024-06-23 22:06:46,368 - Layer_fin - INFO - dec-end-outch512-inch448-facttt-r0.1-wh8-ind1s
2024-06-23 22:08:00,995 - Layer_fin - INFO - dec-start-outch512-inch448-facttt-r0.1-wh8-ind2s
2024-06-23 22:09:47,397 - Layer_fin - INFO - dec-end-outch512-inch448-facttt-r0.1-wh8-ind2s

2024-06-23 22:14:00,864 - Layer_fin - INFO - dec-start-outch512-inch448-facttt-r0.25-wh8-ind1s
2024-06-23 22:16:06,611 - Layer_fin - INFO - dec-end-outch512-inch448-facttt-r0.25-wh8-ind1s
2024-06-23 22:18:00,104 - Layer_fin - INFO - dec-start-outch512-inch448-facttt-r0.25-wh8-ind2s



OPNIEUW GVD
2024-06-23 22:23:00,529 - Layer_fin - INFO - dec-start-outch512-inch448-factcp-r0.25-wh4-ind3s
2024-06-23 22:39:57,533 - Layer_fin - INFO - dec-end-outch512-inch448-factcp-r0.25-wh4-ind3s
2024-06-23 22:43:00,304 - Layer_fin - INFO - dec-start-outch512-inch448-factcp-r0.5-wh4-ind1s
2024-06-23 23:00:25,016 - Layer_fin - INFO - dec-end-outch512-inch448-factcp-r0.5-wh4-ind1s
2024-06-23 23:03:00,028 - Layer_fin - INFO - dec-start-outch512-inch448-factcp-r0.5-wh4-ind2s
2024-06-23 23:20:24,579 - Layer_fin - INFO - dec-end-outch512-inch448-factcp-r0.5-wh4-ind2s
2024-06-23 23:23:00,372 - Layer_fin - INFO - dec-start-outch512-inch448-factcp-r0.5-wh4-ind3s
2024-06-23 23:40:25,156 - Layer_fin - INFO - dec-end-outch512-inch448-factcp-r0.5-wh4-ind3s
2024-06-23 23:44:00,464 - Layer_fin - INFO - dec-start-outch512-inch448-factcp-r0.75-wh4-ind1s
2024-06-24 00:08:49,508 - Layer_fin - INFO - dec-end-outch512-inch448-factcp-r0.75-wh4-ind1s
2024-06-24 00:13:00,799 - Layer_fin - INFO - dec-start-outch512-inch448-factcp-r0.75-wh4-ind2s
2024-06-24 00:37:49,210 - Layer_fin - INFO - dec-end-outch512-inch448-factcp-r0.75-wh4-ind2s
2024-06-24 00:42:00,164 - Layer_fin - INFO - dec-start-outch512-inch448-factcp-r0.75-wh4-ind3s
2024-06-24 01:06:44,581 - Layer_fin - INFO - dec-end-outch512-inch448-factcp-r0.75-wh4-ind3s
2024-06-24 01:11:00,228 - Layer_fin - INFO - dec-start-outch512-inch448-factcp-r0.9-wh4-ind1s
2024-06-24 01:40:27,180 - Layer_fin - INFO - dec-end-outch512-inch448-factcp-r0.9-wh4-ind1s
2024-06-24 01:45:00,352 - Layer_fin - INFO - dec-start-outch512-inch448-factcp-r0.9-wh4-ind2s
2024-06-24 02:14:29,041 - Layer_fin - INFO - dec-end-outch512-inch448-factcp-r0.9-wh4-ind2s
2024-06-24 02:19:00,756 - Layer_fin - INFO - dec-start-outch512-inch448-factcp-r0.9-wh4-ind3s
2024-06-24 02:48:26,320 - Layer_fin - INFO - dec-end-outch512-inch448-factcp-r0.9-wh4-ind3s
2024-06-24 02:50:00,581 - Layer_fin - INFO - dec-start-outch512-inch448-facttucker-r0.1-wh6-ind1s
2024-06-24 02:57:46,774 - Layer_fin - INFO - dec-end-outch512-inch448-facttucker-r0.1-wh6-ind1s
2024-06-24 02:59:00,338 - Layer_fin - INFO - dec-start-outch512-inch448-facttucker-r0.1-wh6-ind2s
2024-06-24 03:06:45,442 - Layer_fin - INFO - dec-end-outch512-inch448-facttucker-r0.1-wh6-ind2s
2024-06-24 03:08:00,648 - Layer_fin - INFO - dec-start-outch512-inch448-facttucker-r0.1-wh6-ind3s
2024-06-24 03:15:46,503 - Layer_fin - INFO - dec-end-outch512-inch448-facttucker-r0.1-wh6-ind3s
2024-06-24 03:17:00,495 - Layer_fin - INFO - dec-start-outch512-inch448-facttucker-r0.25-wh6-ind1s
2024-06-24 03:28:29,103 - Layer_fin - INFO - dec-end-outch512-inch448-facttucker-r0.25-wh6-ind1s
2024-06-24 03:30:00,460 - Layer_fin - INFO - dec-start-outch512-inch448-facttucker-r0.25-wh6-ind2s
2024-06-24 03:41:28,767 - Layer_fin - INFO - dec-end-outch512-inch448-facttucker-r0.25-wh6-ind2s
2024-06-24 03:43:00,649 - Layer_fin - INFO - dec-start-outch512-inch448-facttucker-r0.25-wh6-ind3s
2024-06-24 03:54:31,104 - Layer_fin - INFO - dec-end-outch512-inch448-facttucker-r0.25-wh6-ind3s
2024-06-24 03:56:00,623 - Layer_fin - INFO - dec-start-outch512-inch448-facttucker-r0.5-wh6-ind1s
2024-06-24 04:13:41,714 - Layer_fin - INFO - dec-end-outch512-inch448-facttucker-r0.5-wh6-ind1s
2024-06-24 04:15:00,189 - Layer_fin - INFO - dec-start-outch512-inch448-facttucker-r0.5-wh6-ind2s
2024-06-24 04:32:43,344 - Layer_fin - INFO - dec-end-outch512-inch448-facttucker-r0.5-wh6-ind2s
2024-06-24 04:34:00,827 - Layer_fin - INFO - dec-start-outch512-inch448-facttucker-r0.5-wh6-ind3s
2024-06-24 04:51:43,682 - Layer_fin - INFO - dec-end-outch512-inch448-facttucker-r0.5-wh6-ind3s
2024-06-24 04:53:00,010 - Layer_fin - INFO - dec-start-outch512-inch448-facttucker-r0.75-wh6-ind1s
2024-06-24 05:15:53,389 - Layer_fin - INFO - dec-end-outch512-inch448-facttucker-r0.75-wh6-ind1s
2024-06-24 05:18:00,214 - Layer_fin - INFO - dec-start-outch512-inch448-facttucker-r0.75-wh6-ind2s
2024-06-24 05:40:52,741 - Layer_fin - INFO - dec-end-outch512-inch448-facttucker-r0.75-wh6-ind2s
2024-06-24 05:42:00,413 - Layer_fin - INFO - dec-start-outch512-inch448-facttucker-r0.75-wh6-ind3s
2024-06-24 06:04:51,934 - Layer_fin - INFO - dec-end-outch512-inch448-facttucker-r0.75-wh6-ind3s
2024-06-24 06:06:00,413 - Layer_fin - INFO - dec-start-outch512-inch448-facttucker-r0.9-wh6-ind1s
2024-06-24 06:31:19,009 - Layer_fin - INFO - dec-end-outch512-inch448-facttucker-r0.9-wh6-ind1s
2024-06-24 06:33:00,404 - Layer_fin - INFO - dec-start-outch512-inch448-facttucker-r0.9-wh6-ind2s
2024-06-24 06:58:16,216 - Layer_fin - INFO - dec-end-outch512-inch448-facttucker-r0.9-wh6-ind2s
2024-06-24 07:00:00,649 - Layer_fin - INFO - dec-start-outch512-inch448-facttucker-r0.9-wh6-ind3s
2024-06-24 07:25:18,919 - Layer_fin - INFO - dec-end-outch512-inch448-facttucker-r0.9-wh6-ind3s
2024-06-24 07:27:00,697 - Layer_fin - INFO - dec-start-outch512-inch448-facttt-r0.1-wh6-ind1s
2024-06-24 07:34:44,824 - Layer_fin - INFO - dec-end-outch512-inch448-facttt-r0.1-wh6-ind1s
2024-06-24 07:36:00,471 - Layer_fin - INFO - dec-start-outch512-inch448-facttt-r0.1-wh6-ind2s
2024-06-24 07:43:44,787 - Layer_fin - INFO - dec-end-outch512-inch448-facttt-r0.1-wh6-ind2s
2024-06-24 07:45:00,470 - Layer_fin - INFO - dec-start-outch512-inch448-facttt-r0.1-wh6-ind3s
2024-06-24 07:52:44,703 - Layer_fin - INFO - dec-end-outch512-inch448-facttt-r0.1-wh6-ind3s
2024-06-24 07:54:00,156 - Layer_fin - INFO - dec-start-outch512-inch448-facttt-r0.25-wh6-ind1s
2024-06-24 08:00:08,288 - Layer_fin - INFO - dec-end-outch512-inch448-facttt-r0.25-wh6-ind1s
2024-06-24 08:02:00,708 - Layer_fin - INFO - dec-start-outch512-inch448-facttt-r0.25-wh6-ind2s
2024-06-24 08:08:07,902 - Layer_fin - INFO - dec-end-outch512-inch448-facttt-r0.25-wh6-ind2s
2024-06-24 08:10:00,336 - Layer_fin - INFO - dec-start-outch512-inch448-facttt-r0.25-wh6-ind3s
2024-06-24 08:16:08,043 - Layer_fin - INFO - dec-end-outch512-inch448-facttt-r0.25-wh6-ind3s
2024-06-24 08:18:00,492 - Layer_fin - INFO - dec-start-outch512-inch448-facttt-r0.5-wh6-ind1s
2024-06-24 08:25:29,035 - Layer_fin - INFO - dec-end-outch512-inch448-facttt-r0.5-wh6-ind1s
2024-06-24 08:27:00,501 - Layer_fin - INFO - dec-start-outch512-inch448-facttt-r0.5-wh6-ind2s
2024-06-24 08:34:30,471 - Layer_fin - INFO - dec-end-outch512-inch448-facttt-r0.5-wh6-ind2s
2024-06-24 08:36:00,962 - Layer_fin - INFO - dec-start-outch512-inch448-facttt-r0.5-wh6-ind3s
2024-06-24 08:43:30,805 - Layer_fin - INFO - dec-end-outch512-inch448-facttt-r0.5-wh6-ind3s
2024-06-24 08:45:00,300 - Layer_fin - INFO - dec-start-outch512-inch448-facttt-r0.75-wh6-ind1s
2024-06-24 08:52:44,681 - Layer_fin - INFO - dec-end-outch512-inch448-facttt-r0.75-wh6-ind1s
2024-06-24 08:54:00,151 - Layer_fin - INFO - dec-start-outch512-inch448-facttt-r0.75-wh6-ind2s
2024-06-24 09:01:44,849 - Layer_fin - INFO - dec-end-outch512-inch448-facttt-r0.75-wh6-ind2s
2024-06-24 09:03:00,279 - Layer_fin - INFO - dec-start-outch512-inch448-facttt-r0.75-wh6-ind3s
2024-06-24 09:10:45,010 - Layer_fin - INFO - dec-end-outch512-inch448-facttt-r0.75-wh6-ind3s
2024-06-24 09:12:00,446 - Layer_fin - INFO - dec-start-outch512-inch448-facttt-r0.9-wh6-ind1s
2024-06-24 09:19:52,485 - Layer_fin - INFO - dec-end-outch512-inch448-facttt-r0.9-wh6-ind1s
2024-06-24 09:21:00,888 - Layer_fin - INFO - dec-start-outch512-inch448-facttt-r0.9-wh6-ind2s
2024-06-24 09:28:52,874 - Layer_fin - INFO - dec-end-outch512-inch448-facttt-r0.9-wh6-ind2s
2024-06-24 09:30:00,239 - Layer_fin - INFO - dec-start-outch512-inch448-facttt-r0.9-wh6-ind3s
2024-06-24 09:37:52,251 - Layer_fin - INFO - dec-end-outch512-inch448-facttt-r0.9-wh6-ind3s
2024-06-24 09:39:00,357 - Layer_fin - INFO - bas-start-outch512-inch448-wh6-ind1s
2024-06-24 09:46:35,109 - Layer_fin - INFO - bas-end-outch512-inch448-wh6-ind1s
2024-06-24 09:48:00,615 - Layer_fin - INFO - bas-start-outch512-inch448-wh6-ind2s
2024-06-24 09:55:35,193 - Layer_fin - INFO - bas-end-outch512-inch448-wh6-ind2s
2024-06-24 09:57:00,752 - Layer_fin - INFO - bas-start-outch512-inch448-wh6-ind3s
2024-06-24 10:04:35,595 - Layer_fin - INFO - bas-end-outch512-inch448-wh6-ind3s
2024-06-24 10:06:00,826 - Layer_fin - INFO - dec-start-outch512-inch448-factcp-r0.1-wh6-ind1s
2024-06-24 10:17:16,001 - Layer_fin - INFO - dec-end-outch512-inch448-factcp-r0.1-wh6-ind1s
2024-06-24 10:19:00,835 - Layer_fin - INFO - dec-start-outch512-inch448-factcp-r0.1-wh6-ind2s
2024-06-24 10:30:15,272 - Layer_fin - INFO - dec-end-outch512-inch448-factcp-r0.1-wh6-ind2s
2024-06-24 10:32:00,134 - Layer_fin - INFO - dec-start-outch512-inch448-factcp-r0.1-wh6-ind3s
2024-06-24 10:43:14,554 - Layer_fin - INFO - dec-end-outch512-inch448-factcp-r0.1-wh6-ind3s
2024-06-24 10:46:00,282 - Layer_fin - INFO - dec-start-outch512-inch448-factcp-r0.25-wh6-ind1s
2024-06-24 11:09:38,177 - Layer_fin - INFO - dec-end-outch512-inch448-factcp-r0.25-wh6-ind1s
2024-06-24 11:12:01,000 - Layer_fin - INFO - dec-start-outch512-inch448-factcp-r0.25-wh6-ind2s
2024-06-24 11:35:39,394 - Layer_fin - INFO - dec-end-outch512-inch448-factcp-r0.25-wh6-ind2s
2024-06-24 11:38:00,341 - Layer_fin - INFO - dec-start-outch512-inch448-factcp-r0.25-wh6-ind3s
2024-06-24 12:01:38,670 - Layer_fin - INFO - dec-end-outch512-inch448-factcp-r0.25-wh6-ind3s
2024-06-24 12:05:00,984 - Layer_fin - INFO - dec-start-outch512-inch448-factcp-r0.5-wh6-ind1s
2024-06-24 12:36:31,276 - Layer_fin - INFO - dec-end-outch512-inch448-factcp-r0.5-wh6-ind1s
2024-06-24 12:40:00,529 - Layer_fin - INFO - dec-start-outch512-inch448-factcp-r0.5-wh6-ind2s
2024-06-24 13:11:37,174 - Layer_fin - INFO - dec-end-outch512-inch448-factcp-r0.5-wh6-ind2s
2024-06-24 13:15:00,675 - Layer_fin - INFO - dec-start-outch512-inch448-factcp-r0.5-wh6-ind3s
2024-06-24 13:46:43,118 - Layer_fin - INFO - dec-end-outch512-inch448-factcp-r0.5-wh6-ind3s
2024-06-24 13:51:00,452 - Layer_fin - INFO - dec-start-outch512-inch448-factcp-r0.75-wh6-ind1s
2024-06-24 14:36:30,814 - Layer_fin - INFO - dec-end-outch512-inch448-factcp-r0.75-wh6-ind1s
2024-06-24 15:01:00,300 - Layer_fin - INFO - dec-start-outch512-inch448-factcp-r0.75-wh6-ind1s
2024-06-24 15:47:00,582 - Layer_fin - INFO - dec-end-outch512-inch448-factcp-r0.75-wh6-ind1s
2024-06-24 15:51:00,259 - Layer_fin - INFO - dec-start-outch512-inch448-factcp-r0.75-wh6-ind2s
2024-06-24 16:37:00,094 - Layer_fin - INFO - dec-end-outch512-inch448-factcp-r0.75-wh6-ind2s
2024-06-24 16:41:00,805 - Layer_fin - INFO - dec-start-outch512-inch448-factcp-r0.9-wh6-ind1s
2024-06-24 17:35:42,511 - Layer_fin - INFO - dec-end-outch512-inch448-factcp-r0.9-wh6-ind1s
2024-06-24 17:40:00,855 - Layer_fin - INFO - dec-start-outch512-inch448-factcp-r0.9-wh6-ind2s
2024-06-24 18:34:42,688 - Layer_fin - INFO - dec-end-outch512-inch448-factcp-r0.9-wh6-ind2s
2024-06-24 18:38:00,290 - Layer_fin - INFO - dec-start-outch512-inch448-factcp-r0.75-wh8-ind1s
2024-06-24 19:35:18,048 - Layer_fin - INFO - dec-end-outch512-inch448-factcp-r0.75-wh8-ind1s
2024-06-24 19:39:00,222 - Layer_fin - INFO - dec-start-outch512-inch448-factcp-r0.75-wh8-ind2s
2024-06-24 20:36:16,363 - Layer_fin - INFO - dec-end-outch512-inch448-factcp-r0.75-wh8-ind2s
2024-06-24 20:41:00,845 - Layer_fin - INFO - dec-start-outch512-inch448-factcp-r0.9-wh8-ind1s
2024-06-24 21:49:27,905 - Layer_fin - INFO - dec-end-outch512-inch448-factcp-r0.9-wh8-ind1s
2024-06-24 21:54:00,284 - Layer_fin - INFO - dec-start-outch512-inch448-factcp-r0.9-wh8-ind2s
2024-06-24 23:02:28,218 - Layer_fin - INFO - dec-end-outch512-inch448-factcp-r0.9-wh8-ind2s
2024-06-24 23:04:00,590 - Layer_fin - INFO - dec-start-outch512-inch448-facttucker-r0.1-wh6-ind1s
2024-06-24 23:11:45,389 - Layer_fin - INFO - dec-end-outch512-inch448-facttucker-r0.1-wh6-ind1s
2024-06-24 23:13:00,880 - Layer_fin - INFO - dec-start-outch512-inch448-facttucker-r0.1-wh6-ind2s
2024-06-24 23:20:44,269 - Layer_fin - INFO - dec-end-outch512-inch448-facttucker-r0.1-wh6-ind2s
2024-06-24 23:22:00,812 - Layer_fin - INFO - dec-start-outch512-inch448-facttucker-r0.25-wh6-ind1s
2024-06-24 23:33:29,666 - Layer_fin - INFO - dec-end-outch512-inch448-facttucker-r0.25-wh6-ind1s
2024-06-24 23:35:00,592 - Layer_fin - INFO - dec-start-outch512-inch448-facttucker-r0.25-wh6-ind2s
2024-06-24 23:46:32,034 - Layer_fin - INFO - dec-end-outch512-inch448-facttucker-r0.25-wh6-ind2s
2024-06-24 23:48:00,459 - Layer_fin - INFO - dec-start-outch512-inch448-facttucker-r0.5-wh6-ind1s
2024-06-25 00:05:44,075 - Layer_fin - INFO - dec-end-outch512-inch448-facttucker-r0.5-wh6-ind1s
2024-06-25 00:07:00,377 - Layer_fin - INFO - dec-start-outch512-inch448-facttucker-r0.5-wh6-ind2s
2024-06-25 00:24:42,781 - Layer_fin - INFO - dec-end-outch512-inch448-facttucker-r0.5-wh6-ind2s
2024-06-25 00:26:00,962 - Layer_fin - INFO - dec-start-outch512-inch448-facttucker-r0.75-wh6-ind1s
2024-06-25 00:48:56,466 - Layer_fin - INFO - dec-end-outch512-inch448-facttucker-r0.75-wh6-ind1s
2024-06-25 00:51:00,624 - Layer_fin - INFO - dec-start-outch512-inch448-facttucker-r0.75-wh6-ind2s
2024-06-25 01:13:56,590 - Layer_fin - INFO - dec-end-outch512-inch448-facttucker-r0.75-wh6-ind2s
2024-06-25 01:16:01,021 - Layer_fin - INFO - dec-start-outch512-inch448-facttucker-r0.9-wh6-ind1s
2024-06-25 01:41:26,226 - Layer_fin - INFO - dec-end-outch512-inch448-facttucker-r0.9-wh6-ind1s
2024-06-25 01:43:00,633 - Layer_fin - INFO - dec-start-outch512-inch448-facttucker-r0.9-wh6-ind2s
2024-06-25 02:08:26,891 - Layer_fin - INFO - dec-end-outch512-inch448-facttucker-r0.9-wh6-ind2s
2024-06-25 02:10:00,773 - Layer_fin - INFO - dec-start-outch512-inch448-facttt-r0.1-wh6-ind1s
2024-06-25 02:17:44,881 - Layer_fin - INFO - dec-end-outch512-inch448-facttt-r0.1-wh6-ind1s
2024-06-25 02:19:00,435 - Layer_fin - INFO - dec-start-outch512-inch448-facttt-r0.1-wh6-ind2s
2024-06-25 02:26:46,781 - Layer_fin - INFO - dec-end-outch512-inch448-facttt-r0.1-wh6-ind2s
2024-06-25 02:28:00,228 - Layer_fin - INFO - dec-start-outch512-inch448-facttt-r0.25-wh6-ind1s
2024-06-25 02:34:17,031 - Layer_fin - INFO - dec-end-outch512-inch448-facttt-r0.25-wh6-ind1s
2024-06-25 02:36:00,445 - Layer_fin - INFO - dec-start-outch512-inch448-facttt-r0.25-wh6-ind2s
2024-06-25 02:42:16,567 - Layer_fin - INFO - dec-end-outch512-inch448-facttt-r0.25-wh6-ind2s
2024-06-25 02:44:00,996 - Layer_fin - INFO - dec-start-outch512-inch448-facttt-r0.5-wh6-ind1s
2024-06-25 02:51:38,254 - Layer_fin - INFO - dec-end-outch512-inch448-facttt-r0.5-wh6-ind1s
2024-06-25 02:53:00,666 - Layer_fin - INFO - dec-start-outch512-inch448-facttt-r0.5-wh6-ind2s
2024-06-25 03:00:38,634 - Layer_fin - INFO - dec-end-outch512-inch448-facttt-r0.5-wh6-ind2s
2024-06-25 03:02:00,108 - Layer_fin - INFO - dec-start-outch512-inch448-facttt-r0.75-wh6-ind1s
2024-06-25 03:09:52,879 - Layer_fin - INFO - dec-end-outch512-inch448-facttt-r0.75-wh6-ind1s
2024-06-25 03:11:00,338 - Layer_fin - INFO - dec-start-outch512-inch448-facttt-r0.75-wh6-ind2s
2024-06-25 03:18:53,986 - Layer_fin - INFO - dec-end-outch512-inch448-facttt-r0.75-wh6-ind2s
2024-06-25 03:20:00,454 - Layer_fin - INFO - dec-start-outch512-inch448-facttt-r0.9-wh6-ind1s
2024-06-25 03:28:00,438 - Layer_fin - INFO - dec-end-outch512-inch448-facttt-r0.9-wh6-ind1s
2024-06-25 03:30:00,974 - Layer_fin - INFO - dec-start-outch512-inch448-facttt-r0.9-wh6-ind2s
2024-06-25 03:38:00,727 - Layer_fin - INFO - dec-end-outch512-inch448-facttt-r0.9-wh6-ind2s
2024-06-25 03:40:00,908 - Layer_fin - INFO - bas-start-outch512-inch448-wh6-ind1s
2024-06-25 03:47:34,992 - Layer_fin - INFO - bas-end-outch512-inch448-wh6-ind1s
2024-06-25 03:49:00,550 - Layer_fin - INFO - bas-start-outch512-inch448-wh6-ind2s
2024-06-25 03:56:35,132 - Layer_fin - INFO - bas-end-outch512-inch448-wh6-ind2s
2024-06-25 03:58:00,382 - Layer_fin - INFO - dec-start-outch512-inch448-facttucker-r0.1-wh8-ind1s
2024-06-25 04:05:55,699 - Layer_fin - INFO - dec-end-outch512-inch448-facttucker-r0.1-wh8-ind1s
2024-06-25 04:07:00,905 - Layer_fin - INFO - dec-start-outch512-inch448-facttucker-r0.1-wh8-ind2s
2024-06-25 04:14:55,985 - Layer_fin - INFO - dec-end-outch512-inch448-facttucker-r0.1-wh8-ind2s
2024-06-25 04:17:00,730 - Layer_fin - INFO - dec-start-outch512-inch448-facttucker-r0.25-wh8-ind1s
2024-06-25 04:29:50,588 - Layer_fin - INFO - dec-end-outch512-inch448-facttucker-r0.25-wh8-ind1s
2024-06-25 04:31:00,724 - Layer_fin - INFO - dec-start-outch512-inch448-facttucker-r0.25-wh8-ind2s
2024-06-25 04:43:51,842 - Layer_fin - INFO - dec-end-outch512-inch448-facttucker-r0.25-wh8-ind2s
2024-06-25 04:45:00,350 - Layer_fin - INFO - dec-start-outch512-inch448-facttucker-r0.5-wh8-ind1s
2024-06-25 05:04:00,390 - Layer_fin - INFO - dec-end-outch512-inch448-facttucker-r0.5-wh8-ind1s
2024-06-25 05:06:00,716 - Layer_fin - INFO - dec-start-outch512-inch448-facttucker-r0.5-wh8-ind2s
2024-06-25 05:24:59,844 - Layer_fin - INFO - dec-end-outch512-inch448-facttucker-r0.5-wh8-ind2s
2024-06-25 05:27:00,134 - Layer_fin - INFO - dec-start-outch512-inch448-facttucker-r0.75-wh8-ind1s
2024-06-25 05:55:27,441 - Layer_fin - INFO - dec-end-outch512-inch448-facttucker-r0.75-wh8-ind1s
2024-06-25 05:57:01,007 - Layer_fin - INFO - dec-start-outch512-inch448-facttucker-r0.75-wh8-ind2s
2024-06-25 06:25:26,907 - Layer_fin - INFO - dec-end-outch512-inch448-facttucker-r0.75-wh8-ind2s
2024-06-25 06:27:00,416 - Layer_fin - INFO - dec-start-outch512-inch448-facttucker-r0.9-wh8-ind1s
2024-06-25 06:58:29,434 - Layer_fin - INFO - dec-end-outch512-inch448-facttucker-r0.9-wh8-ind1s
2024-06-25 07:00:00,161 - Layer_fin - INFO - dec-start-outch512-inch448-facttucker-r0.9-wh8-ind2s
2024-06-25 07:31:31,871 - Layer_fin - INFO - dec-end-outch512-inch448-facttucker-r0.9-wh8-ind2s
2024-06-25 07:33:00,908 - Layer_fin - INFO - dec-start-outch512-inch448-facttt-r0.1-wh8-ind1s
2024-06-25 07:41:29,859 - Layer_fin - INFO - dec-end-outch512-inch448-facttt-r0.1-wh8-ind1s
2024-06-25 07:43:00,443 - Layer_fin - INFO - dec-start-outch512-inch448-facttt-r0.1-wh8-ind2s
2024-06-25 07:51:28,873 - Layer_fin - INFO - dec-end-outch512-inch448-facttt-r0.1-wh8-ind2s
2024-06-25 07:53:00,327 - Layer_fin - INFO - dec-start-outch512-inch448-facttt-r0.25-wh8-ind1s
2024-06-25 08:02:53,157 - Layer_fin - INFO - dec-end-outch512-inch448-facttt-r0.25-wh8-ind1s
2024-06-25 08:04:00,629 - Layer_fin - INFO - dec-start-outch512-inch448-facttt-r0.25-wh8-ind2s
2024-06-25 08:13:53,665 - Layer_fin - INFO - dec-end-outch512-inch448-facttt-r0.25-wh8-ind2s
2024-06-25 08:15:00,038 - Layer_fin - INFO - dec-start-outch512-inch448-facttt-r0.5-wh8-ind1s
2024-06-25 08:26:14,666 - Layer_fin - INFO - dec-end-outch512-inch448-facttt-r0.5-wh8-ind1s
2024-06-25 08:28:00,176 - Layer_fin - INFO - dec-start-outch512-inch448-facttt-r0.5-wh8-ind2s
2024-06-25 08:39:15,855 - Layer_fin - INFO - dec-end-outch512-inch448-facttt-r0.5-wh8-ind2s
2024-06-25 08:41:00,472 - Layer_fin - INFO - dec-start-outch512-inch448-facttt-r0.75-wh8-ind1s
2024-06-25 08:52:30,621 - Layer_fin - INFO - dec-end-outch512-inch448-facttt-r0.75-wh8-ind1s
2024-06-25 08:54:00,087 - Layer_fin - INFO - dec-start-outch512-inch448-facttt-r0.75-wh8-ind2s
2024-06-25 09:05:30,419 - Layer_fin - INFO - dec-end-outch512-inch448-facttt-r0.75-wh8-ind2s
2024-06-25 09:07:00,966 - Layer_fin - INFO - dec-start-outch512-inch448-facttt-r0.9-wh8-ind1s
2024-06-25 09:18:38,126 - Layer_fin - INFO - dec-end-outch512-inch448-facttt-r0.9-wh8-ind1s
2024-06-25 09:20:00,575 - Layer_fin - INFO - dec-start-outch512-inch448-facttt-r0.9-wh8-ind2s
2024-06-25 09:31:37,921 - Layer_fin - INFO - dec-end-outch512-inch448-facttt-r0.9-wh8-ind2s
2024-06-25 09:33:00,131 - Layer_fin - INFO - bas-start-outch512-inch448-wh8-ind1s
2024-06-25 09:47:34,919 - Layer_fin - INFO - bas-end-outch512-inch448-wh8-ind1s
2024-06-25 09:49:00,912 - Layer_fin - INFO - bas-start-outch512-inch448-wh8-ind2s
2024-06-25 10:03:35,535 - Layer_fin - INFO - bas-end-outch512-inch448-wh8-ind2s


2024-06-30 13:03:00,261 - Layer_fin - INFO - dec-start-outch512-inch448-factcp-r0.1-wh8-ind1s
2024-06-30 13:15:45,058 - Layer_fin - INFO - dec-end-outch512-inch448-factcp-r0.1-wh8-ind1s
2024-06-30 13:18:00,856 - Layer_fin - INFO - dec-start-outch512-inch448-factcp-r0.1-wh8-ind2s
2024-06-30 13:30:45,420 - Layer_fin - INFO - dec-end-outch512-inch448-factcp-r0.1-wh8-ind2s
2024-06-30 13:33:00,123 - Layer_fin - INFO - dec-start-outch512-inch448-factcp-r0.1-wh8-ind3s
2024-06-30 13:45:44,997 - Layer_fin - INFO - dec-end-outch512-inch448-factcp-r0.1-wh8-ind3s
2024-06-30 13:48:00,261 - Layer_fin - INFO - dec-start-outch512-inch448-factcp-r0.25-wh8-ind1s
2024-06-30 14:15:14,216 - Layer_fin - INFO - dec-end-outch512-inch448-factcp-r0.25-wh8-ind1s
2024-06-30 14:17:00,615 - Layer_fin - INFO - dec-start-outch512-inch448-factcp-r0.25-wh8-ind2s
2024-06-30 14:44:24,606 - Layer_fin - INFO - dec-end-outch512-inch448-factcp-r0.25-wh8-ind2s
2024-06-30 14:47:01,026 - Layer_fin - INFO - dec-start-outch512-inch448-factcp-r0.25-wh8-ind3s
2024-06-30 15:14:12,035 - Layer_fin - INFO - dec-end-outch512-inch448-factcp-r0.25-wh8-ind3s
2024-06-30 15:17:00,425 - Layer_fin - INFO - dec-start-outch512-inch448-factcp-r0.5-wh8-ind1s
2024-06-30 15:57:04,520 - Layer_fin - INFO - dec-end-outch512-inch448-factcp-r0.5-wh8-ind1s
2024-06-30 16:00:00,060 - Layer_fin - INFO - dec-start-outch512-inch448-factcp-r0.5-wh8-ind2s
2024-06-30 16:40:04,607 - Layer_fin - INFO - dec-end-outch512-inch448-factcp-r0.5-wh8-ind2s
2024-06-30 16:43:00,776 - Layer_fin - INFO - dec-start-outch512-inch448-factcp-r0.5-wh8-ind3s
2024-06-30 17:23:04,061 - Layer_fin - INFO - dec-end-outch512-inch448-factcp-r0.5-wh8-ind3s



2024-06-24 15:01:00,300 - Layer_fin - INFO - dec-start-outch512-inch448-factcp-r0.75-wh6-ind3s
2024-06-24 15:47:00,582 - Layer_fin - INFO - dec-end-outch512-inch448-factcp-r0.75-wh6-ind3s
2024-06-24 15:51:00,259 - Layer_fin - INFO - dec-start-outch512-inch448-factcp-r0.75-wh6-ind4s
2024-06-24 16:37:00,094 - Layer_fin - INFO - dec-end-outch512-inch448-factcp-r0.75-wh6-ind4s
2024-06-24 16:41:00,805 - Layer_fin - INFO - dec-start-outch512-inch448-factcp-r0.9-wh6-ind3s
2024-06-24 17:35:42,511 - Layer_fin - INFO - dec-end-outch512-inch448-factcp-r0.9-wh6-ind3s
2024-06-24 17:40:00,855 - Layer_fin - INFO - dec-start-outch512-inch448-factcp-r0.9-wh6-ind4s
2024-06-24 18:34:42,688 - Layer_fin - INFO - dec-end-outch512-inch448-factcp-r0.9-wh6-ind4s