2024-06-09 13:21:00,885 - Layer_fin - INFO - dec-start-outch192-inch192-facttucker-r0.1-wh4-ind1s
2024-06-09 13:25:26,025 - Layer_fin - INFO - dec-end-outch192-inch192-facttucker-r0.1-wh4-ind1s
2024-06-09 13:27:00,927 - Layer_fin - INFO - dec-start-outch192-inch192-facttucker-r0.1-wh4-ind2s
2024-06-09 13:31:23,254 - Layer_fin - INFO - dec-end-outch192-inch192-facttucker-r0.1-wh4-ind2s
2024-06-09 13:33:00,956 - Layer_fin - INFO - dec-start-outch192-inch192-facttucker-r0.25-wh4-ind1s
2024-06-09 13:37:23,295 - Layer_fin - INFO - dec-end-outch192-inch192-facttucker-r0.25-wh4-ind1s
2024-06-09 13:39:00,428 - Layer_fin - INFO - dec-start-outch192-inch192-facttucker-r0.25-wh4-ind2s
2024-06-09 13:43:24,873 - Layer_fin - INFO - dec-end-outch192-inch192-facttucker-r0.25-wh4-ind2s
2024-06-09 13:45:00,195 - Layer_fin - INFO - dec-start-outch192-inch192-facttucker-r0.5-wh4-ind1s
2024-06-09 13:49:19,094 - Layer_fin - INFO - dec-end-outch192-inch192-facttucker-r0.5-wh4-ind1s
2024-06-09 13:51:00,664 - Layer_fin - INFO - dec-start-outch192-inch192-facttucker-r0.5-wh4-ind2s
2024-06-09 13:55:23,725 - Layer_fin - INFO - dec-end-outch192-inch192-facttucker-r0.5-wh4-ind2s
2024-06-09 13:57:00,904 - Layer_fin - INFO - dec-start-outch192-inch192-facttucker-r0.75-wh4-ind1s
2024-06-09 14:01:44,932 - Layer_fin - INFO - dec-end-outch192-inch192-facttucker-r0.75-wh4-ind1s
2024-06-09 14:03:00,515 - Layer_fin - INFO - dec-start-outch192-inch192-facttucker-r0.75-wh4-ind2s
2024-06-09 14:07:45,362 - Layer_fin - INFO - dec-end-outch192-inch192-facttucker-r0.75-wh4-ind2s
2024-06-09 14:09:00,568 - Layer_fin - INFO - dec-start-outch192-inch192-facttucker-r0.9-wh4-ind1s
2024-06-09 14:14:17,387 - Layer_fin - INFO - dec-end-outch192-inch192-facttucker-r0.9-wh4-ind1s
2024-06-09 14:16:00,659 - Layer_fin - INFO - dec-start-outch192-inch192-facttucker-r0.9-wh4-ind2s
2024-06-09 14:21:17,012 - Layer_fin - INFO - dec-end-outch192-inch192-facttucker-r0.9-wh4-ind2s
2024-06-09 14:23:00,326 - Layer_fin - INFO - dec-start-outch192-inch192-facttt-r0.1-wh4-ind1s
2024-06-09 14:27:36,330 - Layer_fin - INFO - dec-end-outch192-inch192-facttt-r0.1-wh4-ind1s
2024-06-09 14:29:00,566 - Layer_fin - INFO - dec-start-outch192-inch192-facttt-r0.1-wh4-ind2s
2024-06-09 14:33:32,179 - Layer_fin - INFO - dec-end-outch192-inch192-facttt-r0.1-wh4-ind2s
2024-06-09 14:35:00,368 - Layer_fin - INFO - dec-start-outch192-inch192-facttt-r0.25-wh4-ind1s
2024-06-09 14:39:32,068 - Layer_fin - INFO - dec-end-outch192-inch192-facttt-r0.25-wh4-ind1s
2024-06-09 14:41:00,256 - Layer_fin - INFO - dec-start-outch192-inch192-facttt-r0.25-wh4-ind2s
2024-06-09 14:45:34,128 - Layer_fin - INFO - dec-end-outch192-inch192-facttt-r0.25-wh4-ind2s
2024-06-09 14:47:00,312 - Layer_fin - INFO - dec-start-outch192-inch192-facttt-r0.5-wh4-ind1s
2024-06-09 14:51:38,020 - Layer_fin - INFO - dec-end-outch192-inch192-facttt-r0.5-wh4-ind1s
2024-06-09 14:53:00,214 - Layer_fin - INFO - dec-start-outch192-inch192-facttt-r0.5-wh4-ind2s
2024-06-09 14:57:38,222 - Layer_fin - INFO - dec-end-outch192-inch192-facttt-r0.5-wh4-ind2s
2024-06-09 14:59:00,424 - Layer_fin - INFO - dec-start-outch192-inch192-facttt-r0.75-wh4-ind1s
2024-06-09 15:03:39,696 - Layer_fin - INFO - dec-end-outch192-inch192-facttt-r0.75-wh4-ind1s
2024-06-09 15:05:00,909 - Layer_fin - INFO - dec-start-outch192-inch192-facttt-r0.75-wh4-ind2s
2024-06-09 15:09:38,473 - Layer_fin - INFO - dec-end-outch192-inch192-facttt-r0.75-wh4-ind2s
2024-06-09 15:11:00,694 - Layer_fin - INFO - dec-start-outch192-inch192-facttt-r0.9-wh4-ind1s
2024-06-09 15:15:38,833 - Layer_fin - INFO - dec-end-outch192-inch192-facttt-r0.9-wh4-ind1s
2024-06-09 15:17:00,065 - Layer_fin - INFO - dec-start-outch192-inch192-facttt-r0.9-wh4-ind2s
2024-06-09 15:21:36,035 - Layer_fin - INFO - dec-end-outch192-inch192-facttt-r0.9-wh4-ind2s
2024-06-09 15:23:00,127 - Layer_fin - INFO - bas-start-outch192-inch192-wh4-ind1s
2024-06-09 15:24:28,891 - Layer_fin - INFO - bas-end-outch192-inch192-wh4-ind1s
2024-06-09 15:26:00,989 - Layer_fin - INFO - bas-start-outch192-inch192-wh4-ind2s
2024-06-09 15:27:23,589 - Layer_fin - INFO - bas-end-outch192-inch192-wh4-ind2s
2024-06-09 15:29:00,342 - Layer_fin - INFO - dec-start-outch192-inch192-factcp-r0.1-wh4-ind1s
2024-06-09 15:33:32,517 - Layer_fin - INFO - dec-end-outch192-inch192-factcp-r0.1-wh4-ind1s
2024-06-09 15:35:00,332 - Layer_fin - INFO - dec-start-outch192-inch192-factcp-r0.1-wh4-ind2s
2024-06-09 15:39:40,429 - Layer_fin - INFO - dec-end-outch192-inch192-factcp-r0.1-wh4-ind2s
2024-06-09 15:41:00,311 - Layer_fin - INFO - dec-start-outch192-inch192-factcp-r0.25-wh4-ind1s
2024-06-09 15:45:38,779 - Layer_fin - INFO - dec-end-outch192-inch192-factcp-r0.25-wh4-ind1s
2024-06-09 15:47:00,713 - Layer_fin - INFO - dec-start-outch192-inch192-factcp-r0.25-wh4-ind2s
2024-06-09 15:51:39,444 - Layer_fin - INFO - dec-end-outch192-inch192-factcp-r0.25-wh4-ind2s
2024-06-09 15:54:00,228 - Layer_fin - INFO - dec-start-outch192-inch192-factcp-r0.5-wh4-ind1s
2024-06-09 15:58:37,984 - Layer_fin - INFO - dec-end-outch192-inch192-factcp-r0.5-wh4-ind1s
2024-06-09 16:01:00,963 - Layer_fin - INFO - dec-start-outch192-inch192-factcp-r0.5-wh4-ind2s
2024-06-09 16:05:38,453 - Layer_fin - INFO - dec-end-outch192-inch192-factcp-r0.5-wh4-ind2s
2024-06-09 16:08:00,386 - Layer_fin - INFO - dec-start-outch192-inch192-factcp-r0.75-wh4-ind1s
2024-06-09 16:12:58,221 - Layer_fin - INFO - dec-end-outch192-inch192-factcp-r0.75-wh4-ind1s
2024-06-09 16:15:00,228 - Layer_fin - INFO - dec-start-outch192-inch192-factcp-r0.75-wh4-ind2s
2024-06-09 16:20:00,219 - Layer_fin - INFO - dec-end-outch192-inch192-factcp-r0.75-wh4-ind2s
2024-06-09 16:23:00,660 - Layer_fin - INFO - dec-start-outch192-inch192-factcp-r0.9-wh4-ind1s
2024-06-09 16:28:29,435 - Layer_fin - INFO - dec-end-outch192-inch192-factcp-r0.9-wh4-ind1s
2024-06-09 16:31:00,813 - Layer_fin - INFO - dec-start-outch192-inch192-factcp-r0.9-wh4-ind2s
2024-06-09 16:36:28,269 - Layer_fin - INFO - dec-end-outch192-inch192-factcp-r0.9-wh4-ind2s
2024-06-09 16:38:00,240 - Layer_fin - INFO - dec-start-outch256-inch192-facttucker-r0.1-wh4-ind1s
2024-06-09 16:42:23,513 - Layer_fin - INFO - dec-end-outch256-inch192-facttucker-r0.1-wh4-ind1s
2024-06-09 16:44:00,336 - Layer_fin - INFO - dec-start-outch256-inch192-facttucker-r0.1-wh4-ind2s
2024-06-09 16:48:21,569 - Layer_fin - INFO - dec-end-outch256-inch192-facttucker-r0.1-wh4-ind2s
2024-06-09 16:50:00,552 - Layer_fin - INFO - dec-start-outch256-inch192-facttucker-r0.25-wh4-ind1s
2024-06-09 16:54:20,815 - Layer_fin - INFO - dec-end-outch256-inch192-facttucker-r0.25-wh4-ind1s
2024-06-09 16:56:00,413 - Layer_fin - INFO - dec-start-outch256-inch192-facttucker-r0.25-wh4-ind2s
2024-06-09 17:00:22,869 - Layer_fin - INFO - dec-end-outch256-inch192-facttucker-r0.25-wh4-ind2s
2024-06-09 17:02:00,768 - Layer_fin - INFO - dec-start-outch256-inch192-facttucker-r0.5-wh4-ind1s
2024-06-09 17:06:30,253 - Layer_fin - INFO - dec-end-outch256-inch192-facttucker-r0.5-wh4-ind1s
2024-06-09 17:08:01,006 - Layer_fin - INFO - dec-start-outch256-inch192-facttucker-r0.5-wh4-ind2s
2024-06-09 17:12:30,721 - Layer_fin - INFO - dec-end-outch256-inch192-facttucker-r0.5-wh4-ind2s
2024-06-09 17:14:00,498 - Layer_fin - INFO - dec-start-outch256-inch192-facttucker-r0.75-wh4-ind1s
2024-06-09 17:19:27,625 - Layer_fin - INFO - dec-end-outch256-inch192-facttucker-r0.75-wh4-ind1s
2024-06-09 17:21:00,133 - Layer_fin - INFO - dec-start-outch256-inch192-facttucker-r0.75-wh4-ind2s
2024-06-09 17:26:21,707 - Layer_fin - INFO - dec-end-outch256-inch192-facttucker-r0.75-wh4-ind2s
2024-06-09 17:28:00,260 - Layer_fin - INFO - dec-start-outch256-inch192-facttucker-r0.9-wh4-ind1s
2024-06-09 17:34:05,068 - Layer_fin - INFO - dec-end-outch256-inch192-facttucker-r0.9-wh4-ind1s
2024-06-09 17:36:00,146 - Layer_fin - INFO - dec-start-outch256-inch192-facttucker-r0.9-wh4-ind2s
2024-06-09 17:42:02,992 - Layer_fin - INFO - dec-end-outch256-inch192-facttucker-r0.9-wh4-ind2s
2024-06-09 17:44:00,272 - Layer_fin - INFO - dec-start-outch256-inch192-facttt-r0.1-wh4-ind1s
2024-06-09 17:48:36,653 - Layer_fin - INFO - dec-end-outch256-inch192-facttt-r0.1-wh4-ind1s
2024-06-09 17:50:00,872 - Layer_fin - INFO - dec-start-outch256-inch192-facttt-r0.1-wh4-ind2s
2024-06-09 17:54:37,838 - Layer_fin - INFO - dec-end-outch256-inch192-facttt-r0.1-wh4-ind2s
2024-06-09 17:56:00,993 - Layer_fin - INFO - dec-start-outch256-inch192-facttt-r0.25-wh4-ind1s
2024-06-09 18:00:36,071 - Layer_fin - INFO - dec-end-outch256-inch192-facttt-r0.25-wh4-ind1s
2024-06-09 18:02:00,264 - Layer_fin - INFO - dec-start-outch256-inch192-facttt-r0.25-wh4-ind2s
2024-06-09 18:06:35,830 - Layer_fin - INFO - dec-end-outch256-inch192-facttt-r0.25-wh4-ind2s
2024-06-09 18:08:01,012 - Layer_fin - INFO - dec-start-outch256-inch192-facttt-r0.5-wh4-ind1s
2024-06-09 18:12:42,005 - Layer_fin - INFO - dec-end-outch256-inch192-facttt-r0.5-wh4-ind1s
2024-06-09 18:14:00,214 - Layer_fin - INFO - dec-start-outch256-inch192-facttt-r0.5-wh4-ind2s
2024-06-09 18:18:39,983 - Layer_fin - INFO - dec-end-outch256-inch192-facttt-r0.5-wh4-ind2s
2024-06-09 18:20:00,193 - Layer_fin - INFO - dec-start-outch256-inch192-facttt-r0.75-wh4-ind1s
2024-06-09 18:24:42,836 - Layer_fin - INFO - dec-end-outch256-inch192-facttt-r0.75-wh4-ind1s
2024-06-09 18:26:00,057 - Layer_fin - INFO - dec-start-outch256-inch192-facttt-r0.75-wh4-ind2s
2024-06-09 18:30:41,077 - Layer_fin - INFO - dec-end-outch256-inch192-facttt-r0.75-wh4-ind2s
2024-06-09 18:32:00,296 - Layer_fin - INFO - dec-start-outch256-inch192-facttt-r0.9-wh4-ind1s
2024-06-09 18:36:37,915 - Layer_fin - INFO - dec-end-outch256-inch192-facttt-r0.9-wh4-ind1s
2024-06-09 18:38:00,118 - Layer_fin - INFO - dec-start-outch256-inch192-facttt-r0.9-wh4-ind2s
2024-06-09 18:42:37,530 - Layer_fin - INFO - dec-end-outch256-inch192-facttt-r0.9-wh4-ind2s
2024-06-09 18:44:00,623 - Layer_fin - INFO - bas-start-outch256-inch192-wh4-ind1s
2024-06-09 18:45:28,407 - Layer_fin - INFO - bas-end-outch256-inch192-wh4-ind1s
2024-06-09 18:47:00,492 - Layer_fin - INFO - bas-start-outch256-inch192-wh4-ind2s
2024-06-09 18:48:35,777 - Layer_fin - INFO - bas-end-outch256-inch192-wh4-ind2s
2024-06-09 18:50:00,488 - Layer_fin - INFO - dec-start-outch256-inch192-factcp-r0.1-wh4-ind1s
2024-06-09 18:54:38,983 - Layer_fin - INFO - dec-end-outch256-inch192-factcp-r0.1-wh4-ind1s
2024-06-09 18:56:00,764 - Layer_fin - INFO - dec-start-outch256-inch192-factcp-r0.1-wh4-ind2s
2024-06-09 19:00:40,025 - Layer_fin - INFO - dec-end-outch256-inch192-factcp-r0.1-wh4-ind2s
2024-06-09 19:03:00,419 - Layer_fin - INFO - dec-start-outch256-inch192-factcp-r0.25-wh4-ind1s
2024-06-09 19:07:43,572 - Layer_fin - INFO - dec-end-outch256-inch192-factcp-r0.25-wh4-ind1s
2024-06-09 19:10:00,991 - Layer_fin - INFO - dec-start-outch256-inch192-factcp-r0.25-wh4-ind2s
2024-06-09 19:14:43,424 - Layer_fin - INFO - dec-end-outch256-inch192-factcp-r0.25-wh4-ind2s
2024-06-09 19:17:00,228 - Layer_fin - INFO - dec-start-outch256-inch192-factcp-r0.5-wh4-ind1s
2024-06-09 19:21:31,982 - Layer_fin - INFO - dec-end-outch256-inch192-factcp-r0.5-wh4-ind1s
2024-06-09 19:24:00,848 - Layer_fin - INFO - dec-start-outch256-inch192-factcp-r0.5-wh4-ind2s
2024-06-09 19:28:40,852 - Layer_fin - INFO - dec-end-outch256-inch192-factcp-r0.5-wh4-ind2s
2024-06-09 19:31:00,530 - Layer_fin - INFO - dec-start-outch256-inch192-factcp-r0.75-wh4-ind1s
2024-06-09 19:36:23,666 - Layer_fin - INFO - dec-end-outch256-inch192-factcp-r0.75-wh4-ind1s
2024-06-09 19:39:00,294 - Layer_fin - INFO - dec-start-outch256-inch192-factcp-r0.75-wh4-ind2s
2024-06-09 19:44:25,406 - Layer_fin - INFO - dec-end-outch256-inch192-factcp-r0.75-wh4-ind2s
2024-06-09 19:47:00,219 - Layer_fin - INFO - dec-start-outch256-inch192-factcp-r0.9-wh4-ind1s
2024-06-09 19:52:17,751 - Layer_fin - INFO - dec-end-outch256-inch192-factcp-r0.9-wh4-ind1s
2024-06-09 19:55:00,307 - Layer_fin - INFO - dec-start-outch256-inch192-factcp-r0.9-wh4-ind2s
2024-06-09 20:00:19,224 - Layer_fin - INFO - dec-end-outch256-inch192-factcp-r0.9-wh4-ind2s
2024-06-09 20:02:00,462 - Layer_fin - INFO - dec-start-outch320-inch192-facttucker-r0.1-wh4-ind1s
2024-06-09 20:06:24,763 - Layer_fin - INFO - dec-end-outch320-inch192-facttucker-r0.1-wh4-ind1s
2024-06-09 20:08:00,747 - Layer_fin - INFO - dec-start-outch320-inch192-facttucker-r0.1-wh4-ind2s
2024-06-09 20:12:26,350 - Layer_fin - INFO - dec-end-outch320-inch192-facttucker-r0.1-wh4-ind2s
2024-06-09 20:14:00,367 - Layer_fin - INFO - dec-start-outch320-inch192-facttucker-r0.25-wh4-ind1s
2024-06-09 20:18:24,259 - Layer_fin - INFO - dec-end-outch320-inch192-facttucker-r0.25-wh4-ind1s
2024-06-09 20:20:00,698 - Layer_fin - INFO - dec-start-outch320-inch192-facttucker-r0.25-wh4-ind2s
2024-06-09 20:24:22,815 - Layer_fin - INFO - dec-end-outch320-inch192-facttucker-r0.25-wh4-ind2s
2024-06-09 20:26:00,923 - Layer_fin - INFO - dec-start-outch320-inch192-facttucker-r0.5-wh4-ind1s
2024-06-09 20:30:42,654 - Layer_fin - INFO - dec-end-outch320-inch192-facttucker-r0.5-wh4-ind1s
2024-06-09 20:32:00,343 - Layer_fin - INFO - dec-start-outch320-inch192-facttucker-r0.5-wh4-ind2s
2024-06-09 20:36:42,717 - Layer_fin - INFO - dec-end-outch320-inch192-facttucker-r0.5-wh4-ind2s
2024-06-09 20:38:00,207 - Layer_fin - INFO - dec-start-outch320-inch192-facttucker-r0.75-wh4-ind1s
2024-06-09 20:44:01,871 - Layer_fin - INFO - dec-end-outch320-inch192-facttucker-r0.75-wh4-ind1s
2024-06-09 20:46:00,697 - Layer_fin - INFO - dec-start-outch320-inch192-facttucker-r0.75-wh4-ind2s
2024-06-09 20:52:02,501 - Layer_fin - INFO - dec-end-outch320-inch192-facttucker-r0.75-wh4-ind2s
2024-06-09 20:54:01,005 - Layer_fin - INFO - dec-start-outch320-inch192-facttucker-r0.9-wh4-ind1s
2024-06-09 21:01:16,748 - Layer_fin - INFO - dec-end-outch320-inch192-facttucker-r0.9-wh4-ind1s
2024-06-09 21:03:00,228 - Layer_fin - INFO - dec-start-outch320-inch192-facttucker-r0.9-wh4-ind2s
2024-06-09 21:10:10,746 - Layer_fin - INFO - dec-end-outch320-inch192-facttucker-r0.9-wh4-ind2s
2024-06-09 21:12:00,960 - Layer_fin - INFO - dec-start-outch320-inch192-facttt-r0.1-wh4-ind1s
2024-06-09 21:16:36,630 - Layer_fin - INFO - dec-end-outch320-inch192-facttt-r0.1-wh4-ind1s
2024-06-09 21:18:00,808 - Layer_fin - INFO - dec-start-outch320-inch192-facttt-r0.1-wh4-ind2s
2024-06-09 21:22:36,272 - Layer_fin - INFO - dec-end-outch320-inch192-facttt-r0.1-wh4-ind2s
2024-06-09 21:24:00,444 - Layer_fin - INFO - dec-start-outch320-inch192-facttt-r0.25-wh4-ind1s
2024-06-09 21:28:38,526 - Layer_fin - INFO - dec-end-outch320-inch192-facttt-r0.25-wh4-ind1s
2024-06-09 21:30:00,718 - Layer_fin - INFO - dec-start-outch320-inch192-facttt-r0.25-wh4-ind2s
2024-06-09 21:34:36,545 - Layer_fin - INFO - dec-end-outch320-inch192-facttt-r0.25-wh4-ind2s
2024-06-09 21:36:00,776 - Layer_fin - INFO - dec-start-outch320-inch192-facttt-r0.5-wh4-ind1s
2024-06-09 21:40:40,779 - Layer_fin - INFO - dec-end-outch320-inch192-facttt-r0.5-wh4-ind1s
2024-06-09 21:42:00,984 - Layer_fin - INFO - dec-start-outch320-inch192-facttt-r0.5-wh4-ind2s
2024-06-09 21:46:39,647 - Layer_fin - INFO - dec-end-outch320-inch192-facttt-r0.5-wh4-ind2s
2024-06-09 21:48:00,877 - Layer_fin - INFO - dec-start-outch320-inch192-facttt-r0.75-wh4-ind1s
2024-06-09 21:52:42,578 - Layer_fin - INFO - dec-end-outch320-inch192-facttt-r0.75-wh4-ind1s
2024-06-09 21:54:00,810 - Layer_fin - INFO - dec-start-outch320-inch192-facttt-r0.75-wh4-ind2s
2024-06-09 21:58:39,049 - Layer_fin - INFO - dec-end-outch320-inch192-facttt-r0.75-wh4-ind2s
2024-06-09 22:00:00,228 - Layer_fin - INFO - dec-start-outch320-inch192-facttt-r0.9-wh4-ind1s
2024-06-09 22:04:36,430 - Layer_fin - INFO - dec-end-outch320-inch192-facttt-r0.9-wh4-ind1s
2024-06-09 22:06:00,604 - Layer_fin - INFO - dec-start-outch320-inch192-facttt-r0.9-wh4-ind2s
2024-06-09 22:10:43,088 - Layer_fin - INFO - dec-end-outch320-inch192-facttt-r0.9-wh4-ind2s
2024-06-09 22:12:00,121 - Layer_fin - INFO - bas-start-outch320-inch192-wh4-ind1s
2024-06-09 22:13:23,825 - Layer_fin - INFO - bas-end-outch320-inch192-wh4-ind1s
2024-06-09 22:15:00,848 - Layer_fin - INFO - bas-start-outch320-inch192-wh4-ind2s
2024-06-09 22:16:37,451 - Layer_fin - INFO - bas-end-outch320-inch192-wh4-ind2s
2024-06-09 22:18:00,970 - Layer_fin - INFO - dec-start-outch320-inch192-factcp-r0.1-wh4-ind1s
2024-06-09 22:22:41,440 - Layer_fin - INFO - dec-end-outch320-inch192-factcp-r0.1-wh4-ind1s
2024-06-09 22:24:00,970 - Layer_fin - INFO - dec-start-outch320-inch192-factcp-r0.1-wh4-ind2s
2024-06-09 22:28:42,975 - Layer_fin - INFO - dec-end-outch320-inch192-factcp-r0.1-wh4-ind2s
2024-06-09 22:31:00,479 - Layer_fin - INFO - dec-start-outch320-inch192-factcp-r0.25-wh4-ind1s
2024-06-09 22:35:40,989 - Layer_fin - INFO - dec-end-outch320-inch192-factcp-r0.25-wh4-ind1s
2024-06-09 22:38:00,450 - Layer_fin - INFO - dec-start-outch320-inch192-factcp-r0.25-wh4-ind2s
2024-06-09 22:42:45,752 - Layer_fin - INFO - dec-end-outch320-inch192-factcp-r0.25-wh4-ind2s
2024-06-09 22:45:00,782 - Layer_fin - INFO - dec-start-outch320-inch192-factcp-r0.5-wh4-ind1s
2024-06-09 22:49:59,814 - Layer_fin - INFO - dec-end-outch320-inch192-factcp-r0.5-wh4-ind1s
2024-06-09 22:52:00,630 - Layer_fin - INFO - dec-start-outch320-inch192-factcp-r0.5-wh4-ind2s
2024-06-09 22:56:49,756 - Layer_fin - INFO - dec-end-outch320-inch192-factcp-r0.5-wh4-ind2s
2024-06-09 22:59:00,267 - Layer_fin - INFO - dec-start-outch320-inch192-factcp-r0.75-wh4-ind1s
2024-06-09 23:04:55,605 - Layer_fin - INFO - dec-end-outch320-inch192-factcp-r0.75-wh4-ind1s
2024-06-09 23:08:01,036 - Layer_fin - INFO - dec-start-outch320-inch192-factcp-r0.75-wh4-ind2s
2024-06-09 23:13:57,119 - Layer_fin - INFO - dec-end-outch320-inch192-factcp-r0.75-wh4-ind2s
2024-06-09 23:17:00,592 - Layer_fin - INFO - dec-start-outch320-inch192-factcp-r0.9-wh4-ind1s
2024-06-09 23:22:38,649 - Layer_fin - INFO - dec-end-outch320-inch192-factcp-r0.9-wh4-ind1s
2024-06-09 23:25:00,343 - Layer_fin - INFO - dec-start-outch320-inch192-factcp-r0.9-wh4-ind2s
2024-06-09 23:30:38,466 - Layer_fin - INFO - dec-end-outch320-inch192-factcp-r0.9-wh4-ind2s
2024-06-09 23:32:00,348 - Layer_fin - INFO - dec-start-outch384-inch192-facttucker-r0.1-wh4-ind1s
2024-06-09 23:36:25,741 - Layer_fin - INFO - dec-end-outch384-inch192-facttucker-r0.1-wh4-ind1s
2024-06-09 23:38:00,142 - Layer_fin - INFO - dec-start-outch384-inch192-facttucker-r0.1-wh4-ind2s
2024-06-09 23:42:27,466 - Layer_fin - INFO - dec-end-outch384-inch192-facttucker-r0.1-wh4-ind2s
2024-06-09 23:44:00,536 - Layer_fin - INFO - dec-start-outch384-inch192-facttucker-r0.25-wh4-ind1s
2024-06-09 23:48:22,191 - Layer_fin - INFO - dec-end-outch384-inch192-facttucker-r0.25-wh4-ind1s
2024-06-09 23:50:00,400 - Layer_fin - INFO - dec-start-outch384-inch192-facttucker-r0.25-wh4-ind2s
2024-06-09 23:54:26,281 - Layer_fin - INFO - dec-end-outch384-inch192-facttucker-r0.25-wh4-ind2s
2024-06-09 23:56:00,465 - Layer_fin - INFO - dec-start-outch384-inch192-facttucker-r0.5-wh4-ind1s
2024-06-10 00:00:42,326 - Layer_fin - INFO - dec-end-outch384-inch192-facttucker-r0.5-wh4-ind1s
2024-06-10 00:02:00,322 - Layer_fin - INFO - dec-start-outch384-inch192-facttucker-r0.5-wh4-ind2s
2024-06-10 00:06:48,541 - Layer_fin - INFO - dec-end-outch384-inch192-facttucker-r0.5-wh4-ind2s
2024-06-10 00:08:00,658 - Layer_fin - INFO - dec-start-outch384-inch192-facttucker-r0.75-wh4-ind1s
2024-06-10 00:14:27,008 - Layer_fin - INFO - dec-end-outch384-inch192-facttucker-r0.75-wh4-ind1s
2024-06-10 00:16:00,446 - Layer_fin - INFO - dec-start-outch384-inch192-facttucker-r0.75-wh4-ind2s
2024-06-10 00:22:27,986 - Layer_fin - INFO - dec-end-outch384-inch192-facttucker-r0.75-wh4-ind2s
2024-06-10 00:24:00,895 - Layer_fin - INFO - dec-start-outch384-inch192-facttucker-r0.9-wh4-ind1s
2024-06-10 00:31:34,784 - Layer_fin - INFO - dec-end-outch384-inch192-facttucker-r0.9-wh4-ind1s
2024-06-10 00:33:00,680 - Layer_fin - INFO - dec-start-outch384-inch192-facttucker-r0.9-wh4-ind2s
2024-06-10 00:40:35,238 - Layer_fin - INFO - dec-end-outch384-inch192-facttucker-r0.9-wh4-ind2s
2024-06-10 00:42:00,422 - Layer_fin - INFO - dec-start-outch384-inch192-facttt-r0.1-wh4-ind1s
2024-06-10 00:46:38,761 - Layer_fin - INFO - dec-end-outch384-inch192-facttt-r0.1-wh4-ind1s
2024-06-10 00:48:00,930 - Layer_fin - INFO - dec-start-outch384-inch192-facttt-r0.1-wh4-ind2s
2024-06-10 00:52:38,051 - Layer_fin - INFO - dec-end-outch384-inch192-facttt-r0.1-wh4-ind2s
2024-06-10 00:54:00,170 - Layer_fin - INFO - dec-start-outch384-inch192-facttt-r0.25-wh4-ind1s
2024-06-10 00:58:38,410 - Layer_fin - INFO - dec-end-outch384-inch192-facttt-r0.25-wh4-ind1s
2024-06-10 01:00:00,632 - Layer_fin - INFO - dec-start-outch384-inch192-facttt-r0.25-wh4-ind2s
2024-06-10 01:04:36,114 - Layer_fin - INFO - dec-end-outch384-inch192-facttt-r0.25-wh4-ind2s
2024-06-10 01:06:00,366 - Layer_fin - INFO - dec-start-outch384-inch192-facttt-r0.5-wh4-ind1s
2024-06-10 01:10:37,398 - Layer_fin - INFO - dec-end-outch384-inch192-facttt-r0.5-wh4-ind1s
2024-06-10 01:12:00,615 - Layer_fin - INFO - dec-start-outch384-inch192-facttt-r0.5-wh4-ind2s
2024-06-10 01:16:38,888 - Layer_fin - INFO - dec-end-outch384-inch192-facttt-r0.5-wh4-ind2s
2024-06-10 01:18:00,085 - Layer_fin - INFO - dec-start-outch384-inch192-facttt-r0.75-wh4-ind1s
2024-06-10 01:22:38,672 - Layer_fin - INFO - dec-end-outch384-inch192-facttt-r0.75-wh4-ind1s
2024-06-10 01:24:00,869 - Layer_fin - INFO - dec-start-outch384-inch192-facttt-r0.75-wh4-ind2s
2024-06-10 01:28:36,896 - Layer_fin - INFO - dec-end-outch384-inch192-facttt-r0.75-wh4-ind2s
2024-06-10 01:30:00,115 - Layer_fin - INFO - dec-start-outch384-inch192-facttt-r0.9-wh4-ind1s
2024-06-10 01:34:36,411 - Layer_fin - INFO - dec-end-outch384-inch192-facttt-r0.9-wh4-ind1s
2024-06-10 01:36:00,660 - Layer_fin - INFO - dec-start-outch384-inch192-facttt-r0.9-wh4-ind2s
2024-06-10 01:40:38,109 - Layer_fin - INFO - dec-end-outch384-inch192-facttt-r0.9-wh4-ind2s
2024-06-10 01:42:00,150 - Layer_fin - INFO - bas-start-outch384-inch192-wh4-ind1s
2024-06-10 01:43:41,296 - Layer_fin - INFO - bas-end-outch384-inch192-wh4-ind1s
2024-06-10 01:45:00,386 - Layer_fin - INFO - bas-start-outch384-inch192-wh4-ind2s
2024-06-10 01:46:34,798 - Layer_fin - INFO - bas-end-outch384-inch192-wh4-ind2s
2024-06-10 01:48:00,890 - Layer_fin - INFO - dec-start-outch384-inch192-factcp-r0.1-wh4-ind1s
2024-06-10 01:52:40,174 - Layer_fin - INFO - dec-end-outch384-inch192-factcp-r0.1-wh4-ind1s
2024-06-10 01:54:00,310 - Layer_fin - INFO - dec-start-outch384-inch192-factcp-r0.1-wh4-ind2s
2024-06-10 01:58:36,621 - Layer_fin - INFO - dec-end-outch384-inch192-factcp-r0.1-wh4-ind2s
2024-06-10 02:01:00,755 - Layer_fin - INFO - dec-start-outch384-inch192-factcp-r0.25-wh4-ind1s
2024-06-10 02:05:40,017 - Layer_fin - INFO - dec-end-outch384-inch192-factcp-r0.25-wh4-ind1s
2024-06-10 02:08:00,873 - Layer_fin - INFO - dec-start-outch384-inch192-factcp-r0.25-wh4-ind2s
2024-06-10 02:12:44,736 - Layer_fin - INFO - dec-end-outch384-inch192-factcp-r0.25-wh4-ind2s
2024-06-10 02:15:00,533 - Layer_fin - INFO - dec-start-outch384-inch192-factcp-r0.5-wh4-ind1s
2024-06-10 02:19:41,561 - Layer_fin - INFO - dec-end-outch384-inch192-factcp-r0.5-wh4-ind1s
2024-06-10 02:22:00,201 - Layer_fin - INFO - dec-start-outch384-inch192-factcp-r0.5-wh4-ind2s
2024-06-10 02:26:39,685 - Layer_fin - INFO - dec-end-outch384-inch192-factcp-r0.5-wh4-ind2s
2024-06-10 02:29:00,771 - Layer_fin - INFO - dec-start-outch384-inch192-factcp-r0.75-wh4-ind1s
2024-06-10 02:34:10,890 - Layer_fin - INFO - dec-end-outch384-inch192-factcp-r0.75-wh4-ind1s
2024-06-10 02:37:00,900 - Layer_fin - INFO - dec-start-outch384-inch192-factcp-r0.75-wh4-ind2s
2024-06-10 02:42:11,172 - Layer_fin - INFO - dec-end-outch384-inch192-factcp-r0.75-wh4-ind2s
2024-06-10 02:45:00,262 - Layer_fin - INFO - dec-start-outch384-inch192-factcp-r0.9-wh4-ind1s
2024-06-10 02:50:48,124 - Layer_fin - INFO - dec-end-outch384-inch192-factcp-r0.9-wh4-ind1s
2024-06-10 02:54:00,248 - Layer_fin - INFO - dec-start-outch384-inch192-factcp-r0.9-wh4-ind2s
2024-06-10 02:59:49,292 - Layer_fin - INFO - dec-end-outch384-inch192-factcp-r0.9-wh4-ind2s
