2024-06-25 12:17:00,880 - Layer_fin - INFO - dec-start-outch192-inch192-facttucker-r0.1-wh4-ind1s
2024-06-25 12:21:49,742 - Layer_fin - INFO - dec-end-outch192-inch192-facttucker-r0.1-wh4-ind1s
2024-06-25 12:23:00,534 - Layer_fin - INFO - dec-start-outch192-inch192-facttucker-r0.1-wh4-ind2s
2024-06-25 12:27:49,292 - Layer_fin - INFO - dec-end-outch192-inch192-facttucker-r0.1-wh4-ind2s
2024-06-25 12:29:00,882 - Layer_fin - INFO - dec-start-outch192-inch192-facttucker-r0.25-wh4-ind1s
2024-06-25 12:33:40,785 - Layer_fin - INFO - dec-end-outch192-inch192-facttucker-r0.25-wh4-ind1s
2024-06-25 12:35:00,597 - Layer_fin - INFO - dec-start-outch192-inch192-facttucker-r0.25-wh4-ind2s
2024-06-25 12:39:40,351 - Layer_fin - INFO - dec-end-outch192-inch192-facttucker-r0.25-wh4-ind2s
2024-06-25 12:41:00,018 - Layer_fin - INFO - dec-start-outch192-inch192-facttucker-r0.5-wh4-ind1s
2024-06-25 12:46:46,932 - Layer_fin - INFO - dec-end-outch192-inch192-facttucker-r0.5-wh4-ind1s
2024-06-25 12:48:00,276 - Layer_fin - INFO - dec-start-outch192-inch192-facttucker-r0.5-wh4-ind2s
2024-06-25 12:53:48,122 - Layer_fin - INFO - dec-end-outch192-inch192-facttucker-r0.5-wh4-ind2s
2024-06-25 12:55:00,183 - Layer_fin - INFO - dec-start-outch192-inch192-facttucker-r0.75-wh4-ind1s
2024-06-25 13:04:14,884 - Layer_fin - INFO - dec-end-outch192-inch192-facttucker-r0.75-wh4-ind1s
2024-06-25 13:06:00,364 - Layer_fin - INFO - dec-start-outch192-inch192-facttucker-r0.75-wh4-ind2s
2024-06-25 13:15:14,941 - Layer_fin - INFO - dec-end-outch192-inch192-facttucker-r0.75-wh4-ind2s
2024-06-25 13:17:01,040 - Layer_fin - INFO - dec-start-outch192-inch192-facttucker-r0.9-wh4-ind1s
2024-06-25 13:27:17,067 - Layer_fin - INFO - dec-end-outch192-inch192-facttucker-r0.9-wh4-ind1s
2024-06-25 13:29:00,402 - Layer_fin - INFO - dec-start-outch192-inch192-facttucker-r0.9-wh4-ind2s
2024-06-25 13:39:16,665 - Layer_fin - INFO - dec-end-outch192-inch192-facttucker-r0.9-wh4-ind2s
2024-06-25 13:41:00,966 - Layer_fin - INFO - dec-start-outch192-inch192-facttt-r0.1-wh4-ind1s
2024-06-25 13:45:59,154 - Layer_fin - INFO - dec-end-outch192-inch192-facttt-r0.1-wh4-ind1s
2024-06-25 13:47:00,277 - Layer_fin - INFO - dec-start-outch192-inch192-facttt-r0.1-wh4-ind2s
2024-06-25 13:51:59,520 - Layer_fin - INFO - dec-end-outch192-inch192-facttt-r0.1-wh4-ind2s
2024-06-25 13:53:00,656 - Layer_fin - INFO - dec-start-outch192-inch192-facttt-r0.25-wh4-ind1s
2024-06-25 13:58:44,237 - Layer_fin - INFO - dec-end-outch192-inch192-facttt-r0.25-wh4-ind1s
2024-06-25 14:00:00,425 - Layer_fin - INFO - dec-start-outch192-inch192-facttt-r0.25-wh4-ind2s
2024-06-25 14:05:43,828 - Layer_fin - INFO - dec-end-outch192-inch192-facttt-r0.25-wh4-ind2s
2024-06-25 14:07:00,007 - Layer_fin - INFO - dec-start-outch192-inch192-facttt-r0.5-wh4-ind1s
2024-06-25 14:13:55,072 - Layer_fin - INFO - dec-end-outch192-inch192-facttt-r0.5-wh4-ind1s
2024-06-25 14:15:00,260 - Layer_fin - INFO - dec-start-outch192-inch192-facttt-r0.5-wh4-ind2s
2024-06-25 14:21:53,128 - Layer_fin - INFO - dec-end-outch192-inch192-facttt-r0.5-wh4-ind2s
2024-06-25 14:23:00,308 - Layer_fin - INFO - dec-start-outch192-inch192-facttt-r0.75-wh4-ind1s
2024-06-25 14:30:01,432 - Layer_fin - INFO - dec-end-outch192-inch192-facttt-r0.75-wh4-ind1s
2024-06-25 14:32:00,643 - Layer_fin - INFO - dec-start-outch192-inch192-facttt-r0.75-wh4-ind2s
2024-06-25 14:38:58,387 - Layer_fin - INFO - dec-end-outch192-inch192-facttt-r0.75-wh4-ind2s
2024-06-25 14:40:00,586 - Layer_fin - INFO - dec-start-outch192-inch192-facttt-r0.9-wh4-ind1s
2024-06-25 14:46:04,727 - Layer_fin - INFO - dec-end-outch192-inch192-facttt-r0.9-wh4-ind1s
2024-06-25 14:48:00,970 - Layer_fin - INFO - dec-start-outch192-inch192-facttt-r0.9-wh4-ind2s
2024-06-25 14:54:04,262 - Layer_fin - INFO - dec-end-outch192-inch192-facttt-r0.9-wh4-ind2s
2024-06-25 14:56:00,361 - Layer_fin - INFO - bas-start-outch192-inch192-wh4-ind1s
2024-06-25 15:00:04,422 - Layer_fin - INFO - bas-end-outch192-inch192-wh4-ind1s
2024-06-25 15:02:00,628 - Layer_fin - INFO - bas-start-outch192-inch192-wh4-ind2s
2024-06-25 15:06:02,188 - Layer_fin - INFO - bas-end-outch192-inch192-wh4-ind2s
2024-06-25 15:08:00,803 - Layer_fin - INFO - dec-start-outch192-inch192-factcp-r0.1-wh4-ind1s
2024-06-25 15:12:58,108 - Layer_fin - INFO - dec-end-outch192-inch192-factcp-r0.1-wh4-ind1s
2024-06-25 15:15:00,608 - Layer_fin - INFO - dec-start-outch192-inch192-factcp-r0.1-wh4-ind2s
2024-06-25 15:19:58,463 - Layer_fin - INFO - dec-end-outch192-inch192-factcp-r0.1-wh4-ind2s
2024-06-25 15:22:01,029 - Layer_fin - INFO - dec-start-outch192-inch192-factcp-r0.25-wh4-ind1s
2024-06-25 15:30:16,173 - Layer_fin - INFO - dec-end-outch192-inch192-factcp-r0.25-wh4-ind1s
2024-06-25 15:32:00,813 - Layer_fin - INFO - dec-start-outch192-inch192-factcp-r0.25-wh4-ind2s
2024-06-25 15:40:19,273 - Layer_fin - INFO - dec-end-outch192-inch192-factcp-r0.25-wh4-ind2s
2024-06-25 15:42:00,400 - Layer_fin - INFO - dec-start-outch192-inch192-factcp-r0.5-wh4-ind1s
2024-06-25 15:52:05,051 - Layer_fin - INFO - dec-end-outch192-inch192-factcp-r0.5-wh4-ind1s
2024-06-25 15:54:00,350 - Layer_fin - INFO - dec-start-outch192-inch192-factcp-r0.5-wh4-ind2s
2024-06-25 16:04:27,781 - Layer_fin - INFO - dec-end-outch192-inch192-factcp-r0.5-wh4-ind2s
2024-06-25 16:07:00,816 - Layer_fin - INFO - dec-start-outch192-inch192-factcp-r0.75-wh4-ind1s
2024-06-25 16:25:36,270 - Layer_fin - INFO - dec-end-outch192-inch192-factcp-r0.75-wh4-ind1s
2024-06-25 16:28:00,446 - Layer_fin - INFO - dec-start-outch192-inch192-factcp-r0.75-wh4-ind2s
2024-06-25 16:46:44,834 - Layer_fin - INFO - dec-end-outch192-inch192-factcp-r0.75-wh4-ind2s
2024-06-25 16:49:00,808 - Layer_fin - INFO - dec-start-outch192-inch192-factcp-r0.9-wh4-ind1s
2024-06-25 17:10:41,756 - Layer_fin - INFO - dec-end-outch192-inch192-factcp-r0.9-wh4-ind1s
2024-06-25 17:13:00,470 - Layer_fin - INFO - dec-start-outch192-inch192-factcp-r0.9-wh4-ind2s
2024-06-25 17:34:36,620 - Layer_fin - INFO - dec-end-outch192-inch192-factcp-r0.9-wh4-ind2s
2024-06-25 17:36:00,671 - Layer_fin - INFO - dec-start-outch256-inch192-facttucker-r0.1-wh4-ind1s
2024-06-25 17:40:41,778 - Layer_fin - INFO - dec-end-outch256-inch192-facttucker-r0.1-wh4-ind1s
2024-06-25 17:42:00,833 - Layer_fin - INFO - dec-start-outch256-inch192-facttucker-r0.1-wh4-ind2s
2024-06-25 17:46:42,388 - Layer_fin - INFO - dec-end-outch256-inch192-facttucker-r0.1-wh4-ind2s
2024-06-25 17:48:00,604 - Layer_fin - INFO - dec-start-outch256-inch192-facttucker-r0.25-wh4-ind1s
2024-06-25 17:52:44,063 - Layer_fin - INFO - dec-end-outch256-inch192-facttucker-r0.25-wh4-ind1s
2024-06-25 17:54:00,469 - Layer_fin - INFO - dec-start-outch256-inch192-facttucker-r0.25-wh4-ind2s
2024-06-25 17:58:44,641 - Layer_fin - INFO - dec-end-outch256-inch192-facttucker-r0.25-wh4-ind2s
2024-06-25 18:00:00,250 - Layer_fin - INFO - dec-start-outch256-inch192-facttucker-r0.5-wh4-ind1s
2024-06-25 18:08:52,144 - Layer_fin - INFO - dec-end-outch256-inch192-facttucker-r0.5-wh4-ind1s
2024-06-25 18:10:00,103 - Layer_fin - INFO - dec-start-outch256-inch192-facttucker-r0.5-wh4-ind2s
2024-06-25 18:18:52,157 - Layer_fin - INFO - dec-end-outch256-inch192-facttucker-r0.5-wh4-ind2s
2024-06-25 18:20:00,730 - Layer_fin - INFO - dec-start-outch256-inch192-facttucker-r0.75-wh4-ind1s
2024-06-25 18:29:55,812 - Layer_fin - INFO - dec-end-outch256-inch192-facttucker-r0.75-wh4-ind1s
2024-06-25 18:31:00,417 - Layer_fin - INFO - dec-start-outch256-inch192-facttucker-r0.75-wh4-ind2s
2024-06-25 18:40:53,886 - Layer_fin - INFO - dec-end-outch256-inch192-facttucker-r0.75-wh4-ind2s
2024-06-25 18:42:00,440 - Layer_fin - INFO - dec-start-outch256-inch192-facttucker-r0.9-wh4-ind1s
2024-06-25 18:52:55,462 - Layer_fin - INFO - dec-end-outch256-inch192-facttucker-r0.9-wh4-ind1s
2024-06-25 18:54:00,684 - Layer_fin - INFO - dec-start-outch256-inch192-facttucker-r0.9-wh4-ind2s
2024-06-25 19:04:54,973 - Layer_fin - INFO - dec-end-outch256-inch192-facttucker-r0.9-wh4-ind2s
2024-06-25 19:06:00,157 - Layer_fin - INFO - dec-start-outch256-inch192-facttt-r0.1-wh4-ind1s
2024-06-25 19:10:59,354 - Layer_fin - INFO - dec-end-outch256-inch192-facttt-r0.1-wh4-ind1s
2024-06-25 19:12:00,517 - Layer_fin - INFO - dec-start-outch256-inch192-facttt-r0.1-wh4-ind2s
2024-06-25 19:16:59,725 - Layer_fin - INFO - dec-end-outch256-inch192-facttt-r0.1-wh4-ind2s
2024-06-25 19:18:00,846 - Layer_fin - INFO - dec-start-outch256-inch192-facttt-r0.25-wh4-ind1s
2024-06-25 19:23:50,573 - Layer_fin - INFO - dec-end-outch256-inch192-facttt-r0.25-wh4-ind1s
2024-06-25 19:25:00,746 - Layer_fin - INFO - dec-start-outch256-inch192-facttt-r0.25-wh4-ind2s
2024-06-25 19:30:48,503 - Layer_fin - INFO - dec-end-outch256-inch192-facttt-r0.25-wh4-ind2s
2024-06-25 19:32:00,689 - Layer_fin - INFO - dec-start-outch256-inch192-facttt-r0.5-wh4-ind1s
2024-06-25 19:39:04,969 - Layer_fin - INFO - dec-end-outch256-inch192-facttt-r0.5-wh4-ind1s
2024-06-25 19:41:00,198 - Layer_fin - INFO - dec-start-outch256-inch192-facttt-r0.5-wh4-ind2s
2024-06-25 19:48:03,685 - Layer_fin - INFO - dec-end-outch256-inch192-facttt-r0.5-wh4-ind2s
2024-06-25 19:50:00,979 - Layer_fin - INFO - dec-start-outch256-inch192-facttt-r0.75-wh4-ind1s
2024-06-25 19:57:14,126 - Layer_fin - INFO - dec-end-outch256-inch192-facttt-r0.75-wh4-ind1s
2024-06-25 19:59:00,385 - Layer_fin - INFO - dec-start-outch256-inch192-facttt-r0.75-wh4-ind2s
2024-06-25 20:06:11,209 - Layer_fin - INFO - dec-end-outch256-inch192-facttt-r0.75-wh4-ind2s
2024-06-25 20:08:00,388 - Layer_fin - INFO - dec-start-outch256-inch192-facttt-r0.9-wh4-ind1s
2024-06-25 20:14:07,780 - Layer_fin - INFO - dec-end-outch256-inch192-facttt-r0.9-wh4-ind1s
2024-06-25 20:16:00,976 - Layer_fin - INFO - dec-start-outch256-inch192-facttt-r0.9-wh4-ind2s
2024-06-25 20:22:06,571 - Layer_fin - INFO - dec-end-outch256-inch192-facttt-r0.9-wh4-ind2s
2024-06-25 20:24:00,720 - Layer_fin - INFO - bas-start-outch256-inch192-wh4-ind1s
2024-06-25 20:27:22,249 - Layer_fin - INFO - bas-end-outch256-inch192-wh4-ind1s
2024-06-25 20:29:00,464 - Layer_fin - INFO - bas-start-outch256-inch192-wh4-ind2s
2024-06-25 20:32:22,831 - Layer_fin - INFO - bas-end-outch256-inch192-wh4-ind2s
2024-06-25 20:34:00,437 - Layer_fin - INFO - dec-start-outch256-inch192-factcp-r0.1-wh4-ind1s
2024-06-25 20:38:58,743 - Layer_fin - INFO - dec-end-outch256-inch192-factcp-r0.1-wh4-ind1s
2024-06-25 20:41:00,261 - Layer_fin - INFO - dec-start-outch256-inch192-factcp-r0.1-wh4-ind2s
2024-06-25 20:45:57,667 - Layer_fin - INFO - dec-end-outch256-inch192-factcp-r0.1-wh4-ind2s
2024-06-25 20:48:00,600 - Layer_fin - INFO - dec-start-outch256-inch192-factcp-r0.25-wh4-ind1s
2024-06-25 20:57:29,242 - Layer_fin - INFO - dec-end-outch256-inch192-factcp-r0.25-wh4-ind1s
2024-06-25 20:59:00,228 - Layer_fin - INFO - dec-start-outch256-inch192-factcp-r0.25-wh4-ind2s
2024-06-25 21:08:28,450 - Layer_fin - INFO - dec-end-outch256-inch192-factcp-r0.25-wh4-ind2s
2024-06-25 21:11:00,798 - Layer_fin - INFO - dec-start-outch256-inch192-factcp-r0.5-wh4-ind1s
2024-06-25 21:22:33,590 - Layer_fin - INFO - dec-end-outch256-inch192-factcp-r0.5-wh4-ind1s
2024-06-25 21:25:00,875 - Layer_fin - INFO - dec-start-outch256-inch192-factcp-r0.5-wh4-ind2s
2024-06-25 21:36:33,574 - Layer_fin - INFO - dec-end-outch256-inch192-factcp-r0.5-wh4-ind2s
2024-06-25 21:39:00,336 - Layer_fin - INFO - dec-start-outch256-inch192-factcp-r0.75-wh4-ind1s
2024-06-25 22:01:07,195 - Layer_fin - INFO - dec-end-outch256-inch192-factcp-r0.75-wh4-ind1s
2024-06-25 22:04:00,220 - Layer_fin - INFO - dec-start-outch256-inch192-factcp-r0.75-wh4-ind2s
2024-06-25 22:25:54,075 - Layer_fin - INFO - dec-end-outch256-inch192-factcp-r0.75-wh4-ind2s
2024-06-25 22:29:00,920 - Layer_fin - INFO - dec-start-outch256-inch192-factcp-r0.9-wh4-ind1s
2024-06-25 22:44:49,465 - Layer_fin - INFO - dec-end-outch256-inch192-factcp-r0.9-wh4-ind1s
2024-06-25 22:48:00,407 - Layer_fin - INFO - dec-start-outch256-inch192-factcp-r0.9-wh4-ind2s
2024-06-25 23:03:38,655 - Layer_fin - INFO - dec-end-outch256-inch192-factcp-r0.9-wh4-ind2s
2024-06-25 23:05:00,752 - Layer_fin - INFO - dec-start-outch320-inch192-facttucker-r0.1-wh4-ind1s
2024-06-25 23:09:43,153 - Layer_fin - INFO - dec-end-outch320-inch192-facttucker-r0.1-wh4-ind1s
2024-06-25 23:11:00,391 - Layer_fin - INFO - dec-start-outch320-inch192-facttucker-r0.1-wh4-ind2s
2024-06-25 23:15:43,548 - Layer_fin - INFO - dec-end-outch320-inch192-facttucker-r0.1-wh4-ind2s
2024-06-25 23:17:00,276 - Layer_fin - INFO - dec-start-outch320-inch192-facttucker-r0.25-wh4-ind1s
2024-06-25 23:21:50,465 - Layer_fin - INFO - dec-end-outch320-inch192-facttucker-r0.25-wh4-ind1s
2024-06-25 23:23:00,324 - Layer_fin - INFO - dec-start-outch320-inch192-facttucker-r0.25-wh4-ind2s
2024-06-25 23:27:50,658 - Layer_fin - INFO - dec-end-outch320-inch192-facttucker-r0.25-wh4-ind2s
2024-06-25 23:29:00,446 - Layer_fin - INFO - dec-start-outch320-inch192-facttucker-r0.5-wh4-ind1s
2024-06-25 23:39:04,259 - Layer_fin - INFO - dec-end-outch320-inch192-facttucker-r0.5-wh4-ind1s
2024-06-25 23:41:00,482 - Layer_fin - INFO - dec-start-outch320-inch192-facttucker-r0.5-wh4-ind2s
2024-06-25 23:51:03,771 - Layer_fin - INFO - dec-end-outch320-inch192-facttucker-r0.5-wh4-ind2s
2024-06-25 23:53:00,506 - Layer_fin - INFO - dec-start-outch320-inch192-facttucker-r0.75-wh4-ind1s
2024-06-26 00:04:30,299 - Layer_fin - INFO - dec-end-outch320-inch192-facttucker-r0.75-wh4-ind1s
2024-06-26 00:06:00,460 - Layer_fin - INFO - dec-start-outch320-inch192-facttucker-r0.75-wh4-ind2s
2024-06-26 00:17:30,664 - Layer_fin - INFO - dec-end-outch320-inch192-facttucker-r0.75-wh4-ind2s
2024-06-26 00:19:00,556 - Layer_fin - INFO - dec-start-outch320-inch192-facttucker-r0.9-wh4-ind1s
2024-06-26 00:32:20,261 - Layer_fin - INFO - dec-end-outch320-inch192-facttucker-r0.9-wh4-ind1s
2024-06-26 00:34:00,802 - Layer_fin - INFO - dec-start-outch320-inch192-facttucker-r0.9-wh4-ind2s
2024-06-26 00:47:18,400 - Layer_fin - INFO - dec-end-outch320-inch192-facttucker-r0.9-wh4-ind2s
2024-06-26 00:49:00,672 - Layer_fin - INFO - dec-start-outch320-inch192-facttt-r0.1-wh4-ind1s
2024-06-26 00:53:59,605 - Layer_fin - INFO - dec-end-outch320-inch192-facttt-r0.1-wh4-ind1s
2024-06-26 00:55:00,737 - Layer_fin - INFO - dec-start-outch320-inch192-facttt-r0.1-wh4-ind2s
2024-06-26 01:00:01,043 - Layer_fin - INFO - dec-end-outch320-inch192-facttt-r0.1-wh4-ind2s
2024-06-26 01:02:00,196 - Layer_fin - INFO - dec-start-outch320-inch192-facttt-r0.25-wh4-ind1s
2024-06-26 01:07:30,273 - Layer_fin - INFO - dec-end-outch320-inch192-facttt-r0.25-wh4-ind1s
2024-06-26 01:09:00,532 - Layer_fin - INFO - dec-start-outch320-inch192-facttt-r0.25-wh4-ind2s
2024-06-26 01:14:30,355 - Layer_fin - INFO - dec-end-outch320-inch192-facttt-r0.25-wh4-ind2s
2024-06-26 01:16:00,580 - Layer_fin - INFO - dec-start-outch320-inch192-facttt-r0.5-wh4-ind1s
2024-06-26 01:23:16,801 - Layer_fin - INFO - dec-end-outch320-inch192-facttt-r0.5-wh4-ind1s
2024-06-26 01:25:00,133 - Layer_fin - INFO - dec-start-outch320-inch192-facttt-r0.5-wh4-ind2s
2024-06-26 01:32:16,957 - Layer_fin - INFO - dec-end-outch320-inch192-facttt-r0.5-wh4-ind2s
2024-06-26 01:34:00,207 - Layer_fin - INFO - dec-start-outch320-inch192-facttt-r0.75-wh4-ind1s
2024-06-26 01:41:25,260 - Layer_fin - INFO - dec-end-outch320-inch192-facttt-r0.75-wh4-ind1s
2024-06-26 01:43:00,516 - Layer_fin - INFO - dec-start-outch320-inch192-facttt-r0.75-wh4-ind2s
2024-06-26 01:50:25,744 - Layer_fin - INFO - dec-end-outch320-inch192-facttt-r0.75-wh4-ind2s
2024-06-26 01:52:01,003 - Layer_fin - INFO - dec-start-outch320-inch192-facttt-r0.9-wh4-ind1s
2024-06-26 01:59:40,908 - Layer_fin - INFO - dec-end-outch320-inch192-facttt-r0.9-wh4-ind1s
2024-06-26 02:01:00,141 - Layer_fin - INFO - dec-start-outch320-inch192-facttt-r0.9-wh4-ind2s
2024-06-26 02:08:37,833 - Layer_fin - INFO - dec-end-outch320-inch192-facttt-r0.9-wh4-ind2s
2024-06-26 02:10:00,964 - Layer_fin - INFO - bas-start-outch320-inch192-wh4-ind1s
2024-06-26 02:14:24,066 - Layer_fin - INFO - bas-end-outch320-inch192-wh4-ind1s
2024-06-26 02:16:00,260 - Layer_fin - INFO - bas-start-outch320-inch192-wh4-ind2s
2024-06-26 02:20:23,430 - Layer_fin - INFO - bas-end-outch320-inch192-wh4-ind2s
2024-06-26 02:22:00,863 - Layer_fin - INFO - dec-start-outch320-inch192-factcp-r0.1-wh4-ind1s
2024-06-26 02:26:58,739 - Layer_fin - INFO - dec-end-outch320-inch192-factcp-r0.1-wh4-ind1s
2024-06-26 02:29:01,008 - Layer_fin - INFO - dec-start-outch320-inch192-factcp-r0.1-wh4-ind2s
2024-06-26 02:33:59,787 - Layer_fin - INFO - dec-end-outch320-inch192-factcp-r0.1-wh4-ind2s
2024-06-26 02:36:00,687 - Layer_fin - INFO - dec-start-outch320-inch192-factcp-r0.25-wh4-ind1s
2024-06-26 02:47:17,269 - Layer_fin - INFO - dec-end-outch320-inch192-factcp-r0.25-wh4-ind1s
2024-06-26 02:49:00,294 - Layer_fin - INFO - dec-start-outch320-inch192-factcp-r0.25-wh4-ind2s
2024-06-26 03:00:17,618 - Layer_fin - INFO - dec-end-outch320-inch192-factcp-r0.25-wh4-ind2s
2024-06-26 03:03:00,975 - Layer_fin - INFO - dec-start-outch320-inch192-factcp-r0.5-wh4-ind1s
2024-06-26 03:21:52,802 - Layer_fin - INFO - dec-end-outch320-inch192-factcp-r0.5-wh4-ind1s
2024-06-26 03:24:01,008 - Layer_fin - INFO - dec-start-outch320-inch192-factcp-r0.5-wh4-ind2s
2024-06-26 03:42:53,370 - Layer_fin - INFO - dec-end-outch320-inch192-factcp-r0.5-wh4-ind2s
2024-06-26 03:45:00,290 - Layer_fin - INFO - dec-start-outch320-inch192-factcp-r0.75-wh4-ind1s
2024-06-26 04:12:00,607 - Layer_fin - INFO - dec-end-outch320-inch192-factcp-r0.75-wh4-ind1s
2024-06-26 04:15:00,591 - Layer_fin - INFO - dec-start-outch320-inch192-factcp-r0.75-wh4-ind2s
2024-06-26 04:42:01,922 - Layer_fin - INFO - dec-end-outch320-inch192-factcp-r0.75-wh4-ind2s
2024-06-26 04:45:00,665 - Layer_fin - INFO - dec-start-outch320-inch192-factcp-r0.9-wh4-ind1s
2024-06-26 05:02:36,356 - Layer_fin - INFO - dec-end-outch320-inch192-factcp-r0.9-wh4-ind1s
2024-06-26 05:05:00,118 - Layer_fin - INFO - dec-start-outch320-inch192-factcp-r0.9-wh4-ind2s
2024-06-26 05:22:49,710 - Layer_fin - INFO - dec-end-outch320-inch192-factcp-r0.9-wh4-ind2s
2024-06-26 05:24:00,542 - Layer_fin - INFO - dec-start-outch384-inch192-facttucker-r0.1-wh4-ind1s
2024-06-26 05:28:42,376 - Layer_fin - INFO - dec-end-outch384-inch192-facttucker-r0.1-wh4-ind1s
2024-06-26 05:30:00,832 - Layer_fin - INFO - dec-start-outch384-inch192-facttucker-r0.1-wh4-ind2s
2024-06-26 05:35:00,642 - Layer_fin - INFO - dec-end-outch384-inch192-facttucker-r0.1-wh4-ind2s
2024-06-26 05:37:00,081 - Layer_fin - INFO - dec-start-outch384-inch192-facttucker-r0.25-wh4-ind1s
2024-06-26 05:42:01,208 - Layer_fin - INFO - dec-end-outch384-inch192-facttucker-r0.25-wh4-ind1s
2024-06-26 05:44:00,862 - Layer_fin - INFO - dec-start-outch384-inch192-facttucker-r0.25-wh4-ind2s
2024-06-26 05:49:02,380 - Layer_fin - INFO - dec-end-outch384-inch192-facttucker-r0.25-wh4-ind2s
2024-06-26 05:51:00,800 - Layer_fin - INFO - dec-start-outch384-inch192-facttucker-r0.5-wh4-ind1s
2024-06-26 05:57:20,272 - Layer_fin - INFO - dec-end-outch384-inch192-facttucker-r0.5-wh4-ind1s
2024-06-26 05:59:00,129 - Layer_fin - INFO - dec-start-outch384-inch192-facttucker-r0.5-wh4-ind2s
2024-06-26 06:05:18,924 - Layer_fin - INFO - dec-end-outch384-inch192-facttucker-r0.5-wh4-ind2s
2024-06-26 06:07:00,829 - Layer_fin - INFO - dec-start-outch384-inch192-facttucker-r0.75-wh4-ind1s
2024-06-26 06:15:10,956 - Layer_fin - INFO - dec-end-outch384-inch192-facttucker-r0.75-wh4-ind1s
2024-06-26 06:17:00,343 - Layer_fin - INFO - dec-start-outch384-inch192-facttucker-r0.75-wh4-ind2s
2024-06-26 06:25:11,111 - Layer_fin - INFO - dec-end-outch384-inch192-facttucker-r0.75-wh4-ind2s
2024-06-26 06:27:00,404 - Layer_fin - INFO - dec-start-outch384-inch192-facttucker-r0.9-wh4-ind1s
2024-06-26 06:35:57,998 - Layer_fin - INFO - dec-end-outch384-inch192-facttucker-r0.9-wh4-ind1s
2024-06-26 06:37:00,985 - Layer_fin - INFO - dec-start-outch384-inch192-facttucker-r0.9-wh4-ind2s
2024-06-26 06:46:00,052 - Layer_fin - INFO - dec-end-outch384-inch192-facttucker-r0.9-wh4-ind2s
2024-06-26 06:48:00,304 - Layer_fin - INFO - dec-start-outch384-inch192-facttt-r0.1-wh4-ind1s
2024-06-26 06:53:00,111 - Layer_fin - INFO - dec-end-outch384-inch192-facttt-r0.1-wh4-ind1s
2024-06-26 06:55:00,261 - Layer_fin - INFO - dec-start-outch384-inch192-facttt-r0.1-wh4-ind2s
2024-06-26 06:59:59,790 - Layer_fin - INFO - dec-end-outch384-inch192-facttt-r0.1-wh4-ind2s
2024-06-26 07:01:00,953 - Layer_fin - INFO - dec-start-outch384-inch192-facttt-r0.25-wh4-ind1s
2024-06-26 07:06:27,838 - Layer_fin - INFO - dec-end-outch384-inch192-facttt-r0.25-wh4-ind1s
2024-06-26 07:08:00,068 - Layer_fin - INFO - dec-start-outch384-inch192-facttt-r0.25-wh4-ind2s
2024-06-26 07:13:25,063 - Layer_fin - INFO - dec-end-outch384-inch192-facttt-r0.25-wh4-ind2s
2024-06-26 07:15:00,261 - Layer_fin - INFO - dec-start-outch384-inch192-facttt-r0.5-wh4-ind1s
2024-06-26 07:20:52,625 - Layer_fin - INFO - dec-end-outch384-inch192-facttt-r0.5-wh4-ind1s
2024-06-26 07:22:00,844 - Layer_fin - INFO - dec-start-outch384-inch192-facttt-r0.5-wh4-ind2s
2024-06-26 07:27:53,887 - Layer_fin - INFO - dec-end-outch384-inch192-facttt-r0.5-wh4-ind2s
2024-06-26 07:29:00,062 - Layer_fin - INFO - dec-start-outch384-inch192-facttt-r0.75-wh4-ind1s
2024-06-26 07:35:03,368 - Layer_fin - INFO - dec-end-outch384-inch192-facttt-r0.75-wh4-ind1s
2024-06-26 07:37:00,593 - Layer_fin - INFO - dec-start-outch384-inch192-facttt-r0.75-wh4-ind2s
2024-06-26 07:43:01,930 - Layer_fin - INFO - dec-end-outch384-inch192-facttt-r0.75-wh4-ind2s
2024-06-26 07:45:00,210 - Layer_fin - INFO - dec-start-outch384-inch192-facttt-r0.9-wh4-ind1s
2024-06-26 07:51:06,575 - Layer_fin - INFO - dec-end-outch384-inch192-facttt-r0.9-wh4-ind1s
2024-06-26 07:53:00,844 - Layer_fin - INFO - dec-start-outch384-inch192-facttt-r0.9-wh4-ind2s
2024-06-26 07:59:04,481 - Layer_fin - INFO - dec-end-outch384-inch192-facttt-r0.9-wh4-ind2s
2024-06-26 08:01:00,609 - Layer_fin - INFO - bas-start-outch384-inch192-wh4-ind1s
2024-06-26 08:04:27,151 - Layer_fin - INFO - bas-end-outch384-inch192-wh4-ind1s
2024-06-26 08:06:00,368 - Layer_fin - INFO - bas-start-outch384-inch192-wh4-ind2s
2024-06-26 08:09:27,061 - Layer_fin - INFO - bas-end-outch384-inch192-wh4-ind2s
2024-06-26 08:11:00,968 - Layer_fin - INFO - dec-start-outch384-inch192-factcp-r0.1-wh4-ind1s
2024-06-26 08:15:58,780 - Layer_fin - INFO - dec-end-outch384-inch192-factcp-r0.1-wh4-ind1s
2024-06-26 08:18:00,592 - Layer_fin - INFO - dec-start-outch384-inch192-factcp-r0.1-wh4-ind2s
2024-06-26 08:22:58,578 - Layer_fin - INFO - dec-end-outch384-inch192-factcp-r0.1-wh4-ind2s
2024-06-26 08:25:00,911 - Layer_fin - INFO - dec-start-outch384-inch192-factcp-r0.25-wh4-ind1s
2024-06-26 08:31:49,063 - Layer_fin - INFO - dec-end-outch384-inch192-factcp-r0.25-wh4-ind1s
2024-06-26 08:34:00,448 - Layer_fin - INFO - dec-start-outch384-inch192-factcp-r0.25-wh4-ind2s
2024-06-26 08:40:49,724 - Layer_fin - INFO - dec-end-outch384-inch192-factcp-r0.25-wh4-ind2s
2024-06-26 08:43:00,868 - Layer_fin - INFO - dec-start-outch384-inch192-factcp-r0.5-wh4-ind1s
2024-06-26 08:53:57,923 - Layer_fin - INFO - dec-end-outch384-inch192-factcp-r0.5-wh4-ind1s
2024-06-26 08:56:00,060 - Layer_fin - INFO - dec-start-outch384-inch192-factcp-r0.5-wh4-ind2s
2024-06-26 09:06:56,389 - Layer_fin - INFO - dec-end-outch384-inch192-factcp-r0.5-wh4-ind2s
2024-06-26 09:10:00,595 - Layer_fin - INFO - dec-start-outch384-inch192-factcp-r0.75-wh4-ind1s
2024-06-26 09:25:18,466 - Layer_fin - INFO - dec-end-outch384-inch192-factcp-r0.75-wh4-ind1s
2024-06-26 09:28:00,715 - Layer_fin - INFO - dec-start-outch384-inch192-factcp-r0.75-wh4-ind2s
2024-06-26 09:43:17,654 - Layer_fin - INFO - dec-end-outch384-inch192-factcp-r0.75-wh4-ind2s
2024-06-26 09:46:00,055 - Layer_fin - INFO - dec-start-outch384-inch192-factcp-r0.9-wh4-ind1s
2024-06-26 10:04:10,762 - Layer_fin - INFO - dec-end-outch384-inch192-factcp-r0.9-wh4-ind1s
2024-06-26 10:07:00,338 - Layer_fin - INFO - dec-start-outch384-inch192-factcp-r0.9-wh4-ind2s
2024-06-26 10:25:26,747 - Layer_fin - INFO - dec-end-outch384-inch192-factcp-r0.9-wh4-ind2s
