2024-06-03 11:36:00,247 - Inch - INFO - dec-start-outch512-inch384-factcp-r0.1-wh4-ind1s
2024-06-03 11:42:53,717 - Inch - INFO - dec-end-outch512-inch384-factcp-r0.1-wh4-ind1s
2024-06-03 11:46:00,886 - Inch - INFO - dec-start-outch512-inch384-factcp-r0.1-wh4-ind2s
2024-06-03 11:52:54,036 - Inch - INFO - dec-end-outch512-inch384-factcp-r0.1-wh4-ind2s
2024-06-03 12:00:00,088 - Inch - INFO - dec-start-outch512-inch384-factcp-r0.1-wh4-ind1s
2024-06-03 12:06:55,345 - Inch - INFO - dec-end-outch512-inch384-factcp-r0.1-wh4-ind1s
2024-06-03 12:10:00,184 - Inch - INFO - dec-start-outch512-inch384-factcp-r0.1-wh4-ind2s
2024-06-03 12:16:56,604 - Inch - INFO - dec-end-outch512-inch384-factcp-r0.1-wh4-ind2s
2024-06-03 12:21:00,633 - Inch - INFO - dec-start-outch512-inch384-factcp-r0.25-wh4-ind1s
2024-06-03 12:36:51,875 - Inch - INFO - dec-end-outch512-inch384-factcp-r0.25-wh4-ind1s
2024-06-03 12:41:00,479 - Inch - INFO - dec-start-outch512-inch384-factcp-r0.25-wh4-ind2s
2024-06-03 12:56:43,618 - Inch - INFO - dec-end-outch512-inch384-factcp-r0.25-wh4-ind2s
2024-06-03 13:04:00,740 - Inch - INFO - dec-start-outch512-inch384-factcp-r0.5-wh4-ind1s
2024-06-03 13:35:32,686 - Inch - INFO - dec-end-outch512-inch384-factcp-r0.5-wh4-ind1s
2024-06-03 13:43:00,773 - Inch - INFO - dec-start-outch512-inch384-factcp-r0.5-wh4-ind2s
2024-06-03 14:14:34,185 - Inch - INFO - dec-end-outch512-inch384-factcp-r0.5-wh4-ind2s
2024-06-03 14:26:00,124 - Inch - INFO - dec-start-outch512-inch384-factcp-r0.75-wh4-ind1s
2024-06-03 15:12:22,662 - Inch - INFO - dec-end-outch512-inch384-factcp-r0.75-wh4-ind1s
2024-06-03 15:23:00,146 - Inch - INFO - dec-start-outch512-inch384-factcp-r0.75-wh4-ind2s
2024-06-03 16:08:32,668 - Inch - INFO - dec-end-outch512-inch384-factcp-r0.75-wh4-ind2s
2024-06-03 16:21:00,371 - Inch - INFO - dec-start-outch512-inch384-factcp-r0.9-wh4-ind1s
2024-06-03 17:15:48,489 - Inch - INFO - dec-end-outch512-inch384-factcp-r0.9-wh4-ind1s
2024-06-03 17:28:00,119 - Inch - INFO - dec-start-outch512-inch384-factcp-r0.9-wh4-ind2s
2024-06-03 18:23:19,026 - Inch - INFO - dec-end-outch512-inch384-factcp-r0.9-wh4-ind2s
2024-06-03 18:26:00,876 - Inch - INFO - dec-start-outch512-inch320-factcp-r0.1-wh4-ind1s
2024-06-03 18:32:00,661 - Inch - INFO - dec-end-outch512-inch320-factcp-r0.1-wh4-ind1s
2024-06-03 18:34:00,013 - Inch - INFO - dec-start-outch512-inch320-factcp-r0.1-wh4-ind2s
2024-06-03 18:40:05,459 - Inch - INFO - dec-end-outch512-inch320-factcp-r0.1-wh4-ind2s
2024-06-03 18:43:00,568 - Inch - INFO - dec-start-outch512-inch320-factcp-r0.25-wh4-ind1s
2024-06-03 18:55:39,644 - Inch - INFO - dec-end-outch512-inch320-factcp-r0.25-wh4-ind1s
2024-06-03 18:59:00,983 - Inch - INFO - dec-start-outch512-inch320-factcp-r0.25-wh4-ind2s
2024-06-03 19:11:35,965 - Inch - INFO - dec-end-outch512-inch320-factcp-r0.25-wh4-ind2s
2024-06-03 19:17:00,455 - Inch - INFO - dec-start-outch512-inch320-factcp-r0.5-wh4-ind1s
2024-06-03 19:42:04,531 - Inch - INFO - dec-end-outch512-inch320-factcp-r0.5-wh4-ind1s
2024-06-03 19:47:00,510 - Inch - INFO - dec-start-outch512-inch320-factcp-r0.5-wh4-ind2s
2024-06-03 20:12:01,571 - Inch - INFO - dec-end-outch512-inch320-factcp-r0.5-wh4-ind2s

2024-06-05 09:35:00,752 - Inch - INFO - dec-start-outch512-inch256-factcp-r0.1-wh4-ind1s
2024-06-05 09:39:58,939 - Inch - INFO - dec-end-outch512-inch256-factcp-r0.1-wh4-ind1s
2024-06-05 09:42:00,892 - Inch - INFO - dec-start-outch512-inch256-factcp-r0.1-wh4-ind2s
2024-06-05 09:46:57,983 - Inch - INFO - dec-end-outch512-inch256-factcp-r0.1-wh4-ind2s
2024-06-05 09:50:00,796 - Inch - INFO - dec-start-outch512-inch256-factcp-r0.25-wh4-ind1s
2024-06-05 10:01:25,735 - Inch - INFO - dec-end-outch512-inch256-factcp-r0.25-wh4-ind1s
2024-06-05 10:04:00,814 - Inch - INFO - dec-start-outch512-inch256-factcp-r0.25-wh4-ind2s
2024-06-05 10:15:26,831 - Inch - INFO - dec-end-outch512-inch256-factcp-r0.25-wh4-ind2s
2024-06-05 10:20:00,676 - Inch - INFO - dec-start-outch512-inch256-factcp-r0.5-wh4-ind1s
2024-06-05 10:42:31,412 - Inch - INFO - dec-end-outch512-inch256-factcp-r0.5-wh4-ind1s
2024-06-05 10:47:00,982 - Inch - INFO - dec-start-outch512-inch256-factcp-r0.5-wh4-ind2s
2024-06-05 11:10:03,136 - Inch - INFO - dec-end-outch512-inch256-factcp-r0.5-wh4-ind2s
2024-06-05 11:16:00,734 - Inch - INFO - dec-start-outch512-inch256-factcp-r0.75-wh4-ind1s
2024-06-05 11:48:39,611 - Inch - INFO - dec-end-outch512-inch256-factcp-r0.75-wh4-ind1s
2024-06-05 11:54:00,245 - Inch - INFO - dec-start-outch512-inch256-factcp-r0.75-wh4-ind2s
2024-06-05 12:26:14,457 - Inch - INFO - dec-end-outch512-inch256-factcp-r0.75-wh4-ind2s
2024-06-05 12:33:00,400 - Inch - INFO - dec-start-outch512-inch256-factcp-r0.9-wh4-ind1s
2024-06-05 13:11:40,091 - Inch - INFO - dec-end-outch512-inch256-factcp-r0.9-wh4-ind1s
2024-06-05 13:18:00,492 - Inch - INFO - dec-start-outch512-inch256-factcp-r0.9-wh4-ind2s
2024-06-05 13:56:32,595 - Inch - INFO - dec-end-outch512-inch256-factcp-r0.9-wh4-ind2s



Tucker



2024-06-05 16:30:00,660 - Inch - INFO - dec-start-outch512-inch384-facttucker-r0.1-wh4-ind1s
2024-06-05 16:34:48,143 - Inch - INFO - dec-end-outch512-inch384-facttucker-r0.1-wh4-ind1s
2024-06-05 16:36:00,274 - Inch - INFO - dec-start-outch512-inch384-facttucker-r0.1-wh4-ind2s
2024-06-05 16:40:45,971 - Inch - INFO - dec-end-outch512-inch384-facttucker-r0.1-wh4-ind2s
2024-06-05 16:42:00,425 - Inch - INFO - dec-start-outch512-inch384-facttucker-r0.25-wh4-ind1s
2024-06-05 16:51:17,053 - Inch - INFO - dec-end-outch512-inch384-facttucker-r0.25-wh4-ind1s
2024-06-05 16:53:00,357 - Inch - INFO - dec-start-outch512-inch384-facttucker-r0.25-wh4-ind2s
2024-06-05 17:02:11,110 - Inch - INFO - dec-end-outch512-inch384-facttucker-r0.25-wh4-ind2s
2024-06-05 17:04:00,645 - Inch - INFO - dec-start-outch512-inch384-facttucker-r0.5-wh4-ind1s
2024-06-05 17:20:12,880 - Inch - INFO - dec-end-outch512-inch384-facttucker-r0.5-wh4-ind1s
2024-06-05 17:22:00,102 - Inch - INFO - dec-start-outch512-inch384-facttucker-r0.5-wh4-ind2s
2024-06-05 17:38:20,968 - Inch - INFO - dec-end-outch512-inch384-facttucker-r0.5-wh4-ind2s
2024-06-05 17:40:00,296 - Inch - INFO - dec-start-outch512-inch384-facttucker-r0.75-wh4-ind1s
2024-06-05 18:04:38,076 - Inch - INFO - dec-end-outch512-inch384-facttucker-r0.75-wh4-ind1s
2024-06-05 18:06:01,005 - Inch - INFO - dec-start-outch512-inch384-facttucker-r0.75-wh4-ind2s
2024-06-05 18:30:34,118 - Inch - INFO - dec-end-outch512-inch384-facttucker-r0.75-wh4-ind2s
2024-06-05 18:32:00,177 - Inch - INFO - dec-start-outch512-inch384-facttucker-r0.9-wh4-ind1s
2024-06-05 19:00:49,590 - Inch - INFO - dec-end-outch512-inch384-facttucker-r0.9-wh4-ind1s
2024-06-05 19:02:00,640 - Inch - INFO - dec-start-outch512-inch384-facttucker-r0.9-wh4-ind2s
2024-06-05 19:31:09,825 - Inch - INFO - dec-end-outch512-inch384-facttucker-r0.9-wh4-ind2s
2024-06-05 19:33:00,851 - Inch - INFO - dec-start-outch512-inch320-facttucker-r0.1-wh4-ind1s
2024-06-05 19:37:04,790 - Inch - INFO - dec-end-outch512-inch320-facttucker-r0.1-wh4-ind1s
2024-06-05 19:39:00,808 - Inch - INFO - dec-start-outch512-inch320-facttucker-r0.1-wh4-ind2s
2024-06-05 19:43:05,154 - Inch - INFO - dec-end-outch512-inch320-facttucker-r0.1-wh4-ind2s
2024-06-05 19:45:00,048 - Inch - INFO - dec-start-outch512-inch320-facttucker-r0.25-wh4-ind1s
2024-06-05 19:52:27,669 - Inch - INFO - dec-end-outch512-inch320-facttucker-r0.25-wh4-ind1s
2024-06-05 19:54:00,658 - Inch - INFO - dec-start-outch512-inch320-facttucker-r0.25-wh4-ind2s
2024-06-05 20:01:29,020 - Inch - INFO - dec-end-outch512-inch320-facttucker-r0.25-wh4-ind2s
2024-06-05 20:03:00,940 - Inch - INFO - dec-start-outch512-inch320-facttucker-r0.5-wh4-ind1s
2024-06-05 20:16:20,762 - Inch - INFO - dec-end-outch512-inch320-facttucker-r0.5-wh4-ind1s
2024-06-05 20:18:00,977 - Inch - INFO - dec-start-outch512-inch320-facttucker-r0.5-wh4-ind2s
2024-06-05 20:31:18,271 - Inch - INFO - dec-end-outch512-inch320-facttucker-r0.5-wh4-ind2s
2024-06-05 20:33:00,910 - Inch - INFO - dec-start-outch512-inch320-facttucker-r0.75-wh4-ind1s
2024-06-05 20:52:43,101 - Inch - INFO - dec-end-outch512-inch320-facttucker-r0.75-wh4-ind1s
2024-06-05 20:54:00,074 - Inch - INFO - dec-start-outch512-inch320-facttucker-r0.75-wh4-ind2s
2024-06-05 21:13:56,262 - Inch - INFO - dec-end-outch512-inch320-facttucker-r0.75-wh4-ind2s
2024-06-05 21:15:00,020 - Inch - INFO - dec-start-outch512-inch320-facttucker-r0.9-wh4-ind1s
2024-06-05 21:38:57,937 - Inch - INFO - dec-end-outch512-inch320-facttucker-r0.9-wh4-ind1s
2024-06-05 21:40:00,688 - Inch - INFO - dec-start-outch512-inch320-facttucker-r0.9-wh4-ind2s
2024-06-05 22:04:10,151 - Inch - INFO - dec-end-outch512-inch320-facttucker-r0.9-wh4-ind2s
2024-06-05 22:06:00,959 - Inch - INFO - dec-start-outch512-inch256-facttucker-r0.1-wh4-ind1s
2024-06-05 22:09:34,700 - Inch - INFO - dec-end-outch512-inch256-facttucker-r0.1-wh4-ind1s
2024-06-05 22:11:00,516 - Inch - INFO - dec-start-outch512-inch256-facttucker-r0.1-wh4-ind2s
2024-06-05 22:14:33,309 - Inch - INFO - dec-end-outch512-inch256-facttucker-r0.1-wh4-ind2s
2024-06-05 22:16:00,936 - Inch - INFO - dec-start-outch512-inch256-facttucker-r0.25-wh4-ind1s
2024-06-05 22:22:21,473 - Inch - INFO - dec-end-outch512-inch256-facttucker-r0.25-wh4-ind1s
2024-06-05 22:24:00,163 - Inch - INFO - dec-start-outch512-inch256-facttucker-r0.25-wh4-ind2s
2024-06-05 22:30:19,789 - Inch - INFO - dec-end-outch512-inch256-facttucker-r0.25-wh4-ind2s
2024-06-05 22:32:00,507 - Inch - INFO - dec-start-outch512-inch256-facttucker-r0.5-wh4-ind1s
2024-06-05 22:42:42,245 - Inch - INFO - dec-end-outch512-inch256-facttucker-r0.5-wh4-ind1s
2024-06-05 22:44:00,945 - Inch - INFO - dec-start-outch512-inch256-facttucker-r0.5-wh4-ind2s
2024-06-05 22:54:43,219 - Inch - INFO - dec-end-outch512-inch256-facttucker-r0.5-wh4-ind2s
2024-06-05 22:56:00,902 - Inch - INFO - dec-start-outch512-inch256-facttucker-r0.75-wh4-ind1s
2024-06-05 23:11:29,113 - Inch - INFO - dec-end-outch512-inch256-facttucker-r0.75-wh4-ind1s
2024-06-05 23:13:00,781 - Inch - INFO - dec-start-outch512-inch256-facttucker-r0.75-wh4-ind2s
2024-06-05 23:28:30,774 - Inch - INFO - dec-end-outch512-inch256-facttucker-r0.75-wh4-ind2s
2024-06-05 23:30:00,303 - Inch - INFO - dec-start-outch512-inch256-facttucker-r0.9-wh4-ind1s
2024-06-05 23:48:35,157 - Inch - INFO - dec-end-outch512-inch256-facttucker-r0.9-wh4-ind1s
2024-06-05 23:50:00,681 - Inch - INFO - dec-start-outch512-inch256-facttucker-r0.9-wh4-ind2s
2024-06-06 00:08:34,545 - Inch - INFO - dec-end-outch512-inch256-facttucker-r0.9-wh4-ind2s
2024-06-06 00:10:00,118 - Inch - INFO - dec-start-outch512-inch192-facttucker-r0.1-wh4-ind1s
2024-06-06 00:13:04,668 - Inch - INFO - dec-end-outch512-inch192-facttucker-r0.1-wh4-ind1s
2024-06-06 00:15:00,278 - Inch - INFO - dec-start-outch512-inch192-facttucker-r0.1-wh4-ind2s
2024-06-06 00:18:04,336 - Inch - INFO - dec-end-outch512-inch192-facttucker-r0.1-wh4-ind2s
2024-06-06 00:20:00,643 - Inch - INFO - dec-start-outch512-inch192-facttucker-r0.25-wh4-ind1s
2024-06-06 00:24:35,870 - Inch - INFO - dec-end-outch512-inch192-facttucker-r0.25-wh4-ind1s
2024-06-06 00:26:00,139 - Inch - INFO - dec-start-outch512-inch192-facttucker-r0.25-wh4-ind2s
2024-06-06 00:30:34,122 - Inch - INFO - dec-end-outch512-inch192-facttucker-r0.25-wh4-ind2s
2024-06-06 00:32:00,672 - Inch - INFO - dec-start-outch512-inch192-facttucker-r0.5-wh4-ind1s
2024-06-06 00:39:53,199 - Inch - INFO - dec-end-outch512-inch192-facttucker-r0.5-wh4-ind1s
2024-06-06 00:41:00,730 - Inch - INFO - dec-start-outch512-inch192-facttucker-r0.5-wh4-ind2s
2024-06-06 00:48:54,779 - Inch - INFO - dec-end-outch512-inch192-facttucker-r0.5-wh4-ind2s
2024-06-06 00:50:00,201 - Inch - INFO - dec-start-outch512-inch192-facttucker-r0.75-wh4-ind1s
2024-06-06 01:01:47,334 - Inch - INFO - dec-end-outch512-inch192-facttucker-r0.75-wh4-ind1s
2024-06-06 01:03:00,713 - Inch - INFO - dec-start-outch512-inch192-facttucker-r0.75-wh4-ind2s
2024-06-06 01:14:43,866 - Inch - INFO - dec-end-outch512-inch192-facttucker-r0.75-wh4-ind2s
2024-06-06 01:16:00,134 - Inch - INFO - dec-start-outch512-inch192-facttucker-r0.9-wh4-ind1s
2024-06-06 01:29:32,626 - Inch - INFO - dec-end-outch512-inch192-facttucker-r0.9-wh4-ind1s
2024-06-06 01:31:00,872 - Inch - INFO - dec-start-outch512-inch192-facttucker-r0.9-wh4-ind2s
2024-06-06 01:44:37,882 - Inch - INFO - dec-end-outch512-inch192-facttucker-r0.9-wh4-ind2s

TT
2024-05-30 22:51:00,430 - GVD - INFO - dec-start-outch512-inch256-facttt-r0.1-wh4-ind1s
2024-05-30 22:53:51,052 - GVD - INFO - dec-end-outch512-inch256-facttt-r0.1-wh4-ind1s
2024-05-30 22:55:00,175 - GVD - INFO - dec-start-outch512-inch256-facttt-r0.1-wh4-ind2s
2024-05-30 22:57:50,925 - GVD - INFO - dec-end-outch512-inch256-facttt-r0.1-wh4-ind2s
2024-05-30 22:59:00,062 - GVD - INFO - dec-start-outch512-inch256-facttt-r0.25-wh4-ind1s
2024-05-30 23:03:44,059 - GVD - INFO - dec-end-outch512-inch256-facttt-r0.25-wh4-ind1s
2024-05-30 23:05:00,199 - GVD - INFO - dec-start-outch512-inch256-facttt-r0.25-wh4-ind2s
2024-05-30 23:09:44,067 - GVD - INFO - dec-end-outch512-inch256-facttt-r0.25-wh4-ind2s
2024-05-30 23:11:00,263 - GVD - INFO - dec-start-outch512-inch256-facttt-r0.5-wh4-ind1s
2024-05-30 23:16:18,911 - GVD - INFO - dec-end-outch512-inch256-facttt-r0.5-wh4-ind1s
2024-05-30 23:18:00,131 - GVD - INFO - dec-start-outch512-inch256-facttt-r0.5-wh4-ind2s
2024-05-30 23:23:23,359 - GVD - INFO - dec-end-outch512-inch256-facttt-r0.5-wh4-ind2s
2024-05-30 23:25:00,573 - GVD - INFO - dec-start-outch512-inch256-facttt-r0.75-wh4-ind1s
2024-05-30 23:30:46,975 - GVD - INFO - dec-end-outch512-inch256-facttt-r0.75-wh4-ind1s
2024-05-30 23:32:00,164 - GVD - INFO - dec-start-outch512-inch256-facttt-r0.75-wh4-ind2s
2024-05-30 23:37:45,582 - GVD - INFO - dec-end-outch512-inch256-facttt-r0.75-wh4-ind2s
2024-05-30 23:39:00,740 - GVD - INFO - dec-start-outch512-inch256-facttt-r0.9-wh4-ind1s
2024-05-30 23:44:59,995 - GVD - INFO - dec-end-outch512-inch256-facttt-r0.9-wh4-ind1s
2024-05-30 23:47:00,236 - GVD - INFO - dec-start-outch512-inch256-facttt-r0.9-wh4-ind2s
2024-05-30 23:52:58,759 - GVD - INFO - dec-end-outch512-inch256-facttt-r0.9-wh4-ind2s
2024-05-30 23:54:00,855 - GVD - INFO - dec-start-outch512-inch192-facttt-r0.1-wh4-ind1s
2024-05-30 23:56:28,613 - GVD - INFO - dec-end-outch512-inch192-facttt-r0.1-wh4-ind1s
2024-05-30 23:58:00,701 - GVD - INFO - dec-start-outch512-inch192-facttt-r0.1-wh4-ind2s
2024-05-31 00:00:29,188 - GVD - INFO - dec-end-outch512-inch192-facttt-r0.1-wh4-ind2s
2024-05-31 00:02:00,317 - GVD - INFO - dec-start-outch512-inch192-facttt-r0.25-wh4-ind1s
2024-05-31 00:05:14,084 - GVD - INFO - dec-end-outch512-inch192-facttt-r0.25-wh4-ind1s
2024-05-31 00:07:00,227 - GVD - INFO - dec-start-outch512-inch192-facttt-r0.25-wh4-ind2s
2024-05-31 00:10:13,080 - GVD - INFO - dec-end-outch512-inch192-facttt-r0.25-wh4-ind2s
2024-05-31 00:12:00,235 - GVD - INFO - dec-start-outch512-inch192-facttt-r0.5-wh4-ind1s
2024-05-31 00:15:54,620 - GVD - INFO - dec-end-outch512-inch192-facttt-r0.5-wh4-ind1s
2024-05-31 00:17:00,735 - GVD - INFO - dec-start-outch512-inch192-facttt-r0.5-wh4-ind2s
2024-05-31 00:20:54,561 - GVD - INFO - dec-end-outch512-inch192-facttt-r0.5-wh4-ind2s
2024-05-31 00:22:00,678 - GVD - INFO - dec-start-outch512-inch192-facttt-r0.75-wh4-ind1s
2024-05-31 00:26:24,590 - GVD - INFO - dec-end-outch512-inch192-facttt-r0.75-wh4-ind1s
2024-05-31 00:28:00,737 - GVD - INFO - dec-start-outch512-inch192-facttt-r0.75-wh4-ind2s
2024-05-31 00:32:24,409 - GVD - INFO - dec-end-outch512-inch192-facttt-r0.75-wh4-ind2s
2024-05-31 00:34:00,557 - GVD - INFO - dec-start-outch512-inch192-facttt-r0.9-wh4-ind1s
2024-05-31 00:38:34,413 - GVD - INFO - dec-end-outch512-inch192-facttt-r0.9-wh4-ind1s
2024-05-31 00:40:00,550 - GVD - INFO - dec-start-outch512-inch192-facttt-r0.9-wh4-ind2s
2024-05-31 00:44:34,140 - GVD - INFO - dec-end-outch512-inch192-facttt-r0.9-wh4-ind2s
2024-05-31 09:40:00,093 - GVD - INFO - dec-start-outch512-inch384-facttt-r0.1-wh4-ind1s
2024-05-31 09:44:24,547 - GVD - INFO - dec-end-outch512-inch384-facttt-r0.1-wh4-ind1s
2024-05-31 09:46:00,763 - GVD - INFO - dec-start-outch512-inch384-facttt-r0.1-wh4-ind2s
2024-05-31 09:50:32,734 - GVD - INFO - dec-end-outch512-inch384-facttt-r0.1-wh4-ind2s
2024-05-31 09:52:00,058 - GVD - INFO - dec-start-outch512-inch384-facttt-r0.25-wh4-ind1s
2024-05-31 10:00:09,700 - GVD - INFO - dec-end-outch512-inch384-facttt-r0.25-wh4-ind1s
2024-05-31 10:02:00,053 - GVD - INFO - dec-start-outch512-inch384-facttt-r0.25-wh4-ind2s
2024-05-31 10:10:20,218 - GVD - INFO - dec-end-outch512-inch384-facttt-r0.25-wh4-ind2s
2024-05-31 10:12:00,511 - GVD - INFO - dec-start-outch512-inch384-facttt-r0.5-wh4-ind1s
2024-05-31 10:20:44,751 - GVD - INFO - dec-end-outch512-inch384-facttt-r0.5-wh4-ind1s
2024-05-31 10:22:00,071 - GVD - INFO - dec-start-outch512-inch384-facttt-r0.5-wh4-ind2s
2024-05-31 10:30:43,098 - GVD - INFO - dec-end-outch512-inch384-facttt-r0.5-wh4-ind2s
2024-05-31 10:32:00,377 - GVD - INFO - dec-start-outch512-inch384-facttt-r0.75-wh4-ind1s
2024-05-31 10:41:07,349 - GVD - INFO - dec-end-outch512-inch384-facttt-r0.75-wh4-ind1s
2024-05-31 10:43:00,698 - GVD - INFO - dec-start-outch512-inch384-facttt-r0.75-wh4-ind2s
2024-05-31 10:52:10,458 - GVD - INFO - dec-end-outch512-inch384-facttt-r0.75-wh4-ind2s
2024-05-31 10:54:00,810 - GVD - INFO - dec-start-outch512-inch384-facttt-r0.9-wh4-ind1s
2024-05-31 11:03:18,227 - GVD - INFO - dec-end-outch512-inch384-facttt-r0.9-wh4-ind1s
2024-05-31 11:05:00,579 - GVD - INFO - dec-start-outch512-inch384-facttt-r0.9-wh4-ind2s
2024-05-31 11:14:15,402 - GVD - INFO - dec-end-outch512-inch384-facttt-r0.9-wh4-ind2s
2024-05-31 11:16:00,571 - GVD - INFO - dec-start-outch512-inch320-facttt-r0.1-wh4-ind1s
2024-05-31 11:19:29,659 - GVD - INFO - dec-end-outch512-inch320-facttt-r0.1-wh4-ind1s
2024-05-31 11:21:00,844 - GVD - INFO - dec-start-outch512-inch320-facttt-r0.1-wh4-ind2s
2024-05-31 11:24:30,663 - GVD - INFO - dec-end-outch512-inch320-facttt-r0.1-wh4-ind2s
2024-05-31 11:26:00,857 - GVD - INFO - dec-start-outch512-inch320-facttt-r0.25-wh4-ind1s
2024-05-31 11:32:25,963 - GVD - INFO - dec-end-outch512-inch320-facttt-r0.25-wh4-ind1s
2024-05-31 11:34:00,162 - GVD - INFO - dec-start-outch512-inch320-facttt-r0.25-wh4-ind2s
2024-05-31 11:40:30,961 - GVD - INFO - dec-end-outch512-inch320-facttt-r0.25-wh4-ind2s
2024-05-31 11:42:00,205 - GVD - INFO - dec-start-outch512-inch320-facttt-r0.5-wh4-ind1s
2024-05-31 11:49:04,956 - GVD - INFO - dec-end-outch512-inch320-facttt-r0.5-wh4-ind1s
2024-05-31 11:51:00,228 - GVD - INFO - dec-start-outch512-inch320-facttt-r0.5-wh4-ind2s
2024-05-31 11:58:06,067 - GVD - INFO - dec-end-outch512-inch320-facttt-r0.5-wh4-ind2s
2024-05-31 12:00:00,349 - GVD - INFO - dec-start-outch512-inch320-facttt-r0.75-wh4-ind1s
2024-05-31 12:07:10,669 - GVD - INFO - dec-end-outch512-inch320-facttt-r0.75-wh4-ind1s
2024-05-31 12:09:01,021 - GVD - INFO - dec-start-outch512-inch320-facttt-r0.75-wh4-ind2s
2024-05-31 12:16:12,401 - GVD - INFO - dec-end-outch512-inch320-facttt-r0.75-wh4-ind2s
2024-05-31 12:18:00,581 - GVD - INFO - dec-start-outch512-inch320-facttt-r0.9-wh4-ind1s
2024-05-31 12:25:36,275 - GVD - INFO - dec-end-outch512-inch320-facttt-r0.9-wh4-ind1s
2024-05-31 12:27:00,501 - GVD - INFO - dec-start-outch512-inch320-facttt-r0.9-wh4-ind2s
2024-05-31 12:34:37,018 - GVD - INFO - dec-end-outch512-inch320-facttt-r0.9-wh4-ind2s
2024-05-31 12:36:00,049 - GVD - INFO - bas-start-outch512-inch384-wh4-ind1s
2024-05-31 12:54:24,539 - GVD - INFO - bas-end-outch512-inch384-wh4-ind1s
2024-05-31 12:56:00,656 - GVD - INFO - bas-start-outch512-inch384-wh4-ind2s
2024-05-31 13:15:13,354 - GVD - INFO - bas-end-outch512-inch384-wh4-ind2s
2024-05-31 13:17:00,436 - GVD - INFO - bas-start-outch512-inch320-wh4-ind1s
2024-05-31 13:32:37,362 - GVD - INFO - bas-end-outch512-inch320-wh4-ind1s
2024-05-31 13:34:00,456 - GVD - INFO - bas-start-outch512-inch320-wh4-ind2s
2024-05-31 13:49:36,719 - GVD - INFO - bas-end-outch512-inch320-wh4-ind2s
2024-05-30 21:39:00,215 - GVD - INFO - bas-start-outch512-inch256-wh4-ind1s
2024-05-30 21:51:28,094 - GVD - INFO - bas-end-outch512-inch256-wh4-ind1s
2024-05-30 21:53:00,193 - GVD - INFO - bas-start-outch512-inch256-wh4-ind2s
2024-05-30 22:05:08,807 - GVD - INFO - bas-end-outch512-inch256-wh4-ind2s
2024-05-30 22:07:00,929 - GVD - INFO - bas-start-outch512-inch192-wh4-ind1s
2024-05-30 22:15:46,487 - GVD - INFO - bas-end-outch512-inch192-wh4-ind1s
2024-05-30 22:17:00,540 - GVD - INFO - bas-start-outch512-inch192-wh4-ind2s
2024-05-30 22:25:49,884 - GVD - INFO - bas-end-outch512-inch192-wh4-ind2s

2024-06-15 15:43:53,190 - Inch - INFO - dec-start-outch512-inch192-factcp-r0.1-wh4-ind1s
2024-06-15 15:48:42,532 - Inch - INFO - dec-end-outch512-inch192-factcp-r0.1-wh4-ind1s
2024-06-15 15:48:59,684 - Inch - INFO - dec-start-outch512-inch192-factcp-r0.1-wh4-ind2s
2024-06-15 15:53:41,351 - Inch - INFO - dec-end-outch512-inch192-factcp-r0.1-wh4-ind2s
2024-06-15 15:54:24,360 - Inch - INFO - dec-start-outch512-inch192-factcp-r0.25-wh4-ind1s
2024-06-15 16:03:18,000 - Inch - INFO - dec-end-outch512-inch192-factcp-r0.25-wh4-ind1s
2024-06-15 16:04:01,099 - Inch - INFO - dec-start-outch512-inch192-factcp-r0.25-wh4-ind2s
2024-06-15 16:12:50,127 - Inch - INFO - dec-end-outch512-inch192-factcp-r0.25-wh4-ind2s
2024-06-15 16:14:17,546 - Inch - INFO - dec-start-outch512-inch192-factcp-r0.5-wh4-ind1s
2024-06-15 16:31:54,842 - Inch - INFO - dec-end-outch512-inch192-factcp-r0.5-wh4-ind1s
2024-06-15 16:33:22,096 - Inch - INFO - dec-start-outch512-inch192-factcp-r0.5-wh4-ind2s
2024-06-15 16:51:00,524 - Inch - INFO - dec-end-outch512-inch192-factcp-r0.5-wh4-ind2s
2024-06-15 16:53:15,716 - Inch - INFO - dec-start-outch512-inch192-factcp-r0.75-wh4-ind1s
2024-06-15 17:20:06,302 - Inch - INFO - dec-end-outch512-inch192-factcp-r0.75-wh4-ind1s
2024-06-15 17:22:13,329 - Inch - INFO - dec-start-outch512-inch192-factcp-r0.75-wh4-ind2s
2024-06-15 17:48:38,177 - Inch - INFO - dec-end-outch512-inch192-factcp-r0.75-wh4-ind2s
2024-06-15 17:51:10,202 - Inch - INFO - dec-start-outch512-inch192-factcp-r0.9-wh4-ind1s
2024-06-15 18:21:59,122 - Inch - INFO - dec-end-outch512-inch192-factcp-r0.9-wh4-ind1s
2024-06-15 18:24:35,974 - Inch - INFO - dec-start-outch512-inch192-factcp-r0.9-wh4-ind2s
2024-06-15 18:55:17,576 - Inch - INFO - dec-end-outch512-inch192-factcp-r0.9-wh4-ind2s

2024-06-16 18:30:32,445 - Inch - INFO - dec-start-outch512-inch320-factcp-r0.9-wh4-ind1s
2024-06-16 19:16:42,114 - Inch - INFO - dec-end-outch512-inch320-factcp-r0.9-wh4-ind1s
2024-06-16 19:23:47,419 - Inch - INFO - dec-start-outch512-inch320-factcp-r0.9-wh4-ind2s
2024-06-16 20:10:09,224 - Inch - INFO - dec-end-outch512-inch320-factcp-r0.9-wh4-ind2s



Derde keer TT
2024-06-24 11:58:00,051 - Inch - INFO - dec-start-outch512-inch320-facttt-r0.1-wh4-ind3s
2024-06-24 12:01:17,275 - Inch - INFO - dec-end-outch512-inch320-facttt-r0.1-wh4-ind3s
2024-06-24 12:03:00,488 - Inch - INFO - dec-start-outch512-inch320-facttt-r0.25-wh4-ind3s
2024-06-24 12:09:15,562 - Inch - INFO - dec-end-outch512-inch320-facttt-r0.25-wh4-ind3s
2024-06-24 12:11:00,753 - Inch - INFO - dec-start-outch512-inch320-facttt-r0.5-wh4-ind3s
2024-06-24 12:18:02,642 - Inch - INFO - dec-end-outch512-inch320-facttt-r0.5-wh4-ind3s
2024-06-24 12:20:00,925 - Inch - INFO - dec-start-outch512-inch320-facttt-r0.75-wh4-ind3s
2024-06-24 12:27:15,343 - Inch - INFO - dec-end-outch512-inch320-facttt-r0.75-wh4-ind3s
2024-06-24 12:29:00,679 - Inch - INFO - dec-start-outch512-inch320-facttt-r0.9-wh4-ind3s
2024-06-24 12:36:41,151 - Inch - INFO - dec-end-outch512-inch320-facttt-r0.9-wh4-ind3s
2024-06-24 12:38:00,306 - Inch - INFO - dec-start-outch512-inch256-facttt-r0.1-wh4-ind3s
2024-06-24 12:40:47,276 - Inch - INFO - dec-end-outch512-inch256-facttt-r0.1-wh4-ind3s
2024-06-24 12:42:00,382 - Inch - INFO - dec-start-outch512-inch256-facttt-r0.25-wh4-ind3s
2024-06-24 12:46:40,590 - Inch - INFO - dec-end-outch512-inch256-facttt-r0.25-wh4-ind3s
2024-06-24 12:48:00,787 - Inch - INFO - dec-start-outch512-inch256-facttt-r0.5-wh4-ind3s
2024-06-24 12:53:29,590 - Inch - INFO - dec-end-outch512-inch256-facttt-r0.5-wh4-ind3s
2024-06-24 12:55:00,757 - Inch - INFO - dec-start-outch512-inch256-facttt-r0.75-wh4-ind3s
2024-06-24 13:00:42,838 - Inch - INFO - dec-end-outch512-inch256-facttt-r0.75-wh4-ind3s
2024-06-24 13:02:00,973 - Inch - INFO - dec-start-outch512-inch256-facttt-r0.9-wh4-ind3s
2024-06-24 13:07:58,168 - Inch - INFO - dec-end-outch512-inch256-facttt-r0.9-wh4-ind3s
2024-06-24 13:09:00,266 - Inch - INFO - dec-start-outch512-inch192-facttt-r0.1-wh4-ind3s
2024-06-24 13:11:18,761 - Inch - INFO - dec-end-outch512-inch192-facttt-r0.1-wh4-ind3s
2024-06-24 13:13:00,864 - Inch - INFO - dec-start-outch512-inch192-facttt-r0.25-wh4-ind3s
2024-06-24 13:16:12,351 - Inch - INFO - dec-end-outch512-inch192-facttt-r0.25-wh4-ind3s
2024-06-24 13:18:00,515 - Inch - INFO - dec-start-outch512-inch192-facttt-r0.5-wh4-ind3s
2024-06-24 13:22:03,256 - Inch - INFO - dec-end-outch512-inch192-facttt-r0.5-wh4-ind3s
2024-06-24 13:24:00,397 - Inch - INFO - dec-start-outch512-inch192-facttt-r0.75-wh4-ind3s
2024-06-24 13:28:20,571 - Inch - INFO - dec-end-outch512-inch192-facttt-r0.75-wh4-ind3s
2024-06-24 13:30:00,729 - Inch - INFO - dec-start-outch512-inch192-facttt-r0.9-wh4-ind3s
2024-06-24 13:34:44,645 - Inch - INFO - dec-end-outch512-inch192-facttt-r0.9-wh4-ind3s
2024-06-24 06:10:00,677 - Inch - INFO - dec-start-outch512-inch384-facttt-r0.1-wh4-ind1s
2024-06-24 06:14:19,134 - Inch - INFO - dec-end-outch512-inch384-facttt-r0.1-wh4-ind1s
2024-06-24 06:16:00,398 - Inch - INFO - dec-start-outch512-inch384-facttt-r0.1-wh4-ind2s
2024-06-24 06:20:19,944 - Inch - INFO - dec-end-outch512-inch384-facttt-r0.1-wh4-ind2s
2024-06-24 06:22:00,168 - Inch - INFO - dec-start-outch512-inch384-facttt-r0.1-wh4-ind3s
2024-06-24 06:26:18,731 - Inch - INFO - dec-end-outch512-inch384-facttt-r0.1-wh4-ind3s
2024-06-24 06:28:00,048 - Inch - INFO - dec-start-outch512-inch384-facttt-r0.25-wh4-ind1s
2024-06-24 06:36:02,692 - Inch - INFO - dec-end-outch512-inch384-facttt-r0.25-wh4-ind1s
2024-06-24 06:38:00,983 - Inch - INFO - dec-start-outch512-inch384-facttt-r0.25-wh4-ind2s
2024-06-24 06:46:04,003 - Inch - INFO - dec-end-outch512-inch384-facttt-r0.25-wh4-ind2s
2024-06-24 06:48:00,333 - Inch - INFO - dec-start-outch512-inch384-facttt-r0.25-wh4-ind3s
2024-06-24 06:56:03,459 - Inch - INFO - dec-end-outch512-inch384-facttt-r0.25-wh4-ind3s
2024-06-24 06:58:00,756 - Inch - INFO - dec-start-outch512-inch384-facttt-r0.5-wh4-ind1s
2024-06-24 07:06:29,520 - Inch - INFO - dec-end-outch512-inch384-facttt-r0.5-wh4-ind1s
2024-06-24 07:08:00,837 - Inch - INFO - dec-start-outch512-inch384-facttt-r0.5-wh4-ind2s
2024-06-24 07:16:30,064 - Inch - INFO - dec-end-outch512-inch384-facttt-r0.5-wh4-ind2s
2024-06-24 07:18:00,370 - Inch - INFO - dec-start-outch512-inch384-facttt-r0.5-wh4-ind3s
2024-06-24 07:26:27,734 - Inch - INFO - dec-end-outch512-inch384-facttt-r0.5-wh4-ind3s
2024-06-24 07:28:00,025 - Inch - INFO - dec-start-outch512-inch384-facttt-r0.75-wh4-ind1s
2024-06-24 07:36:54,729 - Inch - INFO - dec-end-outch512-inch384-facttt-r0.75-wh4-ind1s
2024-06-24 07:38:00,014 - Inch - INFO - dec-start-outch512-inch384-facttt-r0.75-wh4-ind2s
2024-06-24 07:46:54,880 - Inch - INFO - dec-end-outch512-inch384-facttt-r0.75-wh4-ind2s
2024-06-24 07:48:00,173 - Inch - INFO - dec-start-outch512-inch384-facttt-r0.75-wh4-ind3s
2024-06-24 07:56:53,572 - Inch - INFO - dec-end-outch512-inch384-facttt-r0.75-wh4-ind3s
2024-06-24 07:58:00,873 - Inch - INFO - dec-start-outch512-inch384-facttt-r0.9-wh4-ind1s
2024-06-24 08:07:08,640 - Inch - INFO - dec-end-outch512-inch384-facttt-r0.9-wh4-ind1s
2024-06-24 08:09:00,959 - Inch - INFO - dec-start-outch512-inch384-facttt-r0.9-wh4-ind2s
2024-06-24 08:18:02,541 - Inch - INFO - dec-end-outch512-inch384-facttt-r0.9-wh4-ind2s
2024-06-24 08:20:00,885 - Inch - INFO - dec-start-outch512-inch384-facttt-r0.9-wh4-ind3s
2024-06-24 08:29:02,261 - Inch - INFO - dec-end-outch512-inch384-facttt-r0.9-wh4-ind3s

Derde keer CP
2024-06-24 21:10:00,993 - Inch - INFO - dec-start-outch512-inch192-factcp-r0.1-wh4-ind3s
2024-06-24 21:14:22,529 - Inch - INFO - dec-end-outch512-inch192-factcp-r0.1-wh4-ind3s
2024-06-24 21:17:00,696 - Inch - INFO - dec-start-outch512-inch192-factcp-r0.25-wh4-ind3s
2024-06-24 21:25:32,103 - Inch - INFO - dec-end-outch512-inch192-factcp-r0.25-wh4-ind3s
2024-06-24 21:28:00,958 - Inch - INFO - dec-start-outch512-inch192-factcp-r0.5-wh4-ind3s
2024-06-24 21:46:52,716 - Inch - INFO - dec-end-outch512-inch192-factcp-r0.5-wh4-ind3s
2024-06-24 21:51:00,543 - Inch - INFO - dec-start-outch512-inch192-factcp-r0.75-wh4-ind3s
2024-06-24 22:16:48,534 - Inch - INFO - dec-end-outch512-inch192-factcp-r0.75-wh4-ind3s
2024-06-24 22:21:00,047 - Inch - INFO - dec-start-outch512-inch192-factcp-r0.9-wh4-ind3s
2024-06-24 22:52:52,694 - Inch - INFO - dec-end-outch512-inch192-factcp-r0.9-wh4-ind3s
2024-06-24 22:55:00,244 - Inch - INFO - dec-start-outch512-inch256-factcp-r0.1-wh4-ind3s
2024-06-24 22:59:59,136 - Inch - INFO - dec-end-outch512-inch256-factcp-r0.1-wh4-ind3s
2024-06-24 23:03:00,843 - Inch - INFO - dec-start-outch512-inch256-factcp-r0.25-wh4-ind3s
2024-06-24 23:13:59,884 - Inch - INFO - dec-end-outch512-inch256-factcp-r0.25-wh4-ind3s
2024-06-24 23:18:00,677 - Inch - INFO - dec-start-outch512-inch256-factcp-r0.5-wh4-ind3s
2024-06-24 23:39:21,533 - Inch - INFO - dec-end-outch512-inch256-factcp-r0.5-wh4-ind3s
2024-06-24 23:45:00,172 - Inch - INFO - dec-start-outch512-inch256-factcp-r0.75-wh4-ind3s
2024-06-25 00:16:22,863 - Inch - INFO - dec-end-outch512-inch256-factcp-r0.75-wh4-ind3s
2024-06-25 00:23:00,908 - Inch - INFO - dec-start-outch512-inch256-factcp-r0.9-wh4-ind3s
2024-06-25 01:00:20,258 - Inch - INFO - dec-end-outch512-inch256-factcp-r0.9-wh4-ind3s
2024-06-25 01:03:01,032 - Inch - INFO - dec-start-outch512-inch320-factcp-r0.1-wh4-ind3s
2024-06-25 01:09:09,325 - Inch - INFO - dec-end-outch512-inch320-factcp-r0.1-wh4-ind3s
2024-06-25 01:12:00,665 - Inch - INFO - dec-start-outch512-inch320-factcp-r0.25-wh4-ind3s
2024-06-25 01:25:14,544 - Inch - INFO - dec-end-outch512-inch320-factcp-r0.25-wh4-ind3s
2024-06-25 01:30:00,256 - Inch - INFO - dec-start-outch512-inch320-factcp-r0.5-wh4-ind3s
2024-06-25 01:55:16,930 - Inch - INFO - dec-end-outch512-inch320-factcp-r0.5-wh4-ind3s
2024-06-25 02:02:00,915 - Inch - INFO - dec-start-outch512-inch320-factcp-r0.75-wh4-ind3s
2024-06-25 02:39:29,282 - Inch - INFO - dec-end-outch512-inch320-factcp-r0.75-wh4-ind3s
2024-06-25 02:47:01,000 - Inch - INFO - dec-start-outch512-inch320-factcp-r0.9-wh4-ind3s
2024-06-25 03:32:04,024 - Inch - INFO - dec-end-outch512-inch320-factcp-r0.9-wh4-ind3s
2024-06-25 03:35:00,628 - Inch - INFO - dec-start-outch512-inch384-factcp-r0.1-wh4-ind3s
2024-06-25 03:42:05,615 - Inch - INFO - dec-end-outch512-inch384-factcp-r0.1-wh4-ind3s
2024-06-25 03:47:00,254 - Inch - INFO - dec-start-outch512-inch384-factcp-r0.25-wh4-ind3s
2024-06-25 04:02:21,132 - Inch - INFO - dec-end-outch512-inch384-factcp-r0.25-wh4-ind3s
2024-06-25 04:10:00,432 - Inch - INFO - dec-start-outch512-inch384-factcp-r0.5-wh4-ind3s
2024-06-25 04:39:32,820 - Inch - INFO - dec-end-outch512-inch384-factcp-r0.5-wh4-ind3s
2024-06-25 04:50:00,577 - Inch - INFO - dec-start-outch512-inch384-factcp-r0.75-wh4-ind3s
2024-06-25 05:34:10,859 - Inch - INFO - dec-end-outch512-inch384-factcp-r0.75-wh4-ind3s
2024-06-25 05:47:00,489 - Inch - INFO - dec-start-outch512-inch384-factcp-r0.9-wh4-ind3s
2024-06-25 06:39:43,893 - Inch - INFO - dec-end-outch512-inch384-factcp-r0.9-wh4-ind3s


Derde keer Tucker
2024-06-24 13:36:00,420 - Inch - INFO - dec-start-outch512-inch256-facttucker-r0.1-wh4-ind3s
2024-06-24 13:39:28,352 - Inch - INFO - dec-end-outch512-inch256-facttucker-r0.1-wh4-ind3s
2024-06-24 13:41:00,029 - Inch - INFO - dec-start-outch512-inch256-facttucker-r0.25-wh4-ind3s
2024-06-24 13:47:04,058 - Inch - INFO - dec-end-outch512-inch256-facttucker-r0.25-wh4-ind3s
2024-06-24 17:05:00,737 - Inch - INFO - dec-start-outch512-inch256-facttucker-r0.5-wh4-ind3s
2024-06-24 17:15:17,223 - Inch - INFO - dec-end-outch512-inch256-facttucker-r0.5-wh4-ind3s
2024-06-24 17:17:00,935 - Inch - INFO - dec-start-outch512-inch256-facttucker-r0.75-wh4-ind3s
2024-06-24 17:32:25,487 - Inch - INFO - dec-end-outch512-inch256-facttucker-r0.75-wh4-ind3s
2024-06-24 17:34:00,987 - Inch - INFO - dec-start-outch512-inch256-facttucker-r0.9-wh4-ind3s
2024-06-24 17:52:07,967 - Inch - INFO - dec-end-outch512-inch256-facttucker-r0.9-wh4-ind3s
2024-06-24 17:54:00,610 - Inch - INFO - dec-start-outch512-inch192-facttucker-r0.1-wh4-ind3s
2024-06-24 17:56:56,877 - Inch - INFO - dec-end-outch512-inch192-facttucker-r0.1-wh4-ind3s
2024-06-24 17:58:00,130 - Inch - INFO - dec-start-outch512-inch192-facttucker-r0.25-wh4-ind3s
2024-06-24 18:02:10,854 - Inch - INFO - dec-end-outch512-inch192-facttucker-r0.25-wh4-ind3s
2024-06-24 18:04:00,431 - Inch - INFO - dec-start-outch512-inch192-facttucker-r0.5-wh4-ind3s
2024-06-24 18:11:29,296 - Inch - INFO - dec-end-outch512-inch192-facttucker-r0.5-wh4-ind3s
2024-06-24 18:13:00,738 - Inch - INFO - dec-start-outch512-inch192-facttucker-r0.75-wh4-ind3s
2024-06-24 18:24:20,693 - Inch - INFO - dec-end-outch512-inch192-facttucker-r0.75-wh4-ind3s
2024-06-24 18:26:00,957 - Inch - INFO - dec-start-outch512-inch192-facttucker-r0.9-wh4-ind3s
2024-06-24 18:39:16,597 - Inch - INFO - dec-end-outch512-inch192-facttucker-r0.9-wh4-ind3s



2024-06-24 08:41:00,059 - Inch - INFO - dec-start-outch512-inch320-facttucker-r0.1-wh4-ind3s
2024-06-24 08:44:54,972 - Inch - INFO - dec-end-outch512-inch320-facttucker-r0.1-wh4-ind3s
2024-06-24 08:46:00,919 - Inch - INFO - dec-start-outch512-inch320-facttucker-r0.25-wh4-ind1s
2024-06-24 08:53:21,022 - Inch - INFO - dec-end-outch512-inch320-facttucker-r0.25-wh4-ind1s
2024-06-24 08:55:00,176 - Inch - INFO - dec-start-outch512-inch320-facttucker-r0.25-wh4-ind2s
2024-06-24 09:02:20,171 - Inch - INFO - dec-end-outch512-inch320-facttucker-r0.25-wh4-ind2s
2024-06-24 09:04:00,178 - Inch - INFO - dec-start-outch512-inch320-facttucker-r0.25-wh4-ind3s
2024-06-24 09:11:18,284 - Inch - INFO - dec-end-outch512-inch320-facttucker-r0.25-wh4-ind3s
2024-06-24 09:13:00,303 - Inch - INFO - dec-start-outch512-inch320-facttucker-r0.5-wh4-ind1s
2024-06-24 09:26:33,325 - Inch - INFO - dec-end-outch512-inch320-facttucker-r0.5-wh4-ind1s
2024-06-24 09:28:00,524 - Inch - INFO - dec-start-outch512-inch320-facttucker-r0.5-wh4-ind2s
2024-06-24 09:41:14,764 - Inch - INFO - dec-end-outch512-inch320-facttucker-r0.5-wh4-ind2s
2024-06-24 09:43:01,022 - Inch - INFO - dec-start-outch512-inch320-facttucker-r0.5-wh4-ind3s
2024-06-24 09:56:11,194 - Inch - INFO - dec-end-outch512-inch320-facttucker-r0.5-wh4-ind3s
2024-06-24 09:58:00,145 - Inch - INFO - dec-start-outch512-inch320-facttucker-r0.75-wh4-ind1s
2024-06-24 10:17:24,773 - Inch - INFO - dec-end-outch512-inch320-facttucker-r0.75-wh4-ind1s
2024-06-24 10:19:00,444 - Inch - INFO - dec-start-outch512-inch320-facttucker-r0.75-wh4-ind2s
2024-06-24 10:38:24,178 - Inch - INFO - dec-end-outch512-inch320-facttucker-r0.75-wh4-ind2s
2024-06-24 10:40:00,174 - Inch - INFO - dec-start-outch512-inch320-facttucker-r0.75-wh4-ind3s
2024-06-24 10:59:26,102 - Inch - INFO - dec-end-outch512-inch320-facttucker-r0.75-wh4-ind3s
2024-06-24 11:01:00,868 - Inch - INFO - dec-start-outch512-inch320-facttucker-r0.9-wh4-ind3s
2024-06-24 11:24:46,336 - Inch - INFO - dec-end-outch512-inch320-facttucker-r0.9-wh4-ind3s
2024-06-24 01:41:00,555 - Inch - INFO - dec-start-outch512-inch384-facttucker-r0.1-wh4-ind1s
2024-06-24 01:45:41,523 - Inch - INFO - dec-end-outch512-inch384-facttucker-r0.1-wh4-ind1s
2024-06-24 01:47:00,748 - Inch - INFO - dec-start-outch512-inch384-facttucker-r0.1-wh4-ind2s
2024-06-24 01:51:33,069 - Inch - INFO - dec-end-outch512-inch384-facttucker-r0.1-wh4-ind2s
2024-06-24 01:53:00,262 - Inch - INFO - dec-start-outch512-inch384-facttucker-r0.1-wh4-ind3s
2024-06-24 01:57:36,809 - Inch - INFO - dec-end-outch512-inch384-facttucker-r0.1-wh4-ind3s
2024-06-24 01:59:00,095 - Inch - INFO - dec-start-outch512-inch384-facttucker-r0.25-wh4-ind1s
2024-06-24 02:07:46,411 - Inch - INFO - dec-end-outch512-inch384-facttucker-r0.25-wh4-ind1s
2024-06-24 02:09:00,673 - Inch - INFO - dec-start-outch512-inch384-facttucker-r0.25-wh4-ind2s
2024-06-24 02:17:53,907 - Inch - INFO - dec-end-outch512-inch384-facttucker-r0.25-wh4-ind2s
2024-06-24 02:19:00,040 - Inch - INFO - dec-start-outch512-inch384-facttucker-r0.25-wh4-ind3s
2024-06-24 02:27:53,993 - Inch - INFO - dec-end-outch512-inch384-facttucker-r0.25-wh4-ind3s
2024-06-24 02:29:00,245 - Inch - INFO - dec-start-outch512-inch384-facttucker-r0.5-wh4-ind1s
2024-06-24 02:45:13,785 - Inch - INFO - dec-end-outch512-inch384-facttucker-r0.5-wh4-ind1s
2024-06-24 02:47:00,064 - Inch - INFO - dec-start-outch512-inch384-facttucker-r0.5-wh4-ind2s
2024-06-24 03:03:16,523 - Inch - INFO - dec-end-outch512-inch384-facttucker-r0.5-wh4-ind2s
2024-06-24 03:05:00,801 - Inch - INFO - dec-start-outch512-inch384-facttucker-r0.5-wh4-ind3s
2024-06-24 03:21:17,746 - Inch - INFO - dec-end-outch512-inch384-facttucker-r0.5-wh4-ind3s
2024-06-24 03:23:00,098 - Inch - INFO - dec-start-outch512-inch384-facttucker-r0.75-wh4-ind1s
2024-06-24 03:46:52,519 - Inch - INFO - dec-end-outch512-inch384-facttucker-r0.75-wh4-ind1s
2024-06-24 03:48:00,820 - Inch - INFO - dec-start-outch512-inch384-facttucker-r0.75-wh4-ind2s
2024-06-24 04:12:06,499 - Inch - INFO - dec-end-outch512-inch384-facttucker-r0.75-wh4-ind2s
2024-06-24 04:14:00,854 - Inch - INFO - dec-start-outch512-inch384-facttucker-r0.75-wh4-ind3s
2024-06-24 04:38:02,032 - Inch - INFO - dec-end-outch512-inch384-facttucker-r0.75-wh4-ind3s
2024-06-24 04:40:00,127 - Inch - INFO - dec-start-outch512-inch384-facttucker-r0.9-wh4-ind1s
2024-06-24 05:08:28,510 - Inch - INFO - dec-end-outch512-inch384-facttucker-r0.9-wh4-ind1s
2024-06-24 05:10:00,182 - Inch - INFO - dec-start-outch512-inch384-facttucker-r0.9-wh4-ind2s
2024-06-24 05:38:23,065 - Inch - INFO - dec-end-outch512-inch384-facttucker-r0.9-wh4-ind2s
2024-06-24 05:40:00,689 - Inch - INFO - dec-start-outch512-inch384-facttucker-r0.9-wh4-ind3s
2024-06-24 06:08:24,468 - Inch - INFO - dec-end-outch512-inch384-facttucker-r0.9-wh4-ind3s
Derde keer baseline

2024-06-25 06:41:00,998 - Inch - INFO - bas-start-outch512-inch192-wh4-ind3s
2024-06-25 06:49:43,361 - Inch - INFO - bas-end-outch512-inch192-wh4-ind3s
2024-06-25 06:51:00,444 - Inch - INFO - bas-start-outch512-inch192-wh4-ind3s
2024-06-25 06:59:44,262 - Inch - INFO - bas-end-outch512-inch192-wh4-ind3s
2024-06-25 07:01:00,344 - Inch - INFO - bas-start-outch512-inch192-wh4-ind3s
2024-06-25 07:09:50,049 - Inch - INFO - bas-end-outch512-inch192-wh4-ind3s
2024-06-25 07:11:00,125 - Inch - INFO - bas-start-outch512-inch192-wh4-ind3s
2024-06-25 07:19:47,334 - Inch - INFO - bas-end-outch512-inch192-wh4-ind3s
2024-06-25 07:21:00,413 - Inch - INFO - bas-start-outch512-inch192-wh4-ind3s
2024-06-25 07:29:47,286 - Inch - INFO - bas-end-outch512-inch192-wh4-ind3s
2024-06-25 07:31:00,365 - Inch - INFO - bas-start-outch512-inch256-wh4-ind3s
2024-06-25 07:43:06,401 - Inch - INFO - bas-end-outch512-inch256-wh4-ind3s
2024-06-25 07:45:00,522 - Inch - INFO - bas-start-outch512-inch256-wh4-ind3s
2024-06-25 07:57:08,931 - Inch - INFO - bas-end-outch512-inch256-wh4-ind3s
2024-06-25 07:59:01,051 - Inch - INFO - bas-start-outch512-inch256-wh4-ind3s
2024-06-25 08:11:08,900 - Inch - INFO - bas-end-outch512-inch256-wh4-ind3s
2024-06-25 08:13:01,020 - Inch - INFO - bas-start-outch512-inch256-wh4-ind3s
2024-06-25 08:25:08,501 - Inch - INFO - bas-end-outch512-inch256-wh4-ind3s
2024-06-25 08:27:00,616 - Inch - INFO - bas-start-outch512-inch256-wh4-ind3s
2024-06-25 08:39:07,874 - Inch - INFO - bas-end-outch512-inch256-wh4-ind3s
2024-06-25 08:41:01,018 - Inch - INFO - bas-start-outch512-inch320-wh4-ind3s
2024-06-25 08:55:44,423 - Inch - INFO - bas-end-outch512-inch320-wh4-ind3s
2024-06-25 08:57:00,509 - Inch - INFO - bas-start-outch512-inch320-wh4-ind3s
2024-06-25 09:11:37,552 - Inch - INFO - bas-end-outch512-inch320-wh4-ind3s
2024-06-25 09:13:00,644 - Inch - INFO - bas-start-outch512-inch320-wh4-ind3s
2024-06-25 09:27:37,835 - Inch - INFO - bas-end-outch512-inch320-wh4-ind3s
2024-06-25 09:29:00,927 - Inch - INFO - bas-start-outch512-inch320-wh4-ind3s
2024-06-25 09:43:38,733 - Inch - INFO - bas-end-outch512-inch320-wh4-ind3s
2024-06-25 09:45:00,824 - Inch - INFO - bas-start-outch512-inch320-wh4-ind3s
2024-06-25 09:59:38,509 - Inch - INFO - bas-end-outch512-inch320-wh4-ind3s
2024-06-25 10:01:00,607 - Inch - INFO - bas-start-outch512-inch384-wh4-ind3s
2024-06-25 10:19:09,802 - Inch - INFO - bas-end-outch512-inch384-wh4-ind3s
2024-06-25 10:21:00,924 - Inch - INFO - bas-start-outch512-inch384-wh4-ind3s
2024-06-25 10:39:09,614 - Inch - INFO - bas-end-outch512-inch384-wh4-ind3s
2024-06-25 10:41:00,736 - Inch - INFO - bas-start-outch512-inch384-wh4-ind3s
2024-06-25 10:59:08,459 - Inch - INFO - bas-end-outch512-inch384-wh4-ind3s
2024-06-25 11:01:00,568 - Inch - INFO - bas-start-outch512-inch384-wh4-ind3s
2024-06-25 11:19:09,406 - Inch - INFO - bas-end-outch512-inch384-wh4-ind3s
2024-06-25 11:21:00,528 - Inch - INFO - bas-start-outch512-inch384-wh4-ind3s
2024-06-25 11:39:08,459 - Inch - INFO - bas-end-outch512-inch384-wh4-ind3s
