2024-06-01 16:05:00,373 - Feat - INFO - bas-start-outch512-inch448-wh2-ind1s
2024-06-01 16:19:17,079 - Feat - INFO - bas-end-outch512-inch448-wh2-ind1s
2024-06-01 16:21:00,196 - Feat - INFO - bas-start-outch512-inch448-wh2-ind2s
2024-06-01 16:35:19,247 - Feat - INFO - bas-end-outch512-inch448-wh2-ind2s
2024-06-01 16:37:00,394 - Feat - INFO - bas-start-outch512-inch448-wh4-ind1s
2024-06-01 17:05:10,988 - Feat - INFO - bas-end-outch512-inch448-wh4-ind1s
2024-06-01 17:07:00,110 - Feat - INFO - bas-start-outch512-inch448-wh4-ind2s
2024-06-01 17:35:09,501 - Feat - INFO - bas-end-outch512-inch448-wh4-ind2s
2024-06-01 18:51:00,610 - Feat - INFO - bas-start-outch512-inch448-wh6-ind1s
2024-06-01 19:35:41,440 - Feat - INFO - bas-end-outch512-inch448-wh6-ind1s
2024-06-01 19:37:00,532 - Feat - INFO - bas-start-outch512-inch448-wh6-ind2s
2024-06-01 20:21:38,536 - Feat - INFO - bas-end-outch512-inch448-wh6-ind2s
2024-06-01 20:23:00,761 - Feat - INFO - bas-start-outch512-inch448-wh8-ind1s
2024-06-01 21:42:30,315 - Feat - INFO - bas-end-outch512-inch448-wh8-ind1s
2024-06-01 21:44:00,418 - Feat - INFO - bas-start-outch512-inch448-wh8-ind2s
2024-06-01 23:03:08,217 - Feat - INFO - bas-end-outch512-inch448-wh8-ind2s
2024-06-01 23:05:00,579 - Feat - INFO - dec-start-outch512-inch448-facttt-r0.1-wh2-ind1s
2024-06-01 23:07:51,406 - Feat - INFO - dec-end-outch512-inch448-facttt-r0.1-wh2-ind1s
2024-06-01 23:09:00,638 - Feat - INFO - dec-start-outch512-inch448-facttt-r0.1-wh2-ind2s
2024-06-01 23:11:51,434 - Feat - INFO - dec-end-outch512-inch448-facttt-r0.1-wh2-ind2s
2024-06-01 23:13:00,825 - Feat - INFO - dec-start-outch512-inch448-facttt-r0.25-wh2-ind1s
2024-06-01 23:17:39,547 - Feat - INFO - dec-end-outch512-inch448-facttt-r0.25-wh2-ind1s
2024-06-01 23:19:00,936 - Feat - INFO - dec-start-outch512-inch448-facttt-r0.25-wh2-ind2s
2024-06-01 23:23:39,332 - Feat - INFO - dec-end-outch512-inch448-facttt-r0.25-wh2-ind2s
2024-06-01 23:25:00,742 - Feat - INFO - dec-start-outch512-inch448-facttt-r0.5-wh2-ind1s
2024-06-01 23:29:50,718 - Feat - INFO - dec-end-outch512-inch448-facttt-r0.5-wh2-ind1s
2024-06-01 23:31:00,100 - Feat - INFO - dec-start-outch512-inch448-facttt-r0.5-wh2-ind2s
2024-06-01 23:35:49,246 - Feat - INFO - dec-end-outch512-inch448-facttt-r0.5-wh2-ind2s
2024-06-01 23:37:00,633 - Feat - INFO - dec-start-outch512-inch448-facttt-r0.75-wh2-ind1s
2024-06-01 23:42:02,432 - Feat - INFO - dec-end-outch512-inch448-facttt-r0.75-wh2-ind1s
2024-06-01 23:44:00,841 - Feat - INFO - dec-start-outch512-inch448-facttt-r0.75-wh2-ind2s
2024-06-01 23:49:04,330 - Feat - INFO - dec-end-outch512-inch448-facttt-r0.75-wh2-ind2s
2024-06-01 23:51:00,738 - Feat - INFO - dec-start-outch512-inch448-facttt-r0.9-wh2-ind1s
2024-06-01 23:56:06,755 - Feat - INFO - dec-end-outch512-inch448-facttt-r0.9-wh2-ind1s
2024-06-01 23:58:00,208 - Feat - INFO - dec-start-outch512-inch448-facttt-r0.9-wh2-ind2s
2024-06-02 00:03:08,432 - Feat - INFO - dec-end-outch512-inch448-facttt-r0.9-wh2-ind2s
2024-06-02 00:05:00,710 - Feat - INFO - dec-start-outch512-inch448-facttt-r0.1-wh4-ind1s
2024-06-02 00:12:31,225 - Feat - INFO - dec-end-outch512-inch448-facttt-r0.1-wh4-ind1s
2024-06-02 00:14:00,475 - Feat - INFO - dec-start-outch512-inch448-facttt-r0.1-wh4-ind2s
2024-06-02 00:21:26,787 - Feat - INFO - dec-end-outch512-inch448-facttt-r0.1-wh4-ind2s
2024-06-02 00:23:00,185 - Feat - INFO - dec-start-outch512-inch448-facttt-r0.25-wh4-ind1s
2024-06-02 00:36:32,475 - Feat - INFO - dec-end-outch512-inch448-facttt-r0.25-wh4-ind1s
2024-06-02 00:38:00,881 - Feat - INFO - dec-start-outch512-inch448-facttt-r0.25-wh4-ind2s
2024-06-02 00:51:33,887 - Feat - INFO - dec-end-outch512-inch448-facttt-r0.25-wh4-ind2s
2024-06-02 00:53:00,303 - Feat - INFO - dec-start-outch512-inch448-facttt-r0.5-wh4-ind1s
2024-06-02 01:07:04,398 - Feat - INFO - dec-end-outch512-inch448-facttt-r0.5-wh4-ind1s
2024-06-02 01:09:00,834 - Feat - INFO - dec-start-outch512-inch448-facttt-r0.5-wh4-ind2s
2024-06-02 01:23:06,831 - Feat - INFO - dec-end-outch512-inch448-facttt-r0.5-wh4-ind2s
2024-06-02 01:25:00,286 - Feat - INFO - dec-start-outch512-inch448-facttt-r0.75-wh4-ind1s
2024-06-02 01:39:45,290 - Feat - INFO - dec-end-outch512-inch448-facttt-r0.75-wh4-ind1s
2024-06-02 01:41:00,712 - Feat - INFO - dec-start-outch512-inch448-facttt-r0.75-wh4-ind2s
2024-06-02 01:55:45,566 - Feat - INFO - dec-end-outch512-inch448-facttt-r0.75-wh4-ind2s
2024-06-02 01:57:01,001 - Feat - INFO - dec-start-outch512-inch448-facttt-r0.9-wh4-ind1s
2024-06-02 02:11:56,011 - Feat - INFO - dec-end-outch512-inch448-facttt-r0.9-wh4-ind1s
2024-06-02 02:13:00,420 - Feat - INFO - dec-start-outch512-inch448-facttt-r0.9-wh4-ind2s
2024-06-02 02:27:55,984 - Feat - INFO - dec-end-outch512-inch448-facttt-r0.9-wh4-ind2s
2024-06-02 02:29:00,221 - Feat - INFO - dec-start-outch512-inch448-facttt-r0.1-wh6-ind1s
2024-06-02 02:44:32,866 - Feat - INFO - dec-end-outch512-inch448-facttt-r0.1-wh6-ind1s
2024-06-02 02:46:00,112 - Feat - INFO - dec-start-outch512-inch448-facttt-r0.1-wh6-ind2s
2024-06-02 03:01:31,276 - Feat - INFO - dec-end-outch512-inch448-facttt-r0.1-wh6-ind2s
2024-06-02 03:03:00,680 - Feat - INFO - dec-start-outch512-inch448-facttt-r0.25-wh6-ind1s
2024-06-02 03:30:45,569 - Feat - INFO - dec-end-outch512-inch448-facttt-r0.25-wh6-ind1s
2024-06-02 03:32:00,956 - Feat - INFO - dec-start-outch512-inch448-facttt-r0.25-wh6-ind2s
2024-06-02 03:59:44,006 - Feat - INFO - dec-end-outch512-inch448-facttt-r0.25-wh6-ind2s
2024-06-02 04:01:00,405 - Feat - INFO - dec-start-outch512-inch448-facttt-r0.5-wh6-ind1s
2024-06-02 04:29:07,354 - Feat - INFO - dec-end-outch512-inch448-facttt-r0.5-wh6-ind1s
2024-06-02 04:31:00,789 - Feat - INFO - dec-start-outch512-inch448-facttt-r0.5-wh6-ind2s
2024-06-02 04:59:05,539 - Feat - INFO - dec-end-outch512-inch448-facttt-r0.5-wh6-ind2s
2024-06-02 05:01:01,002 - Feat - INFO - dec-start-outch512-inch448-facttt-r0.75-wh6-ind1s
2024-06-02 05:29:33,760 - Feat - INFO - dec-end-outch512-inch448-facttt-r0.75-wh6-ind1s
2024-06-02 05:31:00,191 - Feat - INFO - dec-start-outch512-inch448-facttt-r0.75-wh6-ind2s
2024-06-02 05:59:30,046 - Feat - INFO - dec-end-outch512-inch448-facttt-r0.75-wh6-ind2s
2024-06-02 06:01:00,487 - Feat - INFO - dec-start-outch512-inch448-facttt-r0.9-wh6-ind1s
2024-06-02 06:29:31,734 - Feat - INFO - dec-end-outch512-inch448-facttt-r0.9-wh6-ind1s
2024-06-02 06:31:00,170 - Feat - INFO - dec-start-outch512-inch448-facttt-r0.9-wh6-ind2s
2024-06-02 06:59:34,882 - Feat - INFO - dec-end-outch512-inch448-facttt-r0.9-wh6-ind2s
2024-06-02 07:01:00,161 - Feat - INFO - dec-start-outch512-inch448-facttt-r0.1-wh8-ind1s
2024-06-02 07:28:51,753 - Feat - INFO - dec-end-outch512-inch448-facttt-r0.1-wh8-ind1s
2024-06-02 07:30:00,984 - Feat - INFO - dec-start-outch512-inch448-facttt-r0.1-wh8-ind2s
2024-06-02 07:57:53,238 - Feat - INFO - dec-end-outch512-inch448-facttt-r0.1-wh8-ind2s
2024-06-02 07:59:00,620 - Feat - INFO - dec-start-outch512-inch448-facttt-r0.25-wh8-ind1s
2024-06-02 08:50:10,585 - Feat - INFO - dec-end-outch512-inch448-facttt-r0.25-wh8-ind1s
2024-06-02 08:52:01,001 - Feat - INFO - dec-start-outch512-inch448-facttt-r0.25-wh8-ind2s
2024-06-02 09:43:17,448 - Feat - INFO - dec-end-outch512-inch448-facttt-r0.25-wh8-ind2s
2024-06-02 09:45:00,875 - Feat - INFO - dec-start-outch512-inch448-facttt-r0.5-wh8-ind1s
2024-06-02 10:37:00,264 - Feat - INFO - dec-end-outch512-inch448-facttt-r0.5-wh8-ind1s
2024-06-02 10:39:00,682 - Feat - INFO - dec-start-outch512-inch448-facttt-r0.5-wh8-ind2s
2024-06-02 11:31:04,033 - Feat - INFO - dec-end-outch512-inch448-facttt-r0.5-wh8-ind2s
2024-06-02 11:33:00,493 - Feat - INFO - dec-start-outch512-inch448-facttt-r0.75-wh8-ind1s
2024-06-02 12:26:02,450 - Feat - INFO - dec-end-outch512-inch448-facttt-r0.75-wh8-ind1s
2024-06-02 12:28:00,907 - Feat - INFO - dec-start-outch512-inch448-facttt-r0.75-wh8-ind2s
2024-06-02 13:20:49,984 - Feat - INFO - dec-end-outch512-inch448-facttt-r0.75-wh8-ind2s
2024-06-02 13:22:00,403 - Feat - INFO - dec-start-outch512-inch448-facttt-r0.9-wh8-ind1s
2024-06-02 14:15:12,666 - Feat - INFO - dec-end-outch512-inch448-facttt-r0.9-wh8-ind1s
2024-06-02 14:17:00,114 - Feat - INFO - dec-start-outch512-inch448-facttt-r0.9-wh8-ind2s
2024-06-02 15:10:08,279 - Feat - INFO - dec-end-outch512-inch448-facttt-r0.9-wh8-ind2s
2024-06-06 21:19:00,784 - Feat - INFO - dec-start-outch512-inch448-facttucker-r0.1-wh2-ind1s
2024-06-06 21:22:44,578 - Feat - INFO - dec-end-outch512-inch448-facttucker-r0.1-wh2-ind1s
2024-06-06 21:24:00,984 - Feat - INFO - dec-start-outch512-inch448-facttucker-r0.1-wh2-ind2s
2024-06-06 21:27:45,611 - Feat - INFO - dec-end-outch512-inch448-facttucker-r0.1-wh2-ind2s
2024-06-06 21:29:00,986 - Feat - INFO - dec-start-outch512-inch448-facttucker-r0.25-wh2-ind1s
2024-06-06 21:37:22,303 - Feat - INFO - dec-end-outch512-inch448-facttucker-r0.25-wh2-ind1s
2024-06-06 21:39:00,789 - Feat - INFO - dec-start-outch512-inch448-facttucker-r0.25-wh2-ind2s
2024-06-06 21:47:27,387 - Feat - INFO - dec-end-outch512-inch448-facttucker-r0.25-wh2-ind2s
2024-06-06 21:49:00,948 - Feat - INFO - dec-start-outch512-inch448-facttucker-r0.5-wh2-ind1s
2024-06-06 22:04:51,528 - Feat - INFO - dec-end-outch512-inch448-facttucker-r0.5-wh2-ind1s
2024-06-06 22:06:00,051 - Feat - INFO - dec-start-outch512-inch448-facttucker-r0.5-wh2-ind2s
2024-06-06 22:21:48,124 - Feat - INFO - dec-end-outch512-inch448-facttucker-r0.5-wh2-ind2s
2024-06-06 22:23:00,774 - Feat - INFO - dec-start-outch512-inch448-facttucker-r0.75-wh2-ind1s
2024-06-06 22:48:13,694 - Feat - INFO - dec-end-outch512-inch448-facttucker-r0.75-wh2-ind1s
2024-06-06 22:50:00,958 - Feat - INFO - dec-start-outch512-inch448-facttucker-r0.75-wh2-ind2s
2024-06-06 23:15:31,819 - Feat - INFO - dec-end-outch512-inch448-facttucker-r0.75-wh2-ind2s
2024-06-06 23:17:00,201 - Feat - INFO - dec-start-outch512-inch448-facttucker-r0.9-wh2-ind1s
2024-06-06 23:46:50,493 - Feat - INFO - dec-end-outch512-inch448-facttucker-r0.9-wh2-ind1s
2024-06-06 23:48:00,856 - Feat - INFO - dec-start-outch512-inch448-facttucker-r0.9-wh2-ind2s
2024-06-07 00:17:44,663 - Feat - INFO - dec-end-outch512-inch448-facttucker-r0.9-wh2-ind2s
2024-06-07 00:19:00,924 - Feat - INFO - dec-start-outch512-inch448-facttucker-r0.1-wh4-ind1s
2024-06-07 00:26:26,501 - Feat - INFO - dec-end-outch512-inch448-facttucker-r0.1-wh4-ind1s
2024-06-07 00:28:00,792 - Feat - INFO - dec-start-outch512-inch448-facttucker-r0.1-wh4-ind2s
2024-06-07 00:35:25,138 - Feat - INFO - dec-end-outch512-inch448-facttucker-r0.1-wh4-ind2s
2024-06-07 00:37:00,604 - Feat - INFO - dec-start-outch512-inch448-facttucker-r0.25-wh4-ind1s
2024-06-07 00:51:31,069 - Feat - INFO - dec-end-outch512-inch448-facttucker-r0.25-wh4-ind1s
2024-06-07 00:53:00,586 - Feat - INFO - dec-start-outch512-inch448-facttucker-r0.25-wh4-ind2s
2024-06-07 01:07:28,994 - Feat - INFO - dec-end-outch512-inch448-facttucker-r0.25-wh4-ind2s
2024-06-07 01:09:00,559 - Feat - INFO - dec-start-outch512-inch448-facttucker-r0.5-wh4-ind1s
2024-06-07 01:34:33,042 - Feat - INFO - dec-end-outch512-inch448-facttucker-r0.5-wh4-ind1s
2024-06-07 01:36:00,583 - Feat - INFO - dec-start-outch512-inch448-facttucker-r0.5-wh4-ind2s
2024-06-07 02:01:28,878 - Feat - INFO - dec-end-outch512-inch448-facttucker-r0.5-wh4-ind2s
2024-06-07 02:03:00,535 - Feat - INFO - dec-start-outch512-inch448-facttucker-r0.75-wh4-ind1s
2024-06-07 02:41:02,727 - Feat - INFO - dec-end-outch512-inch448-facttucker-r0.75-wh4-ind1s
2024-06-07 02:43:00,968 - Feat - INFO - dec-start-outch512-inch448-facttucker-r0.75-wh4-ind2s
2024-06-07 03:20:48,904 - Feat - INFO - dec-end-outch512-inch448-facttucker-r0.75-wh4-ind2s
2024-06-07 03:22:00,279 - Feat - INFO - dec-start-outch512-inch448-facttucker-r0.9-wh4-ind1s
2024-06-07 04:08:09,666 - Feat - INFO - dec-end-outch512-inch448-facttucker-r0.9-wh4-ind1s
2024-06-07 04:10:00,643 - Feat - INFO - dec-start-outch512-inch448-facttucker-r0.9-wh4-ind2s
2024-06-07 04:56:27,660 - Feat - INFO - dec-end-outch512-inch448-facttucker-r0.9-wh4-ind2s
2024-06-07 04:58:00,996 - Feat - INFO - dec-start-outch512-inch448-facttucker-r0.1-wh6-ind1s
2024-06-07 05:11:27,715 - Feat - INFO - dec-end-outch512-inch448-facttucker-r0.1-wh6-ind1s
2024-06-07 05:13:00,132 - Feat - INFO - dec-start-outch512-inch448-facttucker-r0.1-wh6-ind2s
2024-06-07 05:26:10,567 - Feat - INFO - dec-end-outch512-inch448-facttucker-r0.1-wh6-ind2s
2024-06-07 05:28:00,917 - Feat - INFO - dec-start-outch512-inch448-facttucker-r0.25-wh6-ind1s
2024-06-07 05:51:38,474 - Feat - INFO - dec-end-outch512-inch448-facttucker-r0.25-wh6-ind1s
2024-06-07 05:53:00,923 - Feat - INFO - dec-start-outch512-inch448-facttucker-r0.25-wh6-ind2s
2024-06-07 06:16:39,247 - Feat - INFO - dec-end-outch512-inch448-facttucker-r0.25-wh6-ind2s
2024-06-07 06:18:00,744 - Feat - INFO - dec-start-outch512-inch448-facttucker-r0.5-wh6-ind1s
2024-06-07 06:58:15,942 - Feat - INFO - dec-end-outch512-inch448-facttucker-r0.5-wh6-ind1s
2024-06-07 07:00:00,519 - Feat - INFO - dec-start-outch512-inch448-facttucker-r0.5-wh6-ind2s
2024-06-07 07:40:12,494 - Feat - INFO - dec-end-outch512-inch448-facttucker-r0.5-wh6-ind2s
2024-06-07 07:42:00,173 - Feat - INFO - dec-start-outch512-inch448-facttucker-r0.75-wh6-ind1s
2024-06-07 08:41:14,531 - Feat - INFO - dec-end-outch512-inch448-facttucker-r0.75-wh6-ind1s
2024-06-07 08:43:00,248 - Feat - INFO - dec-start-outch512-inch448-facttucker-r0.75-wh6-ind2s
2024-06-07 09:42:09,613 - Feat - INFO - dec-end-outch512-inch448-facttucker-r0.75-wh6-ind2s
2024-06-07 09:44:00,981 - Feat - INFO - dec-start-outch512-inch448-facttucker-r0.9-wh6-ind1s
2024-06-07 10:56:01,632 - Feat - INFO - dec-end-outch512-inch448-facttucker-r0.9-wh6-ind1s
2024-06-07 10:58:01,039 - Feat - INFO - dec-start-outch512-inch448-facttucker-r0.9-wh6-ind2s
2024-06-07 12:12:12,254 - Feat - INFO - dec-end-outch512-inch448-facttucker-r0.9-wh6-ind2s
2024-06-07 12:14:00,673 - Feat - INFO - dec-start-outch512-inch448-facttucker-r0.1-wh8-ind1s
2024-06-07 12:37:05,696 - Feat - INFO - dec-end-outch512-inch448-facttucker-r0.1-wh8-ind1s
2024-06-07 12:39:01,008 - Feat - INFO - dec-start-outch512-inch448-facttucker-r0.1-wh8-ind2s
2024-06-07 13:02:07,886 - Feat - INFO - dec-end-outch512-inch448-facttucker-r0.1-wh8-ind2s
2024-06-07 13:04:00,344 - Feat - INFO - dec-start-outch512-inch448-facttucker-r0.25-wh8-ind1s
2024-06-07 13:42:28,667 - Feat - INFO - dec-end-outch512-inch448-facttucker-r0.25-wh8-ind1s
2024-06-07 13:44:00,116 - Feat - INFO - dec-start-outch512-inch448-facttucker-r0.25-wh8-ind2s
2024-06-07 14:22:26,214 - Feat - INFO - dec-end-outch512-inch448-facttucker-r0.25-wh8-ind2s
2024-06-07 14:24:00,809 - Feat - INFO - dec-start-outch512-inch448-facttucker-r0.5-wh8-ind1s
2024-06-07 15:28:12,464 - Feat - INFO - dec-end-outch512-inch448-facttucker-r0.5-wh8-ind1s
2024-06-07 15:30:00,995 - Feat - INFO - dec-start-outch512-inch448-facttucker-r0.5-wh8-ind2s
2024-06-07 16:34:21,814 - Feat - INFO - dec-end-outch512-inch448-facttucker-r0.5-wh8-ind2s
2024-06-07 16:36:00,486 - Feat - INFO - dec-start-outch512-inch448-facttucker-r0.75-wh8-ind1s
2024-06-07 18:08:22,510 - Feat - INFO - dec-end-outch512-inch448-facttucker-r0.75-wh8-ind1s
2024-06-07 18:10:00,193 - Feat - INFO - dec-start-outch512-inch448-facttucker-r0.75-wh8-ind2s
2024-06-07 19:42:20,111 - Feat - INFO - dec-end-outch512-inch448-facttucker-r0.75-wh8-ind2s
2024-06-07 19:44:00,496 - Feat - INFO - dec-start-outch512-inch448-facttucker-r0.9-wh8-ind1s
2024-06-07 21:32:32,806 - Feat - INFO - dec-end-outch512-inch448-facttucker-r0.9-wh8-ind1s
2024-06-07 21:34:00,186 - Feat - INFO - dec-start-outch512-inch448-facttucker-r0.9-wh8-ind2s
2024-06-07 23:22:33,898 - Feat - INFO - dec-end-outch512-inch448-facttucker-r0.9-wh8-ind2s


CPP::


2024-06-11 17:47:00,085 - Feat - INFO - dec-start-outch512-inch448-factcp-r0.1-wh2-ind1s
2024-06-11 17:51:02,640 - Feat - INFO - dec-end-outch512-inch448-factcp-r0.1-wh2-ind1s
2024-06-11 17:54:00,802 - Feat - INFO - dec-start-outch512-inch448-factcp-r0.1-wh2-ind2s
2024-06-11 17:58:04,094 - Feat - INFO - dec-end-outch512-inch448-factcp-r0.1-wh2-ind2s
2024-06-11 18:03:00,039 - Feat - INFO - dec-start-outch512-inch448-factcp-r0.25-wh2-ind1s
2024-06-11 18:10:34,772 - Feat - INFO - dec-end-outch512-inch448-factcp-r0.25-wh2-ind1s
2024-06-11 18:16:01,025 - Feat - INFO - dec-start-outch512-inch448-factcp-r0.25-wh2-ind2s
2024-06-11 18:23:33,550 - Feat - INFO - dec-end-outch512-inch448-factcp-r0.25-wh2-ind2s
2024-06-11 18:32:00,009 - Feat - INFO - dec-start-outch512-inch448-factcp-r0.5-wh2-ind1s
2024-06-11 18:46:41,768 - Feat - INFO - dec-end-outch512-inch448-factcp-r0.5-wh2-ind1s
2024-06-11 18:55:00,083 - Feat - INFO - dec-start-outch512-inch448-factcp-r0.5-wh2-ind2s
2024-06-11 19:09:37,978 - Feat - INFO - dec-end-outch512-inch448-factcp-r0.5-wh2-ind2s
2024-06-11 19:23:00,244 - Feat - INFO - dec-start-outch512-inch448-factcp-r0.75-wh2-ind1s
2024-06-11 19:44:51,346 - Feat - INFO - dec-end-outch512-inch448-factcp-r0.75-wh2-ind1s
2024-06-11 19:57:00,990 - Feat - INFO - dec-start-outch512-inch448-factcp-r0.75-wh2-ind2s
2024-06-11 20:18:37,588 - Feat - INFO - dec-end-outch512-inch448-factcp-r0.75-wh2-ind2s
2024-06-11 20:33:00,471 - Feat - INFO - dec-start-outch512-inch448-factcp-r0.9-wh2-ind1s
2024-06-11 20:59:01,679 - Feat - INFO - dec-end-outch512-inch448-factcp-r0.9-wh2-ind1s
2024-06-11 21:13:00,129 - Feat - INFO - dec-start-outch512-inch448-factcp-r0.9-wh2-ind2s
2024-06-11 21:38:59,767 - Feat - INFO - dec-end-outch512-inch448-factcp-r0.9-wh2-ind2s
2024-06-11 21:42:00,428 - Feat - INFO - dec-start-outch512-inch448-factcp-r0.1-wh4-ind1s
2024-06-11 21:52:30,355 - Feat - INFO - dec-end-outch512-inch448-factcp-r0.1-wh4-ind1s
2024-06-11 21:55:00,203 - Feat - INFO - dec-start-outch512-inch448-factcp-r0.1-wh4-ind2s
2024-06-11 22:05:24,422 - Feat - INFO - dec-end-outch512-inch448-factcp-r0.1-wh4-ind2s
2024-06-11 22:10:00,140 - Feat - INFO - dec-start-outch512-inch448-factcp-r0.25-wh4-ind1s
2024-06-11 22:33:27,223 - Feat - INFO - dec-end-outch512-inch448-factcp-r0.25-wh4-ind1s
2024-06-11 22:38:00,589 - Feat - INFO - dec-start-outch512-inch448-factcp-r0.25-wh4-ind2s
2024-06-11 23:01:29,351 - Feat - INFO - dec-end-outch512-inch448-factcp-r0.25-wh4-ind2s
2024-06-11 23:10:00,765 - Feat - INFO - dec-start-outch512-inch448-factcp-r0.5-wh4-ind1s
2024-06-11 23:55:36,590 - Feat - INFO - dec-end-outch512-inch448-factcp-r0.5-wh4-ind1s
2024-06-12 00:04:00,860 - Feat - INFO - dec-start-outch512-inch448-factcp-r0.5-wh4-ind2s
2024-06-12 00:49:38,348 - Feat - INFO - dec-end-outch512-inch448-factcp-r0.5-wh4-ind2s
2024-06-12 01:02:00,103 - Feat - INFO - dec-start-outch512-inch448-factcp-r0.75-wh4-ind1s
2024-06-12 02:10:59,793 - Feat - INFO - dec-end-outch512-inch448-factcp-r0.75-wh4-ind1s
2024-06-12 02:23:00,628 - Feat - INFO - dec-start-outch512-inch448-factcp-r0.75-wh4-ind2s
2024-06-12 03:32:11,040 - Feat - INFO - dec-end-outch512-inch448-factcp-r0.75-wh4-ind2s
2024-06-12 03:47:00,114 - Feat - INFO - dec-start-outch512-inch448-factcp-r0.9-wh4-ind1s
2024-06-12 05:10:56,152 - Feat - INFO - dec-end-outch512-inch448-factcp-r0.9-wh4-ind1s
2024-06-12 05:25:00,059 - Feat - INFO - dec-start-outch512-inch448-factcp-r0.9-wh4-ind2s
2024-06-12 06:48:39,922 - Feat - INFO - dec-end-outch512-inch448-factcp-r0.9-wh4-ind2s
2024-06-12 06:52:00,589 - Feat - INFO - dec-start-outch512-inch448-factcp-r0.1-wh6-ind1s
2024-06-12 07:13:37,190 - Feat - INFO - dec-end-outch512-inch448-factcp-r0.1-wh6-ind1s
2024-06-12 07:17:00,471 - Feat - INFO - dec-start-outch512-inch448-factcp-r0.1-wh6-ind2s
2024-06-12 07:38:38,889 - Feat - INFO - dec-end-outch512-inch448-factcp-r0.1-wh6-ind2s
2024-06-12 07:44:00,115 - Feat - INFO - dec-start-outch512-inch448-factcp-r0.25-wh6-ind1s
2024-06-12 08:32:28,380 - Feat - INFO - dec-end-outch512-inch448-factcp-r0.25-wh6-ind1s
2024-06-12 08:38:00,818 - Feat - INFO - dec-start-outch512-inch448-factcp-r0.25-wh6-ind2s
2024-06-12 09:26:29,151 - Feat - INFO - dec-end-outch512-inch448-factcp-r0.25-wh6-ind2s
2024-06-12 09:35:00,314 - Feat - INFO - dec-start-outch512-inch448-factcp-r0.5-wh6-ind1s
2024-06-12 11:09:45,863 - Feat - INFO - dec-end-outch512-inch448-factcp-r0.5-wh6-ind1s
2024-06-12 11:18:00,263 - Feat - INFO - dec-start-outch512-inch448-factcp-r0.5-wh6-ind2s
2024-06-12 12:52:48,617 - Feat - INFO - dec-end-outch512-inch448-factcp-r0.5-wh6-ind2s
2024-06-12 13:06:00,492 - Feat - INFO - dec-start-outch512-inch448-factcp-r0.75-wh6-ind1s
2024-06-12 15:31:12,996 - Feat - INFO - dec-end-outch512-inch448-factcp-r0.75-wh6-ind1s
2024-06-12 15:44:00,915 - Feat - INFO - dec-start-outch512-inch448-factcp-r0.75-wh6-ind2s
2024-06-12 18:14:19,050 - Feat - INFO - dec-end-outch512-inch448-factcp-r0.75-wh6-ind2s
2024-06-12 18:29:00,690 - Feat - INFO - dec-start-outch512-inch448-factcp-r0.9-wh6-ind1s
2024-06-12 21:29:32,940 - Feat - INFO - dec-end-outch512-inch448-factcp-r0.9-wh6-ind1s
2024-06-12 21:45:00,663 - Feat - INFO - dec-start-outch512-inch448-factcp-r0.9-wh6-ind2s
2024-06-13 00:43:27,130 - Feat - INFO - dec-end-outch512-inch448-factcp-r0.9-wh6-ind2s
2024-06-13 00:46:00,979 - Feat - INFO - dec-start-outch512-inch448-factcp-r0.1-wh8-ind1s
2024-06-13 01:24:29,691 - Feat - INFO - dec-end-outch512-inch448-factcp-r0.1-wh8-ind1s
2024-06-13 01:27:00,744 - Feat - INFO - dec-start-outch512-inch448-factcp-r0.1-wh8-ind2s
2024-06-13 02:05:36,839 - Feat - INFO - dec-end-outch512-inch448-factcp-r0.1-wh8-ind2s
2024-06-13 02:11:00,597 - Feat - INFO - dec-start-outch512-inch448-factcp-r0.25-wh8-ind1s
2024-06-13 03:36:50,241 - Feat - INFO - dec-end-outch512-inch448-factcp-r0.25-wh8-ind1s
2024-06-13 03:42:00,145 - Feat - INFO - dec-start-outch512-inch448-factcp-r0.25-wh8-ind2s
2024-06-13 05:07:48,229 - Feat - INFO - dec-end-outch512-inch448-factcp-r0.25-wh8-ind2s
2024-06-13 05:16:00,848 - Feat - INFO - dec-start-outch512-inch448-factcp-r0.5-wh8-ind1s
2024-06-13 08:06:46,170 - Feat - INFO - dec-end-outch512-inch448-factcp-r0.5-wh8-ind1s
2024-06-13 08:15:00,578 - Feat - INFO - dec-start-outch512-inch448-factcp-r0.5-wh8-ind2s
2024-06-13 11:05:57,888 - Feat - INFO - dec-end-outch512-inch448-factcp-r0.5-wh8-ind2s
2024-06-13 11:18:00,086 - Feat - INFO - dec-start-outch512-inch448-factcp-r0.75-wh8-ind1s
2024-06-13 15:27:19,583 - Feat - INFO - dec-end-outch512-inch448-factcp-r0.75-wh8-ind1s
2024-06-13 15:39:00,330 - Feat - INFO - dec-start-outch512-inch448-factcp-r0.75-wh8-ind2s
2024-06-13 19:49:11,232 - Feat - INFO - dec-end-outch512-inch448-factcp-r0.75-wh8-ind2s
2024-06-13 20:04:00,733 - Feat - INFO - dec-start-outch512-inch448-factcp-r0.9-wh8-ind1s
2024-06-14 01:04:49,508 - Feat - INFO - dec-end-outch512-inch448-factcp-r0.9-wh8-ind1s
2024-06-14 01:19:00,756 - Feat - INFO - dec-start-outch512-inch448-factcp-r0.9-wh8-ind2s
2024-06-14 06:21:17,288 - Feat - INFO - dec-end-outch512-inch448-factcp-r0.9-wh8-ind2s
2024-06-18 15:20:18,991 - Feat - INFO - dec-start-outch512-inch448-facttucker-r0.1-wh2-ind3s
2024-06-18 15:20:28,312 - Feat - INFO - dec-start-outch512-inch448-facttucker-r0.1-wh2-ind3s
2024-06-18 15:25:15,314 - Feat - INFO - dec-end-outch512-inch448-facttucker-r0.1-wh2-ind3s
2024-06-18 16:07:52,097 - Feat - INFO - dec-start-outch512-inch448-facttucker-r0.1-wh2-ind3s
2024-06-18 16:09:04,656 - Feat - INFO - dec-start-outch512-inch448-facttucker-r0.1-wh2-ind3s
2024-06-18 16:11:43,589 - Feat - INFO - dec-start-outch512-inch448-facttucker-r0.1-wh2-ind3s
2024-06-18 16:15:46,717 - Feat - INFO - dec-end-outch512-inch448-facttucker-r0.1-wh2-ind3s
2024-06-18 16:23:10,490 - Feat - INFO - dec-start-outch512-inch448-facttucker-r0.1-wh2-ind3s
2024-06-18 16:28:13,725 - Feat - INFO - dec-end-outch512-inch448-facttucker-r0.1-wh2-ind3s
2024-06-18 16:39:26,063 - Feat - INFO - dec-start-outch512-inch448-facttucker-r0.1-wh2-ind3s
2024-06-18 16:43:39,355 - Feat - INFO - dec-end-outch512-inch448-facttucker-r0.1-wh2-ind3s
