2024-06-24 01:41:00,555 - Inch - INFO - dec-start-outch512-inch384-facttucker-r0.1-wh4-ind1s
2024-06-24 01:45:41,523 - Inch - INFO - dec-end-outch512-inch384-facttucker-r0.1-wh4-ind1s
2024-06-24 01:47:00,748 - Inch - INFO - dec-start-outch512-inch384-facttucker-r0.1-wh4-ind2s
2024-06-24 01:51:33,069 - Inch - INFO - dec-end-outch512-inch384-facttucker-r0.1-wh4-ind2s
2024-06-24 01:53:00,262 - Inch - INFO - dec-start-outch512-inch384-facttucker-r0.1-wh4-ind3s
2024-06-24 01:57:36,809 - Inch - INFO - dec-end-outch512-inch384-facttucker-r0.1-wh4-ind3s
2024-06-24 01:59:00,095 - Inch - INFO - dec-start-outch512-inch384-facttucker-r0.25-wh4-ind1s
2024-06-24 02:07:46,411 - Inch - INFO - dec-end-outch512-inch384-facttucker-r0.25-wh4-ind1s
2024-06-24 02:09:00,673 - Inch - INFO - dec-start-outch512-inch384-facttucker-r0.25-wh4-ind2s
2024-06-24 02:17:53,907 - Inch - INFO - dec-end-outch512-inch384-facttucker-r0.25-wh4-ind2s
2024-06-24 02:19:00,040 - Inch - INFO - dec-start-outch512-inch384-facttucker-r0.25-wh4-ind3s
2024-06-24 02:27:53,993 - Inch - INFO - dec-end-outch512-inch384-facttucker-r0.25-wh4-ind3s
2024-06-24 02:29:00,245 - Inch - INFO - dec-start-outch512-inch384-facttucker-r0.5-wh4-ind1s
2024-06-24 02:45:13,785 - Inch - INFO - dec-end-outch512-inch384-facttucker-r0.5-wh4-ind1s
2024-06-24 02:47:00,064 - Inch - INFO - dec-start-outch512-inch384-facttucker-r0.5-wh4-ind2s
2024-06-24 03:03:16,523 - Inch - INFO - dec-end-outch512-inch384-facttucker-r0.5-wh4-ind2s
2024-06-24 03:05:00,801 - Inch - INFO - dec-start-outch512-inch384-facttucker-r0.5-wh4-ind3s
2024-06-24 03:21:17,746 - Inch - INFO - dec-end-outch512-inch384-facttucker-r0.5-wh4-ind3s
2024-06-24 03:23:00,098 - Inch - INFO - dec-start-outch512-inch384-facttucker-r0.75-wh4-ind1s
2024-06-24 03:46:52,519 - Inch - INFO - dec-end-outch512-inch384-facttucker-r0.75-wh4-ind1s
2024-06-24 03:48:00,820 - Inch - INFO - dec-start-outch512-inch384-facttucker-r0.75-wh4-ind2s
2024-06-24 04:12:06,499 - Inch - INFO - dec-end-outch512-inch384-facttucker-r0.75-wh4-ind2s
2024-06-24 04:14:00,854 - Inch - INFO - dec-start-outch512-inch384-facttucker-r0.75-wh4-ind3s
2024-06-24 04:38:02,032 - Inch - INFO - dec-end-outch512-inch384-facttucker-r0.75-wh4-ind3s
2024-06-24 04:40:00,127 - Inch - INFO - dec-start-outch512-inch384-facttucker-r0.9-wh4-ind1s
2024-06-24 05:08:28,510 - Inch - INFO - dec-end-outch512-inch384-facttucker-r0.9-wh4-ind1s
2024-06-24 05:10:00,182 - Inch - INFO - dec-start-outch512-inch384-facttucker-r0.9-wh4-ind2s
2024-06-24 05:38:23,065 - Inch - INFO - dec-end-outch512-inch384-facttucker-r0.9-wh4-ind2s
2024-06-24 05:40:00,689 - Inch - INFO - dec-start-outch512-inch384-facttucker-r0.9-wh4-ind3s
2024-06-24 06:08:24,468 - Inch - INFO - dec-end-outch512-inch384-facttucker-r0.9-wh4-ind3s
2024-06-24 06:10:00,677 - Inch - INFO - dec-start-outch512-inch384-facttt-r0.1-wh4-ind1s
2024-06-24 06:14:19,134 - Inch - INFO - dec-end-outch512-inch384-facttt-r0.1-wh4-ind1s
2024-06-24 06:16:00,398 - Inch - INFO - dec-start-outch512-inch384-facttt-r0.1-wh4-ind2s
2024-06-24 06:20:19,944 - Inch - INFO - dec-end-outch512-inch384-facttt-r0.1-wh4-ind2s
2024-06-24 06:22:00,168 - Inch - INFO - dec-start-outch512-inch384-facttt-r0.1-wh4-ind3s
2024-06-24 06:26:18,731 - Inch - INFO - dec-end-outch512-inch384-facttt-r0.1-wh4-ind3s
2024-06-24 06:28:00,048 - Inch - INFO - dec-start-outch512-inch384-facttt-r0.25-wh4-ind1s
2024-06-24 06:36:02,692 - Inch - INFO - dec-end-outch512-inch384-facttt-r0.25-wh4-ind1s
2024-06-24 06:38:00,983 - Inch - INFO - dec-start-outch512-inch384-facttt-r0.25-wh4-ind2s
2024-06-24 06:46:04,003 - Inch - INFO - dec-end-outch512-inch384-facttt-r0.25-wh4-ind2s
2024-06-24 06:48:00,333 - Inch - INFO - dec-start-outch512-inch384-facttt-r0.25-wh4-ind3s
2024-06-24 06:56:03,459 - Inch - INFO - dec-end-outch512-inch384-facttt-r0.25-wh4-ind3s
2024-06-24 06:58:00,756 - Inch - INFO - dec-start-outch512-inch384-facttt-r0.5-wh4-ind1s
2024-06-24 07:06:29,520 - Inch - INFO - dec-end-outch512-inch384-facttt-r0.5-wh4-ind1s
2024-06-24 07:08:00,837 - Inch - INFO - dec-start-outch512-inch384-facttt-r0.5-wh4-ind2s
2024-06-24 07:16:30,064 - Inch - INFO - dec-end-outch512-inch384-facttt-r0.5-wh4-ind2s
2024-06-24 07:18:00,370 - Inch - INFO - dec-start-outch512-inch384-facttt-r0.5-wh4-ind3s
2024-06-24 07:26:27,734 - Inch - INFO - dec-end-outch512-inch384-facttt-r0.5-wh4-ind3s
2024-06-24 07:28:00,025 - Inch - INFO - dec-start-outch512-inch384-facttt-r0.75-wh4-ind1s
2024-06-24 07:36:54,729 - Inch - INFO - dec-end-outch512-inch384-facttt-r0.75-wh4-ind1s
2024-06-24 07:38:00,014 - Inch - INFO - dec-start-outch512-inch384-facttt-r0.75-wh4-ind2s
2024-06-24 07:46:54,880 - Inch - INFO - dec-end-outch512-inch384-facttt-r0.75-wh4-ind2s
2024-06-24 07:48:00,173 - Inch - INFO - dec-start-outch512-inch384-facttt-r0.75-wh4-ind3s
2024-06-24 07:56:53,572 - Inch - INFO - dec-end-outch512-inch384-facttt-r0.75-wh4-ind3s
2024-06-24 07:58:00,873 - Inch - INFO - dec-start-outch512-inch384-facttt-r0.9-wh4-ind1s
2024-06-24 08:07:08,640 - Inch - INFO - dec-end-outch512-inch384-facttt-r0.9-wh4-ind1s
2024-06-24 08:09:00,959 - Inch - INFO - dec-start-outch512-inch384-facttt-r0.9-wh4-ind2s
2024-06-24 08:18:02,541 - Inch - INFO - dec-end-outch512-inch384-facttt-r0.9-wh4-ind2s
2024-06-24 08:20:00,885 - Inch - INFO - dec-start-outch512-inch384-facttt-r0.9-wh4-ind3s
2024-06-24 08:29:02,261 - Inch - INFO - dec-end-outch512-inch384-facttt-r0.9-wh4-ind3s





2024-06-24 08:31:00,290 - Inch - INFO - dec-start-outch512-inch320-facttucker-r0.1-wh4-ind1s
2024-06-24 08:34:55,111 - Inch - INFO - dec-end-outch512-inch320-facttucker-r0.1-wh4-ind1s
2024-06-24 08:36:00,021 - Inch - INFO - dec-start-outch512-inch320-facttucker-r0.1-wh4-ind2s
2024-06-24 08:39:57,089 - Inch - INFO - dec-end-outch512-inch320-facttucker-r0.1-wh4-ind2s
2024-06-24 08:41:00,059 - Inch - INFO - dec-start-outch512-inch320-facttucker-r0.1-wh4-ind3s
2024-06-24 08:44:54,972 - Inch - INFO - dec-end-outch512-inch320-facttucker-r0.1-wh4-ind3s
2024-06-24 08:46:00,919 - Inch - INFO - dec-start-outch512-inch320-facttucker-r0.25-wh4-ind1s
2024-06-24 08:53:21,022 - Inch - INFO - dec-end-outch512-inch320-facttucker-r0.25-wh4-ind1s
2024-06-24 08:55:00,176 - Inch - INFO - dec-start-outch512-inch320-facttucker-r0.25-wh4-ind2s
2024-06-24 09:02:20,171 - Inch - INFO - dec-end-outch512-inch320-facttucker-r0.25-wh4-ind2s
2024-06-24 09:04:00,178 - Inch - INFO - dec-start-outch512-inch320-facttucker-r0.25-wh4-ind3s
2024-06-24 09:11:18,284 - Inch - INFO - dec-end-outch512-inch320-facttucker-r0.25-wh4-ind3s
2024-06-24 09:13:00,303 - Inch - INFO - dec-start-outch512-inch320-facttucker-r0.5-wh4-ind1s
2024-06-24 09:26:33,325 - Inch - INFO - dec-end-outch512-inch320-facttucker-r0.5-wh4-ind1s
2024-06-24 09:28:00,524 - Inch - INFO - dec-start-outch512-inch320-facttucker-r0.5-wh4-ind2s
2024-06-24 09:41:14,764 - Inch - INFO - dec-end-outch512-inch320-facttucker-r0.5-wh4-ind2s
2024-06-24 09:43:01,022 - Inch - INFO - dec-start-outch512-inch320-facttucker-r0.5-wh4-ind3s
2024-06-24 09:56:11,194 - Inch - INFO - dec-end-outch512-inch320-facttucker-r0.5-wh4-ind3s
2024-06-24 09:58:00,145 - Inch - INFO - dec-start-outch512-inch320-facttucker-r0.75-wh4-ind1s
2024-06-24 10:17:24,773 - Inch - INFO - dec-end-outch512-inch320-facttucker-r0.75-wh4-ind1s
2024-06-24 10:19:00,444 - Inch - INFO - dec-start-outch512-inch320-facttucker-r0.75-wh4-ind2s
2024-06-24 10:38:24,178 - Inch - INFO - dec-end-outch512-inch320-facttucker-r0.75-wh4-ind2s
2024-06-24 10:40:00,174 - Inch - INFO - dec-start-outch512-inch320-facttucker-r0.75-wh4-ind3s
2024-06-24 10:59:26,102 - Inch - INFO - dec-end-outch512-inch320-facttucker-r0.75-wh4-ind3s
2024-06-24 11:01:00,868 - Inch - INFO - dec-start-outch512-inch320-facttucker-r0.9-wh4-ind3s
2024-06-24 11:24:46,336 - Inch - INFO - dec-end-outch512-inch320-facttucker-r0.9-wh4-ind3s

2024-06-24 11:58:00,051 - Inch - INFO - dec-start-outch512-inch320-facttt-r0.1-wh4-ind3s
2024-06-24 12:01:17,275 - Inch - INFO - dec-end-outch512-inch320-facttt-r0.1-wh4-ind3s
2024-06-24 12:03:00,488 - Inch - INFO - dec-start-outch512-inch320-facttt-r0.25-wh4-ind3s
2024-06-24 12:09:15,562 - Inch - INFO - dec-end-outch512-inch320-facttt-r0.25-wh4-ind3s
2024-06-24 12:11:00,753 - Inch - INFO - dec-start-outch512-inch320-facttt-r0.5-wh4-ind3s
2024-06-24 12:18:02,642 - Inch - INFO - dec-end-outch512-inch320-facttt-r0.5-wh4-ind3s
2024-06-24 12:20:00,925 - Inch - INFO - dec-start-outch512-inch320-facttt-r0.75-wh4-ind3s
2024-06-24 12:27:15,343 - Inch - INFO - dec-end-outch512-inch320-facttt-r0.75-wh4-ind3s
2024-06-24 12:29:00,679 - Inch - INFO - dec-start-outch512-inch320-facttt-r0.9-wh4-ind3s
2024-06-24 12:36:41,151 - Inch - INFO - dec-end-outch512-inch320-facttt-r0.9-wh4-ind3s
2024-06-24 12:38:00,306 - Inch - INFO - dec-start-outch512-inch256-facttt-r0.1-wh4-ind3s
2024-06-24 12:40:47,276 - Inch - INFO - dec-end-outch512-inch256-facttt-r0.1-wh4-ind3s
2024-06-24 12:42:00,382 - Inch - INFO - dec-start-outch512-inch256-facttt-r0.25-wh4-ind3s
2024-06-24 12:46:40,590 - Inch - INFO - dec-end-outch512-inch256-facttt-r0.25-wh4-ind3s
2024-06-24 12:48:00,787 - Inch - INFO - dec-start-outch512-inch256-facttt-r0.5-wh4-ind3s
2024-06-24 12:53:29,590 - Inch - INFO - dec-end-outch512-inch256-facttt-r0.5-wh4-ind3s
2024-06-24 12:55:00,757 - Inch - INFO - dec-start-outch512-inch256-facttt-r0.75-wh4-ind3s
2024-06-24 13:00:42,838 - Inch - INFO - dec-end-outch512-inch256-facttt-r0.75-wh4-ind3s
2024-06-24 13:02:00,973 - Inch - INFO - dec-start-outch512-inch256-facttt-r0.9-wh4-ind3s
2024-06-24 13:07:58,168 - Inch - INFO - dec-end-outch512-inch256-facttt-r0.9-wh4-ind3s
2024-06-24 13:09:00,266 - Inch - INFO - dec-start-outch512-inch192-facttt-r0.1-wh4-ind3s
2024-06-24 13:11:18,761 - Inch - INFO - dec-end-outch512-inch192-facttt-r0.1-wh4-ind3s
2024-06-24 13:13:00,864 - Inch - INFO - dec-start-outch512-inch192-facttt-r0.25-wh4-ind3s
2024-06-24 13:16:12,351 - Inch - INFO - dec-end-outch512-inch192-facttt-r0.25-wh4-ind3s
2024-06-24 13:18:00,515 - Inch - INFO - dec-start-outch512-inch192-facttt-r0.5-wh4-ind3s
2024-06-24 13:22:03,256 - Inch - INFO - dec-end-outch512-inch192-facttt-r0.5-wh4-ind3s
2024-06-24 13:24:00,397 - Inch - INFO - dec-start-outch512-inch192-facttt-r0.75-wh4-ind3s
2024-06-24 13:28:20,571 - Inch - INFO - dec-end-outch512-inch192-facttt-r0.75-wh4-ind3s
2024-06-24 13:30:00,729 - Inch - INFO - dec-start-outch512-inch192-facttt-r0.9-wh4-ind3s
2024-06-24 13:34:44,645 - Inch - INFO - dec-end-outch512-inch192-facttt-r0.9-wh4-ind3s

2024-06-24 13:36:00,420 - Inch - INFO - dec-start-outch512-inch256-facttucker-r0.1-wh4-ind3s
2024-06-24 13:39:28,352 - Inch - INFO - dec-end-outch512-inch256-facttucker-r0.1-wh4-ind3s
2024-06-24 13:41:00,029 - Inch - INFO - dec-start-outch512-inch256-facttucker-r0.25-wh4-ind3s
2024-06-24 13:47:04,058 - Inch - INFO - dec-end-outch512-inch256-facttucker-r0.25-wh4-ind3s
2024-06-24 17:05:00,737 - Inch - INFO - dec-start-outch512-inch256-facttucker-r0.5-wh4-ind3s
2024-06-24 17:15:17,223 - Inch - INFO - dec-end-outch512-inch256-facttucker-r0.5-wh4-ind3s
2024-06-24 17:17:00,935 - Inch - INFO - dec-start-outch512-inch256-facttucker-r0.75-wh4-ind3s
2024-06-24 17:32:25,487 - Inch - INFO - dec-end-outch512-inch256-facttucker-r0.75-wh4-ind3s
2024-06-24 17:34:00,987 - Inch - INFO - dec-start-outch512-inch256-facttucker-r0.9-wh4-ind3s
2024-06-24 17:52:07,967 - Inch - INFO - dec-end-outch512-inch256-facttucker-r0.9-wh4-ind3s
2024-06-24 17:54:00,610 - Inch - INFO - dec-start-outch512-inch192-facttucker-r0.1-wh4-ind3s
2024-06-24 17:56:56,877 - Inch - INFO - dec-end-outch512-inch192-facttucker-r0.1-wh4-ind3s
2024-06-24 17:58:00,130 - Inch - INFO - dec-start-outch512-inch192-facttucker-r0.25-wh4-ind3s
2024-06-24 18:02:10,854 - Inch - INFO - dec-end-outch512-inch192-facttucker-r0.25-wh4-ind3s
2024-06-24 18:04:00,431 - Inch - INFO - dec-start-outch512-inch192-facttucker-r0.5-wh4-ind3s
2024-06-24 18:11:29,296 - Inch - INFO - dec-end-outch512-inch192-facttucker-r0.5-wh4-ind3s
2024-06-24 18:13:00,738 - Inch - INFO - dec-start-outch512-inch192-facttucker-r0.75-wh4-ind3s
2024-06-24 18:24:20,693 - Inch - INFO - dec-end-outch512-inch192-facttucker-r0.75-wh4-ind3s
2024-06-24 18:26:00,957 - Inch - INFO - dec-start-outch512-inch192-facttucker-r0.9-wh4-ind3s
2024-06-24 18:39:16,597 - Inch - INFO - dec-end-outch512-inch192-facttucker-r0.9-wh4-ind3s
2024-06-24 21:10:00,993 - Inch - INFO - dec-start-outch512-inch191-factcp-r0.1-wh4-ind3s
2024-06-24 21:14:22,529 - Inch - INFO - dec-end-outch512-inch191-factcp-r0.1-wh4-ind3s
2024-06-24 21:17:00,696 - Inch - INFO - dec-start-outch512-inch191-factcp-r0.25-wh4-ind3s
2024-06-24 21:25:32,103 - Inch - INFO - dec-end-outch512-inch191-factcp-r0.25-wh4-ind3s
2024-06-24 21:28:00,958 - Inch - INFO - dec-start-outch512-inch191-factcp-r0.5-wh4-ind3s
2024-06-24 21:46:52,716 - Inch - INFO - dec-end-outch512-inch191-factcp-r0.5-wh4-ind3s
2024-06-24 21:51:00,543 - Inch - INFO - dec-start-outch512-inch191-factcp-r0.75-wh4-ind3s
2024-06-24 22:16:48,534 - Inch - INFO - dec-end-outch512-inch191-factcp-r0.75-wh4-ind3s
2024-06-24 22:21:00,047 - Inch - INFO - dec-start-outch512-inch191-factcp-r0.9-wh4-ind3s
2024-06-24 22:52:52,694 - Inch - INFO - dec-end-outch512-inch191-factcp-r0.9-wh4-ind3s
2024-06-24 22:55:00,244 - Inch - INFO - dec-start-outch512-inch256-factcp-r0.1-wh4-ind3s
2024-06-24 22:59:59,136 - Inch - INFO - dec-end-outch512-inch256-factcp-r0.1-wh4-ind3s
2024-06-24 23:03:00,843 - Inch - INFO - dec-start-outch512-inch256-factcp-r0.25-wh4-ind3s
2024-06-24 23:13:59,884 - Inch - INFO - dec-end-outch512-inch256-factcp-r0.25-wh4-ind3s
2024-06-24 23:18:00,677 - Inch - INFO - dec-start-outch512-inch256-factcp-r0.5-wh4-ind3s
2024-06-24 23:39:21,533 - Inch - INFO - dec-end-outch512-inch256-factcp-r0.5-wh4-ind3s
2024-06-24 23:45:00,172 - Inch - INFO - dec-start-outch512-inch256-factcp-r0.75-wh4-ind3s
2024-06-25 00:16:22,863 - Inch - INFO - dec-end-outch512-inch256-factcp-r0.75-wh4-ind3s
2024-06-25 00:23:00,908 - Inch - INFO - dec-start-outch512-inch256-factcp-r0.9-wh4-ind3s
2024-06-25 01:00:20,258 - Inch - INFO - dec-end-outch512-inch256-factcp-r0.9-wh4-ind3s
2024-06-25 01:03:01,032 - Inch - INFO - dec-start-outch512-inch319-factcp-r0.1-wh4-ind3s
2024-06-25 01:09:09,325 - Inch - INFO - dec-end-outch512-inch319-factcp-r0.1-wh4-ind3s
2024-06-25 01:12:00,665 - Inch - INFO - dec-start-outch512-inch319-factcp-r0.25-wh4-ind3s
2024-06-25 01:25:14,544 - Inch - INFO - dec-end-outch512-inch319-factcp-r0.25-wh4-ind3s
2024-06-25 01:30:00,256 - Inch - INFO - dec-start-outch512-inch319-factcp-r0.5-wh4-ind3s
2024-06-25 01:55:16,930 - Inch - INFO - dec-end-outch512-inch319-factcp-r0.5-wh4-ind3s
2024-06-25 02:02:00,915 - Inch - INFO - dec-start-outch512-inch319-factcp-r0.75-wh4-ind3s
2024-06-25 02:39:29,282 - Inch - INFO - dec-end-outch512-inch319-factcp-r0.75-wh4-ind3s
2024-06-25 02:47:01,000 - Inch - INFO - dec-start-outch512-inch319-factcp-r0.9-wh4-ind3s
2024-06-25 03:32:04,024 - Inch - INFO - dec-end-outch512-inch319-factcp-r0.9-wh4-ind3s
2024-06-25 03:35:00,628 - Inch - INFO - dec-start-outch512-inch384-factcp-r0.1-wh4-ind3s
2024-06-25 03:42:05,615 - Inch - INFO - dec-end-outch512-inch384-factcp-r0.1-wh4-ind3s
2024-06-25 03:47:00,254 - Inch - INFO - dec-start-outch512-inch384-factcp-r0.25-wh4-ind3s
2024-06-25 04:02:21,132 - Inch - INFO - dec-end-outch512-inch384-factcp-r0.25-wh4-ind3s
2024-06-25 04:10:00,432 - Inch - INFO - dec-start-outch512-inch384-factcp-r0.5-wh4-ind3s
2024-06-25 04:39:32,820 - Inch - INFO - dec-end-outch512-inch384-factcp-r0.5-wh4-ind3s
2024-06-25 04:50:00,577 - Inch - INFO - dec-start-outch512-inch384-factcp-r0.75-wh4-ind3s
2024-06-25 05:34:10,859 - Inch - INFO - dec-end-outch512-inch384-factcp-r0.75-wh4-ind3s
2024-06-25 05:47:00,489 - Inch - INFO - dec-start-outch512-inch384-factcp-r0.9-wh4-ind3s
2024-06-25 06:39:43,893 - Inch - INFO - dec-end-outch512-inch384-factcp-r0.9-wh4-ind3s
2024-06-25 06:41:00,998 - Inch - INFO - bas-start-outch512-inch192-wh4-ind3s
2024-06-25 06:49:43,361 - Inch - INFO - bas-end-outch512-inch192-wh4-ind3s
2024-06-25 06:51:00,444 - Inch - INFO - bas-start-outch512-inch192-wh4-ind3s
2024-06-25 06:59:44,262 - Inch - INFO - bas-end-outch512-inch192-wh4-ind3s
2024-06-25 07:01:00,344 - Inch - INFO - bas-start-outch512-inch192-wh4-ind3s
2024-06-25 07:09:50,049 - Inch - INFO - bas-end-outch512-inch192-wh4-ind3s
2024-06-25 07:11:00,125 - Inch - INFO - bas-start-outch512-inch192-wh4-ind3s
2024-06-25 07:19:47,334 - Inch - INFO - bas-end-outch512-inch192-wh4-ind3s
2024-06-25 07:21:00,413 - Inch - INFO - bas-start-outch512-inch192-wh4-ind3s
2024-06-25 07:29:47,286 - Inch - INFO - bas-end-outch512-inch192-wh4-ind3s
2024-06-25 07:31:00,365 - Inch - INFO - bas-start-outch512-inch256-wh4-ind3s
2024-06-25 07:43:06,401 - Inch - INFO - bas-end-outch512-inch256-wh4-ind3s
2024-06-25 07:45:00,522 - Inch - INFO - bas-start-outch512-inch256-wh4-ind3s
2024-06-25 07:57:08,931 - Inch - INFO - bas-end-outch512-inch256-wh4-ind3s
2024-06-25 07:59:01,051 - Inch - INFO - bas-start-outch512-inch256-wh4-ind3s
2024-06-25 08:11:08,900 - Inch - INFO - bas-end-outch512-inch256-wh4-ind3s
2024-06-25 08:13:01,020 - Inch - INFO - bas-start-outch512-inch256-wh4-ind3s
2024-06-25 08:25:08,501 - Inch - INFO - bas-end-outch512-inch256-wh4-ind3s
2024-06-25 08:27:00,616 - Inch - INFO - bas-start-outch512-inch256-wh4-ind3s
2024-06-25 08:39:07,874 - Inch - INFO - bas-end-outch512-inch256-wh4-ind3s
2024-06-25 08:41:01,018 - Inch - INFO - bas-start-outch512-inch320-wh4-ind3s
2024-06-25 08:55:44,423 - Inch - INFO - bas-end-outch512-inch320-wh4-ind3s
2024-06-25 08:57:00,509 - Inch - INFO - bas-start-outch512-inch320-wh4-ind3s
2024-06-25 09:11:37,552 - Inch - INFO - bas-end-outch512-inch320-wh4-ind3s
2024-06-25 09:13:00,644 - Inch - INFO - bas-start-outch512-inch320-wh4-ind3s
2024-06-25 09:27:37,835 - Inch - INFO - bas-end-outch512-inch320-wh4-ind3s
2024-06-25 09:29:00,927 - Inch - INFO - bas-start-outch512-inch320-wh4-ind3s
2024-06-25 09:43:38,733 - Inch - INFO - bas-end-outch512-inch320-wh4-ind3s
2024-06-25 09:45:00,824 - Inch - INFO - bas-start-outch512-inch320-wh4-ind3s
2024-06-25 09:59:38,509 - Inch - INFO - bas-end-outch512-inch320-wh4-ind3s
2024-06-25 10:01:00,607 - Inch - INFO - bas-start-outch512-inch384-wh4-ind3s
2024-06-25 10:19:09,802 - Inch - INFO - bas-end-outch512-inch384-wh4-ind3s
2024-06-25 10:21:00,924 - Inch - INFO - bas-start-outch512-inch384-wh4-ind3s
2024-06-25 10:39:09,614 - Inch - INFO - bas-end-outch512-inch384-wh4-ind3s
2024-06-25 10:41:00,736 - Inch - INFO - bas-start-outch512-inch384-wh4-ind3s
2024-06-25 10:59:08,459 - Inch - INFO - bas-end-outch512-inch384-wh4-ind3s
2024-06-25 11:01:00,568 - Inch - INFO - bas-start-outch512-inch384-wh4-ind3s
2024-06-25 11:19:09,406 - Inch - INFO - bas-end-outch512-inch384-wh4-ind3s
2024-06-25 11:21:00,528 - Inch - INFO - bas-start-outch512-inch384-wh4-ind3s
2024-06-25 11:39:08,459 - Inch - INFO - bas-end-outch512-inch384-wh4-ind3s
