
2024-06-28 03:22:00,157 - Layer_fin - INFO - dec-start-outch512-inch384-facttucker-r0.1-wh4-kern1-ind1s
2024-06-28 03:26:39,239 - Layer_fin - INFO - dec-end-outch512-inch384-facttucker-r0.1-wh4-kern1-ind1s
2024-06-28 03:28:00,461 - Layer_fin - INFO - dec-start-outch512-inch384-facttucker-r0.1-wh4-kern1-ind2s
2024-06-28 03:32:40,511 - Layer_fin - INFO - dec-end-outch512-inch384-facttucker-r0.1-wh4-kern1-ind2s
2024-06-28 03:34:00,910 - Layer_fin - INFO - dec-start-outch512-inch384-facttucker-r0.25-wh4-kern1-ind1s
2024-06-28 03:40:13,932 - Layer_fin - INFO - dec-end-outch512-inch384-facttucker-r0.25-wh4-kern1-ind1s
2024-06-28 03:42:00,336 - Layer_fin - INFO - dec-start-outch512-inch384-facttucker-r0.25-wh4-kern1-ind2s
2024-06-28 03:48:13,439 - Layer_fin - INFO - dec-end-outch512-inch384-facttucker-r0.25-wh4-kern1-ind2s
2024-06-28 03:50:00,976 - Layer_fin - INFO - dec-start-outch512-inch384-facttucker-r0.5-wh4-kern1-ind1s
2024-06-28 03:58:30,851 - Layer_fin - INFO - dec-end-outch512-inch384-facttucker-r0.5-wh4-kern1-ind1s
2024-06-28 04:00:00,416 - Layer_fin - INFO - dec-start-outch512-inch384-facttucker-r0.5-wh4-kern1-ind2s
2024-06-28 04:08:31,693 - Layer_fin - INFO - dec-end-outch512-inch384-facttucker-r0.5-wh4-kern1-ind2s
2024-06-28 04:10:00,634 - Layer_fin - INFO - dec-start-outch512-inch384-facttucker-r0.75-wh4-kern1-ind1s
2024-06-28 04:20:19,321 - Layer_fin - INFO - dec-end-outch512-inch384-facttucker-r0.75-wh4-kern1-ind1s
2024-06-28 04:22:00,470 - Layer_fin - INFO - dec-start-outch512-inch384-facttucker-r0.75-wh4-kern1-ind2s
2024-06-28 04:32:21,015 - Layer_fin - INFO - dec-end-outch512-inch384-facttucker-r0.75-wh4-kern1-ind2s
2024-06-28 04:34:00,878 - Layer_fin - INFO - dec-start-outch512-inch384-facttucker-r0.9-wh4-kern1-ind1s
2024-06-28 04:45:43,913 - Layer_fin - INFO - dec-end-outch512-inch384-facttucker-r0.9-wh4-kern1-ind1s
2024-06-28 04:47:00,768 - Layer_fin - INFO - dec-start-outch512-inch384-facttucker-r0.9-wh4-kern1-ind2s
2024-06-28 04:58:43,743 - Layer_fin - INFO - dec-end-outch512-inch384-facttucker-r0.9-wh4-kern1-ind2s
2024-06-28 05:00:00,963 - Layer_fin - INFO - dec-start-outch512-inch384-facttt-r0.1-wh4-kern1-ind1s
2024-06-28 05:04:26,605 - Layer_fin - INFO - dec-end-outch512-inch384-facttt-r0.1-wh4-kern1-ind1s
2024-06-28 05:06:00,714 - Layer_fin - INFO - dec-start-outch512-inch384-facttt-r0.1-wh4-kern1-ind2s
2024-06-28 05:10:26,265 - Layer_fin - INFO - dec-end-outch512-inch384-facttt-r0.1-wh4-kern1-ind2s
2024-06-28 05:12:00,449 - Layer_fin - INFO - dec-start-outch512-inch384-facttt-r0.25-wh4-kern1-ind1s
2024-06-28 05:16:25,538 - Layer_fin - INFO - dec-end-outch512-inch384-facttt-r0.25-wh4-kern1-ind1s
2024-06-28 05:18:00,728 - Layer_fin - INFO - dec-start-outch512-inch384-facttt-r0.25-wh4-kern1-ind2s
2024-06-28 05:22:25,639 - Layer_fin - INFO - dec-end-outch512-inch384-facttt-r0.25-wh4-kern1-ind2s
2024-06-28 05:24:00,907 - Layer_fin - INFO - dec-start-outch512-inch384-facttt-r0.5-wh4-kern1-ind1s
2024-06-28 05:29:06,658 - Layer_fin - INFO - dec-end-outch512-inch384-facttt-r0.5-wh4-kern1-ind1s
2024-06-28 05:31:00,920 - Layer_fin - INFO - dec-start-outch512-inch384-facttt-r0.5-wh4-kern1-ind2s
2024-06-28 05:36:07,244 - Layer_fin - INFO - dec-end-outch512-inch384-facttt-r0.5-wh4-kern1-ind2s
2024-06-28 05:38:00,544 - Layer_fin - INFO - dec-start-outch512-inch384-facttt-r0.75-wh4-kern1-ind1s
2024-06-28 05:44:11,203 - Layer_fin - INFO - dec-end-outch512-inch384-facttt-r0.75-wh4-kern1-ind1s
2024-06-28 05:46:00,592 - Layer_fin - INFO - dec-start-outch512-inch384-facttt-r0.75-wh4-kern1-ind2s
2024-06-28 05:52:10,521 - Layer_fin - INFO - dec-end-outch512-inch384-facttt-r0.75-wh4-kern1-ind2s
2024-06-28 05:54:00,080 - Layer_fin - INFO - dec-start-outch512-inch384-facttt-r0.9-wh4-kern1-ind1s
2024-06-28 06:00:48,606 - Layer_fin - INFO - dec-end-outch512-inch384-facttt-r0.9-wh4-kern1-ind1s
2024-06-28 06:02:00,075 - Layer_fin - INFO - dec-start-outch512-inch384-facttt-r0.9-wh4-kern1-ind2s
2024-06-28 06:08:47,516 - Layer_fin - INFO - dec-end-outch512-inch384-facttt-r0.9-wh4-kern1-ind2s
2024-06-28 06:10:00,597 - Layer_fin - INFO - bas-start-outch512-inch384-wh4-kern1-ind1s
2024-06-28 06:11:54,244 - Layer_fin - INFO - bas-end-outch512-inch384-wh4-kern1-ind1s
2024-06-28 06:13:00,328 - Layer_fin - INFO - bas-start-outch512-inch384-wh4-kern1-ind2s
2024-06-28 06:14:53,996 - Layer_fin - INFO - bas-end-outch512-inch384-wh4-kern1-ind2s
2024-06-28 06:16:00,628 - Layer_fin - INFO - dec-start-outch512-inch384-factcp-r0.1-wh4-kern1-ind1s
2024-06-28 06:21:08,811 - Layer_fin - INFO - dec-end-outch512-inch384-factcp-r0.1-wh4-kern1-ind1s
2024-06-28 06:23:00,457 - Layer_fin - INFO - dec-start-outch512-inch384-factcp-r0.1-wh4-kern1-ind2s
2024-06-28 06:28:10,439 - Layer_fin - INFO - dec-end-outch512-inch384-factcp-r0.1-wh4-kern1-ind2s
2024-06-28 06:30:00,597 - Layer_fin - INFO - dec-start-outch512-inch384-factcp-r0.25-wh4-kern1-ind1s
2024-06-28 06:36:30,303 - Layer_fin - INFO - dec-end-outch512-inch384-factcp-r0.25-wh4-kern1-ind1s
2024-06-28 06:38:00,412 - Layer_fin - INFO - dec-start-outch512-inch384-factcp-r0.25-wh4-kern1-ind2s
2024-06-28 06:44:35,230 - Layer_fin - INFO - dec-end-outch512-inch384-factcp-r0.25-wh4-kern1-ind2s
2024-06-28 06:46:00,581 - Layer_fin - INFO - dec-start-outch512-inch384-factcp-r0.5-wh4-kern1-ind1s
2024-06-28 06:55:23,987 - Layer_fin - INFO - dec-end-outch512-inch384-factcp-r0.5-wh4-kern1-ind1s
2024-06-28 06:57:00,827 - Layer_fin - INFO - dec-start-outch512-inch384-factcp-r0.5-wh4-kern1-ind2s
2024-06-28 07:06:22,290 - Layer_fin - INFO - dec-end-outch512-inch384-factcp-r0.5-wh4-kern1-ind2s
2024-06-28 07:08:00,940 - Layer_fin - INFO - dec-start-outch512-inch384-factcp-r0.75-wh4-kern1-ind1s
2024-06-28 07:20:11,434 - Layer_fin - INFO - dec-end-outch512-inch384-factcp-r0.75-wh4-kern1-ind1s
2024-06-28 07:22:00,897 - Layer_fin - INFO - dec-start-outch512-inch384-factcp-r0.75-wh4-kern1-ind2s
2024-06-28 07:34:10,617 - Layer_fin - INFO - dec-end-outch512-inch384-factcp-r0.75-wh4-kern1-ind2s
2024-06-28 07:36:00,542 - Layer_fin - INFO - dec-start-outch512-inch384-factcp-r0.9-wh4-kern1-ind1s
2024-06-28 07:49:46,734 - Layer_fin - INFO - dec-end-outch512-inch384-factcp-r0.9-wh4-kern1-ind1s
2024-06-28 07:52:00,407 - Layer_fin - INFO - dec-start-outch512-inch384-factcp-r0.9-wh4-kern1-ind2s
2024-06-28 08:05:44,690 - Layer_fin - INFO - dec-end-outch512-inch384-factcp-r0.9-wh4-kern1-ind2s


kern=3
2024-06-28 08:07:00,965 - Layer_fin - INFO - dec-start-outch512-inch384-facttucker-r0.1-wh4-kern3-ind1s
2024-06-28 08:17:04,463 - Layer_fin - INFO - dec-end-outch512-inch384-facttucker-r0.1-wh4-kern3-ind1s
2024-06-28 08:19:00,952 - Layer_fin - INFO - dec-start-outch512-inch384-facttucker-r0.1-wh4-kern3-ind2s
2024-06-28 08:29:07,657 - Layer_fin - INFO - dec-end-outch512-inch384-facttucker-r0.1-wh4-kern3-ind2s
2024-06-28 08:31:00,740 - Layer_fin - INFO - dec-start-outch512-inch384-facttucker-r0.25-wh4-kern3-ind1s
2024-06-28 08:46:12,757 - Layer_fin - INFO - dec-end-outch512-inch384-facttucker-r0.25-wh4-kern3-ind1s
2024-06-28 08:48:00,792 - Layer_fin - INFO - dec-start-outch512-inch384-facttucker-r0.25-wh4-kern3-ind2s
2024-06-28 09:03:11,380 - Layer_fin - INFO - dec-end-outch512-inch384-facttucker-r0.25-wh4-kern3-ind2s
2024-06-28 09:05:00,044 - Layer_fin - INFO - dec-start-outch512-inch384-facttucker-r0.5-wh4-kern3-ind1s
2024-06-28 09:28:00,416 - Layer_fin - INFO - dec-end-outch512-inch384-facttucker-r0.5-wh4-kern3-ind1s
2024-06-28 09:30:00,920 - Layer_fin - INFO - dec-start-outch512-inch384-facttucker-r0.5-wh4-kern3-ind2s
2024-06-28 09:53:01,430 - Layer_fin - INFO - dec-end-outch512-inch384-facttucker-r0.5-wh4-kern3-ind2s
2024-06-28 09:55:00,236 - Layer_fin - INFO - dec-start-outch512-inch384-facttucker-r0.75-wh4-kern3-ind1s
2024-06-28 10:22:41,084 - Layer_fin - INFO - dec-end-outch512-inch384-facttucker-r0.75-wh4-kern3-ind1s
2024-06-28 10:24:00,876 - Layer_fin - INFO - dec-start-outch512-inch384-facttucker-r0.75-wh4-kern3-ind2s
2024-06-28 10:51:45,288 - Layer_fin - INFO - dec-end-outch512-inch384-facttucker-r0.75-wh4-kern3-ind2s
2024-06-28 10:53:00,228 - Layer_fin - INFO - dec-start-outch512-inch384-facttucker-r0.9-wh4-kern3-ind1s
2024-06-28 11:23:46,974 - Layer_fin - INFO - dec-end-outch512-inch384-facttucker-r0.9-wh4-kern3-ind1s
2024-06-28 11:25:00,957 - Layer_fin - INFO - dec-start-outch512-inch384-facttucker-r0.9-wh4-kern3-ind2s
2024-06-28 11:55:50,188 - Layer_fin - INFO - dec-end-outch512-inch384-facttucker-r0.9-wh4-kern3-ind2s
2024-06-28 11:57:00,976 - Layer_fin - INFO - dec-start-outch512-inch384-facttt-r0.1-wh4-kern3-ind1s
2024-06-28 12:04:33,414 - Layer_fin - INFO - dec-end-outch512-inch384-facttt-r0.1-wh4-kern3-ind1s
2024-06-28 12:06:00,128 - Layer_fin - INFO - dec-start-outch512-inch384-facttt-r0.1-wh4-kern3-ind2s
2024-06-28 12:13:32,121 - Layer_fin - INFO - dec-end-outch512-inch384-facttt-r0.1-wh4-kern3-ind2s
2024-06-28 12:15:00,403 - Layer_fin - INFO - dec-start-outch512-inch384-facttt-r0.25-wh4-kern3-ind1s
2024-06-28 12:20:53,071 - Layer_fin - INFO - dec-end-outch512-inch384-facttt-r0.25-wh4-kern3-ind1s
2024-06-28 12:22:00,383 - Layer_fin - INFO - dec-start-outch512-inch384-facttt-r0.25-wh4-kern3-ind2s
2024-06-28 12:27:53,111 - Layer_fin - INFO - dec-end-outch512-inch384-facttt-r0.25-wh4-kern3-ind2s
2024-06-28 12:29:00,477 - Layer_fin - INFO - dec-start-outch512-inch384-facttt-r0.5-wh4-kern3-ind1s
2024-06-28 12:37:28,384 - Layer_fin - INFO - dec-end-outch512-inch384-facttt-r0.5-wh4-kern3-ind1s
2024-06-28 12:39:00,776 - Layer_fin - INFO - dec-start-outch512-inch384-facttt-r0.5-wh4-kern3-ind2s
2024-06-28 12:47:27,679 - Layer_fin - INFO - dec-end-outch512-inch384-facttt-r0.5-wh4-kern3-ind2s
2024-06-28 12:49:00,051 - Layer_fin - INFO - dec-start-outch512-inch384-facttt-r0.75-wh4-kern3-ind1s
2024-06-28 12:57:49,489 - Layer_fin - INFO - dec-end-outch512-inch384-facttt-r0.75-wh4-kern3-ind1s
2024-06-28 12:59:00,852 - Layer_fin - INFO - dec-start-outch512-inch384-facttt-r0.75-wh4-kern3-ind2s
2024-06-28 13:07:52,670 - Layer_fin - INFO - dec-end-outch512-inch384-facttt-r0.75-wh4-kern3-ind2s
2024-06-28 13:09:00,059 - Layer_fin - INFO - dec-start-outch512-inch384-facttt-r0.9-wh4-kern3-ind1s
2024-06-28 13:18:04,214 - Layer_fin - INFO - dec-end-outch512-inch384-facttt-r0.9-wh4-kern3-ind1s
2024-06-28 13:20:00,653 - Layer_fin - INFO - dec-start-outch512-inch384-facttt-r0.9-wh4-kern3-ind2s
2024-06-28 13:29:05,304 - Layer_fin - INFO - dec-end-outch512-inch384-facttt-r0.9-wh4-kern3-ind2s
2024-06-28 13:31:00,419 - Layer_fin - INFO - bas-start-outch512-inch384-wh4-kern3-ind1s
2024-06-28 13:38:00,310 - Layer_fin - INFO - bas-end-outch512-inch384-wh4-kern3-ind1s
2024-06-28 13:40:00,629 - Layer_fin - INFO - bas-start-outch512-inch384-wh4-kern3-ind2s
2024-06-28 13:47:00,479 - Layer_fin - INFO - bas-end-outch512-inch384-wh4-kern3-ind2s
2024-06-28 13:49:00,339 - Layer_fin - INFO - dec-start-outch512-inch384-factcp-r0.1-wh4-kern3-ind1s
2024-06-28 14:02:35,749 - Layer_fin - INFO - dec-end-outch512-inch384-factcp-r0.1-wh4-kern3-ind1s
2024-06-28 14:04:00,476 - Layer_fin - INFO - dec-start-outch512-inch384-factcp-r0.1-wh4-kern3-ind2s
2024-06-28 14:17:38,548 - Layer_fin - INFO - dec-end-outch512-inch384-factcp-r0.1-wh4-kern3-ind2s
2024-06-28 14:20:00,496 - Layer_fin - INFO - dec-start-outch512-inch384-factcp-r0.25-wh4-kern3-ind1s
2024-06-28 14:39:30,635 - Layer_fin - INFO - dec-end-outch512-inch384-factcp-r0.25-wh4-kern3-ind1s
2024-06-28 14:42:00,641 - Layer_fin - INFO - dec-start-outch512-inch384-factcp-r0.25-wh4-kern3-ind2s
2024-06-28 15:01:29,777 - Layer_fin - INFO - dec-end-outch512-inch384-factcp-r0.25-wh4-kern3-ind2s
2024-06-28 15:04:00,893 - Layer_fin - INFO - dec-start-outch512-inch384-factcp-r0.5-wh4-kern3-ind1s
2024-06-28 15:30:25,050 - Layer_fin - INFO - dec-end-outch512-inch384-factcp-r0.5-wh4-kern3-ind1s
2024-06-28 15:33:00,304 - Layer_fin - INFO - dec-start-outch512-inch384-factcp-r0.5-wh4-kern3-ind2s
2024-06-28 15:59:32,920 - Layer_fin - INFO - dec-end-outch512-inch384-factcp-r0.5-wh4-kern3-ind2s


2024-06-28 20:48:00,141 - Layer_fin - INFO - dec-start-outch512-inch384-factcp-r0.75-wh4-kern3-ind1s
2024-06-28 21:26:08,745 - Layer_fin - INFO - dec-end-outch512-inch384-factcp-r0.75-wh4-kern3-ind1s
2024-06-28 21:30:00,262 - Layer_fin - INFO - dec-start-outch512-inch384-factcp-r0.75-wh4-kern3-ind2s
2024-06-28 22:08:10,392 - Layer_fin - INFO - dec-end-outch512-inch384-factcp-r0.75-wh4-kern3-ind2s
2024-06-28 22:12:00,439 - Layer_fin - INFO - dec-start-outch512-inch384-factcp-r0.9-wh4-kern3-ind1s
2024-06-28 22:56:20,752 - Layer_fin - INFO - dec-end-outch512-inch384-factcp-r0.9-wh4-kern3-ind1s
2024-06-28 23:00:00,714 - Layer_fin - INFO - dec-start-outch512-inch384-factcp-r0.9-wh4-kern3-ind2s
2024-06-28 23:44:18,632 - Layer_fin - INFO - dec-end-outch512-inch384-factcp-r0.9-wh4-kern3-ind2s
2024-06-28 23:46:00,262 - Layer_fin - INFO - dec-start-outch512-inch384-facttucker-r0.1-wh4-kern5-ind1s
2024-06-29 00:03:33,181 - Layer_fin - INFO - dec-end-outch512-inch384-facttucker-r0.1-wh4-kern5-ind1s
2024-06-29 00:05:00,462 - Layer_fin - INFO - dec-start-outch512-inch384-facttucker-r0.1-wh4-kern5-ind2s
2024-06-29 00:22:33,395 - Layer_fin - INFO - dec-end-outch512-inch384-facttucker-r0.1-wh4-kern5-ind2s
2024-06-29 00:24:00,618 - Layer_fin - INFO - dec-start-outch512-inch384-facttucker-r0.25-wh4-kern5-ind1s
2024-06-29 00:53:27,037 - Layer_fin - INFO - dec-end-outch512-inch384-facttucker-r0.25-wh4-kern5-ind1s
2024-06-29 00:55:00,839 - Layer_fin - INFO - dec-start-outch512-inch384-facttucker-r0.25-wh4-kern5-ind2s
2024-06-29 01:24:26,232 - Layer_fin - INFO - dec-end-outch512-inch384-facttucker-r0.25-wh4-kern5-ind2s
2024-06-29 01:26:00,119 - Layer_fin - INFO - dec-start-outch512-inch384-facttucker-r0.5-wh4-kern5-ind1s
2024-06-29 02:13:18,081 - Layer_fin - INFO - dec-end-outch512-inch384-facttucker-r0.5-wh4-kern5-ind1s
2024-06-29 02:15:00,901 - Layer_fin - INFO - dec-start-outch512-inch384-facttucker-r0.5-wh4-kern5-ind2s
2024-06-29 03:02:19,797 - Layer_fin - INFO - dec-end-outch512-inch384-facttucker-r0.5-wh4-kern5-ind2s
2024-06-29 03:04:00,728 - Layer_fin - INFO - dec-start-outch512-inch384-facttucker-r0.75-wh4-kern5-ind1s
2024-06-29 04:12:43,492 - Layer_fin - INFO - dec-end-outch512-inch384-facttucker-r0.75-wh4-kern5-ind1s
2024-06-29 04:14:00,955 - Layer_fin - INFO - dec-start-outch512-inch384-facttucker-r0.75-wh4-kern5-ind2s
2024-06-29 05:22:45,798 - Layer_fin - INFO - dec-end-outch512-inch384-facttucker-r0.75-wh4-kern5-ind2s
2024-06-29 05:24:00,175 - Layer_fin - INFO - dec-start-outch512-inch384-facttucker-r0.9-wh4-kern5-ind1s
2024-06-29 06:42:29,182 - Layer_fin - INFO - dec-end-outch512-inch384-facttucker-r0.9-wh4-kern5-ind1s
2024-06-29 06:44:00,969 - Layer_fin - INFO - dec-start-outch512-inch384-facttucker-r0.9-wh4-kern5-ind2s
2024-06-29 08:02:32,041 - Layer_fin - INFO - dec-end-outch512-inch384-facttucker-r0.9-wh4-kern5-ind2s
2024-06-29 08:04:00,459 - Layer_fin - INFO - dec-start-outch512-inch384-facttt-r0.1-wh4-kern5-ind1s
2024-06-29 08:13:57,967 - Layer_fin - INFO - dec-end-outch512-inch384-facttt-r0.1-wh4-kern5-ind1s
2024-06-29 08:15:00,782 - Layer_fin - INFO - dec-start-outch512-inch384-facttt-r0.1-wh4-kern5-ind2s
2024-06-29 08:25:01,557 - Layer_fin - INFO - dec-end-outch512-inch384-facttt-r0.1-wh4-kern5-ind2s
2024-06-29 08:27:00,368 - Layer_fin - INFO - dec-start-outch512-inch384-facttt-r0.25-wh4-kern5-ind1s
2024-06-29 08:38:44,423 - Layer_fin - INFO - dec-end-outch512-inch384-facttt-r0.25-wh4-kern5-ind1s
2024-06-29 08:40:00,381 - Layer_fin - INFO - dec-start-outch512-inch384-facttt-r0.25-wh4-kern5-ind2s
2024-06-29 08:51:44,117 - Layer_fin - INFO - dec-end-outch512-inch384-facttt-r0.25-wh4-kern5-ind2s
2024-06-29 08:53:00,219 - Layer_fin - INFO - dec-start-outch512-inch384-facttt-r0.5-wh4-kern5-ind1s
2024-06-29 09:07:05,256 - Layer_fin - INFO - dec-end-outch512-inch384-facttt-r0.5-wh4-kern5-ind1s
2024-06-29 09:09:00,470 - Layer_fin - INFO - dec-start-outch512-inch384-facttt-r0.5-wh4-kern5-ind2s
2024-06-29 09:23:05,165 - Layer_fin - INFO - dec-end-outch512-inch384-facttt-r0.5-wh4-kern5-ind2s
2024-06-29 09:25:00,458 - Layer_fin - INFO - dec-start-outch512-inch384-facttt-r0.75-wh4-kern5-ind1s
2024-06-29 09:40:58,787 - Layer_fin - INFO - dec-end-outch512-inch384-facttt-r0.75-wh4-kern5-ind1s
2024-06-29 09:42:00,985 - Layer_fin - INFO - dec-start-outch512-inch384-facttt-r0.75-wh4-kern5-ind2s
2024-06-29 09:58:00,453 - Layer_fin - INFO - dec-end-outch512-inch384-facttt-r0.75-wh4-kern5-ind2s
2024-06-29 10:00:00,788 - Layer_fin - INFO - dec-start-outch512-inch384-facttt-r0.9-wh4-kern5-ind1s
2024-06-29 10:16:56,098 - Layer_fin - INFO - dec-end-outch512-inch384-facttt-r0.9-wh4-kern5-ind1s
2024-06-29 10:18:00,408 - Layer_fin - INFO - dec-start-outch512-inch384-facttt-r0.9-wh4-kern5-ind2s
2024-06-29 10:34:56,429 - Layer_fin - INFO - dec-end-outch512-inch384-facttt-r0.9-wh4-kern5-ind2s

2024-06-29 11:22:00,935 - Layer_fin - INFO - dec-start-outch512-inch384-factcp-r0.1-wh4-kern5-ind1s
2024-06-29 11:50:24,281 - Layer_fin - INFO - dec-end-outch512-inch384-factcp-r0.1-wh4-kern5-ind1s
2024-06-29 11:53:00,261 - Layer_fin - INFO - dec-start-outch512-inch384-factcp-r0.1-wh4-kern5-ind2s
2024-06-29 12:21:11,829 - Layer_fin - INFO - dec-end-outch512-inch384-factcp-r0.1-wh4-kern5-ind2s
2024-06-29 12:25:00,466 - Layer_fin - INFO - dec-start-outch512-inch384-factcp-r0.25-wh4-kern5-ind1s
2024-06-29 12:58:59,340 - Layer_fin - INFO - dec-end-outch512-inch384-factcp-r0.25-wh4-kern5-ind1s
2024-06-29 13:03:00,187 - Layer_fin - INFO - dec-start-outch512-inch384-factcp-r0.25-wh4-kern5-ind2s
2024-06-29 13:36:46,627 - Layer_fin - INFO - dec-end-outch512-inch384-factcp-r0.25-wh4-kern5-ind2s
2024-06-29 13:43:00,144 - Layer_fin - INFO - dec-start-outch512-inch384-factcp-r0.5-wh4-kern5-ind1s
2024-06-29 14:46:43,712 - Layer_fin - INFO - dec-end-outch512-inch384-factcp-r0.5-wh4-kern5-ind1s
2024-06-29 14:53:00,825 - Layer_fin - INFO - dec-start-outch512-inch384-factcp-r0.5-wh4-kern5-ind2s
2024-06-29 15:56:48,242 - Layer_fin - INFO - dec-end-outch512-inch384-factcp-r0.5-wh4-kern5-ind2s
2024-06-29 16:06:00,545 - Layer_fin - INFO - dec-start-outch512-inch384-factcp-r0.75-wh4-kern5-ind1s
2024-06-29 17:41:26,851 - Layer_fin - INFO - dec-end-outch512-inch384-factcp-r0.75-wh4-kern5-ind1s
2024-06-29 17:50:00,904 - Layer_fin - INFO - dec-start-outch512-inch384-factcp-r0.75-wh4-kern5-ind2s
2024-06-29 19:25:28,417 - Layer_fin - INFO - dec-end-outch512-inch384-factcp-r0.75-wh4-kern5-ind2s
2024-06-29 19:36:00,545 - Layer_fin - INFO - dec-start-outch512-inch384-factcp-r0.9-wh4-kern5-ind1s
2024-06-29 21:30:04,121 - Layer_fin - INFO - dec-end-outch512-inch384-factcp-r0.9-wh4-kern5-ind1s
2024-06-29 21:41:00,355 - Layer_fin - INFO - dec-start-outch512-inch384-factcp-r0.9-wh4-kern5-ind2s
2024-06-29 23:34:58,937 - Layer_fin - INFO - dec-end-outch512-inch384-factcp-r0.9-wh4-kern5-ind2s

2024-06-29 10:36:00,630 - Layer_fin - INFO - bas-start-outch512-inch384-wh4-kern5-ind1s
2024-06-29 10:57:00,849 - Layer_fin - INFO - bas-end-outch512-inch384-wh4-kern5-ind1s
2024-06-29 10:59:01,047 - Layer_fin - INFO - bas-start-outch512-inch384-wh4-kern5-ind2s
2024-06-29 11:19:56,929 - Layer_fin - INFO - bas-end-outch512-inch384-wh4-kern5-ind2s



