2024-06-10 13:38:00,503 - Layer_fin - INFO - dec-start-outch512-inch384-facttucker-r0.1-wh4-kernel1-ind1s
2024-06-10 13:43:00,405 - Layer_fin - INFO - dec-start-outch512-inch384-facttucker-r0.1-wh4-kernel1-ind1s
2024-06-10 13:48:34,960 - Layer_fin - INFO - dec-end-outch512-inch384-facttucker-r0.1-wh4-kernel1-ind1s
2024-06-10 13:50:00,186 - Layer_fin - INFO - dec-start-outch512-inch384-facttucker-r0.1-wh4-kernel1-ind2s
2024-06-10 13:55:34,410 - Layer_fin - INFO - dec-end-outch512-inch384-facttucker-r0.1-wh4-kernel1-ind2s
2024-06-10 13:57:00,730 - Layer_fin - INFO - dec-start-outch512-inch384-facttucker-r0.25-wh4-kernel1-ind1s
2024-06-10 14:02:36,392 - Layer_fin - INFO - dec-end-outch512-inch384-facttucker-r0.25-wh4-kernel1-ind1s
2024-06-10 14:04:00,736 - Layer_fin - INFO - dec-start-outch512-inch384-facttucker-r0.25-wh4-kernel1-ind2s
2024-06-10 14:09:38,386 - Layer_fin - INFO - dec-end-outch512-inch384-facttucker-r0.25-wh4-kernel1-ind2s
2024-06-10 14:11:00,045 - Layer_fin - INFO - dec-start-outch512-inch384-facttucker-r0.5-wh4-kernel1-ind1s
2024-06-10 14:16:40,568 - Layer_fin - INFO - dec-end-outch512-inch384-facttucker-r0.5-wh4-kernel1-ind1s
2024-06-10 14:18:01,004 - Layer_fin - INFO - dec-start-outch512-inch384-facttucker-r0.5-wh4-kernel1-ind2s
2024-06-10 14:23:43,231 - Layer_fin - INFO - dec-end-outch512-inch384-facttucker-r0.5-wh4-kernel1-ind2s
2024-06-10 14:25:00,941 - Layer_fin - INFO - dec-start-outch512-inch384-facttucker-r0.75-wh4-kernel1-ind1s
2024-06-10 14:30:41,395 - Layer_fin - INFO - dec-end-outch512-inch384-facttucker-r0.75-wh4-kernel1-ind1s
2024-06-10 14:32:00,402 - Layer_fin - INFO - dec-start-outch512-inch384-facttucker-r0.75-wh4-kernel1-ind2s
2024-06-10 14:37:45,442 - Layer_fin - INFO - dec-end-outch512-inch384-facttucker-r0.75-wh4-kernel1-ind2s
2024-06-10 14:39:00,238 - Layer_fin - INFO - dec-start-outch512-inch384-facttucker-r0.9-wh4-kernel1-ind1s
2024-06-10 14:44:28,229 - Layer_fin - INFO - dec-end-outch512-inch384-facttucker-r0.9-wh4-kernel1-ind1s
2024-06-10 14:46:01,024 - Layer_fin - INFO - dec-start-outch512-inch384-facttucker-r0.9-wh4-kernel1-ind2s
2024-06-10 14:51:18,426 - Layer_fin - INFO - dec-end-outch512-inch384-facttucker-r0.9-wh4-kernel1-ind2s
2024-06-10 14:53:00,580 - Layer_fin - INFO - dec-start-outch512-inch384-facttt-r0.1-wh4-kernel1-ind1s
2024-06-10 14:58:58,862 - Layer_fin - INFO - dec-end-outch512-inch384-facttt-r0.1-wh4-kernel1-ind1s
2024-06-10 15:00:00,925 - Layer_fin - INFO - dec-start-outch512-inch384-facttt-r0.1-wh4-kernel1-ind2s
2024-06-10 15:05:49,030 - Layer_fin - INFO - dec-end-outch512-inch384-facttt-r0.1-wh4-kernel1-ind2s
2024-06-10 15:07:00,201 - Layer_fin - INFO - dec-start-outch512-inch384-facttt-r0.25-wh4-kernel1-ind1s
2024-06-10 15:12:57,134 - Layer_fin - INFO - dec-end-outch512-inch384-facttt-r0.25-wh4-kernel1-ind1s
2024-06-10 15:14:00,264 - Layer_fin - INFO - dec-start-outch512-inch384-facttt-r0.25-wh4-kernel1-ind2s
2024-06-10 15:19:57,356 - Layer_fin - INFO - dec-end-outch512-inch384-facttt-r0.25-wh4-kernel1-ind2s
2024-06-10 15:21:00,632 - Layer_fin - INFO - dec-start-outch512-inch384-facttt-r0.5-wh4-kernel1-ind1s
2024-06-10 15:26:58,647 - Layer_fin - INFO - dec-end-outch512-inch384-facttt-r0.5-wh4-kernel1-ind1s
2024-06-10 15:28:00,921 - Layer_fin - INFO - dec-start-outch512-inch384-facttt-r0.5-wh4-kernel1-ind2s
2024-06-10 15:33:57,011 - Layer_fin - INFO - dec-end-outch512-inch384-facttt-r0.5-wh4-kernel1-ind2s
2024-06-10 15:35:00,331 - Layer_fin - INFO - dec-start-outch512-inch384-facttt-r0.75-wh4-kernel1-ind1s
2024-06-10 15:41:00,047 - Layer_fin - INFO - dec-end-outch512-inch384-facttt-r0.75-wh4-kernel1-ind1s
2024-06-10 15:43:00,376 - Layer_fin - INFO - dec-start-outch512-inch384-facttt-r0.75-wh4-kernel1-ind2s
2024-06-10 15:48:57,242 - Layer_fin - INFO - dec-end-outch512-inch384-facttt-r0.75-wh4-kernel1-ind2s
2024-06-10 15:50:00,731 - Layer_fin - INFO - dec-start-outch512-inch384-facttt-r0.9-wh4-kernel1-ind1s
2024-06-10 15:55:58,943 - Layer_fin - INFO - dec-end-outch512-inch384-facttt-r0.9-wh4-kernel1-ind1s
2024-06-10 15:57:00,436 - Layer_fin - INFO - dec-start-outch512-inch384-facttt-r0.9-wh4-kernel1-ind2s
2024-06-10 16:02:51,406 - Layer_fin - INFO - dec-end-outch512-inch384-facttt-r0.9-wh4-kernel1-ind2s
2024-06-10 16:04:00,481 - Layer_fin - INFO - bas-start-outch512-inch384-wh4-kernel1-ind1s
2024-06-10 16:06:13,005 - Layer_fin - INFO - bas-end-outch512-inch384-wh4-kernel1-ind1s
2024-06-10 16:08:00,104 - Layer_fin - INFO - bas-start-outch512-inch384-wh4-kernel1-ind2s
2024-06-10 16:10:08,189 - Layer_fin - INFO - bas-end-outch512-inch384-wh4-kernel1-ind2s
2024-06-10 16:12:00,900 - Layer_fin - INFO - dec-start-outch512-inch384-factcp-r0.1-wh4-kernel1-ind1s
2024-06-10 16:18:16,126 - Layer_fin - INFO - dec-end-outch512-inch384-factcp-r0.1-wh4-kernel1-ind1s
2024-06-10 16:20:00,887 - Layer_fin - INFO - dec-start-outch512-inch384-factcp-r0.1-wh4-kernel1-ind2s
2024-06-10 16:26:20,408 - Layer_fin - INFO - dec-end-outch512-inch384-factcp-r0.1-wh4-kernel1-ind2s
2024-06-10 16:28:00,494 - Layer_fin - INFO - dec-start-outch512-inch384-factcp-r0.25-wh4-kernel1-ind1s
2024-06-10 16:34:12,945 - Layer_fin - INFO - dec-end-outch512-inch384-factcp-r0.25-wh4-kernel1-ind1s
2024-06-10 16:36:00,154 - Layer_fin - INFO - dec-start-outch512-inch384-factcp-r0.25-wh4-kernel1-ind2s
2024-06-10 16:42:26,135 - Layer_fin - INFO - dec-end-outch512-inch384-factcp-r0.25-wh4-kernel1-ind2s
2024-06-10 16:44:00,471 - Layer_fin - INFO - dec-start-outch512-inch384-factcp-r0.5-wh4-kernel1-ind1s
2024-06-10 16:50:21,892 - Layer_fin - INFO - dec-end-outch512-inch384-factcp-r0.5-wh4-kernel1-ind1s
2024-06-10 16:52:00,217 - Layer_fin - INFO - dec-start-outch512-inch384-factcp-r0.5-wh4-kernel1-ind2s
2024-06-10 16:58:24,741 - Layer_fin - INFO - dec-end-outch512-inch384-factcp-r0.5-wh4-kernel1-ind2s
2024-06-10 17:00:00,226 - Layer_fin - INFO - dec-start-outch512-inch384-factcp-r0.75-wh4-kernel1-ind1s
2024-06-10 17:06:27,754 - Layer_fin - INFO - dec-end-outch512-inch384-factcp-r0.75-wh4-kernel1-ind1s
2024-06-10 17:08:00,223 - Layer_fin - INFO - dec-start-outch512-inch384-factcp-r0.75-wh4-kernel1-ind2s
2024-06-10 17:14:23,549 - Layer_fin - INFO - dec-end-outch512-inch384-factcp-r0.75-wh4-kernel1-ind2s
2024-06-10 17:16:00,336 - Layer_fin - INFO - dec-start-outch512-inch384-factcp-r0.9-wh4-kernel1-ind1s
2024-06-10 17:22:19,343 - Layer_fin - INFO - dec-end-outch512-inch384-factcp-r0.9-wh4-kernel1-ind1s
2024-06-10 17:24:00,292 - Layer_fin - INFO - dec-start-outch512-inch384-factcp-r0.9-wh4-kernel1-ind2s
2024-06-10 17:30:18,357 - Layer_fin - INFO - dec-end-outch512-inch384-factcp-r0.9-wh4-kernel1-ind2s


kernel=3
2024-06-10 17:32:00,352 - Layer_fin - INFO - dec-start-outch512-inch384-facttucker-r0.1-wh4-kernel3-ind1s
2024-06-10 17:38:08,777 - Layer_fin - INFO - dec-end-outch512-inch384-facttucker-r0.1-wh4-kernel3-ind1s
2024-06-10 17:40:00,308 - Layer_fin - INFO - dec-start-outch512-inch384-facttucker-r0.1-wh4-kernel3-ind2s
2024-06-10 17:46:18,696 - Layer_fin - INFO - dec-end-outch512-inch384-facttucker-r0.1-wh4-kernel3-ind2s
2024-06-10 17:48:00,408 - Layer_fin - INFO - dec-start-outch512-inch384-facttucker-r0.25-wh4-kernel3-ind1s
2024-06-10 17:56:27,754 - Layer_fin - INFO - dec-end-outch512-inch384-facttucker-r0.25-wh4-kernel3-ind1s
2024-06-10 17:58:00,819 - Layer_fin - INFO - dec-start-outch512-inch384-facttucker-r0.25-wh4-kernel3-ind2s
2024-06-10 18:06:27,935 - Layer_fin - INFO - dec-end-outch512-inch384-facttucker-r0.25-wh4-kernel3-ind2s
2024-06-10 18:08:00,058 - Layer_fin - INFO - dec-start-outch512-inch384-facttucker-r0.5-wh4-kernel3-ind1s
2024-06-10 18:23:40,480 - Layer_fin - INFO - dec-end-outch512-inch384-facttucker-r0.5-wh4-kernel3-ind1s
2024-06-10 18:25:00,754 - Layer_fin - INFO - dec-start-outch512-inch384-facttucker-r0.5-wh4-kernel3-ind2s
2024-06-10 18:40:40,854 - Layer_fin - INFO - dec-end-outch512-inch384-facttucker-r0.5-wh4-kernel3-ind2s
2024-06-10 18:42:00,389 - Layer_fin - INFO - dec-start-outch512-inch384-facttucker-r0.75-wh4-kernel3-ind1s
2024-06-10 19:05:00,592 - Layer_fin - INFO - dec-end-outch512-inch384-facttucker-r0.75-wh4-kernel3-ind1s
2024-06-10 19:07:00,145 - Layer_fin - INFO - dec-start-outch512-inch384-facttucker-r0.75-wh4-kernel3-ind2s
2024-06-10 19:29:59,783 - Layer_fin - INFO - dec-end-outch512-inch384-facttucker-r0.75-wh4-kernel3-ind2s
2024-06-10 19:32:00,509 - Layer_fin - INFO - dec-start-outch512-inch384-facttucker-r0.9-wh4-kernel3-ind1s
2024-06-10 19:59:16,915 - Layer_fin - INFO - dec-end-outch512-inch384-facttucker-r0.9-wh4-kernel3-ind1s
2024-06-10 20:01:00,940 - Layer_fin - INFO - dec-start-outch512-inch384-facttucker-r0.9-wh4-kernel3-ind2s
2024-06-10 20:28:17,563 - Layer_fin - INFO - dec-end-outch512-inch384-facttucker-r0.9-wh4-kernel3-ind2s
2024-06-10 20:30:00,228 - Layer_fin - INFO - dec-start-outch512-inch384-facttt-r0.1-wh4-kernel3-ind1s
2024-06-10 20:36:26,831 - Layer_fin - INFO - dec-end-outch512-inch384-facttt-r0.1-wh4-kernel3-ind1s
2024-06-10 20:38:00,505 - Layer_fin - INFO - dec-start-outch512-inch384-facttt-r0.1-wh4-kernel3-ind2s
2024-06-10 20:44:24,856 - Layer_fin - INFO - dec-end-outch512-inch384-facttt-r0.1-wh4-kernel3-ind2s
2024-06-10 20:46:00,228 - Layer_fin - INFO - dec-start-outch512-inch384-facttt-r0.25-wh4-kernel3-ind1s
2024-06-10 20:52:24,604 - Layer_fin - INFO - dec-end-outch512-inch384-facttt-r0.25-wh4-kernel3-ind1s
2024-06-10 20:54:01,000 - Layer_fin - INFO - dec-start-outch512-inch384-facttt-r0.25-wh4-kernel3-ind2s
2024-06-10 21:00:28,056 - Layer_fin - INFO - dec-end-outch512-inch384-facttt-r0.25-wh4-kernel3-ind2s
2024-06-10 21:02:00,464 - Layer_fin - INFO - dec-start-outch512-inch384-facttt-r0.5-wh4-kernel3-ind1s
2024-06-10 21:08:33,310 - Layer_fin - INFO - dec-end-outch512-inch384-facttt-r0.5-wh4-kernel3-ind1s
2024-06-10 21:10:00,707 - Layer_fin - INFO - dec-start-outch512-inch384-facttt-r0.5-wh4-kernel3-ind2s
2024-06-10 21:16:32,898 - Layer_fin - INFO - dec-end-outch512-inch384-facttt-r0.5-wh4-kernel3-ind2s
2024-06-10 21:18:00,311 - Layer_fin - INFO - dec-start-outch512-inch384-facttt-r0.75-wh4-kernel3-ind1s
2024-06-10 21:24:28,959 - Layer_fin - INFO - dec-end-outch512-inch384-facttt-r0.75-wh4-kernel3-ind1s
2024-06-10 21:26:00,252 - Layer_fin - INFO - dec-start-outch512-inch384-facttt-r0.75-wh4-kernel3-ind2s
2024-06-10 21:32:28,159 - Layer_fin - INFO - dec-end-outch512-inch384-facttt-r0.75-wh4-kernel3-ind2s
2024-06-10 21:34:00,520 - Layer_fin - INFO - dec-start-outch512-inch384-facttt-r0.9-wh4-kernel3-ind1s
2024-06-10 21:40:30,316 - Layer_fin - INFO - dec-end-outch512-inch384-facttt-r0.9-wh4-kernel3-ind1s
2024-06-10 21:42:00,721 - Layer_fin - INFO - dec-start-outch512-inch384-facttt-r0.9-wh4-kernel3-ind2s
2024-06-10 21:48:31,223 - Layer_fin - INFO - dec-end-outch512-inch384-facttt-r0.9-wh4-kernel3-ind2s
2024-06-10 21:50:00,309 - Layer_fin - INFO - bas-start-outch512-inch384-wh4-kernel3-ind1s
2024-06-10 21:52:42,124 - Layer_fin - INFO - bas-end-outch512-inch384-wh4-kernel3-ind1s
2024-06-10 21:54:00,214 - Layer_fin - INFO - bas-start-outch512-inch384-wh4-kernel3-ind2s
2024-06-10 21:56:40,303 - Layer_fin - INFO - bas-end-outch512-inch384-wh4-kernel3-ind2s
2024-06-10 21:58:00,847 - Layer_fin - INFO - dec-start-outch512-inch384-factcp-r0.1-wh4-kernel3-ind1s
2024-06-10 22:04:36,225 - Layer_fin - INFO - dec-end-outch512-inch384-factcp-r0.1-wh4-kernel3-ind1s
2024-06-10 22:06:00,903 - Layer_fin - INFO - dec-start-outch512-inch384-factcp-r0.1-wh4-kernel3-ind2s
2024-06-10 22:12:34,799 - Layer_fin - INFO - dec-end-outch512-inch384-factcp-r0.1-wh4-kernel3-ind2s
2024-06-10 22:15:01,026 - Layer_fin - INFO - dec-start-outch512-inch384-factcp-r0.25-wh4-kernel3-ind1s
2024-06-10 22:22:10,060 - Layer_fin - INFO - dec-end-outch512-inch384-factcp-r0.25-wh4-kernel3-ind1s
2024-06-10 22:24:00,261 - Layer_fin - INFO - dec-start-outch512-inch384-factcp-r0.25-wh4-kernel3-ind2s
2024-06-10 22:31:05,692 - Layer_fin - INFO - dec-end-outch512-inch384-factcp-r0.25-wh4-kernel3-ind2s
2024-06-10 22:34:00,939 - Layer_fin - INFO - dec-start-outch512-inch384-factcp-r0.5-wh4-kernel3-ind1s
2024-06-10 22:42:54,947 - Layer_fin - INFO - dec-end-outch512-inch384-factcp-r0.5-wh4-kernel3-ind1s
2024-06-10 22:46:00,088 - Layer_fin - INFO - dec-start-outch512-inch384-factcp-r0.5-wh4-kernel3-ind2s
2024-06-10 22:54:52,615 - Layer_fin - INFO - dec-end-outch512-inch384-factcp-r0.5-wh4-kernel3-ind2s
2024-06-10 22:58:00,395 - Layer_fin - INFO - dec-start-outch512-inch384-factcp-r0.75-wh4-kernel3-ind1s
2024-06-10 23:10:27,302 - Layer_fin - INFO - dec-end-outch512-inch384-factcp-r0.75-wh4-kernel3-ind1s
2024-06-10 23:14:00,341 - Layer_fin - INFO - dec-start-outch512-inch384-factcp-r0.75-wh4-kernel3-ind2s
2024-06-10 23:26:26,236 - Layer_fin - INFO - dec-end-outch512-inch384-factcp-r0.75-wh4-kernel3-ind2s
2024-06-10 23:30:00,523 - Layer_fin - INFO - dec-start-outch512-inch384-factcp-r0.9-wh4-kernel3-ind1s
2024-06-10 23:44:37,217 - Layer_fin - INFO - dec-end-outch512-inch384-factcp-r0.9-wh4-kernel3-ind1s
2024-06-10 23:49:00,228 - Layer_fin - INFO - dec-start-outch512-inch384-factcp-r0.9-wh4-kernel3-ind2s
2024-06-11 00:03:36,420 - Layer_fin - INFO - dec-end-outch512-inch384-factcp-r0.9-wh4-kernel3-ind2s

kernel=5
2024-06-11 00:05:00,439 - Layer_fin - INFO - dec-start-outch512-inch384-facttucker-r0.1-wh4-kernel5-ind1s
2024-06-11 00:13:34,523 - Layer_fin - INFO - dec-end-outch512-inch384-facttucker-r0.1-wh4-kernel5-ind1s
2024-06-11 00:15:00,597 - Layer_fin - INFO - dec-start-outch512-inch384-facttucker-r0.1-wh4-kernel5-ind2s
2024-06-11 00:23:38,432 - Layer_fin - INFO - dec-end-outch512-inch384-facttucker-r0.1-wh4-kernel5-ind2s
2024-06-11 00:25:00,220 - Layer_fin - INFO - dec-start-outch512-inch384-facttucker-r0.25-wh4-kernel5-ind1s
2024-06-11 00:44:00,347 - Layer_fin - INFO - dec-end-outch512-inch384-facttucker-r0.25-wh4-kernel5-ind1s
2024-06-11 00:46:00,689 - Layer_fin - INFO - dec-start-outch512-inch384-facttucker-r0.25-wh4-kernel5-ind2s
2024-06-11 01:04:59,139 - Layer_fin - INFO - dec-end-outch512-inch384-facttucker-r0.25-wh4-kernel5-ind2s
2024-06-11 01:07:00,525 - Layer_fin - INFO - dec-start-outch512-inch384-facttucker-r0.5-wh4-kernel5-ind1s
2024-06-11 01:42:50,162 - Layer_fin - INFO - dec-end-outch512-inch384-facttucker-r0.5-wh4-kernel5-ind1s
2024-06-11 01:44:00,656 - Layer_fin - INFO - dec-start-outch512-inch384-facttucker-r0.5-wh4-kernel5-ind2s
2024-06-11 02:19:52,536 - Layer_fin - INFO - dec-end-outch512-inch384-facttucker-r0.5-wh4-kernel5-ind2s
2024-06-11 02:21:00,258 - Layer_fin - INFO - dec-start-outch512-inch384-facttucker-r0.75-wh4-kernel5-ind1s
2024-06-11 03:14:45,801 - Layer_fin - INFO - dec-end-outch512-inch384-facttucker-r0.75-wh4-kernel5-ind1s
2024-06-11 03:16:00,552 - Layer_fin - INFO - dec-start-outch512-inch384-facttucker-r0.75-wh4-kernel5-ind2s
2024-06-11 04:09:47,197 - Layer_fin - INFO - dec-end-outch512-inch384-facttucker-r0.75-wh4-kernel5-ind2s
2024-06-11 04:11:00,228 - Layer_fin - INFO - dec-start-outch512-inch384-facttucker-r0.9-wh4-kernel5-ind1s
2024-06-11 05:15:17,158 - Layer_fin - INFO - dec-end-outch512-inch384-facttucker-r0.9-wh4-kernel5-ind1s
2024-06-11 05:17:00,470 - Layer_fin - INFO - dec-start-outch512-inch384-facttucker-r0.9-wh4-kernel5-ind2s
2024-06-11 06:21:15,928 - Layer_fin - INFO - dec-end-outch512-inch384-facttucker-r0.9-wh4-kernel5-ind2s
2024-06-11 06:23:00,799 - Layer_fin - INFO - dec-start-outch512-inch384-facttt-r0.1-wh4-kernel5-ind1s
2024-06-11 06:29:15,159 - Layer_fin - INFO - dec-end-outch512-inch384-facttt-r0.1-wh4-kernel5-ind1s
2024-06-11 06:31:00,040 - Layer_fin - INFO - dec-start-outch512-inch384-facttt-r0.1-wh4-kernel5-ind2s
2024-06-11 06:37:17,736 - Layer_fin - INFO - dec-end-outch512-inch384-facttt-r0.1-wh4-kernel5-ind2s
2024-06-11 06:39:00,716 - Layer_fin - INFO - dec-start-outch512-inch384-facttt-r0.25-wh4-kernel5-ind1s
2024-06-11 06:45:20,701 - Layer_fin - INFO - dec-end-outch512-inch384-facttt-r0.25-wh4-kernel5-ind1s
2024-06-11 06:47:00,672 - Layer_fin - INFO - dec-start-outch512-inch384-facttt-r0.25-wh4-kernel5-ind2s
2024-06-11 06:53:24,938 - Layer_fin - INFO - dec-end-outch512-inch384-facttt-r0.25-wh4-kernel5-ind2s
2024-06-11 06:55:00,034 - Layer_fin - INFO - dec-start-outch512-inch384-facttt-r0.5-wh4-kernel5-ind1s
2024-06-11 07:02:52,681 - Layer_fin - INFO - dec-end-outch512-inch384-facttt-r0.5-wh4-kernel5-ind1s
2024-06-11 07:04:00,803 - Layer_fin - INFO - dec-start-outch512-inch384-facttt-r0.5-wh4-kernel5-ind2s
2024-06-11 07:11:52,109 - Layer_fin - INFO - dec-end-outch512-inch384-facttt-r0.5-wh4-kernel5-ind2s
2024-06-11 07:13:00,420 - Layer_fin - INFO - dec-start-outch512-inch384-facttt-r0.75-wh4-kernel5-ind1s
2024-06-11 07:22:10,551 - Layer_fin - INFO - dec-end-outch512-inch384-facttt-r0.75-wh4-kernel5-ind1s
2024-06-11 07:24:00,824 - Layer_fin - INFO - dec-start-outch512-inch384-facttt-r0.75-wh4-kernel5-ind2s
2024-06-11 07:33:07,182 - Layer_fin - INFO - dec-end-outch512-inch384-facttt-r0.75-wh4-kernel5-ind2s
2024-06-11 07:35:00,580 - Layer_fin - INFO - dec-start-outch512-inch384-facttt-r0.9-wh4-kernel5-ind1s
2024-06-11 07:45:08,706 - Layer_fin - INFO - dec-end-outch512-inch384-facttt-r0.9-wh4-kernel5-ind1s
2024-06-11 07:47:00,168 - Layer_fin - INFO - dec-start-outch512-inch384-facttt-r0.9-wh4-kernel5-ind2s
2024-06-11 07:57:09,557 - Layer_fin - INFO - dec-end-outch512-inch384-facttt-r0.9-wh4-kernel5-ind2s
2024-06-11 07:59:00,700 - Layer_fin - INFO - bas-start-outch512-inch384-wh4-kernel5-ind1s
2024-06-11 08:04:08,186 - Layer_fin - INFO - bas-end-outch512-inch384-wh4-kernel5-ind1s
2024-06-11 08:06:00,304 - Layer_fin - INFO - bas-start-outch512-inch384-wh4-kernel5-ind2s
2024-06-11 08:11:07,733 - Layer_fin - INFO - bas-end-outch512-inch384-wh4-kernel5-ind2s
2024-06-11 08:13:00,799 - Layer_fin - INFO - dec-start-outch512-inch384-factcp-r0.1-wh4-kernel5-ind1s
2024-06-11 08:21:05,628 - Layer_fin - INFO - dec-end-outch512-inch384-factcp-r0.1-wh4-kernel5-ind1s
2024-06-11 08:23:00,864 - Layer_fin - INFO - dec-start-outch512-inch384-factcp-r0.1-wh4-kernel5-ind2s
2024-06-11 08:31:02,941 - Layer_fin - INFO - dec-end-outch512-inch384-factcp-r0.1-wh4-kernel5-ind2s
2024-06-11 08:35:00,414 - Layer_fin - INFO - dec-start-outch512-inch384-factcp-r0.25-wh4-kernel5-ind1s
2024-06-11 08:47:42,902 - Layer_fin - INFO - dec-end-outch512-inch384-factcp-r0.25-wh4-kernel5-ind1s
2024-06-11 08:51:00,561 - Layer_fin - INFO - dec-start-outch512-inch384-factcp-r0.25-wh4-kernel5-ind2s
2024-06-11 09:03:40,593 - Layer_fin - INFO - dec-end-outch512-inch384-factcp-r0.25-wh4-kernel5-ind2s
2024-06-11 09:10:00,059 - Layer_fin - INFO - dec-start-outch512-inch384-factcp-r0.5-wh4-kernel5-ind1s
2024-06-11 09:33:38,570 - Layer_fin - INFO - dec-end-outch512-inch384-factcp-r0.5-wh4-kernel5-ind1s
2024-06-11 09:40:00,913 - Layer_fin - INFO - dec-start-outch512-inch384-factcp-r0.5-wh4-kernel5-ind2s
2024-06-11 10:03:39,515 - Layer_fin - INFO - dec-end-outch512-inch384-factcp-r0.5-wh4-kernel5-ind2s
2024-06-11 10:12:00,994 - Layer_fin - INFO - dec-start-outch512-inch384-factcp-r0.75-wh4-kernel5-ind1s
2024-06-11 10:46:15,360 - Layer_fin - INFO - dec-end-outch512-inch384-factcp-r0.75-wh4-kernel5-ind1s
2024-06-11 10:55:00,414 - Layer_fin - INFO - dec-start-outch512-inch384-factcp-r0.75-wh4-kernel5-ind2s
2024-06-11 11:29:15,163 - Layer_fin - INFO - dec-end-outch512-inch384-factcp-r0.75-wh4-kernel5-ind2s
2024-06-11 11:39:00,357 - Layer_fin - INFO - dec-start-outch512-inch384-factcp-r0.9-wh4-kernel5-ind1s
2024-06-11 12:20:11,943 - Layer_fin - INFO - dec-end-outch512-inch384-factcp-r0.9-wh4-kernel5-ind1s
2024-06-11 12:30:00,354 - Layer_fin - INFO - dec-start-outch512-inch384-factcp-r0.9-wh4-kernel5-ind2s
2024-06-11 13:11:11,325 - Layer_fin - INFO - dec-end-outch512-inch384-factcp-r0.9-wh4-kernel5-ind2s
