2024-05-29 21:58:00,491 - GVD - INFO - dec-start-outch128-inch16-facttt-r0.1-wh4-ind1s
2024-05-29 22:00:23,366 - GVD - INFO - dec-end-outch128-inch16-facttt-r0.1-wh4-ind1s
2024-05-29 22:02:00,421 - GVD - INFO - dec-start-outch128-inch16-facttt-r0.1-wh4-ind2s
2024-05-29 22:04:22,822 - GVD - INFO - dec-end-outch128-inch16-facttt-r0.1-wh4-ind2s
2024-05-29 22:06:00,866 - GVD - INFO - dec-start-outch128-inch16-facttt-r0.1-wh4-ind3s
2024-05-29 22:08:22,916 - GVD - INFO - dec-end-outch128-inch16-facttt-r0.1-wh4-ind3s
2024-05-29 22:10:00,940 - GVD - INFO - dec-start-outch128-inch16-facttt-r0.25-wh4-ind1s
2024-05-29 22:12:36,831 - GVD - INFO - dec-end-outch128-inch16-facttt-r0.25-wh4-ind1s
2024-05-29 22:14:00,902 - GVD - INFO - dec-start-outch128-inch16-facttt-r0.25-wh4-ind2s
2024-05-29 22:16:38,390 - GVD - INFO - dec-end-outch128-inch16-facttt-r0.25-wh4-ind2s
2024-05-29 22:18:00,476 - GVD - INFO - dec-start-outch128-inch16-facttt-r0.25-wh4-ind3s
2024-05-29 22:20:35,734 - GVD - INFO - dec-end-outch128-inch16-facttt-r0.25-wh4-ind3s
2024-05-29 22:22:00,829 - GVD - INFO - dec-start-outch128-inch16-facttt-r0.5-wh4-ind1s
2024-05-29 22:24:54,962 - GVD - INFO - dec-end-outch128-inch16-facttt-r0.5-wh4-ind1s
2024-05-29 22:26:00,991 - GVD - INFO - dec-start-outch128-inch16-facttt-r0.5-wh4-ind2s
2024-05-29 22:28:55,834 - GVD - INFO - dec-end-outch128-inch16-facttt-r0.5-wh4-ind2s
2024-05-29 22:30:00,904 - GVD - INFO - dec-start-outch128-inch16-facttt-r0.5-wh4-ind3s
2024-05-29 22:32:56,132 - GVD - INFO - dec-end-outch128-inch16-facttt-r0.5-wh4-ind3s
2024-05-29 22:34:00,198 - GVD - INFO - dec-start-outch128-inch16-facttt-r0.75-wh4-ind1s
2024-05-29 22:37:03,344 - GVD - INFO - dec-end-outch128-inch16-facttt-r0.75-wh4-ind1s
2024-05-29 22:39:00,467 - GVD - INFO - dec-start-outch128-inch16-facttt-r0.75-wh4-ind2s
2024-05-29 22:42:02,330 - GVD - INFO - dec-end-outch128-inch16-facttt-r0.75-wh4-ind2s
2024-05-29 22:44:00,452 - GVD - INFO - dec-start-outch128-inch16-facttt-r0.75-wh4-ind3s
2024-05-29 22:47:03,961 - GVD - INFO - dec-end-outch128-inch16-facttt-r0.75-wh4-ind3s
2024-05-29 22:49:00,091 - GVD - INFO - dec-start-outch128-inch16-facttt-r0.9-wh4-ind1s
2024-05-29 22:52:00,886 - GVD - INFO - dec-end-outch128-inch16-facttt-r0.9-wh4-ind1s
2024-05-29 22:54:00,957 - GVD - INFO - dec-start-outch128-inch16-facttt-r0.9-wh4-ind2s
2024-05-29 22:57:02,742 - GVD - INFO - dec-end-outch128-inch16-facttt-r0.9-wh4-ind2s
2024-05-29 22:59:00,809 - GVD - INFO - dec-start-outch128-inch16-facttt-r0.9-wh4-ind3s
2024-05-29 23:02:02,813 - GVD - INFO - dec-end-outch128-inch16-facttt-r0.9-wh4-ind3s
2024-05-29 23:04:00,933 - GVD - INFO - dec-start-outch128-inch32-facttt-r0.1-wh4-ind1s
2024-05-29 23:06:29,074 - GVD - INFO - dec-end-outch128-inch32-facttt-r0.1-wh4-ind1s
2024-05-29 23:08:00,169 - GVD - INFO - dec-start-outch128-inch32-facttt-r0.1-wh4-ind2s
2024-05-29 23:10:28,083 - GVD - INFO - dec-end-outch128-inch32-facttt-r0.1-wh4-ind2s
2024-05-29 23:12:00,157 - GVD - INFO - dec-start-outch128-inch32-facttt-r0.1-wh4-ind3s
2024-05-29 23:14:27,704 - GVD - INFO - dec-end-outch128-inch32-facttt-r0.1-wh4-ind3s
2024-05-29 23:16:00,742 - GVD - INFO - dec-start-outch128-inch32-facttt-r0.25-wh4-ind1s
2024-05-29 23:19:01,748 - GVD - INFO - dec-end-outch128-inch32-facttt-r0.25-wh4-ind1s
2024-05-29 23:21:00,829 - GVD - INFO - dec-start-outch128-inch32-facttt-r0.25-wh4-ind2s
2024-05-29 23:24:01,990 - GVD - INFO - dec-end-outch128-inch32-facttt-r0.25-wh4-ind2s
2024-05-29 23:26:00,069 - GVD - INFO - dec-start-outch128-inch32-facttt-r0.25-wh4-ind3s
2024-05-29 23:29:01,059 - GVD - INFO - dec-end-outch128-inch32-facttt-r0.25-wh4-ind3s
2024-05-29 23:31:00,186 - GVD - INFO - dec-start-outch128-inch32-facttt-r0.5-wh4-ind1s
2024-05-29 23:34:18,589 - GVD - INFO - dec-end-outch128-inch32-facttt-r0.5-wh4-ind1s
2024-05-29 23:36:00,637 - GVD - INFO - dec-start-outch128-inch32-facttt-r0.5-wh4-ind2s
2024-05-29 23:39:22,673 - GVD - INFO - dec-end-outch128-inch32-facttt-r0.5-wh4-ind2s
2024-05-29 23:41:00,725 - GVD - INFO - dec-start-outch128-inch32-facttt-r0.5-wh4-ind3s
2024-05-29 23:44:20,094 - GVD - INFO - dec-end-outch128-inch32-facttt-r0.5-wh4-ind3s
2024-05-29 23:46:00,185 - GVD - INFO - dec-start-outch128-inch32-facttt-r0.75-wh4-ind1s
2024-05-29 23:49:16,252 - GVD - INFO - dec-end-outch128-inch32-facttt-r0.75-wh4-ind1s
2024-05-29 23:51:00,363 - GVD - INFO - dec-start-outch128-inch32-facttt-r0.75-wh4-ind2s
2024-05-29 23:54:16,939 - GVD - INFO - dec-end-outch128-inch32-facttt-r0.75-wh4-ind2s
2024-05-29 23:56:00,045 - GVD - INFO - dec-start-outch128-inch32-facttt-r0.75-wh4-ind3s
2024-05-29 23:59:16,374 - GVD - INFO - dec-end-outch128-inch32-facttt-r0.75-wh4-ind3s
2024-05-30 00:01:00,487 - GVD - INFO - dec-start-outch128-inch32-facttt-r0.9-wh4-ind1s
2024-05-30 00:04:54,820 - GVD - INFO - dec-end-outch128-inch32-facttt-r0.9-wh4-ind1s
2024-05-30 00:06:00,835 - GVD - INFO - dec-start-outch128-inch32-facttt-r0.9-wh4-ind2s
2024-05-30 00:09:57,384 - GVD - INFO - dec-end-outch128-inch32-facttt-r0.9-wh4-ind2s
2024-05-30 00:11:00,455 - GVD - INFO - dec-start-outch128-inch32-facttt-r0.9-wh4-ind3s
2024-05-30 00:14:56,197 - GVD - INFO - dec-end-outch128-inch32-facttt-r0.9-wh4-ind3s
2024-05-30 00:16:00,270 - GVD - INFO - dec-start-outch128-inch48-facttt-r0.1-wh4-ind1s
2024-05-30 00:18:54,693 - GVD - INFO - dec-end-outch128-inch48-facttt-r0.1-wh4-ind1s
2024-05-30 00:20:00,765 - GVD - INFO - dec-start-outch128-inch48-facttt-r0.1-wh4-ind2s
2024-05-30 00:22:54,706 - GVD - INFO - dec-end-outch128-inch48-facttt-r0.1-wh4-ind2s
2024-05-30 00:24:00,720 - GVD - INFO - dec-start-outch128-inch48-facttt-r0.1-wh4-ind3s
2024-05-30 00:26:54,847 - GVD - INFO - dec-end-outch128-inch48-facttt-r0.1-wh4-ind3s
2024-05-30 00:28:00,920 - GVD - INFO - dec-start-outch128-inch48-facttt-r0.25-wh4-ind1s
2024-05-30 00:31:19,386 - GVD - INFO - dec-end-outch128-inch48-facttt-r0.25-wh4-ind1s
2024-05-30 00:33:00,493 - GVD - INFO - dec-start-outch128-inch48-facttt-r0.25-wh4-ind2s
2024-05-30 00:36:18,118 - GVD - INFO - dec-end-outch128-inch48-facttt-r0.25-wh4-ind2s
2024-05-30 00:38:00,226 - GVD - INFO - dec-start-outch128-inch48-facttt-r0.25-wh4-ind3s
2024-05-30 00:41:16,325 - GVD - INFO - dec-end-outch128-inch48-facttt-r0.25-wh4-ind3s
2024-05-30 00:43:00,385 - GVD - INFO - dec-start-outch128-inch48-facttt-r0.5-wh4-ind1s
2024-05-30 00:46:38,055 - GVD - INFO - dec-end-outch128-inch48-facttt-r0.5-wh4-ind1s
2024-05-30 00:48:00,145 - GVD - INFO - dec-start-outch128-inch48-facttt-r0.5-wh4-ind2s
2024-05-30 00:51:37,632 - GVD - INFO - dec-end-outch128-inch48-facttt-r0.5-wh4-ind2s
2024-05-30 00:53:00,702 - GVD - INFO - dec-start-outch128-inch48-facttt-r0.5-wh4-ind3s
2024-05-30 00:56:39,292 - GVD - INFO - dec-end-outch128-inch48-facttt-r0.5-wh4-ind3s
2024-05-30 00:58:00,381 - GVD - INFO - dec-start-outch128-inch48-facttt-r0.75-wh4-ind1s
2024-05-30 01:02:15,103 - GVD - INFO - dec-end-outch128-inch48-facttt-r0.75-wh4-ind1s
2024-05-30 01:04:00,139 - GVD - INFO - dec-start-outch128-inch48-facttt-r0.75-wh4-ind2s
2024-05-30 01:08:15,116 - GVD - INFO - dec-end-outch128-inch48-facttt-r0.75-wh4-ind2s
2024-05-30 01:10:00,192 - GVD - INFO - dec-start-outch128-inch48-facttt-r0.75-wh4-ind3s
2024-05-30 01:14:15,689 - GVD - INFO - dec-end-outch128-inch48-facttt-r0.75-wh4-ind3s
2024-05-30 01:16:00,785 - GVD - INFO - dec-start-outch128-inch48-facttt-r0.9-wh4-ind1s
2024-05-30 01:20:30,071 - GVD - INFO - dec-end-outch128-inch48-facttt-r0.9-wh4-ind1s
2024-05-30 01:22:00,169 - GVD - INFO - dec-start-outch128-inch48-facttt-r0.9-wh4-ind2s
2024-05-30 01:26:28,765 - GVD - INFO - dec-end-outch128-inch48-facttt-r0.9-wh4-ind2s
2024-05-30 01:28:00,849 - GVD - INFO - dec-start-outch128-inch48-facttt-r0.9-wh4-ind3s
2024-05-30 01:32:29,770 - GVD - INFO - dec-end-outch128-inch48-facttt-r0.9-wh4-ind3s
2024-05-30 01:34:00,804 - GVD - INFO - dec-start-outch128-inch64-facttt-r0.1-wh4-ind1s
2024-05-30 01:37:01,265 - GVD - INFO - dec-end-outch128-inch64-facttt-r0.1-wh4-ind1s
2024-05-30 01:39:00,390 - GVD - INFO - dec-start-outch128-inch64-facttt-r0.1-wh4-ind2s
2024-05-30 01:42:01,708 - GVD - INFO - dec-end-outch128-inch64-facttt-r0.1-wh4-ind2s
2024-05-30 01:44:00,833 - GVD - INFO - dec-start-outch128-inch64-facttt-r0.1-wh4-ind3s
2024-05-30 01:47:02,666 - GVD - INFO - dec-end-outch128-inch64-facttt-r0.1-wh4-ind3s
2024-05-30 01:49:00,793 - GVD - INFO - dec-start-outch128-inch64-facttt-r0.25-wh4-ind1s
2024-05-30 01:52:44,648 - GVD - INFO - dec-end-outch128-inch64-facttt-r0.25-wh4-ind1s
2024-05-30 01:54:00,732 - GVD - INFO - dec-start-outch128-inch64-facttt-r0.25-wh4-ind2s
2024-05-30 01:57:44,072 - GVD - INFO - dec-end-outch128-inch64-facttt-r0.25-wh4-ind2s
2024-05-30 01:59:00,102 - GVD - INFO - dec-start-outch128-inch64-facttt-r0.25-wh4-ind3s
2024-05-30 02:02:43,981 - GVD - INFO - dec-end-outch128-inch64-facttt-r0.25-wh4-ind3s
2024-05-30 02:04:00,009 - GVD - INFO - dec-start-outch128-inch64-facttt-r0.5-wh4-ind1s
2024-05-30 02:07:48,711 - GVD - INFO - dec-end-outch128-inch64-facttt-r0.5-wh4-ind1s
2024-05-30 02:09:00,748 - GVD - INFO - dec-start-outch128-inch64-facttt-r0.5-wh4-ind2s
2024-05-30 02:12:51,286 - GVD - INFO - dec-end-outch128-inch64-facttt-r0.5-wh4-ind2s
2024-05-30 02:14:00,366 - GVD - INFO - dec-start-outch128-inch64-facttt-r0.5-wh4-ind3s
2024-05-30 02:17:50,674 - GVD - INFO - dec-end-outch128-inch64-facttt-r0.5-wh4-ind3s
2024-05-30 02:19:00,727 - GVD - INFO - dec-start-outch128-inch64-facttt-r0.75-wh4-ind1s
2024-05-30 02:23:47,028 - GVD - INFO - dec-end-outch128-inch64-facttt-r0.75-wh4-ind1s
2024-05-30 02:25:00,057 - GVD - INFO - dec-start-outch128-inch64-facttt-r0.75-wh4-ind2s
2024-05-30 02:29:46,244 - GVD - INFO - dec-end-outch128-inch64-facttt-r0.75-wh4-ind2s
2024-05-30 02:31:00,283 - GVD - INFO - dec-start-outch128-inch64-facttt-r0.75-wh4-ind3s
2024-05-30 02:35:45,814 - GVD - INFO - dec-end-outch128-inch64-facttt-r0.75-wh4-ind3s
2024-05-30 02:37:00,876 - GVD - INFO - dec-start-outch128-inch64-facttt-r0.9-wh4-ind1s
2024-05-30 02:42:07,564 - GVD - INFO - dec-end-outch128-inch64-facttt-r0.9-wh4-ind1s
2024-05-30 02:44:00,639 - GVD - INFO - dec-start-outch128-inch64-facttt-r0.9-wh4-ind2s
2024-05-30 02:49:06,993 - GVD - INFO - dec-end-outch128-inch64-facttt-r0.9-wh4-ind2s
2024-05-30 02:51:00,102 - GVD - INFO - dec-start-outch128-inch64-facttt-r0.9-wh4-ind3s
2024-05-30 02:56:06,347 - GVD - INFO - dec-end-outch128-inch64-facttt-r0.9-wh4-ind3s
2024-05-30 02:58:00,402 - GVD - INFO - bas-start-outch128-inch16-wh4-ind1s
2024-05-30 02:58:36,125 - GVD - INFO - bas-end-outch128-inch16-wh4-ind1s
2024-05-30 03:00:00,210 - GVD - INFO - bas-start-outch128-inch16-wh4-ind2s
2024-05-30 03:00:35,536 - GVD - INFO - bas-end-outch128-inch16-wh4-ind2s
2024-05-30 03:02:00,617 - GVD - INFO - bas-start-outch128-inch16-wh4-ind3s
2024-05-30 03:02:36,124 - GVD - INFO - bas-end-outch128-inch16-wh4-ind3s
2024-05-30 03:04:00,210 - GVD - INFO - bas-start-outch128-inch32-wh4-ind1s
2024-05-30 03:04:52,823 - GVD - INFO - bas-end-outch128-inch32-wh4-ind1s
2024-05-30 03:06:00,833 - GVD - INFO - bas-start-outch128-inch32-wh4-ind2s
2024-05-30 03:06:54,176 - GVD - INFO - bas-end-outch128-inch32-wh4-ind2s
2024-05-30 03:08:00,243 - GVD - INFO - bas-start-outch128-inch32-wh4-ind3s
2024-05-30 03:08:53,083 - GVD - INFO - bas-end-outch128-inch32-wh4-ind3s
2024-05-30 03:10:00,151 - GVD - INFO - bas-start-outch128-inch48-wh4-ind1s
2024-05-30 03:11:12,178 - GVD - INFO - bas-end-outch128-inch48-wh4-ind1s
2024-05-30 03:13:00,253 - GVD - INFO - bas-start-outch128-inch48-wh4-ind2s
2024-05-30 03:14:12,372 - GVD - INFO - bas-end-outch128-inch48-wh4-ind2s
2024-05-30 03:16:00,443 - GVD - INFO - bas-start-outch128-inch48-wh4-ind3s
2024-05-30 03:17:12,658 - GVD - INFO - bas-end-outch128-inch48-wh4-ind3s
2024-05-30 03:19:00,769 - GVD - INFO - bas-start-outch128-inch64-wh4-ind1s
2024-05-30 03:20:35,787 - GVD - INFO - bas-end-outch128-inch64-wh4-ind1s
2024-05-30 03:22:00,869 - GVD - INFO - bas-start-outch128-inch64-wh4-ind2s
2024-05-30 03:23:38,866 - GVD - INFO - bas-end-outch128-inch64-wh4-ind2s
2024-05-30 03:25:00,899 - GVD - INFO - bas-start-outch128-inch64-wh4-ind3s
2024-05-30 03:26:35,188 - GVD - INFO - bas-end-outch128-inch64-wh4-ind3s


Meeeeer epochs!



2024-05-30 09:26:00,098 - GVD - INFO - dec-start-outch128-inch16-facttt-r0.1-wh4-ind1s
2024-05-30 09:29:09,656 - GVD - INFO - dec-end-outch128-inch16-facttt-r0.1-wh4-ind1s
2024-05-30 09:49:17,251 - GVD - INFO - dec-start-outch128-inch32-facttt-r0.1-wh4-ind1s
2024-05-30 10:01:00,296 - GVD - INFO - dec-start-outch128-inch32-facttt-r0.1-wh4-ind1s
2024-05-30 10:05:09,010 - GVD - INFO - dec-end-outch128-inch32-facttt-r0.1-wh4-ind1s
2024-05-30 10:07:00,126 - GVD - INFO - dec-start-outch128-inch32-facttt-r0.1-wh4-ind2s
2024-05-30 10:11:07,465 - GVD - INFO - dec-end-outch128-inch32-facttt-r0.1-wh4-ind2s
2024-05-30 10:13:00,528 - GVD - INFO - dec-start-outch128-inch32-facttt-r0.1-wh4-ind3s
2024-05-30 10:17:06,126 - GVD - INFO - dec-end-outch128-inch32-facttt-r0.1-wh4-ind3s
2024-05-30 10:19:00,246 - GVD - INFO - dec-start-outch128-inch32-facttt-r0.25-wh4-ind1s
2024-05-30 10:24:04,351 - GVD - INFO - dec-end-outch128-inch32-facttt-r0.25-wh4-ind1s
2024-05-30 10:26:00,457 - GVD - INFO - dec-start-outch128-inch32-facttt-r0.25-wh4-ind2s
2024-05-30 10:31:05,835 - GVD - INFO - dec-end-outch128-inch32-facttt-r0.25-wh4-ind2s
2024-05-30 10:33:00,907 - GVD - INFO - dec-start-outch128-inch32-facttt-r0.25-wh4-ind3s
2024-05-30 10:38:08,214 - GVD - INFO - dec-end-outch128-inch32-facttt-r0.25-wh4-ind3s
2024-05-30 10:40:00,332 - GVD - INFO - dec-start-outch128-inch32-facttt-r0.5-wh4-ind1s
2024-05-30 10:45:36,055 - GVD - INFO - dec-end-outch128-inch32-facttt-r0.5-wh4-ind1s
2024-05-30 10:47:00,131 - GVD - INFO - dec-start-outch128-inch32-facttt-r0.5-wh4-ind2s
2024-05-30 10:52:37,784 - GVD - INFO - dec-end-outch128-inch32-facttt-r0.5-wh4-ind2s
2024-05-30 10:54:00,859 - GVD - INFO - dec-start-outch128-inch32-facttt-r0.5-wh4-ind3s
2024-05-30 10:59:34,972 - GVD - INFO - dec-end-outch128-inch32-facttt-r0.5-wh4-ind3s
2024-05-30 11:01:00,053 - GVD - INFO - dec-start-outch128-inch32-facttt-r0.75-wh4-ind1s
2024-05-30 11:06:34,417 - GVD - INFO - dec-end-outch128-inch32-facttt-r0.75-wh4-ind1s
2024-05-30 11:08:00,510 - GVD - INFO - dec-start-outch128-inch32-facttt-r0.75-wh4-ind2s
2024-05-30 11:13:33,777 - GVD - INFO - dec-end-outch128-inch32-facttt-r0.75-wh4-ind2s
2024-05-30 11:15:00,813 - GVD - INFO - dec-start-outch128-inch32-facttt-r0.75-wh4-ind3s
2024-05-30 11:20:33,216 - GVD - INFO - dec-end-outch128-inch32-facttt-r0.75-wh4-ind3s
2024-05-30 11:22:00,285 - GVD - INFO - dec-start-outch128-inch32-facttt-r0.9-wh4-ind1s
2024-05-30 11:28:35,867 - GVD - INFO - dec-end-outch128-inch32-facttt-r0.9-wh4-ind1s
2024-05-30 11:30:00,961 - GVD - INFO - dec-start-outch128-inch32-facttt-r0.9-wh4-ind2s
2024-05-30 11:36:34,826 - GVD - INFO - dec-end-outch128-inch32-facttt-r0.9-wh4-ind2s
2024-05-30 11:38:00,919 - GVD - INFO - dec-start-outch128-inch32-facttt-r0.9-wh4-ind3s
2024-05-30 11:44:38,907 - GVD - INFO - dec-end-outch128-inch32-facttt-r0.9-wh4-ind3s
2024-05-30 11:46:00,976 - GVD - INFO - dec-start-outch128-inch48-facttt-r0.1-wh4-ind1s
2024-05-30 11:50:51,646 - GVD - INFO - dec-end-outch128-inch48-facttt-r0.1-wh4-ind1s
2024-05-30 11:52:00,717 - GVD - INFO - dec-start-outch128-inch48-facttt-r0.1-wh4-ind2s
2024-05-30 11:56:49,091 - GVD - INFO - dec-end-outch128-inch48-facttt-r0.1-wh4-ind2s
2024-05-30 11:58:00,168 - GVD - INFO - dec-start-outch128-inch48-facttt-r0.1-wh4-ind3s
2024-05-30 12:02:48,899 - GVD - INFO - dec-end-outch128-inch48-facttt-r0.1-wh4-ind3s
2024-05-30 12:04:00,946 - GVD - INFO - dec-start-outch128-inch48-facttt-r0.25-wh4-ind1s
2024-05-30 12:09:32,858 - GVD - INFO - dec-end-outch128-inch48-facttt-r0.25-wh4-ind1s
2024-05-30 12:11:00,953 - GVD - INFO - dec-start-outch128-inch48-facttt-r0.25-wh4-ind2s
2024-05-30 12:16:32,739 - GVD - INFO - dec-end-outch128-inch48-facttt-r0.25-wh4-ind2s
2024-05-30 12:18:00,817 - GVD - INFO - dec-start-outch128-inch48-facttt-r0.25-wh4-ind3s
2024-05-30 12:23:32,377 - GVD - INFO - dec-end-outch128-inch48-facttt-r0.25-wh4-ind3s
2024-05-30 12:25:00,473 - GVD - INFO - dec-start-outch128-inch48-facttt-r0.5-wh4-ind1s
2024-05-30 12:31:00,757 - GVD - INFO - dec-end-outch128-inch48-facttt-r0.5-wh4-ind1s
2024-05-30 12:33:00,884 - GVD - INFO - dec-start-outch128-inch48-facttt-r0.5-wh4-ind2s
2024-05-30 12:39:00,466 - GVD - INFO - dec-end-outch128-inch48-facttt-r0.5-wh4-ind2s
2024-05-30 12:41:00,594 - GVD - INFO - dec-start-outch128-inch48-facttt-r0.5-wh4-ind3s
2024-05-30 12:47:00,873 - GVD - INFO - dec-end-outch128-inch48-facttt-r0.5-wh4-ind3s
2024-05-30 12:49:00,957 - GVD - INFO - dec-start-outch128-inch48-facttt-r0.75-wh4-ind1s
2024-05-30 12:56:00,468 - GVD - INFO - dec-end-outch128-inch48-facttt-r0.75-wh4-ind1s
2024-05-30 12:58:00,572 - GVD - INFO - dec-start-outch128-inch48-facttt-r0.75-wh4-ind2s
2024-05-30 13:05:03,233 - GVD - INFO - dec-end-outch128-inch48-facttt-r0.75-wh4-ind2s
2024-05-30 13:07:00,359 - GVD - INFO - dec-start-outch128-inch48-facttt-r0.75-wh4-ind3s
2024-05-30 13:14:00,811 - GVD - INFO - dec-end-outch128-inch48-facttt-r0.75-wh4-ind3s
2024-05-30 13:16:00,886 - GVD - INFO - dec-start-outch128-inch48-facttt-r0.9-wh4-ind1s
2024-05-30 13:23:23,666 - GVD - INFO - dec-end-outch128-inch48-facttt-r0.9-wh4-ind1s
2024-05-30 13:25:00,712 - GVD - INFO - dec-start-outch128-inch48-facttt-r0.9-wh4-ind2s
2024-05-30 13:32:28,687 - GVD - INFO - dec-end-outch128-inch48-facttt-r0.9-wh4-ind2s
2024-05-30 13:34:00,732 - GVD - INFO - dec-start-outch128-inch48-facttt-r0.9-wh4-ind3s
2024-05-30 13:41:26,215 - GVD - INFO - dec-end-outch128-inch48-facttt-r0.9-wh4-ind3s
2024-05-30 13:43:00,317 - GVD - INFO - dec-start-outch128-inch64-facttt-r0.1-wh4-ind1s
2024-05-30 13:48:02,690 - GVD - INFO - dec-end-outch128-inch64-facttt-r0.1-wh4-ind1s
2024-05-30 13:50:00,794 - GVD - INFO - dec-start-outch128-inch64-facttt-r0.1-wh4-ind2s
2024-05-30 13:55:04,420 - GVD - INFO - dec-end-outch128-inch64-facttt-r0.1-wh4-ind2s
2024-05-30 13:57:00,544 - GVD - INFO - dec-start-outch128-inch64-facttt-r0.1-wh4-ind3s
2024-05-30 14:02:02,735 - GVD - INFO - dec-end-outch128-inch64-facttt-r0.1-wh4-ind3s
2024-05-30 14:04:00,837 - GVD - INFO - dec-start-outch128-inch64-facttt-r0.25-wh4-ind1s
2024-05-30 14:10:13,337 - GVD - INFO - dec-end-outch128-inch64-facttt-r0.25-wh4-ind1s
2024-05-30 14:12:00,409 - GVD - INFO - dec-start-outch128-inch64-facttt-r0.25-wh4-ind2s
2024-05-30 14:18:13,732 - GVD - INFO - dec-end-outch128-inch64-facttt-r0.25-wh4-ind2s
2024-05-30 14:20:00,848 - GVD - INFO - dec-start-outch128-inch64-facttt-r0.25-wh4-ind3s
2024-05-30 14:26:15,405 - GVD - INFO - dec-end-outch128-inch64-facttt-r0.25-wh4-ind3s
2024-05-30 14:28:00,522 - GVD - INFO - dec-start-outch128-inch64-facttt-r0.5-wh4-ind1s
2024-05-30 14:34:21,235 - GVD - INFO - dec-end-outch128-inch64-facttt-r0.5-wh4-ind1s
2024-05-30 14:36:00,344 - GVD - INFO - dec-start-outch128-inch64-facttt-r0.5-wh4-ind2s
2024-05-30 14:42:19,315 - GVD - INFO - dec-end-outch128-inch64-facttt-r0.5-wh4-ind2s
2024-05-30 14:44:00,386 - GVD - INFO - dec-start-outch128-inch64-facttt-r0.5-wh4-ind3s
2024-05-30 14:50:25,856 - GVD - INFO - dec-end-outch128-inch64-facttt-r0.5-wh4-ind3s
2024-05-30 14:52:00,962 - GVD - INFO - dec-start-outch128-inch64-facttt-r0.75-wh4-ind1s
2024-05-30 14:59:55,978 - GVD - INFO - dec-end-outch128-inch64-facttt-r0.75-wh4-ind1s
2024-05-30 15:01:00,053 - GVD - INFO - dec-start-outch128-inch64-facttt-r0.75-wh4-ind2s
2024-05-30 15:08:52,962 - GVD - INFO - dec-end-outch128-inch64-facttt-r0.75-wh4-ind2s
2024-05-30 15:10:00,041 - GVD - INFO - dec-start-outch128-inch64-facttt-r0.75-wh4-ind3s
2024-05-30 15:17:52,289 - GVD - INFO - dec-end-outch128-inch64-facttt-r0.75-wh4-ind3s
2024-05-30 15:19:00,368 - GVD - INFO - dec-start-outch128-inch64-facttt-r0.9-wh4-ind1s
2024-05-30 15:27:29,011 - GVD - INFO - dec-end-outch128-inch64-facttt-r0.9-wh4-ind1s
2024-05-30 15:29:00,084 - GVD - INFO - dec-start-outch128-inch64-facttt-r0.9-wh4-ind2s
2024-05-30 15:37:32,282 - GVD - INFO - dec-end-outch128-inch64-facttt-r0.9-wh4-ind2s
2024-05-30 15:39:00,383 - GVD - INFO - dec-start-outch128-inch64-facttt-r0.9-wh4-ind3s
2024-05-30 15:47:31,588 - GVD - INFO - dec-end-outch128-inch64-facttt-r0.9-wh4-ind3s
2024-05-30 15:49:00,685 - GVD - INFO - dec-start-outch128-inch128-facttt-r0.1-wh4-ind1s
2024-05-30 15:55:15,104 - GVD - INFO - dec-end-outch128-inch128-facttt-r0.1-wh4-ind1s
2024-05-30 15:57:00,228 - GVD - INFO - dec-start-outch128-inch128-facttt-r0.1-wh4-ind2s
2024-05-30 16:03:17,009 - GVD - INFO - dec-end-outch128-inch128-facttt-r0.1-wh4-ind2s
2024-05-30 16:05:00,136 - GVD - INFO - dec-start-outch128-inch128-facttt-r0.1-wh4-ind3s
2024-05-30 16:11:17,233 - GVD - INFO - dec-end-outch128-inch128-facttt-r0.1-wh4-ind3s
2024-05-30 16:13:00,317 - GVD - INFO - dec-start-outch128-inch128-facttt-r0.25-wh4-ind1s
2024-05-30 16:22:11,020 - GVD - INFO - dec-end-outch128-inch128-facttt-r0.25-wh4-ind1s
2024-05-30 16:24:00,100 - GVD - INFO - dec-start-outch128-inch128-facttt-r0.25-wh4-ind2s
2024-05-30 16:33:18,875 - GVD - INFO - dec-end-outch128-inch128-facttt-r0.25-wh4-ind2s
2024-05-30 16:35:00,995 - GVD - INFO - dec-start-outch128-inch128-facttt-r0.25-wh4-ind3s
2024-05-30 16:44:17,062 - GVD - INFO - dec-end-outch128-inch128-facttt-r0.25-wh4-ind3s
2024-05-30 16:46:00,170 - GVD - INFO - dec-start-outch128-inch128-facttt-r0.5-wh4-ind1s
2024-05-30 16:56:31,903 - GVD - INFO - dec-end-outch128-inch128-facttt-r0.5-wh4-ind1s
2024-05-30 16:58:00,971 - GVD - INFO - dec-start-outch128-inch128-facttt-r0.5-wh4-ind2s
2024-05-30 17:08:31,139 - GVD - INFO - dec-end-outch128-inch128-facttt-r0.5-wh4-ind2s
2024-05-30 17:10:00,248 - GVD - INFO - dec-start-outch128-inch128-facttt-r0.5-wh4-ind3s
2024-05-30 17:20:30,085 - GVD - INFO - dec-end-outch128-inch128-facttt-r0.5-wh4-ind3s
2024-05-30 17:22:00,198 - GVD - INFO - dec-start-outch128-inch128-facttt-r0.75-wh4-ind1s
2024-05-30 17:33:30,397 - GVD - INFO - dec-end-outch128-inch128-facttt-r0.75-wh4-ind1s
2024-05-30 17:35:00,510 - GVD - INFO - dec-start-outch128-inch128-facttt-r0.75-wh4-ind2s
2024-05-30 17:46:30,181 - GVD - INFO - dec-end-outch128-inch128-facttt-r0.75-wh4-ind2s
2024-05-30 17:48:00,295 - GVD - INFO - dec-start-outch128-inch128-facttt-r0.75-wh4-ind3s
2024-05-30 17:59:31,469 - GVD - INFO - dec-end-outch128-inch128-facttt-r0.75-wh4-ind3s
2024-05-30 18:01:00,543 - GVD - INFO - dec-start-outch128-inch128-facttt-r0.9-wh4-ind1s
2024-05-30 18:12:50,221 - GVD - INFO - dec-end-outch128-inch128-facttt-r0.9-wh4-ind1s
2024-05-30 18:14:00,311 - GVD - INFO - dec-start-outch128-inch128-facttt-r0.9-wh4-ind2s
2024-05-30 18:25:46,362 - GVD - INFO - dec-end-outch128-inch128-facttt-r0.9-wh4-ind2s
2024-05-30 18:27:00,460 - GVD - INFO - dec-start-outch128-inch128-facttt-r0.9-wh4-ind3s
2024-05-30 18:38:46,537 - GVD - INFO - dec-end-outch128-inch128-facttt-r0.9-wh4-ind3s
2024-05-30 18:40:00,614 - GVD - INFO - bas-start-outch128-inch32-wh4-ind1s
2024-05-30 18:41:28,821 - GVD - INFO - bas-end-outch128-inch32-wh4-ind1s
2024-05-30 18:43:00,914 - GVD - INFO - bas-start-outch128-inch32-wh4-ind2s
2024-05-30 18:44:28,042 - GVD - INFO - bas-end-outch128-inch32-wh4-ind2s
2024-05-30 18:46:00,077 - GVD - INFO - bas-start-outch128-inch32-wh4-ind3s
2024-05-30 18:47:27,038 - GVD - INFO - bas-end-outch128-inch32-wh4-ind3s
2024-05-30 18:49:00,133 - GVD - INFO - bas-start-outch128-inch48-wh4-ind1s
2024-05-30 18:51:00,676 - GVD - INFO - bas-end-outch128-inch48-wh4-ind1s
2024-05-30 18:53:00,793 - GVD - INFO - bas-start-outch128-inch48-wh4-ind2s
2024-05-30 18:55:01,089 - GVD - INFO - bas-end-outch128-inch48-wh4-ind2s
2024-05-30 18:57:00,162 - GVD - INFO - bas-start-outch128-inch48-wh4-ind3s
2024-05-30 18:59:00,364 - GVD - INFO - bas-end-outch128-inch48-wh4-ind3s
2024-05-30 19:01:00,487 - GVD - INFO - bas-start-outch128-inch64-wh4-ind1s
2024-05-30 19:03:35,675 - GVD - INFO - bas-end-outch128-inch64-wh4-ind1s
2024-05-30 19:05:00,734 - GVD - INFO - bas-start-outch128-inch64-wh4-ind2s
2024-05-30 19:07:36,510 - GVD - INFO - bas-end-outch128-inch64-wh4-ind2s
2024-05-30 19:09:00,586 - GVD - INFO - bas-start-outch128-inch64-wh4-ind3s
2024-05-30 19:11:36,518 - GVD - INFO - bas-end-outch128-inch64-wh4-ind3s
2024-05-30 19:13:00,606 - GVD - INFO - bas-start-outch128-inch128-wh4-ind1s
2024-05-30 19:18:06,715 - GVD - INFO - bas-end-outch128-inch128-wh4-ind1s
2024-05-30 19:20:00,831 - GVD - INFO - bas-start-outch128-inch128-wh4-ind2s
2024-05-30 19:25:05,762 - GVD - INFO - bas-end-outch128-inch128-wh4-ind2s
2024-05-30 19:27:00,854 - GVD - INFO - bas-start-outch128-inch128-wh4-ind3s
2024-05-30 19:32:10,393 - GVD - INFO - bas-end-outch128-inch128-wh4-ind3s
2024-05-30 19:46:01,014 - GVD - INFO - bas-start-outch128-inch32-wh4-ind1s
2024-05-30 19:47:49,762 - GVD - INFO - bas-end-outch128-inch32-wh4-ind1s
2024-05-30 19:49:00,562 - GVD - INFO - bas-start-outch128-inch32-wh4-ind1s
2024-05-30 19:52:21,236 - GVD - INFO - bas-start-outch300-inch50-wh4-ind1s
2024-05-30 19:53:13,400 - GVD - INFO - bas-start-outch300-inch50-wh4-ind1s
2024-05-30 19:55:06,044 - GVD - INFO - bas-end-outch300-inch50-wh4-ind1s
2024-05-30 19:55:06,047 - GVD - INFO - bas-start-outch300-inch50-wh4-ind2s
2024-05-30 19:56:22,536 - GVD - INFO - bas-start-outch300-inch64-wh4-ind1s
2024-05-30 19:56:35,579 - GVD - INFO - bas-start-outch512-inch64-wh4-ind1s
2024-05-30 20:00:06,723 - GVD - INFO - bas-end-outch512-inch64-wh4-ind1s
2024-05-30 20:00:06,726 - GVD - INFO - bas-start-outch512-inch64-wh4-ind2s
2024-05-30 20:05:44,470 - GVD - INFO - bas-start-outch512-inch64-wh4-ind1s
2024-05-30 20:08:43,055 - GVD - INFO - bas-end-outch512-inch64-wh4-ind1s
2024-05-30 20:08:43,057 - GVD - INFO - bas-start-outch512-inch64-wh4-ind2s
2024-05-30 20:11:52,210 - GVD - INFO - bas-end-outch512-inch64-wh4-ind2s
2024-05-30 20:11:52,224 - GVD - INFO - bas-start-outch512-inch128-wh4-ind1s
2024-05-30 20:18:25,334 - GVD - INFO - bas-end-outch512-inch128-wh4-ind1s
2024-05-30 20:18:25,338 - GVD - INFO - bas-start-outch512-inch128-wh4-ind2s
2024-05-30 20:29:39,387 - GVD - INFO - bas-start-outch512-inch256-wh4-ind1s
2024-05-30 20:32:00,531 - GVD - INFO - bas-start-outch512-inch256-wh4-ind1s
2024-05-30 20:44:31,778 - GVD - INFO - bas-end-outch512-inch256-wh4-ind1s
2024-05-30 20:46:00,874 - GVD - INFO - bas-start-outch512-inch256-wh4-ind2s
2024-05-30 20:58:27,948 - GVD - INFO - bas-end-outch512-inch256-wh4-ind2s
2024-05-30 21:39:00,215 - GVD - INFO - bas-start-outch512-inch256-wh4-ind1s
2024-05-30 21:51:28,094 - GVD - INFO - bas-end-outch512-inch256-wh4-ind1s
2024-05-30 21:53:00,193 - GVD - INFO - bas-start-outch512-inch256-wh4-ind2s
2024-05-30 22:05:08,807 - GVD - INFO - bas-end-outch512-inch256-wh4-ind2s
2024-05-30 22:07:00,929 - GVD - INFO - bas-start-outch512-inch192-wh4-ind1s
2024-05-30 22:15:46,487 - GVD - INFO - bas-end-outch512-inch192-wh4-ind1s
2024-05-30 22:17:00,540 - GVD - INFO - bas-start-outch512-inch192-wh4-ind2s
2024-05-30 22:25:49,884 - GVD - INFO - bas-end-outch512-inch192-wh4-ind2s
2024-05-30 22:27:00,961 - GVD - INFO - bas-start-outch512-inch128-wh4-ind1s
2024-05-30 22:33:01,423 - GVD - INFO - bas-end-outch512-inch128-wh4-ind1s
2024-05-30 22:35:00,496 - GVD - INFO - bas-start-outch512-inch128-wh4-ind2s
2024-05-30 22:41:00,909 - GVD - INFO - bas-end-outch512-inch128-wh4-ind2s
2024-05-30 22:43:01,032 - GVD - INFO - bas-start-outch512-inch64-wh4-ind1s
2024-05-30 22:45:53,634 - GVD - INFO - bas-end-outch512-inch64-wh4-ind1s
2024-05-30 22:47:00,704 - GVD - INFO - bas-start-outch512-inch64-wh4-ind2s
2024-05-30 22:49:51,270 - GVD - INFO - bas-end-outch512-inch64-wh4-ind2s
2024-05-30 22:51:00,430 - GVD - INFO - dec-start-outch512-inch256-facttt-r0.1-wh4-ind1s
2024-05-30 22:53:51,052 - GVD - INFO - dec-end-outch512-inch256-facttt-r0.1-wh4-ind1s
2024-05-30 22:55:00,175 - GVD - INFO - dec-start-outch512-inch256-facttt-r0.1-wh4-ind2s
2024-05-30 22:57:50,925 - GVD - INFO - dec-end-outch512-inch256-facttt-r0.1-wh4-ind2s
2024-05-30 22:59:00,062 - GVD - INFO - dec-start-outch512-inch256-facttt-r0.25-wh4-ind1s
2024-05-30 23:03:44,059 - GVD - INFO - dec-end-outch512-inch256-facttt-r0.25-wh4-ind1s
2024-05-30 23:05:00,199 - GVD - INFO - dec-start-outch512-inch256-facttt-r0.25-wh4-ind2s
2024-05-30 23:09:44,067 - GVD - INFO - dec-end-outch512-inch256-facttt-r0.25-wh4-ind2s
2024-05-30 23:11:00,263 - GVD - INFO - dec-start-outch512-inch256-facttt-r0.5-wh4-ind1s
2024-05-30 23:16:18,911 - GVD - INFO - dec-end-outch512-inch256-facttt-r0.5-wh4-ind1s
2024-05-30 23:18:00,131 - GVD - INFO - dec-start-outch512-inch256-facttt-r0.5-wh4-ind2s
2024-05-30 23:23:23,359 - GVD - INFO - dec-end-outch512-inch256-facttt-r0.5-wh4-ind2s
2024-05-30 23:25:00,573 - GVD - INFO - dec-start-outch512-inch256-facttt-r0.75-wh4-ind1s
2024-05-30 23:30:46,975 - GVD - INFO - dec-end-outch512-inch256-facttt-r0.75-wh4-ind1s
2024-05-30 23:32:00,164 - GVD - INFO - dec-start-outch512-inch256-facttt-r0.75-wh4-ind2s
2024-05-30 23:37:45,582 - GVD - INFO - dec-end-outch512-inch256-facttt-r0.75-wh4-ind2s
2024-05-30 23:39:00,740 - GVD - INFO - dec-start-outch512-inch256-facttt-r0.9-wh4-ind1s
2024-05-30 23:44:59,995 - GVD - INFO - dec-end-outch512-inch256-facttt-r0.9-wh4-ind1s
2024-05-30 23:47:00,236 - GVD - INFO - dec-start-outch512-inch256-facttt-r0.9-wh4-ind2s
2024-05-30 23:52:58,759 - GVD - INFO - dec-end-outch512-inch256-facttt-r0.9-wh4-ind2s
2024-05-30 23:54:00,855 - GVD - INFO - dec-start-outch512-inch192-facttt-r0.1-wh4-ind1s
2024-05-30 23:56:28,613 - GVD - INFO - dec-end-outch512-inch192-facttt-r0.1-wh4-ind1s
2024-05-30 23:58:00,701 - GVD - INFO - dec-start-outch512-inch192-facttt-r0.1-wh4-ind2s
2024-05-31 00:00:29,188 - GVD - INFO - dec-end-outch512-inch192-facttt-r0.1-wh4-ind2s
2024-05-31 00:02:00,317 - GVD - INFO - dec-start-outch512-inch192-facttt-r0.25-wh4-ind1s
2024-05-31 00:05:14,084 - GVD - INFO - dec-end-outch512-inch192-facttt-r0.25-wh4-ind1s
2024-05-31 00:07:00,227 - GVD - INFO - dec-start-outch512-inch192-facttt-r0.25-wh4-ind2s
2024-05-31 00:10:13,080 - GVD - INFO - dec-end-outch512-inch192-facttt-r0.25-wh4-ind2s
2024-05-31 00:12:00,235 - GVD - INFO - dec-start-outch512-inch192-facttt-r0.5-wh4-ind1s
2024-05-31 00:15:54,620 - GVD - INFO - dec-end-outch512-inch192-facttt-r0.5-wh4-ind1s
2024-05-31 00:17:00,735 - GVD - INFO - dec-start-outch512-inch192-facttt-r0.5-wh4-ind2s
2024-05-31 00:20:54,561 - GVD - INFO - dec-end-outch512-inch192-facttt-r0.5-wh4-ind2s
2024-05-31 00:22:00,678 - GVD - INFO - dec-start-outch512-inch192-facttt-r0.75-wh4-ind1s
2024-05-31 00:26:24,590 - GVD - INFO - dec-end-outch512-inch192-facttt-r0.75-wh4-ind1s
2024-05-31 00:28:00,737 - GVD - INFO - dec-start-outch512-inch192-facttt-r0.75-wh4-ind2s
2024-05-31 00:32:24,409 - GVD - INFO - dec-end-outch512-inch192-facttt-r0.75-wh4-ind2s
2024-05-31 00:34:00,557 - GVD - INFO - dec-start-outch512-inch192-facttt-r0.9-wh4-ind1s
2024-05-31 00:38:34,413 - GVD - INFO - dec-end-outch512-inch192-facttt-r0.9-wh4-ind1s
2024-05-31 00:40:00,550 - GVD - INFO - dec-start-outch512-inch192-facttt-r0.9-wh4-ind2s
2024-05-31 00:44:34,140 - GVD - INFO - dec-end-outch512-inch192-facttt-r0.9-wh4-ind2s
2024-05-31 00:46:00,242 - GVD - INFO - dec-start-outch512-inch128-facttt-r0.1-wh4-ind1s
2024-05-31 00:47:40,519 - GVD - INFO - dec-end-outch512-inch128-facttt-r0.1-wh4-ind1s
2024-05-31 00:49:00,606 - GVD - INFO - dec-start-outch512-inch128-facttt-r0.1-wh4-ind2s
2024-05-31 00:50:40,707 - GVD - INFO - dec-end-outch512-inch128-facttt-r0.1-wh4-ind2s
2024-05-31 00:52:00,806 - GVD - INFO - dec-start-outch512-inch128-facttt-r0.25-wh4-ind1s
2024-05-31 00:54:09,936 - GVD - INFO - dec-end-outch512-inch128-facttt-r0.25-wh4-ind1s
2024-05-31 00:56:00,053 - GVD - INFO - dec-start-outch512-inch128-facttt-r0.25-wh4-ind2s
2024-05-31 00:58:09,647 - GVD - INFO - dec-end-outch512-inch128-facttt-r0.25-wh4-ind2s
2024-05-31 01:00:00,791 - GVD - INFO - dec-start-outch512-inch128-facttt-r0.5-wh4-ind1s
2024-05-31 01:02:34,126 - GVD - INFO - dec-end-outch512-inch128-facttt-r0.5-wh4-ind1s
2024-05-31 01:04:00,246 - GVD - INFO - dec-start-outch512-inch128-facttt-r0.5-wh4-ind2s
2024-05-31 01:06:33,424 - GVD - INFO - dec-end-outch512-inch128-facttt-r0.5-wh4-ind2s
2024-05-31 01:08:00,545 - GVD - INFO - dec-start-outch512-inch128-facttt-r0.75-wh4-ind1s
2024-05-31 01:10:54,889 - GVD - INFO - dec-end-outch512-inch128-facttt-r0.75-wh4-ind1s
2024-05-31 01:12:00,989 - GVD - INFO - dec-start-outch512-inch128-facttt-r0.75-wh4-ind2s
2024-05-31 01:14:55,295 - GVD - INFO - dec-end-outch512-inch128-facttt-r0.75-wh4-ind2s
2024-05-31 01:16:00,395 - GVD - INFO - dec-start-outch512-inch128-facttt-r0.9-wh4-ind1s
2024-05-31 01:19:00,339 - GVD - INFO - dec-end-outch512-inch128-facttt-r0.9-wh4-ind1s
2024-05-31 01:21:00,494 - GVD - INFO - dec-start-outch512-inch128-facttt-r0.9-wh4-ind2s
2024-05-31 01:24:00,250 - GVD - INFO - dec-end-outch512-inch128-facttt-r0.9-wh4-ind2s
2024-05-31 01:26:00,378 - GVD - INFO - dec-start-outch512-inch64-facttt-r0.1-wh4-ind1s
2024-05-31 01:27:17,239 - GVD - INFO - dec-end-outch512-inch64-facttt-r0.1-wh4-ind1s
2024-05-31 01:29:00,349 - GVD - INFO - dec-start-outch512-inch64-facttt-r0.1-wh4-ind2s
2024-05-31 01:30:17,411 - GVD - INFO - dec-end-outch512-inch64-facttt-r0.1-wh4-ind2s
2024-05-31 01:32:00,523 - GVD - INFO - dec-start-outch512-inch64-facttt-r0.25-wh4-ind1s
2024-05-31 01:33:33,652 - GVD - INFO - dec-end-outch512-inch64-facttt-r0.25-wh4-ind1s
2024-05-31 01:35:00,728 - GVD - INFO - dec-start-outch512-inch64-facttt-r0.25-wh4-ind2s
2024-05-31 01:36:34,384 - GVD - INFO - dec-end-outch512-inch64-facttt-r0.25-wh4-ind2s
2024-05-31 01:38:00,479 - GVD - INFO - dec-start-outch512-inch64-facttt-r0.5-wh4-ind1s
2024-05-31 01:39:45,429 - GVD - INFO - dec-end-outch512-inch64-facttt-r0.5-wh4-ind1s
2024-05-31 01:41:00,514 - GVD - INFO - dec-start-outch512-inch64-facttt-r0.5-wh4-ind2s
2024-05-31 01:42:44,974 - GVD - INFO - dec-end-outch512-inch64-facttt-r0.5-wh4-ind2s
2024-05-31 01:44:00,060 - GVD - INFO - dec-start-outch512-inch64-facttt-r0.75-wh4-ind1s
2024-05-31 01:45:58,301 - GVD - INFO - dec-end-outch512-inch64-facttt-r0.75-wh4-ind1s
2024-05-31 01:47:00,374 - GVD - INFO - dec-start-outch512-inch64-facttt-r0.75-wh4-ind2s
2024-05-31 01:48:59,305 - GVD - INFO - dec-end-outch512-inch64-facttt-r0.75-wh4-ind2s
2024-05-31 01:50:00,383 - GVD - INFO - dec-start-outch512-inch64-facttt-r0.9-wh4-ind1s
2024-05-31 01:52:03,456 - GVD - INFO - dec-end-outch512-inch64-facttt-r0.9-wh4-ind1s
2024-05-31 01:54:00,590 - GVD - INFO - dec-start-outch512-inch64-facttt-r0.9-wh4-ind2s
2024-05-31 01:56:01,677 - GVD - INFO - dec-end-outch512-inch64-facttt-r0.9-wh4-ind2s
2024-05-31 08:31:00,217 - GVD - INFO - bas-start-outch512-inch320-wh4-ind1s
2024-05-31 08:40:00,321 - GVD - INFO - dec-start-outch512-inch320-facttt-r0.1-wh4-ind1s
2024-05-31 09:40:00,093 - GVD - INFO - dec-start-outch512-inch384-facttt-r0.1-wh4-ind1s
2024-05-31 09:44:24,547 - GVD - INFO - dec-end-outch512-inch384-facttt-r0.1-wh4-ind1s
2024-05-31 09:46:00,763 - GVD - INFO - dec-start-outch512-inch384-facttt-r0.1-wh4-ind2s
2024-05-31 09:50:32,734 - GVD - INFO - dec-end-outch512-inch384-facttt-r0.1-wh4-ind2s
2024-05-31 09:52:00,058 - GVD - INFO - dec-start-outch512-inch384-facttt-r0.25-wh4-ind1s
2024-05-31 10:00:09,700 - GVD - INFO - dec-end-outch512-inch384-facttt-r0.25-wh4-ind1s
2024-05-31 10:02:00,053 - GVD - INFO - dec-start-outch512-inch384-facttt-r0.25-wh4-ind2s
2024-05-31 10:10:20,218 - GVD - INFO - dec-end-outch512-inch384-facttt-r0.25-wh4-ind2s
2024-05-31 10:12:00,511 - GVD - INFO - dec-start-outch512-inch384-facttt-r0.5-wh4-ind1s
2024-05-31 10:20:44,751 - GVD - INFO - dec-end-outch512-inch384-facttt-r0.5-wh4-ind1s
2024-05-31 10:22:00,071 - GVD - INFO - dec-start-outch512-inch384-facttt-r0.5-wh4-ind2s
2024-05-31 10:30:43,098 - GVD - INFO - dec-end-outch512-inch384-facttt-r0.5-wh4-ind2s
2024-05-31 10:32:00,377 - GVD - INFO - dec-start-outch512-inch384-facttt-r0.75-wh4-ind1s
2024-05-31 10:41:07,349 - GVD - INFO - dec-end-outch512-inch384-facttt-r0.75-wh4-ind1s
2024-05-31 10:43:00,698 - GVD - INFO - dec-start-outch512-inch384-facttt-r0.75-wh4-ind2s
2024-05-31 10:52:10,458 - GVD - INFO - dec-end-outch512-inch384-facttt-r0.75-wh4-ind2s
2024-05-31 10:54:00,810 - GVD - INFO - dec-start-outch512-inch384-facttt-r0.9-wh4-ind1s
2024-05-31 11:03:18,227 - GVD - INFO - dec-end-outch512-inch384-facttt-r0.9-wh4-ind1s
2024-05-31 11:05:00,579 - GVD - INFO - dec-start-outch512-inch384-facttt-r0.9-wh4-ind2s
2024-05-31 11:14:15,402 - GVD - INFO - dec-end-outch512-inch384-facttt-r0.9-wh4-ind2s
2024-05-31 11:16:00,571 - GVD - INFO - dec-start-outch512-inch320-facttt-r0.1-wh4-ind1s
2024-05-31 11:19:29,659 - GVD - INFO - dec-end-outch512-inch320-facttt-r0.1-wh4-ind1s
2024-05-31 11:21:00,844 - GVD - INFO - dec-start-outch512-inch320-facttt-r0.1-wh4-ind2s
2024-05-31 11:24:30,663 - GVD - INFO - dec-end-outch512-inch320-facttt-r0.1-wh4-ind2s
2024-05-31 11:26:00,857 - GVD - INFO - dec-start-outch512-inch320-facttt-r0.25-wh4-ind1s
2024-05-31 11:32:25,963 - GVD - INFO - dec-end-outch512-inch320-facttt-r0.25-wh4-ind1s
2024-05-31 11:34:00,162 - GVD - INFO - dec-start-outch512-inch320-facttt-r0.25-wh4-ind2s
2024-05-31 11:40:30,961 - GVD - INFO - dec-end-outch512-inch320-facttt-r0.25-wh4-ind2s
2024-05-31 11:42:00,205 - GVD - INFO - dec-start-outch512-inch320-facttt-r0.5-wh4-ind1s
2024-05-31 11:49:04,956 - GVD - INFO - dec-end-outch512-inch320-facttt-r0.5-wh4-ind1s
2024-05-31 11:51:00,228 - GVD - INFO - dec-start-outch512-inch320-facttt-r0.5-wh4-ind2s
2024-05-31 11:58:06,067 - GVD - INFO - dec-end-outch512-inch320-facttt-r0.5-wh4-ind2s
2024-05-31 12:00:00,349 - GVD - INFO - dec-start-outch512-inch320-facttt-r0.75-wh4-ind1s
2024-05-31 12:07:10,669 - GVD - INFO - dec-end-outch512-inch320-facttt-r0.75-wh4-ind1s
2024-05-31 12:09:01,021 - GVD - INFO - dec-start-outch512-inch320-facttt-r0.75-wh4-ind2s
2024-05-31 12:16:12,401 - GVD - INFO - dec-end-outch512-inch320-facttt-r0.75-wh4-ind2s
2024-05-31 12:18:00,581 - GVD - INFO - dec-start-outch512-inch320-facttt-r0.9-wh4-ind1s
2024-05-31 12:25:36,275 - GVD - INFO - dec-end-outch512-inch320-facttt-r0.9-wh4-ind1s
2024-05-31 12:27:00,501 - GVD - INFO - dec-start-outch512-inch320-facttt-r0.9-wh4-ind2s
2024-05-31 12:34:37,018 - GVD - INFO - dec-end-outch512-inch320-facttt-r0.9-wh4-ind2s
2024-05-31 12:36:00,049 - GVD - INFO - bas-start-outch512-inch384-wh4-ind1s
2024-05-31 12:54:24,539 - GVD - INFO - bas-end-outch512-inch384-wh4-ind1s
2024-05-31 12:56:00,656 - GVD - INFO - bas-start-outch512-inch384-wh4-ind2s
2024-05-31 13:15:13,354 - GVD - INFO - bas-end-outch512-inch384-wh4-ind2s
2024-05-31 13:17:00,436 - GVD - INFO - bas-start-outch512-inch320-wh4-ind1s
2024-05-31 13:32:37,362 - GVD - INFO - bas-end-outch512-inch320-wh4-ind1s
2024-05-31 13:34:00,456 - GVD - INFO - bas-start-outch512-inch320-wh4-ind2s
2024-05-31 13:49:36,719 - GVD - INFO - bas-end-outch512-inch320-wh4-ind2s






2024-06-03 11:25:00,393 - GVD - INFO - dec-start-outch512-inch192-factcp-r0.1-wh4-ind1s
