2024-06-03 11:36:00,247 - Inch - INFO - dec-start-outch512-inch384-factcp-r0.1-wh4-ind1s
2024-06-03 11:42:53,717 - Inch - INFO - dec-end-outch512-inch384-factcp-r0.1-wh4-ind1s
2024-06-03 11:46:00,886 - Inch - INFO - dec-start-outch512-inch384-factcp-r0.1-wh4-ind2s
2024-06-03 11:52:54,036 - Inch - INFO - dec-end-outch512-inch384-factcp-r0.1-wh4-ind2s
2024-06-03 12:00:00,088 - Inch - INFO - dec-start-outch512-inch384-factcp-r0.1-wh4-ind1s
2024-06-03 12:06:55,345 - Inch - INFO - dec-end-outch512-inch384-factcp-r0.1-wh4-ind1s
2024-06-03 12:10:00,184 - Inch - INFO - dec-start-outch512-inch384-factcp-r0.1-wh4-ind2s
2024-06-03 12:16:56,604 - Inch - INFO - dec-end-outch512-inch384-factcp-r0.1-wh4-ind2s
2024-06-03 12:21:00,633 - Inch - INFO - dec-start-outch512-inch384-factcp-r0.25-wh4-ind1s
2024-06-03 12:36:51,875 - Inch - INFO - dec-end-outch512-inch384-factcp-r0.25-wh4-ind1s
2024-06-03 12:41:00,479 - Inch - INFO - dec-start-outch512-inch384-factcp-r0.25-wh4-ind2s
2024-06-03 12:56:43,618 - Inch - INFO - dec-end-outch512-inch384-factcp-r0.25-wh4-ind2s
2024-06-03 13:04:00,740 - Inch - INFO - dec-start-outch512-inch384-factcp-r0.5-wh4-ind1s
2024-06-03 13:35:32,686 - Inch - INFO - dec-end-outch512-inch384-factcp-r0.5-wh4-ind1s
2024-06-03 13:43:00,773 - Inch - INFO - dec-start-outch512-inch384-factcp-r0.5-wh4-ind2s
2024-06-03 14:14:34,185 - Inch - INFO - dec-end-outch512-inch384-factcp-r0.5-wh4-ind2s
2024-06-03 14:26:00,124 - Inch - INFO - dec-start-outch512-inch384-factcp-r0.75-wh4-ind1s
2024-06-03 15:12:22,662 - Inch - INFO - dec-end-outch512-inch384-factcp-r0.75-wh4-ind1s
2024-06-03 15:23:00,146 - Inch - INFO - dec-start-outch512-inch384-factcp-r0.75-wh4-ind2s
2024-06-03 16:08:32,668 - Inch - INFO - dec-end-outch512-inch384-factcp-r0.75-wh4-ind2s
2024-06-03 16:21:00,371 - Inch - INFO - dec-start-outch512-inch384-factcp-r0.9-wh4-ind1s
2024-06-03 17:15:48,489 - Inch - INFO - dec-end-outch512-inch384-factcp-r0.9-wh4-ind1s
2024-06-03 17:28:00,119 - Inch - INFO - dec-start-outch512-inch384-factcp-r0.9-wh4-ind2s
2024-06-03 18:23:19,026 - Inch - INFO - dec-end-outch512-inch384-factcp-r0.9-wh4-ind2s
2024-06-03 18:26:00,876 - Inch - INFO - dec-start-outch512-inch320-factcp-r0.1-wh4-ind1s
2024-06-03 18:32:00,661 - Inch - INFO - dec-end-outch512-inch320-factcp-r0.1-wh4-ind1s
2024-06-03 18:34:00,013 - Inch - INFO - dec-start-outch512-inch320-factcp-r0.1-wh4-ind2s
2024-06-03 18:40:05,459 - Inch - INFO - dec-end-outch512-inch320-factcp-r0.1-wh4-ind2s
2024-06-03 18:43:00,568 - Inch - INFO - dec-start-outch512-inch320-factcp-r0.25-wh4-ind1s
2024-06-03 18:55:39,644 - Inch - INFO - dec-end-outch512-inch320-factcp-r0.25-wh4-ind1s
2024-06-03 18:59:00,983 - Inch - INFO - dec-start-outch512-inch320-factcp-r0.25-wh4-ind2s
2024-06-03 19:11:35,965 - Inch - INFO - dec-end-outch512-inch320-factcp-r0.25-wh4-ind2s
2024-06-03 19:17:00,455 - Inch - INFO - dec-start-outch512-inch320-factcp-r0.5-wh4-ind1s
2024-06-03 19:42:04,531 - Inch - INFO - dec-end-outch512-inch320-factcp-r0.5-wh4-ind1s
2024-06-03 19:47:00,510 - Inch - INFO - dec-start-outch512-inch320-factcp-r0.5-wh4-ind2s
2024-06-03 20:12:01,571 - Inch - INFO - dec-end-outch512-inch320-factcp-r0.5-wh4-ind2s
2024-06-04 21:56:00,698 - Inch - INFO - dec-start-outch512-inch320-factcp-r0.75-wh4-ind1s
2024-06-05 09:19:00,116 - Inch - INFO - dec-start-outch512-inch320-factcp-r0.75-wh4-ind1s
2024-06-05 09:35:00,752 - Inch - INFO - dec-start-outch512-inch256-factcp-r0.1-wh4-ind1s
2024-06-05 09:39:58,939 - Inch - INFO - dec-end-outch512-inch256-factcp-r0.1-wh4-ind1s
2024-06-05 09:42:00,892 - Inch - INFO - dec-start-outch512-inch256-factcp-r0.1-wh4-ind2s
2024-06-05 09:46:57,983 - Inch - INFO - dec-end-outch512-inch256-factcp-r0.1-wh4-ind2s
2024-06-05 09:50:00,796 - Inch - INFO - dec-start-outch512-inch256-factcp-r0.25-wh4-ind1s
2024-06-05 10:01:25,735 - Inch - INFO - dec-end-outch512-inch256-factcp-r0.25-wh4-ind1s
2024-06-05 10:04:00,814 - Inch - INFO - dec-start-outch512-inch256-factcp-r0.25-wh4-ind2s
2024-06-05 10:15:26,831 - Inch - INFO - dec-end-outch512-inch256-factcp-r0.25-wh4-ind2s
2024-06-05 10:20:00,676 - Inch - INFO - dec-start-outch512-inch256-factcp-r0.5-wh4-ind1s
2024-06-05 10:42:31,412 - Inch - INFO - dec-end-outch512-inch256-factcp-r0.5-wh4-ind1s
2024-06-05 10:47:00,982 - Inch - INFO - dec-start-outch512-inch256-factcp-r0.5-wh4-ind2s
2024-06-05 11:10:03,136 - Inch - INFO - dec-end-outch512-inch256-factcp-r0.5-wh4-ind2s
2024-06-05 11:16:00,734 - Inch - INFO - dec-start-outch512-inch256-factcp-r0.75-wh4-ind1s
2024-06-05 11:48:39,611 - Inch - INFO - dec-end-outch512-inch256-factcp-r0.75-wh4-ind1s
2024-06-05 11:54:00,245 - Inch - INFO - dec-start-outch512-inch256-factcp-r0.75-wh4-ind2s
2024-06-05 12:26:14,457 - Inch - INFO - dec-end-outch512-inch256-factcp-r0.75-wh4-ind2s
2024-06-05 12:33:00,400 - Inch - INFO - dec-start-outch512-inch256-factcp-r0.9-wh4-ind1s
2024-06-05 13:11:40,091 - Inch - INFO - dec-end-outch512-inch256-factcp-r0.9-wh4-ind1s
2024-06-05 13:18:00,492 - Inch - INFO - dec-start-outch512-inch256-factcp-r0.9-wh4-ind2s
2024-06-05 13:56:32,595 - Inch - INFO - dec-end-outch512-inch256-factcp-r0.9-wh4-ind2s



Tucker



2024-06-05 16:30:00,660 - Inch - INFO - dec-start-outch512-inch384-facttucker-r0.1-wh4-ind1s
2024-06-05 16:34:48,143 - Inch - INFO - dec-end-outch512-inch384-facttucker-r0.1-wh4-ind1s
2024-06-05 16:36:00,274 - Inch - INFO - dec-start-outch512-inch384-facttucker-r0.1-wh4-ind2s
2024-06-05 16:40:45,971 - Inch - INFO - dec-end-outch512-inch384-facttucker-r0.1-wh4-ind2s
2024-06-05 16:42:00,425 - Inch - INFO - dec-start-outch512-inch384-facttucker-r0.25-wh4-ind1s
2024-06-05 16:51:17,053 - Inch - INFO - dec-end-outch512-inch384-facttucker-r0.25-wh4-ind1s
2024-06-05 16:53:00,357 - Inch - INFO - dec-start-outch512-inch384-facttucker-r0.25-wh4-ind2s
2024-06-05 17:02:11,110 - Inch - INFO - dec-end-outch512-inch384-facttucker-r0.25-wh4-ind2s
2024-06-05 17:04:00,645 - Inch - INFO - dec-start-outch512-inch384-facttucker-r0.5-wh4-ind1s
2024-06-05 17:20:12,880 - Inch - INFO - dec-end-outch512-inch384-facttucker-r0.5-wh4-ind1s
2024-06-05 17:22:00,102 - Inch - INFO - dec-start-outch512-inch384-facttucker-r0.5-wh4-ind2s
2024-06-05 17:38:20,968 - Inch - INFO - dec-end-outch512-inch384-facttucker-r0.5-wh4-ind2s
2024-06-05 17:40:00,296 - Inch - INFO - dec-start-outch512-inch384-facttucker-r0.75-wh4-ind1s
2024-06-05 18:04:38,076 - Inch - INFO - dec-end-outch512-inch384-facttucker-r0.75-wh4-ind1s
2024-06-05 18:06:01,005 - Inch - INFO - dec-start-outch512-inch384-facttucker-r0.75-wh4-ind2s
2024-06-05 18:30:34,118 - Inch - INFO - dec-end-outch512-inch384-facttucker-r0.75-wh4-ind2s
2024-06-05 18:32:00,177 - Inch - INFO - dec-start-outch512-inch384-facttucker-r0.9-wh4-ind1s
2024-06-05 19:00:49,590 - Inch - INFO - dec-end-outch512-inch384-facttucker-r0.9-wh4-ind1s
2024-06-05 19:02:00,640 - Inch - INFO - dec-start-outch512-inch384-facttucker-r0.9-wh4-ind2s
2024-06-05 19:31:09,825 - Inch - INFO - dec-end-outch512-inch384-facttucker-r0.9-wh4-ind2s
2024-06-05 19:33:00,851 - Inch - INFO - dec-start-outch512-inch320-facttucker-r0.1-wh4-ind1s
2024-06-05 19:37:04,790 - Inch - INFO - dec-end-outch512-inch320-facttucker-r0.1-wh4-ind1s
2024-06-05 19:39:00,808 - Inch - INFO - dec-start-outch512-inch320-facttucker-r0.1-wh4-ind2s
2024-06-05 19:43:05,154 - Inch - INFO - dec-end-outch512-inch320-facttucker-r0.1-wh4-ind2s
2024-06-05 19:45:00,048 - Inch - INFO - dec-start-outch512-inch320-facttucker-r0.25-wh4-ind1s
2024-06-05 19:52:27,669 - Inch - INFO - dec-end-outch512-inch320-facttucker-r0.25-wh4-ind1s
2024-06-05 19:54:00,658 - Inch - INFO - dec-start-outch512-inch320-facttucker-r0.25-wh4-ind2s
2024-06-05 20:01:29,020 - Inch - INFO - dec-end-outch512-inch320-facttucker-r0.25-wh4-ind2s
2024-06-05 20:03:00,940 - Inch - INFO - dec-start-outch512-inch320-facttucker-r0.5-wh4-ind1s
2024-06-05 20:16:20,762 - Inch - INFO - dec-end-outch512-inch320-facttucker-r0.5-wh4-ind1s
2024-06-05 20:18:00,977 - Inch - INFO - dec-start-outch512-inch320-facttucker-r0.5-wh4-ind2s
2024-06-05 20:31:18,271 - Inch - INFO - dec-end-outch512-inch320-facttucker-r0.5-wh4-ind2s
2024-06-05 20:33:00,910 - Inch - INFO - dec-start-outch512-inch320-facttucker-r0.75-wh4-ind1s
2024-06-05 20:52:43,101 - Inch - INFO - dec-end-outch512-inch320-facttucker-r0.75-wh4-ind1s
2024-06-05 20:54:00,074 - Inch - INFO - dec-start-outch512-inch320-facttucker-r0.75-wh4-ind2s
2024-06-05 21:13:56,262 - Inch - INFO - dec-end-outch512-inch320-facttucker-r0.75-wh4-ind2s
2024-06-05 21:15:00,020 - Inch - INFO - dec-start-outch512-inch320-facttucker-r0.9-wh4-ind1s
2024-06-05 21:38:57,937 - Inch - INFO - dec-end-outch512-inch320-facttucker-r0.9-wh4-ind1s
2024-06-05 21:40:00,688 - Inch - INFO - dec-start-outch512-inch320-facttucker-r0.9-wh4-ind2s
2024-06-05 22:04:10,151 - Inch - INFO - dec-end-outch512-inch320-facttucker-r0.9-wh4-ind2s
2024-06-05 22:06:00,959 - Inch - INFO - dec-start-outch512-inch256-facttucker-r0.1-wh4-ind1s
2024-06-05 22:09:34,700 - Inch - INFO - dec-end-outch512-inch256-facttucker-r0.1-wh4-ind1s
2024-06-05 22:11:00,516 - Inch - INFO - dec-start-outch512-inch256-facttucker-r0.1-wh4-ind2s
2024-06-05 22:14:33,309 - Inch - INFO - dec-end-outch512-inch256-facttucker-r0.1-wh4-ind2s
2024-06-05 22:16:00,936 - Inch - INFO - dec-start-outch512-inch256-facttucker-r0.25-wh4-ind1s
2024-06-05 22:22:21,473 - Inch - INFO - dec-end-outch512-inch256-facttucker-r0.25-wh4-ind1s
2024-06-05 22:24:00,163 - Inch - INFO - dec-start-outch512-inch256-facttucker-r0.25-wh4-ind2s
2024-06-05 22:30:19,789 - Inch - INFO - dec-end-outch512-inch256-facttucker-r0.25-wh4-ind2s
2024-06-05 22:32:00,507 - Inch - INFO - dec-start-outch512-inch256-facttucker-r0.5-wh4-ind1s
2024-06-05 22:42:42,245 - Inch - INFO - dec-end-outch512-inch256-facttucker-r0.5-wh4-ind1s
2024-06-05 22:44:00,945 - Inch - INFO - dec-start-outch512-inch256-facttucker-r0.5-wh4-ind2s
2024-06-05 22:54:43,219 - Inch - INFO - dec-end-outch512-inch256-facttucker-r0.5-wh4-ind2s
2024-06-05 22:56:00,902 - Inch - INFO - dec-start-outch512-inch256-facttucker-r0.75-wh4-ind1s
2024-06-05 23:11:29,113 - Inch - INFO - dec-end-outch512-inch256-facttucker-r0.75-wh4-ind1s
2024-06-05 23:13:00,781 - Inch - INFO - dec-start-outch512-inch256-facttucker-r0.75-wh4-ind2s
2024-06-05 23:28:30,774 - Inch - INFO - dec-end-outch512-inch256-facttucker-r0.75-wh4-ind2s
2024-06-05 23:30:00,303 - Inch - INFO - dec-start-outch512-inch256-facttucker-r0.9-wh4-ind1s
2024-06-05 23:48:35,157 - Inch - INFO - dec-end-outch512-inch256-facttucker-r0.9-wh4-ind1s
2024-06-05 23:50:00,681 - Inch - INFO - dec-start-outch512-inch256-facttucker-r0.9-wh4-ind2s
2024-06-06 00:08:34,545 - Inch - INFO - dec-end-outch512-inch256-facttucker-r0.9-wh4-ind2s
2024-06-06 00:10:00,118 - Inch - INFO - dec-start-outch512-inch192-facttucker-r0.1-wh4-ind1s
2024-06-06 00:13:04,668 - Inch - INFO - dec-end-outch512-inch192-facttucker-r0.1-wh4-ind1s
2024-06-06 00:15:00,278 - Inch - INFO - dec-start-outch512-inch192-facttucker-r0.1-wh4-ind2s
2024-06-06 00:18:04,336 - Inch - INFO - dec-end-outch512-inch192-facttucker-r0.1-wh4-ind2s
2024-06-06 00:20:00,643 - Inch - INFO - dec-start-outch512-inch192-facttucker-r0.25-wh4-ind1s
2024-06-06 00:24:35,870 - Inch - INFO - dec-end-outch512-inch192-facttucker-r0.25-wh4-ind1s
2024-06-06 00:26:00,139 - Inch - INFO - dec-start-outch512-inch192-facttucker-r0.25-wh4-ind2s
2024-06-06 00:30:34,122 - Inch - INFO - dec-end-outch512-inch192-facttucker-r0.25-wh4-ind2s
2024-06-06 00:32:00,672 - Inch - INFO - dec-start-outch512-inch192-facttucker-r0.5-wh4-ind1s
2024-06-06 00:39:53,199 - Inch - INFO - dec-end-outch512-inch192-facttucker-r0.5-wh4-ind1s
2024-06-06 00:41:00,730 - Inch - INFO - dec-start-outch512-inch192-facttucker-r0.5-wh4-ind2s
2024-06-06 00:48:54,779 - Inch - INFO - dec-end-outch512-inch192-facttucker-r0.5-wh4-ind2s
2024-06-06 00:50:00,201 - Inch - INFO - dec-start-outch512-inch192-facttucker-r0.75-wh4-ind1s
2024-06-06 01:01:47,334 - Inch - INFO - dec-end-outch512-inch192-facttucker-r0.75-wh4-ind1s
2024-06-06 01:03:00,713 - Inch - INFO - dec-start-outch512-inch192-facttucker-r0.75-wh4-ind2s
2024-06-06 01:14:43,866 - Inch - INFO - dec-end-outch512-inch192-facttucker-r0.75-wh4-ind2s
2024-06-06 01:16:00,134 - Inch - INFO - dec-start-outch512-inch192-facttucker-r0.9-wh4-ind1s
2024-06-06 01:29:32,626 - Inch - INFO - dec-end-outch512-inch192-facttucker-r0.9-wh4-ind1s
2024-06-06 01:31:00,872 - Inch - INFO - dec-start-outch512-inch192-facttucker-r0.9-wh4-ind2s
2024-06-06 01:44:37,882 - Inch - INFO - dec-end-outch512-inch192-facttucker-r0.9-wh4-ind2s

CP


2024-06-15 15:43:53,190 - Inch - INFO - dec-start-outch512-inch192-factcp-r0.1-wh4-ind1s
2024-06-15 15:48:42,532 - Inch - INFO - dec-end-outch512-inch192-factcp-r0.1-wh4-ind1s
2024-06-15 15:48:59,684 - Inch - INFO - dec-start-outch512-inch192-factcp-r0.1-wh4-ind2s
2024-06-15 15:53:41,351 - Inch - INFO - dec-end-outch512-inch192-factcp-r0.1-wh4-ind2s
2024-06-15 15:54:24,360 - Inch - INFO - dec-start-outch512-inch192-factcp-r0.25-wh4-ind1s
2024-06-15 16:03:18,000 - Inch - INFO - dec-end-outch512-inch192-factcp-r0.25-wh4-ind1s
2024-06-15 16:04:01,099 - Inch - INFO - dec-start-outch512-inch192-factcp-r0.25-wh4-ind2s
2024-06-15 16:12:50,127 - Inch - INFO - dec-end-outch512-inch192-factcp-r0.25-wh4-ind2s
2024-06-15 16:14:17,546 - Inch - INFO - dec-start-outch512-inch192-factcp-r0.5-wh4-ind1s
2024-06-15 16:31:54,842 - Inch - INFO - dec-end-outch512-inch192-factcp-r0.5-wh4-ind1s
2024-06-15 16:33:22,096 - Inch - INFO - dec-start-outch512-inch192-factcp-r0.5-wh4-ind2s
2024-06-15 16:51:00,524 - Inch - INFO - dec-end-outch512-inch192-factcp-r0.5-wh4-ind2s
2024-06-15 16:53:15,716 - Inch - INFO - dec-start-outch512-inch192-factcp-r0.75-wh4-ind1s
2024-06-15 17:20:06,302 - Inch - INFO - dec-end-outch512-inch192-factcp-r0.75-wh4-ind1s
2024-06-15 17:22:13,329 - Inch - INFO - dec-start-outch512-inch192-factcp-r0.75-wh4-ind2s
2024-06-15 17:48:38,177 - Inch - INFO - dec-end-outch512-inch192-factcp-r0.75-wh4-ind2s
2024-06-15 17:51:10,202 - Inch - INFO - dec-start-outch512-inch192-factcp-r0.9-wh4-ind1s
2024-06-15 18:21:59,122 - Inch - INFO - dec-end-outch512-inch192-factcp-r0.9-wh4-ind1s
2024-06-15 18:24:35,974 - Inch - INFO - dec-start-outch512-inch192-factcp-r0.9-wh4-ind2s
2024-06-15 18:55:17,576 - Inch - INFO - dec-end-outch512-inch192-factcp-r0.9-wh4-ind2s
2024-06-15 21:05:24,585 - Inch - INFO - dec-start-outch512-inch192-factcp-r0.1-wh4-ind3s
2024-06-15 21:10:05,362 - Inch - INFO - dec-end-outch512-inch192-factcp-r0.1-wh4-ind3s
2024-06-15 21:10:48,772 - Inch - INFO - dec-start-outch512-inch192-factcp-r0.25-wh4-ind3s
2024-06-15 21:19:39,880 - Inch - INFO - dec-end-outch512-inch192-factcp-r0.25-wh4-ind3s
2024-06-15 21:21:08,573 - Inch - INFO - dec-start-outch512-inch192-factcp-r0.5-wh4-ind3s
2024-06-15 21:38:49,097 - Inch - INFO - dec-end-outch512-inch192-factcp-r0.5-wh4-ind3s
2024-06-15 21:41:04,229 - Inch - INFO - dec-start-outch512-inch192-factcp-r0.75-wh4-ind3s
2024-06-15 22:06:51,040 - Inch - INFO - dec-end-outch512-inch192-factcp-r0.75-wh4-ind3s
2024-06-15 22:09:33,400 - Inch - INFO - dec-start-outch512-inch192-factcp-r0.9-wh4-ind3s
2024-06-15 22:39:45,319 - Inch - INFO - dec-end-outch512-inch192-factcp-r0.9-wh4-ind3s
2024-06-15 22:40:16,330 - Inch - INFO - dec-start-outch512-inch192-factcp-r0.1-wh4-ind3s
2024-06-16 13:42:40,702 - Inch - INFO - dec-start-outch512-inch192-factcp-r0.9-wh4-ind1s
2024-06-16 15:05:33,913 - Inch - INFO - dec-start-outch512-inch320-factcp-r0.9-wh4-ind1s
2024-06-16 18:10:23,561 - Inch - INFO - dec-start-outch512-inch319-factcp-r0.9-wh4-ind1s
