2024-06-26 10:51:16,121 - Layer_fin - INFO - bas-start-outch512-inch192-wh4-ind1s
2024-06-26 10:54:44,194 - Layer_fin - INFO - bas-end-outch512-inch192-wh4-ind1s
2024-06-26 10:54:44,320 - Layer_fin - INFO - bas-start-outch512-inch192-wh4-ind2s
2024-06-26 10:58:17,954 - Layer_fin - INFO - bas-end-outch512-inch192-wh4-ind2s
2024-06-26 10:58:18,199 - Layer_fin - INFO - dec-start-outch512-inch192-facttt-r0.1-wh4-ind1s
2024-06-26 10:58:59,602 - Layer_fin - INFO - bas-start-outch512-inch192-wh4-ind1s
2024-06-26 11:02:39,060 - Layer_fin - INFO - bas-end-outch512-inch192-wh4-ind1s
2024-06-26 11:02:39,186 - Layer_fin - INFO - bas-start-outch512-inch192-wh4-ind2s
2024-06-26 11:03:22,752 - Layer_fin - INFO - bas-start-outch512-inch384-wh4-ind1s
2024-06-26 11:07:26,557 - Layer_fin - INFO - dec-start-outch512-inch192-facttt-r0.1-wh4-ind1s
2024-06-26 11:14:00,528 - Layer_fin - INFO - dec-start-outch512-inch192-facttucker-r0.1-wh4-ind1s
2024-06-26 11:21:00,951 - Layer_fin - INFO - dec-start-outch512-inch192-facttucker-r0.1-wh4-ind1s
2024-06-26 11:27:48,545 - Layer_fin - INFO - dec-end-outch512-inch192-facttucker-r0.1-wh4-ind1s
2024-06-26 11:29:00,432 - Layer_fin - INFO - dec-start-outch512-inch192-facttucker-r0.1-wh4-ind2s
2024-06-26 11:35:47,607 - Layer_fin - INFO - dec-end-outch512-inch192-facttucker-r0.1-wh4-ind2s
2024-06-26 11:37:00,740 - Layer_fin - INFO - dec-start-outch512-inch192-facttucker-r0.25-wh4-ind1s
2024-06-26 11:47:04,547 - Layer_fin - INFO - dec-end-outch512-inch192-facttucker-r0.25-wh4-ind1s
2024-06-26 11:49:00,349 - Layer_fin - INFO - dec-start-outch512-inch192-facttucker-r0.25-wh4-ind2s
2024-06-26 11:59:02,816 - Layer_fin - INFO - dec-end-outch512-inch192-facttucker-r0.25-wh4-ind2s
2024-06-26 12:01:00,232 - Layer_fin - INFO - dec-start-outch512-inch192-facttucker-r0.5-wh4-ind1s
2024-06-26 12:15:11,022 - Layer_fin - INFO - dec-end-outch512-inch192-facttucker-r0.5-wh4-ind1s
2024-06-26 12:17:00,928 - Layer_fin - INFO - dec-start-outch512-inch192-facttucker-r0.5-wh4-ind2s
2024-06-26 12:31:11,721 - Layer_fin - INFO - dec-end-outch512-inch192-facttucker-r0.5-wh4-ind2s
2024-06-26 12:33:00,631 - Layer_fin - INFO - dec-start-outch512-inch192-facttucker-r0.75-wh4-ind1s
2024-06-26 12:50:08,581 - Layer_fin - INFO - dec-end-outch512-inch192-facttucker-r0.75-wh4-ind1s
2024-06-26 12:52:00,496 - Layer_fin - INFO - dec-start-outch512-inch192-facttucker-r0.75-wh4-ind2s
2024-06-26 13:09:07,383 - Layer_fin - INFO - dec-end-outch512-inch192-facttucker-r0.75-wh4-ind2s
2024-06-26 13:11:00,680 - Layer_fin - INFO - dec-start-outch512-inch192-facttucker-r0.9-wh4-ind1s
2024-06-26 13:29:52,822 - Layer_fin - INFO - dec-end-outch512-inch192-facttucker-r0.9-wh4-ind1s
2024-06-26 13:31:00,307 - Layer_fin - INFO - dec-start-outch512-inch192-facttucker-r0.9-wh4-ind2s
2024-06-26 13:49:52,163 - Layer_fin - INFO - dec-end-outch512-inch192-facttucker-r0.9-wh4-ind2s
2024-06-26 13:51:00,476 - Layer_fin - INFO - dec-start-outch512-inch192-facttt-r0.1-wh4-ind1s
2024-06-26 13:56:04,339 - Layer_fin - INFO - dec-end-outch512-inch192-facttt-r0.1-wh4-ind1s
2024-06-26 13:58:00,571 - Layer_fin - INFO - dec-start-outch512-inch192-facttt-r0.1-wh4-ind2s
2024-06-26 14:03:03,608 - Layer_fin - INFO - dec-end-outch512-inch192-facttt-r0.1-wh4-ind2s
2024-06-26 14:05:00,752 - Layer_fin - INFO - dec-start-outch512-inch192-facttt-r0.25-wh4-ind1s
2024-06-26 14:10:04,805 - Layer_fin - INFO - dec-end-outch512-inch192-facttt-r0.25-wh4-ind1s
2024-06-26 14:12:01,007 - Layer_fin - INFO - dec-start-outch512-inch192-facttt-r0.25-wh4-ind2s
2024-06-26 14:17:04,778 - Layer_fin - INFO - dec-end-outch512-inch192-facttt-r0.25-wh4-ind2s
2024-06-26 14:19:00,976 - Layer_fin - INFO - dec-start-outch512-inch192-facttt-r0.5-wh4-ind1s
2024-06-26 14:26:22,228 - Layer_fin - INFO - dec-end-outch512-inch192-facttt-r0.5-wh4-ind1s
2024-06-26 14:28:00,432 - Layer_fin - INFO - dec-start-outch512-inch192-facttt-r0.5-wh4-ind2s
2024-06-26 14:35:21,054 - Layer_fin - INFO - dec-end-outch512-inch192-facttt-r0.5-wh4-ind2s
2024-06-26 14:37:00,310 - Layer_fin - INFO - dec-start-outch512-inch192-facttt-r0.75-wh4-ind1s
2024-06-26 14:44:57,139 - Layer_fin - INFO - dec-end-outch512-inch192-facttt-r0.75-wh4-ind1s
2024-06-26 14:46:00,355 - Layer_fin - INFO - dec-start-outch512-inch192-facttt-r0.75-wh4-ind2s
2024-06-26 14:53:57,404 - Layer_fin - INFO - dec-end-outch512-inch192-facttt-r0.75-wh4-ind2s
2024-06-26 14:55:00,655 - Layer_fin - INFO - dec-start-outch512-inch192-facttt-r0.9-wh4-ind1s
2024-06-26 15:03:08,044 - Layer_fin - INFO - dec-end-outch512-inch192-facttt-r0.9-wh4-ind1s
2024-06-26 15:05:00,284 - Layer_fin - INFO - dec-start-outch512-inch192-facttt-r0.9-wh4-ind2s
2024-06-26 15:13:06,514 - Layer_fin - INFO - dec-end-outch512-inch192-facttt-r0.9-wh4-ind2s
2024-06-26 15:15:00,662 - Layer_fin - INFO - bas-start-outch512-inch192-wh4-ind1s
2024-06-26 15:18:30,959 - Layer_fin - INFO - bas-end-outch512-inch192-wh4-ind1s
2024-06-26 15:20:00,112 - Layer_fin - INFO - bas-start-outch512-inch192-wh4-ind2s
2024-06-26 15:23:30,521 - Layer_fin - INFO - bas-end-outch512-inch192-wh4-ind2s
2024-06-26 15:25:00,791 - Layer_fin - INFO - dec-start-outch512-inch192-factcp-r0.1-wh4-ind1s
2024-06-26 15:33:18,312 - Layer_fin - INFO - dec-end-outch512-inch192-factcp-r0.1-wh4-ind1s
2024-06-26 15:35:00,568 - Layer_fin - INFO - dec-start-outch512-inch192-factcp-r0.1-wh4-ind2s
2024-06-26 15:43:19,984 - Layer_fin - INFO - dec-end-outch512-inch192-factcp-r0.1-wh4-ind2s
2024-06-26 15:45:00,661 - Layer_fin - INFO - dec-start-outch512-inch192-factcp-r0.25-wh4-ind1s
2024-06-26 15:59:54,703 - Layer_fin - INFO - dec-end-outch512-inch192-factcp-r0.25-wh4-ind1s
2024-06-26 16:02:00,619 - Layer_fin - INFO - dec-start-outch512-inch192-factcp-r0.25-wh4-ind2s
2024-06-26 16:16:56,333 - Layer_fin - INFO - dec-end-outch512-inch192-factcp-r0.25-wh4-ind2s
2024-06-26 16:19:00,197 - Layer_fin - INFO - dec-start-outch512-inch192-factcp-r0.5-wh4-ind1s
2024-06-26 16:45:41,335 - Layer_fin - INFO - dec-end-outch512-inch192-factcp-r0.5-wh4-ind1s
2024-06-26 16:48:00,084 - Layer_fin - INFO - dec-start-outch512-inch192-factcp-r0.5-wh4-ind2s
2024-06-26 17:14:40,337 - Layer_fin - INFO - dec-end-outch512-inch192-factcp-r0.5-wh4-ind2s
2024-06-26 17:17:00,729 - Layer_fin - INFO - dec-start-outch512-inch192-factcp-r0.75-wh4-ind1s
2024-06-26 17:33:46,919 - Layer_fin - INFO - dec-end-outch512-inch192-factcp-r0.75-wh4-ind1s
2024-06-26 17:37:00,261 - Layer_fin - INFO - dec-start-outch512-inch192-factcp-r0.75-wh4-ind2s
2024-06-26 17:53:47,437 - Layer_fin - INFO - dec-end-outch512-inch192-factcp-r0.75-wh4-ind2s
2024-06-26 17:57:00,894 - Layer_fin - INFO - dec-start-outch512-inch192-factcp-r0.9-wh4-ind1s
2024-06-26 18:16:44,547 - Layer_fin - INFO - dec-end-outch512-inch192-factcp-r0.9-wh4-ind1s
2024-06-26 18:20:00,228 - Layer_fin - INFO - dec-start-outch512-inch192-factcp-r0.9-wh4-ind2s
2024-06-26 18:39:43,254 - Layer_fin - INFO - dec-end-outch512-inch192-factcp-r0.9-wh4-ind2s
2024-06-26 18:41:00,146 - Layer_fin - INFO - dec-start-outch512-inch256-facttucker-r0.1-wh4-ind1s
2024-06-26 18:48:35,706 - Layer_fin - INFO - dec-end-outch512-inch256-facttucker-r0.1-wh4-ind1s
2024-06-26 18:50:00,922 - Layer_fin - INFO - dec-start-outch512-inch256-facttucker-r0.1-wh4-ind2s
2024-06-26 18:57:35,744 - Layer_fin - INFO - dec-end-outch512-inch256-facttucker-r0.1-wh4-ind2s
2024-06-26 18:59:00,161 - Layer_fin - INFO - dec-start-outch512-inch256-facttucker-r0.25-wh4-ind1s
2024-06-26 19:10:32,460 - Layer_fin - INFO - dec-end-outch512-inch256-facttucker-r0.25-wh4-ind1s
2024-06-26 19:12:00,255 - Layer_fin - INFO - dec-start-outch512-inch256-facttucker-r0.25-wh4-ind2s
2024-06-26 19:23:32,987 - Layer_fin - INFO - dec-end-outch512-inch256-facttucker-r0.25-wh4-ind2s
2024-06-26 19:25:00,801 - Layer_fin - INFO - dec-start-outch512-inch256-facttucker-r0.5-wh4-ind1s
2024-06-26 19:41:47,551 - Layer_fin - INFO - dec-end-outch512-inch256-facttucker-r0.5-wh4-ind1s
2024-06-26 19:43:00,047 - Layer_fin - INFO - dec-start-outch512-inch256-facttucker-r0.5-wh4-ind2s
2024-06-26 19:59:46,039 - Layer_fin - INFO - dec-end-outch512-inch256-facttucker-r0.5-wh4-ind2s
2024-06-26 20:01:00,426 - Layer_fin - INFO - dec-start-outch512-inch256-facttucker-r0.75-wh4-ind1s
2024-06-26 20:21:04,340 - Layer_fin - INFO - dec-end-outch512-inch256-facttucker-r0.75-wh4-ind1s
2024-06-26 20:23:00,779 - Layer_fin - INFO - dec-start-outch512-inch256-facttucker-r0.75-wh4-ind2s
2024-06-26 20:43:07,567 - Layer_fin - INFO - dec-end-outch512-inch256-facttucker-r0.75-wh4-ind2s
2024-06-26 20:45:00,412 - Layer_fin - INFO - dec-start-outch512-inch256-facttucker-r0.9-wh4-ind1s
2024-06-26 21:07:25,186 - Layer_fin - INFO - dec-end-outch512-inch256-facttucker-r0.9-wh4-ind1s
2024-06-26 21:09:00,095 - Layer_fin - INFO - dec-start-outch512-inch256-facttucker-r0.9-wh4-ind2s
2024-06-26 21:31:27,192 - Layer_fin - INFO - dec-end-outch512-inch256-facttucker-r0.9-wh4-ind2s
2024-06-26 21:33:00,557 - Layer_fin - INFO - dec-start-outch512-inch256-facttt-r0.1-wh4-ind1s
2024-06-26 21:38:05,110 - Layer_fin - INFO - dec-end-outch512-inch256-facttt-r0.1-wh4-ind1s
2024-06-26 21:40:00,351 - Layer_fin - INFO - dec-start-outch512-inch256-facttt-r0.1-wh4-ind2s
2024-06-26 21:45:04,065 - Layer_fin - INFO - dec-end-outch512-inch256-facttt-r0.1-wh4-ind2s
2024-06-26 21:47:00,363 - Layer_fin - INFO - dec-start-outch512-inch256-facttt-r0.25-wh4-ind1s
2024-06-26 21:54:02,637 - Layer_fin - INFO - dec-end-outch512-inch256-facttt-r0.25-wh4-ind1s
2024-06-26 21:56:01,008 - Layer_fin - INFO - dec-start-outch512-inch256-facttt-r0.25-wh4-ind2s
2024-06-26 22:03:03,368 - Layer_fin - INFO - dec-end-outch512-inch256-facttt-r0.25-wh4-ind2s
2024-06-26 22:05:00,666 - Layer_fin - INFO - dec-start-outch512-inch256-facttt-r0.5-wh4-ind1s
2024-06-26 22:14:23,345 - Layer_fin - INFO - dec-end-outch512-inch256-facttt-r0.5-wh4-ind1s
2024-06-26 22:16:00,663 - Layer_fin - INFO - dec-start-outch512-inch256-facttt-r0.5-wh4-ind2s
2024-06-26 22:25:22,844 - Layer_fin - INFO - dec-end-outch512-inch256-facttt-r0.5-wh4-ind2s
2024-06-26 22:27:00,199 - Layer_fin - INFO - dec-start-outch512-inch256-facttt-r0.75-wh4-ind1s
2024-06-26 22:36:57,731 - Layer_fin - INFO - dec-end-outch512-inch256-facttt-r0.75-wh4-ind1s
2024-06-26 22:38:00,019 - Layer_fin - INFO - dec-start-outch512-inch256-facttt-r0.75-wh4-ind2s
2024-06-26 22:47:59,046 - Layer_fin - INFO - dec-end-outch512-inch256-facttt-r0.75-wh4-ind2s
2024-06-26 22:49:00,297 - Layer_fin - INFO - dec-start-outch512-inch256-facttt-r0.9-wh4-ind1s
2024-06-26 22:59:08,461 - Layer_fin - INFO - dec-end-outch512-inch256-facttt-r0.9-wh4-ind1s
2024-06-26 23:01:00,809 - Layer_fin - INFO - dec-start-outch512-inch256-facttt-r0.9-wh4-ind2s
2024-06-26 23:11:07,165 - Layer_fin - INFO - dec-end-outch512-inch256-facttt-r0.9-wh4-ind2s
2024-06-26 23:13:00,342 - Layer_fin - INFO - bas-start-outch512-inch256-wh4-ind1s
2024-06-26 23:17:33,836 - Layer_fin - INFO - bas-end-outch512-inch256-wh4-ind1s
2024-06-26 23:19:00,085 - Layer_fin - INFO - bas-start-outch512-inch256-wh4-ind2s
2024-06-26 23:23:33,784 - Layer_fin - INFO - bas-end-outch512-inch256-wh4-ind2s
2024-06-26 23:25:00,281 - Layer_fin - INFO - dec-start-outch512-inch256-factcp-r0.1-wh4-ind1s
2024-06-26 23:34:46,027 - Layer_fin - INFO - dec-end-outch512-inch256-factcp-r0.1-wh4-ind1s
2024-06-26 23:36:00,445 - Layer_fin - INFO - dec-start-outch512-inch256-factcp-r0.1-wh4-ind2s
2024-06-26 23:45:47,269 - Layer_fin - INFO - dec-end-outch512-inch256-factcp-r0.1-wh4-ind2s
2024-06-26 23:48:00,768 - Layer_fin - INFO - dec-start-outch512-inch256-factcp-r0.25-wh4-ind1s
2024-06-27 00:02:02,801 - Layer_fin - INFO - dec-end-outch512-inch256-factcp-r0.25-wh4-ind1s
2024-06-27 00:04:00,193 - Layer_fin - INFO - dec-start-outch512-inch256-factcp-r0.25-wh4-ind2s
2024-06-27 00:18:02,902 - Layer_fin - INFO - dec-end-outch512-inch256-factcp-r0.25-wh4-ind2s
2024-06-27 00:21:00,509 - Layer_fin - INFO - dec-start-outch512-inch256-factcp-r0.5-wh4-ind1s
2024-06-27 00:54:41,830 - Layer_fin - INFO - dec-end-outch512-inch256-factcp-r0.5-wh4-ind1s
2024-06-27 00:57:00,553 - Layer_fin - INFO - dec-start-outch512-inch256-factcp-r0.5-wh4-ind2s
2024-06-27 01:30:40,223 - Layer_fin - INFO - dec-end-outch512-inch256-factcp-r0.5-wh4-ind2s
2024-06-27 01:34:00,640 - Layer_fin - INFO - dec-start-outch512-inch256-factcp-r0.75-wh4-ind1s
2024-06-27 01:56:52,464 - Layer_fin - INFO - dec-end-outch512-inch256-factcp-r0.75-wh4-ind1s
2024-06-27 02:00:00,720 - Layer_fin - INFO - dec-start-outch512-inch256-factcp-r0.75-wh4-ind2s
2024-06-27 02:22:52,729 - Layer_fin - INFO - dec-end-outch512-inch256-factcp-r0.75-wh4-ind2s
2024-06-27 02:26:00,188 - Layer_fin - INFO - dec-start-outch512-inch256-factcp-r0.9-wh4-ind1s
2024-06-27 02:52:49,302 - Layer_fin - INFO - dec-end-outch512-inch256-factcp-r0.9-wh4-ind1s
2024-06-27 02:56:00,578 - Layer_fin - INFO - dec-start-outch512-inch256-factcp-r0.9-wh4-ind2s
2024-06-27 03:22:50,592 - Layer_fin - INFO - dec-end-outch512-inch256-factcp-r0.9-wh4-ind2s
2024-06-27 03:24:00,914 - Layer_fin - INFO - dec-start-outch512-inch320-facttucker-r0.1-wh4-ind1s
2024-06-27 03:32:56,803 - Layer_fin - INFO - dec-end-outch512-inch320-facttucker-r0.1-wh4-ind1s
2024-06-27 03:34:00,849 - Layer_fin - INFO - dec-start-outch512-inch320-facttucker-r0.1-wh4-ind2s
2024-06-27 03:42:53,770 - Layer_fin - INFO - dec-end-outch512-inch320-facttucker-r0.1-wh4-ind2s
2024-06-27 03:44:00,604 - Layer_fin - INFO - dec-start-outch512-inch320-facttucker-r0.25-wh4-ind1s
2024-06-27 03:56:54,831 - Layer_fin - INFO - dec-end-outch512-inch320-facttucker-r0.25-wh4-ind1s
2024-06-27 03:59:00,500 - Layer_fin - INFO - dec-start-outch512-inch320-facttucker-r0.25-wh4-ind2s
2024-06-27 04:11:55,191 - Layer_fin - INFO - dec-end-outch512-inch320-facttucker-r0.25-wh4-ind2s
2024-06-27 04:14:00,172 - Layer_fin - INFO - dec-start-outch512-inch320-facttucker-r0.5-wh4-ind1s
2024-06-27 04:33:22,895 - Layer_fin - INFO - dec-end-outch512-inch320-facttucker-r0.5-wh4-ind1s
2024-06-27 04:35:00,754 - Layer_fin - INFO - dec-start-outch512-inch320-facttucker-r0.5-wh4-ind2s
2024-06-27 04:54:21,008 - Layer_fin - INFO - dec-end-outch512-inch320-facttucker-r0.5-wh4-ind2s
2024-06-27 04:56:00,276 - Layer_fin - INFO - dec-start-outch512-inch320-facttucker-r0.75-wh4-ind1s
2024-06-27 05:19:20,230 - Layer_fin - INFO - dec-end-outch512-inch320-facttucker-r0.75-wh4-ind1s
2024-06-27 05:21:00,259 - Layer_fin - INFO - dec-start-outch512-inch320-facttucker-r0.75-wh4-ind2s
2024-06-27 05:44:21,451 - Layer_fin - INFO - dec-end-outch512-inch320-facttucker-r0.75-wh4-ind2s
2024-06-27 05:46:00,764 - Layer_fin - INFO - dec-start-outch512-inch320-facttucker-r0.9-wh4-ind1s
2024-06-27 06:12:16,981 - Layer_fin - INFO - dec-end-outch512-inch320-facttucker-r0.9-wh4-ind1s
2024-06-27 06:14:00,359 - Layer_fin - INFO - dec-start-outch512-inch320-facttucker-r0.9-wh4-ind2s
2024-06-27 06:40:19,653 - Layer_fin - INFO - dec-end-outch512-inch320-facttucker-r0.9-wh4-ind2s
2024-06-27 06:42:00,261 - Layer_fin - INFO - dec-start-outch512-inch320-facttt-r0.1-wh4-ind1s
2024-06-27 06:47:51,894 - Layer_fin - INFO - dec-end-outch512-inch320-facttt-r0.1-wh4-ind1s
2024-06-27 06:49:00,228 - Layer_fin - INFO - dec-start-outch512-inch320-facttt-r0.1-wh4-ind2s
2024-06-27 06:54:51,851 - Layer_fin - INFO - dec-end-outch512-inch320-facttt-r0.1-wh4-ind2s
2024-06-27 06:56:00,236 - Layer_fin - INFO - dec-start-outch512-inch320-facttt-r0.25-wh4-ind1s
2024-06-27 07:05:50,610 - Layer_fin - INFO - dec-end-outch512-inch320-facttt-r0.25-wh4-ind1s
2024-06-27 07:07:00,938 - Layer_fin - INFO - dec-start-outch512-inch320-facttt-r0.25-wh4-ind2s
2024-06-27 07:16:50,868 - Layer_fin - INFO - dec-end-outch512-inch320-facttt-r0.25-wh4-ind2s
2024-06-27 07:18:00,205 - Layer_fin - INFO - dec-start-outch512-inch320-facttt-r0.5-wh4-ind1s
2024-06-27 07:30:21,256 - Layer_fin - INFO - dec-end-outch512-inch320-facttt-r0.5-wh4-ind1s
2024-06-27 07:32:00,609 - Layer_fin - INFO - dec-start-outch512-inch320-facttt-r0.5-wh4-ind2s
2024-06-27 07:44:20,493 - Layer_fin - INFO - dec-end-outch512-inch320-facttt-r0.5-wh4-ind2s
2024-06-27 07:46:00,891 - Layer_fin - INFO - dec-start-outch512-inch320-facttt-r0.75-wh4-ind1s
2024-06-27 07:58:32,302 - Layer_fin - INFO - dec-end-outch512-inch320-facttt-r0.75-wh4-ind1s
2024-06-27 08:00:00,692 - Layer_fin - INFO - dec-start-outch512-inch320-facttt-r0.75-wh4-ind2s
2024-06-27 08:12:33,473 - Layer_fin - INFO - dec-end-outch512-inch320-facttt-r0.75-wh4-ind2s
2024-06-27 08:14:00,890 - Layer_fin - INFO - dec-start-outch512-inch320-facttt-r0.9-wh4-ind1s
2024-06-27 08:26:55,683 - Layer_fin - INFO - dec-end-outch512-inch320-facttt-r0.9-wh4-ind1s
2024-06-27 08:28:00,062 - Layer_fin - INFO - dec-start-outch512-inch320-facttt-r0.9-wh4-ind2s
2024-06-27 08:40:55,488 - Layer_fin - INFO - dec-end-outch512-inch320-facttt-r0.9-wh4-ind2s
2024-06-27 08:42:00,635 - Layer_fin - INFO - bas-start-outch512-inch320-wh4-ind1s
2024-06-27 08:47:39,446 - Layer_fin - INFO - bas-end-outch512-inch320-wh4-ind1s
2024-06-27 08:49:00,704 - Layer_fin - INFO - bas-start-outch512-inch320-wh4-ind2s
2024-06-27 08:54:38,746 - Layer_fin - INFO - bas-end-outch512-inch320-wh4-ind2s
2024-06-27 08:56:00,346 - Layer_fin - INFO - dec-start-outch512-inch320-factcp-r0.1-wh4-ind1s
2024-06-27 09:07:34,275 - Layer_fin - INFO - dec-end-outch512-inch320-factcp-r0.1-wh4-ind1s
2024-06-27 09:09:00,753 - Layer_fin - INFO - dec-start-outch512-inch320-factcp-r0.1-wh4-ind2s
2024-06-27 09:20:34,468 - Layer_fin - INFO - dec-end-outch512-inch320-factcp-r0.1-wh4-ind2s
2024-06-27 09:23:00,976 - Layer_fin - INFO - dec-start-outch512-inch320-factcp-r0.25-wh4-ind1s
2024-06-27 09:39:42,150 - Layer_fin - INFO - dec-end-outch512-inch320-factcp-r0.25-wh4-ind1s
2024-06-27 09:42:00,577 - Layer_fin - INFO - dec-start-outch512-inch320-factcp-r0.25-wh4-ind2s
2024-06-27 09:58:45,004 - Layer_fin - INFO - dec-end-outch512-inch320-factcp-r0.25-wh4-ind2s
2024-06-27 10:01:00,729 - Layer_fin - INFO - dec-start-outch512-inch320-factcp-r0.5-wh4-ind1s
2024-06-27 10:21:48,389 - Layer_fin - INFO - dec-end-outch512-inch320-factcp-r0.5-wh4-ind1s
2024-06-27 10:25:00,164 - Layer_fin - INFO - dec-start-outch512-inch320-factcp-r0.5-wh4-ind2s
2024-06-27 10:45:46,172 - Layer_fin - INFO - dec-end-outch512-inch320-factcp-r0.5-wh4-ind2s
2024-06-27 10:49:00,048 - Layer_fin - INFO - dec-start-outch512-inch320-factcp-r0.75-wh4-ind1s
2024-06-27 11:18:40,072 - Layer_fin - INFO - dec-end-outch512-inch320-factcp-r0.75-wh4-ind1s
2024-06-27 11:22:00,387 - Layer_fin - INFO - dec-start-outch512-inch320-factcp-r0.75-wh4-ind2s
2024-06-27 11:51:39,834 - Layer_fin - INFO - dec-end-outch512-inch320-factcp-r0.75-wh4-ind2s
2024-06-27 11:55:00,378 - Layer_fin - INFO - dec-start-outch512-inch320-factcp-r0.9-wh4-ind1s
2024-06-27 12:29:45,421 - Layer_fin - INFO - dec-end-outch512-inch320-factcp-r0.9-wh4-ind1s
2024-06-27 12:34:00,649 - Layer_fin - INFO - dec-start-outch512-inch320-factcp-r0.9-wh4-ind2s
2024-06-27 13:08:44,553 - Layer_fin - INFO - dec-end-outch512-inch320-factcp-r0.9-wh4-ind2s
2024-06-27 13:10:00,116 - Layer_fin - INFO - dec-start-outch512-inch384-facttucker-r0.1-wh4-ind1s
2024-06-27 13:19:43,438 - Layer_fin - INFO - dec-end-outch512-inch384-facttucker-r0.1-wh4-ind1s
2024-06-27 13:21:00,037 - Layer_fin - INFO - dec-start-outch512-inch384-facttucker-r0.1-wh4-ind2s
2024-06-27 13:30:44,631 - Layer_fin - INFO - dec-end-outch512-inch384-facttucker-r0.1-wh4-ind2s
2024-06-27 13:32:00,339 - Layer_fin - INFO - dec-start-outch512-inch384-facttucker-r0.25-wh4-ind1s
2024-06-27 13:46:38,429 - Layer_fin - INFO - dec-end-outch512-inch384-facttucker-r0.25-wh4-ind1s
2024-06-27 13:48:00,697 - Layer_fin - INFO - dec-start-outch512-inch384-facttucker-r0.25-wh4-ind2s
2024-06-27 14:02:39,366 - Layer_fin - INFO - dec-end-outch512-inch384-facttucker-r0.25-wh4-ind2s
2024-06-27 14:04:00,771 - Layer_fin - INFO - dec-start-outch512-inch384-facttucker-r0.5-wh4-ind1s
2024-06-27 14:26:16,287 - Layer_fin - INFO - dec-end-outch512-inch384-facttucker-r0.5-wh4-ind1s
2024-06-27 14:28:00,719 - Layer_fin - INFO - dec-start-outch512-inch384-facttucker-r0.5-wh4-ind2s
2024-06-27 14:50:18,488 - Layer_fin - INFO - dec-end-outch512-inch384-facttucker-r0.5-wh4-ind2s
2024-06-27 14:52:00,681 - Layer_fin - INFO - dec-start-outch512-inch384-facttucker-r0.75-wh4-ind1s
2024-06-27 15:18:53,160 - Layer_fin - INFO - dec-end-outch512-inch384-facttucker-r0.75-wh4-ind1s
2024-06-27 15:20:00,731 - Layer_fin - INFO - dec-start-outch512-inch384-facttucker-r0.75-wh4-ind2s
2024-06-27 15:46:52,916 - Layer_fin - INFO - dec-end-outch512-inch384-facttucker-r0.75-wh4-ind2s
2024-06-27 15:48:00,671 - Layer_fin - INFO - dec-start-outch512-inch384-facttucker-r0.9-wh4-ind1s
2024-06-27 16:17:53,785 - Layer_fin - INFO - dec-end-outch512-inch384-facttucker-r0.9-wh4-ind1s
2024-06-27 16:19:00,500 - Layer_fin - INFO - dec-start-outch512-inch384-facttucker-r0.9-wh4-ind2s
2024-06-27 16:48:50,631 - Layer_fin - INFO - dec-end-outch512-inch384-facttucker-r0.9-wh4-ind2s
2024-06-27 16:50:00,431 - Layer_fin - INFO - dec-start-outch512-inch384-facttt-r0.1-wh4-ind1s
2024-06-27 16:57:14,890 - Layer_fin - INFO - dec-end-outch512-inch384-facttt-r0.1-wh4-ind1s
2024-06-27 16:59:00,444 - Layer_fin - INFO - dec-start-outch512-inch384-facttt-r0.1-wh4-ind2s
2024-06-27 17:06:15,412 - Layer_fin - INFO - dec-end-outch512-inch384-facttt-r0.1-wh4-ind2s
2024-06-27 17:08:00,784 - Layer_fin - INFO - dec-start-outch512-inch384-facttt-r0.25-wh4-ind1s
2024-06-27 17:13:41,078 - Layer_fin - INFO - dec-end-outch512-inch384-facttt-r0.25-wh4-ind1s
2024-06-27 17:15:00,440 - Layer_fin - INFO - dec-start-outch512-inch384-facttt-r0.25-wh4-ind2s
2024-06-27 17:20:40,926 - Layer_fin - INFO - dec-end-outch512-inch384-facttt-r0.25-wh4-ind2s
2024-06-27 17:22:00,317 - Layer_fin - INFO - dec-start-outch512-inch384-facttt-r0.5-wh4-ind1s
2024-06-27 17:30:12,109 - Layer_fin - INFO - dec-end-outch512-inch384-facttt-r0.5-wh4-ind1s
2024-06-27 17:32:00,472 - Layer_fin - INFO - dec-start-outch512-inch384-facttt-r0.5-wh4-ind2s
2024-06-27 17:40:11,961 - Layer_fin - INFO - dec-end-outch512-inch384-facttt-r0.5-wh4-ind2s
2024-06-27 17:42:00,387 - Layer_fin - INFO - dec-start-outch512-inch384-facttt-r0.75-wh4-ind1s
2024-06-27 17:50:36,126 - Layer_fin - INFO - dec-end-outch512-inch384-facttt-r0.75-wh4-ind1s
2024-06-27 17:52:00,490 - Layer_fin - INFO - dec-start-outch512-inch384-facttt-r0.75-wh4-ind2s
2024-06-27 18:00:35,004 - Layer_fin - INFO - dec-end-outch512-inch384-facttt-r0.75-wh4-ind2s
2024-06-27 18:02:00,496 - Layer_fin - INFO - dec-start-outch512-inch384-facttt-r0.9-wh4-ind1s
2024-06-27 18:10:46,948 - Layer_fin - INFO - dec-end-outch512-inch384-facttt-r0.9-wh4-ind1s
2024-06-27 18:12:00,363 - Layer_fin - INFO - dec-start-outch512-inch384-facttt-r0.9-wh4-ind2s
2024-06-27 18:20:46,587 - Layer_fin - INFO - dec-end-outch512-inch384-facttt-r0.9-wh4-ind2s
2024-06-27 18:22:00,716 - Layer_fin - INFO - bas-start-outch512-inch384-wh4-ind1s
2024-06-27 18:28:43,138 - Layer_fin - INFO - bas-end-outch512-inch384-wh4-ind1s
2024-06-27 18:30:00,432 - Layer_fin - INFO - bas-start-outch512-inch384-wh4-ind2s
2024-06-27 18:36:43,023 - Layer_fin - INFO - bas-end-outch512-inch384-wh4-ind2s
2024-06-27 18:39:00,432 - Layer_fin - INFO - dec-start-outch512-inch384-factcp-r0.1-wh4-ind1s
2024-06-27 18:52:11,515 - Layer_fin - INFO - dec-end-outch512-inch384-factcp-r0.1-wh4-ind1s
2024-06-27 18:54:00,688 - Layer_fin - INFO - dec-start-outch512-inch384-factcp-r0.1-wh4-ind2s
2024-06-27 19:07:10,453 - Layer_fin - INFO - dec-end-outch512-inch384-factcp-r0.1-wh4-ind2s
2024-06-27 19:09:00,318 - Layer_fin - INFO - dec-start-outch512-inch384-factcp-r0.25-wh4-ind1s
2024-06-27 19:28:00,113 - Layer_fin - INFO - dec-end-outch512-inch384-factcp-r0.25-wh4-ind1s
2024-06-27 19:30:00,859 - Layer_fin - INFO - dec-start-outch512-inch384-factcp-r0.25-wh4-ind2s
2024-06-27 19:49:00,341 - Layer_fin - INFO - dec-end-outch512-inch384-factcp-r0.25-wh4-ind2s
2024-06-27 19:52:00,580 - Layer_fin - INFO - dec-start-outch512-inch384-factcp-r0.5-wh4-ind1s
2024-06-27 20:17:36,295 - Layer_fin - INFO - dec-end-outch512-inch384-factcp-r0.5-wh4-ind1s
2024-06-27 20:20:00,609 - Layer_fin - INFO - dec-start-outch512-inch384-factcp-r0.5-wh4-ind2s
2024-06-27 20:45:36,293 - Layer_fin - INFO - dec-end-outch512-inch384-factcp-r0.5-wh4-ind2s
2024-06-27 20:49:00,658 - Layer_fin - INFO - dec-start-outch512-inch384-factcp-r0.75-wh4-ind1s
2024-06-27 21:25:52,557 - Layer_fin - INFO - dec-end-outch512-inch384-factcp-r0.75-wh4-ind1s
2024-06-27 21:29:00,153 - Layer_fin - INFO - dec-start-outch512-inch384-factcp-r0.75-wh4-ind2s
2024-06-27 22:05:52,269 - Layer_fin - INFO - dec-end-outch512-inch384-factcp-r0.75-wh4-ind2s
2024-06-27 22:10:00,508 - Layer_fin - INFO - dec-start-outch512-inch384-factcp-r0.9-wh4-ind1s
2024-06-27 22:45:00,611 - Layer_fin - INFO - dec-start-outch512-inch192-factcp-r0.9-wh4-ind1s
2024-06-27 23:04:44,392 - Layer_fin - INFO - dec-end-outch512-inch192-factcp-r0.9-wh4-ind1s
2024-06-27 23:08:00,114 - Layer_fin - INFO - dec-start-outch512-inch192-factcp-r0.9-wh4-ind2s
2024-06-27 23:27:44,017 - Layer_fin - INFO - dec-end-outch512-inch192-factcp-r0.9-wh4-ind2s
2024-06-27 23:31:00,970 - Layer_fin - INFO - dec-start-outch512-inch256-factcp-r0.9-wh4-ind1s
2024-06-27 23:57:52,251 - Layer_fin - INFO - dec-end-outch512-inch256-factcp-r0.9-wh4-ind1s
2024-06-28 00:01:00,027 - Layer_fin - INFO - dec-start-outch512-inch256-factcp-r0.9-wh4-ind2s
2024-06-28 00:27:51,034 - Layer_fin - INFO - dec-end-outch512-inch256-factcp-r0.9-wh4-ind2s
2024-06-28 00:32:00,158 - Layer_fin - INFO - dec-start-outch512-inch320-factcp-r0.9-wh4-ind1s
2024-06-28 01:06:46,117 - Layer_fin - INFO - dec-end-outch512-inch320-factcp-r0.9-wh4-ind1s
2024-06-28 01:11:00,899 - Layer_fin - INFO - dec-start-outch512-inch320-factcp-r0.9-wh4-ind2s
2024-06-28 01:45:39,440 - Layer_fin - INFO - dec-end-outch512-inch320-factcp-r0.9-wh4-ind2s
2024-06-28 01:50:00,203 - Layer_fin - INFO - dec-start-outch512-inch384-factcp-r0.9-wh4-ind1s
2024-06-28 02:32:50,080 - Layer_fin - INFO - dec-end-outch512-inch384-factcp-r0.9-wh4-ind1s
2024-06-28 02:37:00,413 - Layer_fin - INFO - dec-start-outch512-inch384-factcp-r0.9-wh4-ind2s
2024-06-28 03:19:53,228 - Layer_fin - INFO - dec-end-outch512-inch384-factcp-r0.9-wh4-ind2s