2024-05-31 17:15:00,403 - Outch - INFO - bas-start-outch384-inch192-wh4-ind1s
2024-05-31 17:23:39,775 - Outch - INFO - bas-end-outch384-inch192-wh4-ind1s
2024-05-31 17:25:00,860 - Outch - INFO - bas-start-outch384-inch192-wh4-ind2s
2024-05-31 17:33:40,926 - Outch - INFO - bas-end-outch384-inch192-wh4-ind2s
2024-05-31 17:35:01,013 - Outch - INFO - bas-start-outch320-inch192-wh4-ind1s
2024-05-31 17:42:16,836 - Outch - INFO - bas-end-outch320-inch192-wh4-ind1s
2024-05-31 17:44:00,944 - Outch - INFO - bas-start-outch320-inch192-wh4-ind2s
2024-05-31 17:51:16,877 - Outch - INFO - bas-end-outch320-inch192-wh4-ind2s
2024-05-31 17:53:00,983 - Outch - INFO - bas-start-outch256-inch192-wh4-ind1s
2024-05-31 17:58:44,675 - Outch - INFO - bas-end-outch256-inch192-wh4-ind1s
2024-05-31 18:00:00,756 - Outch - INFO - bas-start-outch256-inch192-wh4-ind2s
2024-05-31 18:05:44,220 - Outch - INFO - bas-end-outch256-inch192-wh4-ind2s
2024-05-31 18:07:00,302 - Outch - INFO - bas-start-outch192-inch192-wh4-ind1s
2024-05-31 18:11:17,206 - Outch - INFO - bas-end-outch192-inch192-wh4-ind1s
2024-05-31 18:13:00,312 - Outch - INFO - bas-start-outch192-inch192-wh4-ind2s
2024-05-31 18:17:14,173 - Outch - INFO - bas-end-outch192-inch192-wh4-ind2s
2024-05-31 18:19:00,347 - Outch - INFO - dec-start-outch384-inch192-facttt-r0.1-wh4-ind1s
2024-05-31 18:22:03,256 - Outch - INFO - dec-end-outch384-inch192-facttt-r0.1-wh4-ind1s
2024-05-31 18:24:00,405 - Outch - INFO - dec-start-outch384-inch192-facttt-r0.1-wh4-ind2s
2024-05-31 18:27:05,068 - Outch - INFO - dec-end-outch384-inch192-facttt-r0.1-wh4-ind2s
2024-05-31 18:29:00,223 - Outch - INFO - dec-start-outch384-inch192-facttt-r0.25-wh4-ind1s
2024-05-31 18:33:29,920 - Outch - INFO - dec-end-outch384-inch192-facttt-r0.25-wh4-ind1s
2024-05-31 18:35:00,049 - Outch - INFO - dec-start-outch384-inch192-facttt-r0.25-wh4-ind2s
2024-05-31 18:39:29,251 - Outch - INFO - dec-end-outch384-inch192-facttt-r0.25-wh4-ind2s
2024-05-31 18:41:00,410 - Outch - INFO - dec-start-outch384-inch192-facttt-r0.5-wh4-ind1s
2024-05-31 18:46:27,515 - Outch - INFO - dec-end-outch384-inch192-facttt-r0.5-wh4-ind1s
2024-05-31 18:48:00,672 - Outch - INFO - dec-start-outch384-inch192-facttt-r0.5-wh4-ind2s
2024-05-31 18:53:18,182 - Outch - INFO - dec-end-outch384-inch192-facttt-r0.5-wh4-ind2s
2024-05-31 18:55:00,347 - Outch - INFO - dec-start-outch384-inch192-facttt-r0.75-wh4-ind1s
2024-05-31 19:00:44,456 - Outch - INFO - dec-end-outch384-inch192-facttt-r0.75-wh4-ind1s
2024-05-31 19:02:00,598 - Outch - INFO - dec-start-outch384-inch192-facttt-r0.75-wh4-ind2s
2024-05-31 19:07:47,889 - Outch - INFO - dec-end-outch384-inch192-facttt-r0.75-wh4-ind2s
2024-05-31 19:09:00,032 - Outch - INFO - dec-start-outch384-inch192-facttt-r0.9-wh4-ind1s
2024-05-31 19:15:16,447 - Outch - INFO - dec-end-outch384-inch192-facttt-r0.9-wh4-ind1s
2024-05-31 19:17:00,603 - Outch - INFO - dec-start-outch384-inch192-facttt-r0.9-wh4-ind2s
2024-05-31 19:23:17,830 - Outch - INFO - dec-end-outch384-inch192-facttt-r0.9-wh4-ind2s
2024-05-31 19:25:00,979 - Outch - INFO - dec-start-outch320-inch192-facttt-r0.1-wh4-ind1s
2024-05-31 19:27:59,121 - Outch - INFO - dec-end-outch320-inch192-facttt-r0.1-wh4-ind1s
2024-05-31 19:29:00,217 - Outch - INFO - dec-start-outch320-inch192-facttt-r0.1-wh4-ind2s
2024-05-31 19:31:59,737 - Outch - INFO - dec-end-outch320-inch192-facttt-r0.1-wh4-ind2s
2024-05-31 19:33:00,835 - Outch - INFO - dec-start-outch320-inch192-facttt-r0.25-wh4-ind1s
2024-05-31 19:37:50,358 - Outch - INFO - dec-end-outch320-inch192-facttt-r0.25-wh4-ind1s
2024-05-31 19:39:00,464 - Outch - INFO - dec-start-outch320-inch192-facttt-r0.25-wh4-ind2s
2024-05-31 19:43:49,628 - Outch - INFO - dec-end-outch320-inch192-facttt-r0.25-wh4-ind2s
2024-05-31 19:45:00,759 - Outch - INFO - dec-start-outch320-inch192-facttt-r0.5-wh4-ind1s
2024-05-31 19:50:29,915 - Outch - INFO - dec-end-outch320-inch192-facttt-r0.5-wh4-ind1s
2024-05-31 19:52:00,061 - Outch - INFO - dec-start-outch320-inch192-facttt-r0.5-wh4-ind2s
2024-05-31 19:57:28,462 - Outch - INFO - dec-end-outch320-inch192-facttt-r0.5-wh4-ind2s
2024-05-31 19:59:00,615 - Outch - INFO - dec-start-outch320-inch192-facttt-r0.75-wh4-ind1s
2024-05-31 20:04:51,529 - Outch - INFO - dec-end-outch320-inch192-facttt-r0.75-wh4-ind1s
2024-05-31 20:06:00,660 - Outch - INFO - dec-start-outch320-inch192-facttt-r0.75-wh4-ind2s
2024-05-31 20:11:42,676 - Outch - INFO - dec-end-outch320-inch192-facttt-r0.75-wh4-ind2s
2024-05-31 20:13:00,815 - Outch - INFO - dec-start-outch320-inch192-facttt-r0.9-wh4-ind1s
2024-05-31 20:19:01,281 - Outch - INFO - dec-end-outch320-inch192-facttt-r0.9-wh4-ind1s
2024-05-31 20:21:00,457 - Outch - INFO - dec-start-outch320-inch192-facttt-r0.9-wh4-ind2s
2024-05-31 20:27:06,631 - Outch - INFO - dec-end-outch320-inch192-facttt-r0.9-wh4-ind2s
2024-05-31 20:29:00,787 - Outch - INFO - dec-start-outch256-inch192-facttt-r0.1-wh4-ind1s
2024-05-31 20:32:13,820 - Outch - INFO - dec-end-outch256-inch192-facttt-r0.1-wh4-ind1s
2024-05-31 20:34:00,945 - Outch - INFO - dec-start-outch256-inch192-facttt-r0.1-wh4-ind2s
2024-05-31 20:37:14,096 - Outch - INFO - dec-end-outch256-inch192-facttt-r0.1-wh4-ind2s
2024-05-31 20:39:00,227 - Outch - INFO - dec-start-outch256-inch192-facttt-r0.25-wh4-ind1s
2024-05-31 20:43:44,096 - Outch - INFO - dec-end-outch256-inch192-facttt-r0.25-wh4-ind1s
2024-05-31 20:45:00,219 - Outch - INFO - dec-start-outch256-inch192-facttt-r0.25-wh4-ind2s
2024-05-31 20:49:43,880 - Outch - INFO - dec-end-outch256-inch192-facttt-r0.25-wh4-ind2s
2024-05-31 20:51:01,002 - Outch - INFO - dec-start-outch256-inch192-facttt-r0.5-wh4-ind1s
2024-05-31 20:56:17,197 - Outch - INFO - dec-end-outch256-inch192-facttt-r0.5-wh4-ind1s
2024-05-31 20:58:00,351 - Outch - INFO - dec-start-outch256-inch192-facttt-r0.5-wh4-ind2s
2024-05-31 21:03:26,336 - Outch - INFO - dec-end-outch256-inch192-facttt-r0.5-wh4-ind2s
2024-05-31 21:05:00,482 - Outch - INFO - dec-start-outch256-inch192-facttt-r0.75-wh4-ind1s
2024-05-31 21:10:35,435 - Outch - INFO - dec-end-outch256-inch192-facttt-r0.75-wh4-ind1s
2024-05-31 21:12:00,570 - Outch - INFO - dec-start-outch256-inch192-facttt-r0.75-wh4-ind2s
2024-05-31 21:17:32,506 - Outch - INFO - dec-end-outch256-inch192-facttt-r0.75-wh4-ind2s
2024-05-31 21:19:00,642 - Outch - INFO - dec-start-outch256-inch192-facttt-r0.9-wh4-ind1s
2024-05-31 21:25:16,103 - Outch - INFO - dec-end-outch256-inch192-facttt-r0.9-wh4-ind1s
2024-05-31 21:27:00,261 - Outch - INFO - dec-start-outch256-inch192-facttt-r0.9-wh4-ind2s
2024-05-31 21:33:17,227 - Outch - INFO - dec-end-outch256-inch192-facttt-r0.9-wh4-ind2s
2024-05-31 21:35:00,373 - Outch - INFO - dec-start-outch192-inch192-facttt-r0.1-wh4-ind1s
2024-05-31 21:38:03,269 - Outch - INFO - dec-end-outch192-inch192-facttt-r0.1-wh4-ind1s
2024-05-31 21:40:00,415 - Outch - INFO - dec-start-outch192-inch192-facttt-r0.1-wh4-ind2s
2024-05-31 21:43:02,911 - Outch - INFO - dec-end-outch192-inch192-facttt-r0.1-wh4-ind2s
2024-05-31 21:45:00,063 - Outch - INFO - dec-start-outch192-inch192-facttt-r0.25-wh4-ind1s
2024-05-31 21:49:49,040 - Outch - INFO - dec-end-outch192-inch192-facttt-r0.25-wh4-ind1s
2024-05-31 21:51:00,148 - Outch - INFO - dec-start-outch192-inch192-facttt-r0.25-wh4-ind2s
2024-05-31 21:55:47,650 - Outch - INFO - dec-end-outch192-inch192-facttt-r0.25-wh4-ind2s
2024-05-31 21:57:00,712 - Outch - INFO - dec-start-outch192-inch192-facttt-r0.5-wh4-ind1s
2024-05-31 22:02:20,840 - Outch - INFO - dec-end-outch192-inch192-facttt-r0.5-wh4-ind1s
2024-05-31 22:04:00,980 - Outch - INFO - dec-start-outch192-inch192-facttt-r0.5-wh4-ind2s
2024-05-31 22:09:21,933 - Outch - INFO - dec-end-outch192-inch192-facttt-r0.5-wh4-ind2s
2024-05-31 22:11:00,072 - Outch - INFO - dec-start-outch192-inch192-facttt-r0.75-wh4-ind1s
2024-05-31 22:16:37,051 - Outch - INFO - dec-end-outch192-inch192-facttt-r0.75-wh4-ind1s
2024-05-31 22:18:00,176 - Outch - INFO - dec-start-outch192-inch192-facttt-r0.75-wh4-ind2s
2024-05-31 22:23:39,196 - Outch - INFO - dec-end-outch192-inch192-facttt-r0.75-wh4-ind2s
2024-05-31 22:25:00,318 - Outch - INFO - dec-start-outch192-inch192-facttt-r0.9-wh4-ind1s
2024-05-31 22:31:13,791 - Outch - INFO - dec-end-outch192-inch192-facttt-r0.9-wh4-ind1s
2024-05-31 22:33:00,896 - Outch - INFO - dec-start-outch192-inch192-facttt-r0.9-wh4-ind2s
2024-05-31 22:39:08,749 - Outch - INFO - dec-end-outch192-inch192-facttt-r0.9-wh4-ind2s
2024-05-31 22:41:00,826 - Outch - INFO - dec-start-outch384-inch192-factcp-r0.1-wh4-ind1s
2024-05-31 22:46:31,196 - Outch - INFO - dec-end-outch384-inch192-factcp-r0.1-wh4-ind1s
2024-05-31 22:48:00,150 - Outch - INFO - dec-start-outch384-inch192-factcp-r0.1-wh4-ind2s
2024-05-31 22:53:30,757 - Outch - INFO - dec-end-outch384-inch192-factcp-r0.1-wh4-ind2s
2024-05-31 22:56:00,492 - Outch - INFO - dec-start-outch384-inch192-factcp-r0.25-wh4-ind1s
2024-05-31 23:06:21,441 - Outch - INFO - dec-end-outch384-inch192-factcp-r0.25-wh4-ind1s
2024-05-31 23:08:00,825 - Outch - INFO - dec-start-outch384-inch192-factcp-r0.25-wh4-ind2s
2024-05-31 23:18:22,932 - Outch - INFO - dec-end-outch384-inch192-factcp-r0.25-wh4-ind2s
2024-05-31 23:21:00,119 - Outch - INFO - dec-start-outch384-inch192-factcp-r0.5-wh4-ind1s
2024-05-31 23:41:18,199 - Outch - INFO - dec-end-outch384-inch192-factcp-r0.5-wh4-ind1s
2024-05-31 23:44:00,298 - Outch - INFO - dec-start-outch384-inch192-factcp-r0.5-wh4-ind2s
2024-06-01 00:04:19,325 - Outch - INFO - dec-end-outch384-inch192-factcp-r0.5-wh4-ind2s
2024-06-01 00:07:00,416 - Outch - INFO - dec-start-outch384-inch192-factcp-r0.75-wh4-ind1s
2024-06-01 00:37:41,763 - Outch - INFO - dec-end-outch384-inch192-factcp-r0.75-wh4-ind1s
2024-06-01 00:41:00,531 - Outch - INFO - dec-start-outch384-inch192-factcp-r0.75-wh4-ind2s
2024-06-01 01:11:37,502 - Outch - INFO - dec-end-outch384-inch192-factcp-r0.75-wh4-ind2s
2024-06-01 01:15:00,428 - Outch - INFO - dec-start-outch384-inch192-factcp-r0.9-wh4-ind1s
2024-06-01 01:50:51,797 - Outch - INFO - dec-end-outch384-inch192-factcp-r0.9-wh4-ind1s
2024-06-01 01:54:00,846 - Outch - INFO - dec-start-outch384-inch192-factcp-r0.9-wh4-ind2s
2024-06-01 02:29:54,183 - Outch - INFO - dec-end-outch384-inch192-factcp-r0.9-wh4-ind2s
2024-06-01 02:32:01,040 - Outch - INFO - dec-start-outch320-inch192-factcp-r0.1-wh4-ind1s
2024-06-01 02:37:23,704 - Outch - INFO - dec-end-outch320-inch192-factcp-r0.1-wh4-ind1s
2024-06-01 02:39:00,526 - Outch - INFO - dec-start-outch320-inch192-factcp-r0.1-wh4-ind2s
2024-06-01 02:44:19,407 - Outch - INFO - dec-end-outch320-inch192-factcp-r0.1-wh4-ind2s
2024-06-01 02:46:00,788 - Outch - INFO - dec-start-outch320-inch192-factcp-r0.25-wh4-ind1s
2024-06-01 02:55:30,521 - Outch - INFO - dec-end-outch320-inch192-factcp-r0.25-wh4-ind1s
2024-06-01 02:57:00,558 - Outch - INFO - dec-start-outch320-inch192-factcp-r0.25-wh4-ind2s
2024-06-01 03:06:29,113 - Outch - INFO - dec-end-outch320-inch192-factcp-r0.25-wh4-ind2s
2024-06-01 03:09:00,053 - Outch - INFO - dec-start-outch320-inch192-factcp-r0.5-wh4-ind1s
2024-06-01 03:26:31,704 - Outch - INFO - dec-end-outch320-inch192-factcp-r0.5-wh4-ind1s
2024-06-01 03:29:00,309 - Outch - INFO - dec-start-outch320-inch192-factcp-r0.5-wh4-ind2s
2024-06-01 03:46:34,565 - Outch - INFO - dec-end-outch320-inch192-factcp-r0.5-wh4-ind2s
2024-06-01 03:49:00,215 - Outch - INFO - dec-start-outch320-inch192-factcp-r0.75-wh4-ind1s
2024-06-01 04:16:22,738 - Outch - INFO - dec-end-outch320-inch192-factcp-r0.75-wh4-ind1s
2024-06-01 04:19:00,723 - Outch - INFO - dec-start-outch320-inch192-factcp-r0.75-wh4-ind2s
2024-06-01 04:46:10,035 - Outch - INFO - dec-end-outch320-inch192-factcp-r0.75-wh4-ind2s
2024-06-01 04:49:00,679 - Outch - INFO - dec-start-outch320-inch192-factcp-r0.9-wh4-ind1s
2024-06-01 05:22:02,031 - Outch - INFO - dec-end-outch320-inch192-factcp-r0.9-wh4-ind1s
2024-06-01 05:25:00,238 - Outch - INFO - dec-start-outch320-inch192-factcp-r0.9-wh4-ind2s
2024-06-01 05:58:02,170 - Outch - INFO - dec-end-outch320-inch192-factcp-r0.9-wh4-ind2s
2024-06-01 06:00:00,213 - Outch - INFO - dec-start-outch256-inch192-factcp-r0.1-wh4-ind1s
2024-06-01 06:05:02,946 - Outch - INFO - dec-end-outch256-inch192-factcp-r0.1-wh4-ind1s
2024-06-01 06:07:00,955 - Outch - INFO - dec-start-outch256-inch192-factcp-r0.1-wh4-ind2s
2024-06-01 06:12:02,819 - Outch - INFO - dec-end-outch256-inch192-factcp-r0.1-wh4-ind2s
2024-06-01 06:14:00,730 - Outch - INFO - dec-start-outch256-inch192-factcp-r0.25-wh4-ind1s
2024-06-01 06:22:36,748 - Outch - INFO - dec-end-outch256-inch192-factcp-r0.25-wh4-ind1s
2024-06-01 06:24:00,774 - Outch - INFO - dec-start-outch256-inch192-factcp-r0.25-wh4-ind2s
2024-06-01 06:32:37,555 - Outch - INFO - dec-end-outch256-inch192-factcp-r0.25-wh4-ind2s
2024-06-01 06:35:00,896 - Outch - INFO - dec-start-outch256-inch192-factcp-r0.5-wh4-ind1s
2024-06-01 06:50:54,921 - Outch - INFO - dec-end-outch256-inch192-factcp-r0.5-wh4-ind1s
2024-06-01 06:53:00,466 - Outch - INFO - dec-start-outch256-inch192-factcp-r0.5-wh4-ind2s
2024-06-01 07:08:53,169 - Outch - INFO - dec-end-outch256-inch192-factcp-r0.5-wh4-ind2s
2024-06-01 07:11:00,064 - Outch - INFO - dec-start-outch256-inch192-factcp-r0.75-wh4-ind1s
2024-06-01 07:36:13,966 - Outch - INFO - dec-end-outch256-inch192-factcp-r0.75-wh4-ind1s
2024-06-01 07:39:00,403 - Outch - INFO - dec-start-outch256-inch192-factcp-r0.75-wh4-ind2s
2024-06-01 08:04:03,082 - Outch - INFO - dec-end-outch256-inch192-factcp-r0.75-wh4-ind2s
2024-06-01 08:07:00,054 - Outch - INFO - dec-start-outch256-inch192-factcp-r0.9-wh4-ind1s
2024-06-01 08:37:25,651 - Outch - INFO - dec-end-outch256-inch192-factcp-r0.9-wh4-ind1s
2024-06-01 08:40:00,349 - Outch - INFO - dec-start-outch256-inch192-factcp-r0.9-wh4-ind2s
2024-06-01 09:09:32,741 - Outch - INFO - dec-end-outch256-inch192-factcp-r0.9-wh4-ind2s
2024-06-01 09:11:00,099 - Outch - INFO - dec-start-outch192-inch192-factcp-r0.1-wh4-ind1s
2024-06-01 09:15:35,153 - Outch - INFO - dec-end-outch192-inch192-factcp-r0.1-wh4-ind1s
2024-06-01 09:17:00,520 - Outch - INFO - dec-start-outch192-inch192-factcp-r0.1-wh4-ind2s
2024-06-01 09:21:36,599 - Outch - INFO - dec-end-outch192-inch192-factcp-r0.1-wh4-ind2s
2024-06-01 09:23:00,348 - Outch - INFO - dec-start-outch192-inch192-factcp-r0.25-wh4-ind1s
2024-06-01 09:30:39,510 - Outch - INFO - dec-end-outch192-inch192-factcp-r0.25-wh4-ind1s
2024-06-01 09:32:00,264 - Outch - INFO - dec-start-outch192-inch192-factcp-r0.25-wh4-ind2s
2024-06-01 09:39:40,083 - Outch - INFO - dec-end-outch192-inch192-factcp-r0.25-wh4-ind2s
2024-06-01 09:42:00,757 - Outch - INFO - dec-start-outch192-inch192-factcp-r0.5-wh4-ind1s
2024-06-01 09:55:51,830 - Outch - INFO - dec-end-outch192-inch192-factcp-r0.5-wh4-ind1s
2024-06-01 09:58:00,482 - Outch - INFO - dec-start-outch192-inch192-factcp-r0.5-wh4-ind2s
2024-06-01 10:11:51,817 - Outch - INFO - dec-end-outch192-inch192-factcp-r0.5-wh4-ind2s
2024-06-01 10:14:00,495 - Outch - INFO - dec-start-outch192-inch192-factcp-r0.75-wh4-ind1s
2024-06-01 10:34:18,902 - Outch - INFO - dec-end-outch192-inch192-factcp-r0.75-wh4-ind1s
2024-06-01 10:37:00,382 - Outch - INFO - dec-start-outch192-inch192-factcp-r0.75-wh4-ind2s
2024-06-01 10:57:16,962 - Outch - INFO - dec-end-outch192-inch192-factcp-r0.75-wh4-ind2s
2024-06-01 11:00:00,169 - Outch - INFO - dec-start-outch192-inch192-factcp-r0.9-wh4-ind1s
2024-06-01 11:26:14,072 - Outch - INFO - dec-end-outch192-inch192-factcp-r0.9-wh4-ind1s
2024-06-01 11:29:00,251 - Outch - INFO - dec-start-outch192-inch192-factcp-r0.9-wh4-ind2s
2024-06-01 11:55:12,615 - Outch - INFO - dec-end-outch192-inch192-factcp-r0.9-wh4-ind2s
2024-06-06 09:30:00,669 - Outch - INFO - dec-start-outch384-inch192-facttucker-r0.1-wh4-ind1s
2024-06-06 09:33:25,834 - Outch - INFO - dec-end-outch384-inch192-facttucker-r0.1-wh4-ind1s
2024-06-06 09:35:00,333 - Outch - INFO - dec-start-outch384-inch192-facttucker-r0.1-wh4-ind2s
2024-06-06 09:38:27,042 - Outch - INFO - dec-end-outch384-inch192-facttucker-r0.1-wh4-ind2s
2024-06-06 09:40:00,078 - Outch - INFO - dec-start-outch384-inch192-facttucker-r0.25-wh4-ind1s
2024-06-06 09:45:18,368 - Outch - INFO - dec-end-outch384-inch192-facttucker-r0.25-wh4-ind1s
2024-06-06 09:47:00,376 - Outch - INFO - dec-start-outch384-inch192-facttucker-r0.25-wh4-ind2s
2024-06-06 09:52:19,218 - Outch - INFO - dec-end-outch384-inch192-facttucker-r0.25-wh4-ind2s
2024-06-06 09:54:00,176 - Outch - INFO - dec-start-outch384-inch192-facttucker-r0.5-wh4-ind1s
2024-06-06 10:02:19,761 - Outch - INFO - dec-end-outch384-inch192-facttucker-r0.5-wh4-ind1s
2024-06-06 10:04:00,700 - Outch - INFO - dec-start-outch384-inch192-facttucker-r0.5-wh4-ind2s
2024-06-06 10:12:23,175 - Outch - INFO - dec-end-outch384-inch192-facttucker-r0.5-wh4-ind2s
2024-06-06 10:14:00,089 - Outch - INFO - dec-start-outch384-inch192-facttucker-r0.75-wh4-ind1s
2024-06-06 10:26:03,981 - Outch - INFO - dec-end-outch384-inch192-facttucker-r0.75-wh4-ind1s
2024-06-06 10:28:00,913 - Outch - INFO - dec-start-outch384-inch192-facttucker-r0.75-wh4-ind2s
2024-06-06 10:40:03,620 - Outch - INFO - dec-end-outch384-inch192-facttucker-r0.75-wh4-ind2s
2024-06-06 10:42:00,464 - Outch - INFO - dec-start-outch384-inch192-facttucker-r0.9-wh4-ind1s
2024-06-06 10:56:10,870 - Outch - INFO - dec-end-outch384-inch192-facttucker-r0.9-wh4-ind1s
2024-06-06 10:58:00,689 - Outch - INFO - dec-start-outch384-inch192-facttucker-r0.9-wh4-ind2s
2024-06-06 11:12:07,292 - Outch - INFO - dec-end-outch384-inch192-facttucker-r0.9-wh4-ind2s
2024-06-06 11:14:00,696 - Outch - INFO - dec-start-outch320-inch192-facttucker-r0.1-wh4-ind1s
2024-06-06 11:17:23,415 - Outch - INFO - dec-end-outch320-inch192-facttucker-r0.1-wh4-ind1s
2024-06-06 11:19:00,849 - Outch - INFO - dec-start-outch320-inch192-facttucker-r0.1-wh4-ind2s
2024-06-06 11:22:24,090 - Outch - INFO - dec-end-outch320-inch192-facttucker-r0.1-wh4-ind2s
2024-06-06 11:24:00,914 - Outch - INFO - dec-start-outch320-inch192-facttucker-r0.25-wh4-ind1s
2024-06-06 11:28:45,934 - Outch - INFO - dec-end-outch320-inch192-facttucker-r0.25-wh4-ind1s
2024-06-06 11:30:00,744 - Outch - INFO - dec-start-outch320-inch192-facttucker-r0.25-wh4-ind2s
2024-06-06 11:34:47,070 - Outch - INFO - dec-end-outch320-inch192-facttucker-r0.25-wh4-ind2s
2024-06-06 11:36:00,722 - Outch - INFO - dec-start-outch320-inch192-facttucker-r0.5-wh4-ind1s
2024-06-06 11:43:37,952 - Outch - INFO - dec-end-outch320-inch192-facttucker-r0.5-wh4-ind1s
2024-06-06 11:45:00,666 - Outch - INFO - dec-start-outch320-inch192-facttucker-r0.5-wh4-ind2s
2024-06-06 11:52:38,708 - Outch - INFO - dec-end-outch320-inch192-facttucker-r0.5-wh4-ind2s
2024-06-06 11:54:00,301 - Outch - INFO - dec-start-outch320-inch192-facttucker-r0.75-wh4-ind1s
2024-06-06 12:04:20,533 - Outch - INFO - dec-end-outch320-inch192-facttucker-r0.75-wh4-ind1s
2024-06-06 12:06:00,239 - Outch - INFO - dec-start-outch320-inch192-facttucker-r0.75-wh4-ind2s
2024-06-06 12:16:15,978 - Outch - INFO - dec-end-outch320-inch192-facttucker-r0.75-wh4-ind2s
2024-06-06 12:18:00,572 - Outch - INFO - dec-start-outch320-inch192-facttucker-r0.9-wh4-ind1s
2024-06-06 12:30:26,109 - Outch - INFO - dec-end-outch320-inch192-facttucker-r0.9-wh4-ind1s
2024-06-06 12:32:00,743 - Outch - INFO - dec-start-outch320-inch192-facttucker-r0.9-wh4-ind2s
2024-06-06 12:44:26,788 - Outch - INFO - dec-end-outch320-inch192-facttucker-r0.9-wh4-ind2s
2024-06-06 12:46:00,190 - Outch - INFO - dec-start-outch256-inch192-facttucker-r0.1-wh4-ind1s
2024-06-06 12:49:02,860 - Outch - INFO - dec-end-outch256-inch192-facttucker-r0.1-wh4-ind1s
2024-06-06 12:51:00,253 - Outch - INFO - dec-start-outch256-inch192-facttucker-r0.1-wh4-ind2s
2024-06-06 12:54:02,464 - Outch - INFO - dec-end-outch256-inch192-facttucker-r0.1-wh4-ind2s
2024-06-06 12:56:00,230 - Outch - INFO - dec-start-outch256-inch192-facttucker-r0.25-wh4-ind1s
2024-06-06 13:00:30,427 - Outch - INFO - dec-end-outch256-inch192-facttucker-r0.25-wh4-ind1s
2024-06-06 13:02:00,044 - Outch - INFO - dec-start-outch256-inch192-facttucker-r0.25-wh4-ind2s
2024-06-06 13:06:25,610 - Outch - INFO - dec-end-outch256-inch192-facttucker-r0.25-wh4-ind2s
2024-06-06 13:08:00,176 - Outch - INFO - dec-start-outch256-inch192-facttucker-r0.5-wh4-ind1s
2024-06-06 13:14:47,446 - Outch - INFO - dec-end-outch256-inch192-facttucker-r0.5-wh4-ind1s
2024-06-06 13:16:00,984 - Outch - INFO - dec-start-outch256-inch192-facttucker-r0.5-wh4-ind2s
2024-06-06 13:22:42,524 - Outch - INFO - dec-end-outch256-inch192-facttucker-r0.5-wh4-ind2s
2024-06-06 13:24:00,927 - Outch - INFO - dec-start-outch256-inch192-facttucker-r0.75-wh4-ind1s
2024-06-06 13:33:28,035 - Outch - INFO - dec-end-outch256-inch192-facttucker-r0.75-wh4-ind1s
2024-06-06 13:35:00,576 - Outch - INFO - dec-start-outch256-inch192-facttucker-r0.75-wh4-ind2s
2024-06-06 13:44:28,461 - Outch - INFO - dec-end-outch256-inch192-facttucker-r0.75-wh4-ind2s
2024-06-06 13:46:00,952 - Outch - INFO - dec-start-outch256-inch192-facttucker-r0.9-wh4-ind1s
2024-06-06 13:56:39,564 - Outch - INFO - dec-end-outch256-inch192-facttucker-r0.9-wh4-ind1s
2024-06-06 13:58:00,042 - Outch - INFO - dec-start-outch256-inch192-facttucker-r0.9-wh4-ind2s
2024-06-06 14:08:39,206 - Outch - INFO - dec-end-outch256-inch192-facttucker-r0.9-wh4-ind2s
2024-06-06 14:10:00,505 - Outch - INFO - dec-start-outch192-inch192-facttucker-r0.1-wh4-ind1s
2024-06-06 14:12:41,855 - Outch - INFO - dec-end-outch192-inch192-facttucker-r0.1-wh4-ind1s
2024-06-06 14:14:00,163 - Outch - INFO - dec-start-outch192-inch192-facttucker-r0.1-wh4-ind2s
2024-06-06 14:16:40,914 - Outch - INFO - dec-end-outch192-inch192-facttucker-r0.1-wh4-ind2s
2024-06-06 14:18:00,406 - Outch - INFO - dec-start-outch192-inch192-facttucker-r0.25-wh4-ind1s
2024-06-06 14:22:09,010 - Outch - INFO - dec-end-outch192-inch192-facttucker-r0.25-wh4-ind1s
2024-06-06 14:24:00,476 - Outch - INFO - dec-start-outch192-inch192-facttucker-r0.25-wh4-ind2s
2024-06-06 14:28:08,342 - Outch - INFO - dec-end-outch192-inch192-facttucker-r0.25-wh4-ind2s
2024-06-06 14:30:00,738 - Outch - INFO - dec-start-outch192-inch192-facttucker-r0.5-wh4-ind1s
2024-06-06 14:35:50,281 - Outch - INFO - dec-end-outch192-inch192-facttucker-r0.5-wh4-ind1s
2024-06-06 14:37:00,744 - Outch - INFO - dec-start-outch192-inch192-facttucker-r0.5-wh4-ind2s
2024-06-06 14:42:46,292 - Outch - INFO - dec-end-outch192-inch192-facttucker-r0.5-wh4-ind2s
2024-06-06 14:44:00,637 - Outch - INFO - dec-start-outch192-inch192-facttucker-r0.75-wh4-ind1s
2024-06-06 14:51:35,894 - Outch - INFO - dec-end-outch192-inch192-facttucker-r0.75-wh4-ind1s
2024-06-06 14:53:00,303 - Outch - INFO - dec-start-outch192-inch192-facttucker-r0.75-wh4-ind2s
2024-06-06 15:00:37,370 - Outch - INFO - dec-end-outch192-inch192-facttucker-r0.75-wh4-ind2s
2024-06-06 15:02:00,738 - Outch - INFO - dec-start-outch192-inch192-facttucker-r0.9-wh4-ind1s
2024-06-06 15:10:57,467 - Outch - INFO - dec-end-outch192-inch192-facttucker-r0.9-wh4-ind1s
2024-06-06 15:12:00,821 - Outch - INFO - dec-start-outch192-inch192-facttucker-r0.9-wh4-ind2s
2024-06-06 15:20:59,316 - Outch - INFO - dec-end-outch192-inch192-facttucker-r0.9-wh4-ind2s


Derde CP
2024-06-23 17:22:00,233 - Outch - INFO - dec-start-outch384-inch192-factcp-r0.1-wh4-ind3s
2024-06-23 17:26:57,099 - Outch - INFO - dec-end-outch384-inch192-factcp-r0.1-wh4-ind3s
2024-06-23 17:29:00,659 - Outch - INFO - dec-start-outch384-inch192-factcp-r0.25-wh4-ind3s
2024-06-23 17:38:48,890 - Outch - INFO - dec-end-outch384-inch192-factcp-r0.25-wh4-ind3s
2024-06-23 17:41:00,708 - Outch - INFO - dec-start-outch384-inch192-factcp-r0.5-wh4-ind3s
2024-06-23 18:01:31,665 - Outch - INFO - dec-end-outch384-inch192-factcp-r0.5-wh4-ind3s
2024-06-23 18:05:00,283 - Outch - INFO - dec-start-outch384-inch192-factcp-r0.75-wh4-ind3s
2024-06-23 18:34:31,916 - Outch - INFO - dec-end-outch384-inch192-factcp-r0.75-wh4-ind3s
2024-06-23 18:38:00,653 - Outch - INFO - dec-start-outch384-inch192-factcp-r0.9-wh4-ind3s
2024-06-23 19:15:16,184 - Outch - INFO - dec-end-outch384-inch192-factcp-r0.9-wh4-ind3s
2024-06-23 19:17:00,194 - Outch - INFO - dec-start-outch320-inch192-factcp-r0.1-wh4-ind3s
2024-06-23 19:22:16,139 - Outch - INFO - dec-end-outch320-inch192-factcp-r0.1-wh4-ind3s
2024-06-23 19:24:00,888 - Outch - INFO - dec-start-outch320-inch192-factcp-r0.25-wh4-ind3s
2024-06-23 19:33:13,656 - Outch - INFO - dec-end-outch320-inch192-factcp-r0.25-wh4-ind3s
2024-06-23 19:36:00,196 - Outch - INFO - dec-start-outch320-inch192-factcp-r0.5-wh4-ind3s
2024-06-23 19:53:14,669 - Outch - INFO - dec-end-outch320-inch192-factcp-r0.5-wh4-ind3s
2024-06-23 19:56:00,286 - Outch - INFO - dec-start-outch320-inch192-factcp-r0.75-wh4-ind3s
2024-06-23 20:21:48,267 - Outch - INFO - dec-end-outch320-inch192-factcp-r0.75-wh4-ind3s
2024-06-23 20:25:00,700 - Outch - INFO - dec-start-outch320-inch192-factcp-r0.9-wh4-ind3s
2024-06-23 21:00:51,166 - Outch - INFO - dec-end-outch320-inch192-factcp-r0.9-wh4-ind3s


2024-06-23 21:25:00,907 - Outch - INFO - dec-start-outch256-inch192-factcp-r0.1-wh4-ind3s
2024-06-23 21:29:20,554 - Outch - INFO - dec-end-outch256-inch192-factcp-r0.1-wh4-ind3s
2024-06-23 21:31:00,022 - Outch - INFO - dec-start-outch256-inch192-factcp-r0.25-wh4-ind3s
2024-06-23 21:38:54,185 - Outch - INFO - dec-end-outch256-inch192-factcp-r0.25-wh4-ind3s
2024-06-23 21:41:00,600 - Outch - INFO - dec-start-outch256-inch192-factcp-r0.5-wh4-ind3s
2024-06-23 21:58:21,646 - Outch - INFO - dec-end-outch256-inch192-factcp-r0.5-wh4-ind3s
2024-06-23 22:01:00,651 - Outch - INFO - dec-start-outch256-inch192-factcp-r0.75-wh4-ind3s
2024-06-23 22:26:37,887 - Outch - INFO - dec-end-outch256-inch192-factcp-r0.75-wh4-ind3s
2024-06-23 22:29:00,557 - Outch - INFO - dec-start-outch256-inch192-factcp-r0.9-wh4-ind3s
2024-06-23 23:01:33,205 - Outch - INFO - dec-end-outch256-inch192-factcp-r0.9-wh4-ind3s
2024-06-23 23:03:00,631 - Outch - INFO - dec-start-outch192-inch192-factcp-r0.1-wh4-ind3s
2024-06-23 23:07:14,774 - Outch - INFO - dec-end-outch192-inch192-factcp-r0.1-wh4-ind3s
2024-06-23 23:09:00,673 - Outch - INFO - dec-start-outch192-inch192-factcp-r0.25-wh4-ind3s
2024-06-23 23:16:09,801 - Outch - INFO - dec-end-outch192-inch192-factcp-r0.25-wh4-ind3s
2024-06-23 23:18:00,224 - Outch - INFO - dec-start-outch192-inch192-factcp-r0.5-wh4-ind3s
2024-06-23 23:31:34,127 - Outch - INFO - dec-end-outch192-inch192-factcp-r0.5-wh4-ind3s
2024-06-23 23:34:00,573 - Outch - INFO - dec-start-outch192-inch192-factcp-r0.75-wh4-ind3s
2024-06-23 23:57:45,617 - Outch - INFO - dec-end-outch192-inch192-factcp-r0.75-wh4-ind3s
2024-06-24 00:00:00,614 - Outch - INFO - dec-start-outch192-inch192-factcp-r0.9-wh4-ind3s
2024-06-24 00:28:01,649 - Outch - INFO - dec-end-outch192-inch192-factcp-r0.9-wh4-ind3s

Derde TT
2024-06-23 11:07:00,672 - Outch - INFO - dec-start-outch384-inch192-facttt-r0.1-wh4-ind3s
2024-06-23 11:09:47,918 - Outch - INFO - dec-end-outch384-inch192-facttt-r0.1-wh4-ind3s
2024-06-23 11:11:00,034 - Outch - INFO - dec-start-outch384-inch192-facttt-r0.25-wh4-ind3s
2024-06-23 11:15:12,507 - Outch - INFO - dec-end-outch384-inch192-facttt-r0.25-wh4-ind3s
2024-06-23 11:17:00,688 - Outch - INFO - dec-start-outch384-inch192-facttt-r0.5-wh4-ind3s
2024-06-23 11:22:10,347 - Outch - INFO - dec-end-outch384-inch192-facttt-r0.5-wh4-ind3s
2024-06-23 11:24:00,522 - Outch - INFO - dec-start-outch384-inch192-facttt-r0.75-wh4-ind3s
2024-06-23 11:29:32,921 - Outch - INFO - dec-end-outch384-inch192-facttt-r0.75-wh4-ind3s
2024-06-23 11:31:01,021 - Outch - INFO - dec-start-outch384-inch192-facttt-r0.9-wh4-ind3s
2024-06-23 11:37:00,015 - Outch - INFO - dec-end-outch384-inch192-facttt-r0.9-wh4-ind3s

2024-06-23 13:08:00,158 - Outch - INFO - dec-start-outch320-inch192-facttt-r0.1-wh4-ind3s
2024-06-23 13:10:41,768 - Outch - INFO - dec-end-outch320-inch192-facttt-r0.1-wh4-ind3s
2024-06-23 13:12:00,892 - Outch - INFO - dec-start-outch320-inch192-facttt-r0.25-wh4-ind3s
2024-06-23 13:16:23,586 - Outch - INFO - dec-end-outch320-inch192-facttt-r0.25-wh4-ind3s
2024-06-23 13:18:00,738 - Outch - INFO - dec-start-outch320-inch192-facttt-r0.5-wh4-ind3s
2024-06-23 13:23:03,108 - Outch - INFO - dec-end-outch320-inch192-facttt-r0.5-wh4-ind3s
2024-06-23 13:25:00,285 - Outch - INFO - dec-start-outch320-inch192-facttt-r0.75-wh4-ind3s
2024-06-23 13:30:30,903 - Outch - INFO - dec-end-outch320-inch192-facttt-r0.75-wh4-ind3s
2024-06-23 13:32:00,051 - Outch - INFO - dec-start-outch320-inch192-facttt-r0.9-wh4-ind3s
2024-06-23 13:37:40,141 - Outch - INFO - dec-end-outch320-inch192-facttt-r0.9-wh4-ind3s

2024-06-23 14:55:00,364 - Outch - INFO - dec-start-outch256-inch192-facttt-r0.1-wh4-ind3s
2024-06-23 14:57:49,546 - Outch - INFO - dec-end-outch256-inch192-facttt-r0.1-wh4-ind3s
2024-06-23 14:59:00,662 - Outch - INFO - dec-start-outch256-inch192-facttt-r0.25-wh4-ind3s
2024-06-23 15:03:18,215 - Outch - INFO - dec-end-outch256-inch192-facttt-r0.25-wh4-ind3s
2024-06-23 15:05:00,364 - Outch - INFO - dec-start-outch256-inch192-facttt-r0.5-wh4-ind3s
2024-06-23 15:09:52,141 - Outch - INFO - dec-end-outch256-inch192-facttt-r0.5-wh4-ind3s
2024-06-23 15:11:00,260 - Outch - INFO - dec-start-outch256-inch192-facttt-r0.75-wh4-ind3s
2024-06-23 15:16:19,220 - Outch - INFO - dec-end-outch256-inch192-facttt-r0.75-wh4-ind3s
2024-06-23 15:18:00,373 - Outch - INFO - dec-start-outch256-inch192-facttt-r0.9-wh4-ind3s
2024-06-23 15:23:55,945 - Outch - INFO - dec-end-outch256-inch192-facttt-r0.9-wh4-ind3s

2024-06-23 16:30:00,750 - Outch - INFO - dec-start-outch192-inch192-facttt-r0.1-wh4-ind3s
2024-06-23 16:32:52,778 - Outch - INFO - dec-end-outch192-inch192-facttt-r0.1-wh4-ind3s
2024-06-23 16:34:00,868 - Outch - INFO - dec-start-outch192-inch192-facttt-r0.25-wh4-ind3s
2024-06-23 16:38:11,133 - Outch - INFO - dec-end-outch192-inch192-facttt-r0.25-wh4-ind3s
2024-06-23 16:40:00,279 - Outch - INFO - dec-start-outch192-inch192-facttt-r0.5-wh4-ind3s
2024-06-23 16:44:43,269 - Outch - INFO - dec-end-outch192-inch192-facttt-r0.5-wh4-ind3s
2024-06-23 16:46:00,387 - Outch - INFO - dec-start-outch192-inch192-facttt-r0.75-wh4-ind3s
2024-06-23 16:51:01,083 - Outch - INFO - dec-end-outch192-inch192-facttt-r0.75-wh4-ind3s
2024-06-23 16:53:00,244 - Outch - INFO - dec-start-outch192-inch192-facttt-r0.9-wh4-ind3s
2024-06-23 16:58:34,697 - Outch - INFO - dec-end-outch192-inch192-facttt-r0.9-wh4-ind3s

Derde Tuck
2024-06-23 10:19:00,500 - Outch - INFO - dec-start-outch384-inch192-facttucker-r0.1-wh4-ind3s
2024-06-23 10:22:08,119 - Outch - INFO - dec-end-outch384-inch192-facttucker-r0.1-wh4-ind3s
2024-06-23 10:24:00,112 - Outch - INFO - dec-start-outch384-inch192-facttucker-r0.25-wh4-ind3s
2024-06-23 10:28:51,613 - Outch - INFO - dec-end-outch384-inch192-facttucker-r0.25-wh4-ind3s
2024-06-23 10:30:00,661 - Outch - INFO - dec-start-outch384-inch192-facttucker-r0.5-wh4-ind3s
2024-06-23 10:37:39,317 - Outch - INFO - dec-end-outch384-inch192-facttucker-r0.5-wh4-ind3s
2024-06-23 10:39:00,209 - Outch - INFO - dec-start-outch384-inch192-facttucker-r0.75-wh4-ind3s
2024-06-23 10:50:27,340 - Outch - INFO - dec-end-outch384-inch192-facttucker-r0.75-wh4-ind3s
2024-06-23 10:52:00,145 - Outch - INFO - dec-start-outch384-inch192-facttucker-r0.9-wh4-ind3s
2024-06-23 11:05:31,565 - Outch - INFO - dec-end-outch384-inch192-facttucker-r0.9-wh4-ind3s

2024-06-23 12:24:01,016 - Outch - INFO - dec-start-outch320-inch192-facttucker-r0.1-wh4-ind3s
2024-06-23 12:27:07,917 - Outch - INFO - dec-end-outch320-inch192-facttucker-r0.1-wh4-ind3s
2024-06-23 12:29:00,737 - Outch - INFO - dec-start-outch320-inch192-facttucker-r0.25-wh4-ind3s
2024-06-23 12:33:32,550 - Outch - INFO - dec-end-outch320-inch192-facttucker-r0.25-wh4-ind3s
2024-06-23 12:35:00,269 - Outch - INFO - dec-start-outch320-inch192-facttucker-r0.5-wh4-ind3s
2024-06-23 12:42:03,822 - Outch - INFO - dec-end-outch320-inch192-facttucker-r0.5-wh4-ind3s
2024-06-23 12:44:00,453 - Outch - INFO - dec-start-outch320-inch192-facttucker-r0.75-wh4-ind3s
2024-06-23 12:53:47,475 - Outch - INFO - dec-end-outch320-inch192-facttucker-r0.75-wh4-ind3s
2024-06-23 12:55:00,094 - Outch - INFO - dec-start-outch320-inch192-facttucker-r0.9-wh4-ind3s
2024-06-23 13:06:57,056 - Outch - INFO - dec-end-outch320-inch192-facttucker-r0.9-wh4-ind3s

2024-06-23 14:14:00,574 - Outch - INFO - dec-start-outch256-inch192-facttucker-r0.1-wh4-ind3s
2024-06-23 14:16:50,363 - Outch - INFO - dec-end-outch256-inch192-facttucker-r0.1-wh4-ind3s
2024-06-23 14:18:00,009 - Outch - INFO - dec-start-outch256-inch192-facttucker-r0.25-wh4-ind3s
2024-06-23 14:22:00,507 - Outch - INFO - dec-end-outch256-inch192-facttucker-r0.25-wh4-ind3s
2024-06-23 14:24:00,102 - Outch - INFO - dec-start-outch256-inch192-facttucker-r0.5-wh4-ind3s
2024-06-23 14:30:23,863 - Outch - INFO - dec-end-outch256-inch192-facttucker-r0.5-wh4-ind3s
2024-06-23 14:32:00,385 - Outch - INFO - dec-start-outch256-inch192-facttucker-r0.75-wh4-ind3s
2024-06-23 14:41:09,978 - Outch - INFO - dec-end-outch256-inch192-facttucker-r0.75-wh4-ind3s
2024-06-23 14:43:00,489 - Outch - INFO - dec-start-outch256-inch192-facttucker-r0.9-wh4-ind3s
2024-06-23 14:53:08,212 - Outch - INFO - dec-end-outch256-inch192-facttucker-r0.9-wh4-ind3s

2024-06-23 15:55:01,018 - Outch - INFO - dec-start-outch192-inch192-facttucker-r0.1-wh4-ind3s
2024-06-23 15:57:23,313 - Outch - INFO - dec-end-outch192-inch192-facttucker-r0.1-wh4-ind3s
2024-06-23 15:59:00,817 - Outch - INFO - dec-start-outch192-inch192-facttucker-r0.25-wh4-ind3s
2024-06-23 16:02:37,569 - Outch - INFO - dec-end-outch192-inch192-facttucker-r0.25-wh4-ind3s
2024-06-23 16:04:00,045 - Outch - INFO - dec-start-outch192-inch192-facttucker-r0.5-wh4-ind3s
2024-06-23 16:09:20,486 - Outch - INFO - dec-end-outch192-inch192-facttucker-r0.5-wh4-ind3s
2024-06-23 16:11:00,857 - Outch - INFO - dec-start-outch192-inch192-facttucker-r0.75-wh4-ind3s
2024-06-23 16:18:18,549 - Outch - INFO - dec-end-outch192-inch192-facttucker-r0.75-wh4-ind3s
2024-06-23 16:20:00,937 - Outch - INFO - dec-start-outch192-inch192-facttucker-r0.9-wh4-ind3s
2024-06-23 16:28:23,660 - Outch - INFO - dec-end-outch192-inch192-facttucker-r0.9-wh4-ind3s

Derde Baseline
2024-06-23 09:29:00,021 - Outch - INFO - bas-start-outch384-inch192-wh4-ind3s
2024-06-23 09:37:36,011 - Outch - INFO - bas-end-outch384-inch192-wh4-ind3s
2024-06-23 09:39:00,099 - Outch - INFO - bas-start-outch384-inch192-wh4-ind3s
2024-06-23 09:47:36,776 - Outch - INFO - bas-end-outch384-inch192-wh4-ind3s
2024-06-23 09:49:00,865 - Outch - INFO - bas-start-outch384-inch192-wh4-ind3s
2024-06-23 09:57:40,903 - Outch - INFO - bas-end-outch384-inch192-wh4-ind3s
2024-06-23 09:59:00,988 - Outch - INFO - bas-start-outch384-inch192-wh4-ind3s
2024-06-23 10:07:47,258 - Outch - INFO - bas-end-outch384-inch192-wh4-ind3s
2024-06-23 10:09:00,336 - Outch - INFO - bas-start-outch384-inch192-wh4-ind3s
2024-06-23 10:17:32,948 - Outch - INFO - bas-end-outch384-inch192-wh4-ind3s

2024-06-23 11:39:00,129 - Outch - INFO - bas-start-outch320-inch192-wh4-ind3s
2024-06-23 11:46:05,374 - Outch - INFO - bas-end-outch320-inch192-wh4-ind3s
2024-06-23 11:48:00,494 - Outch - INFO - bas-start-outch320-inch192-wh4-ind3s
2024-06-23 11:55:15,621 - Outch - INFO - bas-end-outch320-inch192-wh4-ind3s
2024-06-23 11:57:00,730 - Outch - INFO - bas-start-outch320-inch192-wh4-ind3s
2024-06-23 12:04:15,319 - Outch - INFO - bas-end-outch320-inch192-wh4-ind3s
2024-06-23 12:06:00,428 - Outch - INFO - bas-start-outch320-inch192-wh4-ind3s
2024-06-23 12:13:14,935 - Outch - INFO - bas-end-outch320-inch192-wh4-ind3s
2024-06-23 12:15:01,045 - Outch - INFO - bas-start-outch320-inch192-wh4-ind3s
2024-06-23 12:22:15,570 - Outch - INFO - bas-end-outch320-inch192-wh4-ind3s

2024-06-23 13:39:00,229 - Outch - INFO - bas-start-outch256-inch192-wh4-ind3s
2024-06-23 13:44:42,405 - Outch - INFO - bas-end-outch256-inch192-wh4-ind3s
2024-06-23 13:46:00,487 - Outch - INFO - bas-start-outch256-inch192-wh4-ind3s
2024-06-23 13:51:38,372 - Outch - INFO - bas-end-outch256-inch192-wh4-ind3s
2024-06-23 13:53:00,457 - Outch - INFO - bas-start-outch256-inch192-wh4-ind3s
2024-06-23 13:58:40,256 - Outch - INFO - bas-end-outch256-inch192-wh4-ind3s
2024-06-23 14:00:00,340 - Outch - INFO - bas-start-outch256-inch192-wh4-ind3s
2024-06-23 14:05:39,533 - Outch - INFO - bas-end-outch256-inch192-wh4-ind3s
2024-06-23 14:07:00,618 - Outch - INFO - bas-start-outch256-inch192-wh4-ind3s
2024-06-23 14:12:39,247 - Outch - INFO - bas-end-outch256-inch192-wh4-ind3s

2024-06-23 15:25:00,014 - Outch - INFO - bas-start-outch192-inch192-wh4-ind3s
2024-06-23 15:29:10,981 - Outch - INFO - bas-end-outch192-inch192-wh4-ind3s
2024-06-23 15:31:00,053 - Outch - INFO - bas-start-outch192-inch192-wh4-ind3s
2024-06-23 15:35:11,144 - Outch - INFO - bas-end-outch192-inch192-wh4-ind3s
2024-06-23 15:37:00,256 - Outch - INFO - bas-start-outch192-inch192-wh4-ind3s
2024-06-23 15:41:11,298 - Outch - INFO - bas-end-outch192-inch192-wh4-ind3s
2024-06-23 15:43:00,410 - Outch - INFO - bas-start-outch192-inch192-wh4-ind3s
2024-06-23 15:47:11,692 - Outch - INFO - bas-end-outch192-inch192-wh4-ind3s
2024-06-23 15:49:00,761 - Outch - INFO - bas-start-outch192-inch192-wh4-ind3s
2024-06-23 15:53:11,758 - Outch - INFO - bas-end-outch192-inch192-wh4-ind3s