2024-06-18 21:19:00,547 - Feat - INFO - dec-start-outch512-inch448-facttucker-r0.1-wh2-ind3s
2024-06-18 21:22:22,239 - Feat - INFO - dec-end-outch512-inch448-facttucker-r0.1-wh2-ind3s
2024-06-18 21:24:00,878 - Feat - INFO - dec-start-outch512-inch448-facttucker-r0.25-wh2-ind3s
2024-06-18 21:31:49,402 - Feat - INFO - dec-end-outch512-inch448-facttucker-r0.25-wh2-ind3s
2024-06-18 21:33:00,920 - Feat - INFO - dec-start-outch512-inch448-facttucker-r0.5-wh2-ind3s
2024-06-18 21:48:47,347 - Feat - INFO - dec-end-outch512-inch448-facttucker-r0.5-wh2-ind3s
2024-06-18 21:51:00,467 - Feat - INFO - dec-start-outch512-inch448-facttucker-r0.1-wh2-ind3s
2024-06-18 21:54:27,798 - Feat - INFO - dec-end-outch512-inch448-facttucker-r0.1-wh2-ind3s
2024-06-18 21:56:00,259 - Feat - INFO - dec-start-outch512-inch448-facttucker-r0.25-wh2-ind3s
2024-06-18 22:03:37,822 - Feat - INFO - dec-end-outch512-inch448-facttucker-r0.25-wh2-ind3s
2024-06-18 22:05:00,419 - Feat - INFO - dec-start-outch512-inch448-facttucker-r0.5-wh2-ind3s
2024-06-18 22:20:38,960 - Feat - INFO - dec-end-outch512-inch448-facttucker-r0.5-wh2-ind3s
2024-06-18 22:22:00,650 - Feat - INFO - dec-start-outch512-inch448-facttucker-r0.75-wh2-ind3s
2024-06-18 22:45:33,696 - Feat - INFO - dec-end-outch512-inch448-facttucker-r0.75-wh2-ind3s
2024-06-18 22:47:00,081 - Feat - INFO - dec-start-outch512-inch448-facttucker-r0.9-wh2-ind3s
2024-06-18 23:15:19,511 - Feat - INFO - dec-end-outch512-inch448-facttucker-r0.9-wh2-ind3s
2024-06-19 08:47:00,872 - Feat - INFO - bas-start-outch512-inch448-wh2-ind3s
2024-06-19 09:01:18,595 - Feat - INFO - bas-end-outch512-inch448-wh2-ind3s
2024-06-19 09:03:00,922 - Feat - INFO - dec-start-outch512-inch448-facttt-r0.1-wh2-ind3s
2024-06-19 09:05:33,299 - Feat - INFO - dec-end-outch512-inch448-facttt-r0.1-wh2-ind3s
2024-06-19 09:07:00,661 - Feat - INFO - dec-start-outch512-inch448-facttt-r0.25-wh2-ind3s
2024-06-19 09:11:19,556 - Feat - INFO - dec-end-outch512-inch448-facttt-r0.25-wh2-ind3s
2024-06-19 09:13:01,005 - Feat - INFO - dec-start-outch512-inch448-facttt-r0.5-wh2-ind3s
2024-06-19 09:17:41,350 - Feat - INFO - dec-end-outch512-inch448-facttt-r0.5-wh2-ind3s
2024-06-19 09:19:00,751 - Feat - INFO - dec-start-outch512-inch448-facttt-r0.75-wh2-ind3s
2024-06-19 09:23:56,532 - Feat - INFO - dec-end-outch512-inch448-facttt-r0.75-wh2-ind3s
2024-06-19 09:25:00,932 - Feat - INFO - dec-start-outch512-inch448-facttt-r0.9-wh2-ind3s
2024-06-19 09:29:47,866 - Feat - INFO - dec-end-outch512-inch448-facttt-r0.9-wh2-ind3s
2024-06-19 09:31:00,994 - Feat - INFO - bas-start-outch512-inch448-wh4-ind3s
2024-06-19 09:59:09,199 - Feat - INFO - bas-end-outch512-inch448-wh4-ind3s
2024-06-19 10:01:00,538 - Feat - INFO - dec-start-outch512-inch448-facttt-r0.1-wh4-ind3s
2024-06-19 10:08:19,845 - Feat - INFO - dec-end-outch512-inch448-facttt-r0.1-wh4-ind3s
2024-06-19 10:10:00,266 - Feat - INFO - dec-start-outch512-inch448-facttt-r0.25-wh4-ind3s
2024-06-19 10:23:32,523 - Feat - INFO - dec-end-outch512-inch448-facttt-r0.25-wh4-ind3s
2024-06-19 10:25:00,939 - Feat - INFO - dec-start-outch512-inch448-facttt-r0.5-wh4-ind3s
2024-06-19 10:38:46,739 - Feat - INFO - dec-end-outch512-inch448-facttt-r0.5-wh4-ind3s
2024-06-19 10:40:00,161 - Feat - INFO - dec-start-outch512-inch448-facttt-r0.75-wh4-ind3s
2024-06-19 10:54:20,638 - Feat - INFO - dec-end-outch512-inch448-facttt-r0.75-wh4-ind3s
2024-06-19 10:56:00,093 - Feat - INFO - dec-start-outch512-inch448-facttt-r0.9-wh4-ind3s
2024-06-19 11:10:48,660 - Feat - INFO - dec-end-outch512-inch448-facttt-r0.9-wh4-ind3s
2024-06-19 11:12:00,810 - Feat - INFO - bas-start-outch512-inch448-wh6-ind3s
2024-06-19 11:56:35,558 - Feat - INFO - bas-end-outch512-inch448-wh6-ind3s
2024-06-19 11:58:00,805 - Feat - INFO - dec-start-outch512-inch448-facttt-r0.1-wh6-ind3s
2024-06-19 12:13:24,823 - Feat - INFO - dec-end-outch512-inch448-facttt-r0.1-wh6-ind3s
2024-06-19 12:15:00,232 - Feat - INFO - dec-start-outch512-inch448-facttt-r0.25-wh6-ind3s
2024-06-19 12:46:03,596 - Feat - INFO - dec-end-outch512-inch448-facttt-r0.25-wh6-ind3s
2024-06-19 12:48:00,064 - Feat - INFO - dec-start-outch512-inch448-facttt-r0.5-wh6-ind3s
2024-06-19 13:19:18,788 - Feat - INFO - dec-end-outch512-inch448-facttt-r0.5-wh6-ind3s
2024-06-19 13:21:00,181 - Feat - INFO - dec-start-outch512-inch448-facttt-r0.75-wh6-ind3s
2024-06-19 13:49:28,301 - Feat - INFO - dec-end-outch512-inch448-facttt-r0.75-wh6-ind3s
2024-06-19 13:51:00,708 - Feat - INFO - dec-start-outch512-inch448-facttt-r0.9-wh6-ind3s
2024-06-19 14:19:35,842 - Feat - INFO - dec-end-outch512-inch448-facttt-r0.9-wh6-ind3s
2024-06-19 14:21:00,146 - Feat - INFO - bas-start-outch512-inch448-wh8-ind3s
2024-06-19 15:39:37,086 - Feat - INFO - bas-end-outch512-inch448-wh8-ind3s
2024-06-19 15:41:00,340 - Feat - INFO - dec-start-outch512-inch448-facttt-r0.1-wh8-ind3s
2024-06-19 16:08:51,940 - Feat - INFO - dec-end-outch512-inch448-facttt-r0.1-wh8-ind3s
2024-06-19 16:10:00,317 - Feat - INFO - dec-start-outch512-inch448-facttt-r0.25-wh8-ind3s
2024-06-19 17:00:46,759 - Feat - INFO - dec-end-outch512-inch448-facttt-r0.25-wh8-ind3s
2024-06-19 17:02:00,160 - Feat - INFO - dec-start-outch512-inch448-facttt-r0.5-wh8-ind3s
2024-06-19 17:53:30,181 - Feat - INFO - dec-end-outch512-inch448-facttt-r0.5-wh8-ind3s
2024-06-19 17:55:00,611 - Feat - INFO - dec-start-outch512-inch448-facttt-r0.75-wh8-ind3s
2024-06-19 18:47:44,795 - Feat - INFO - dec-end-outch512-inch448-facttt-r0.75-wh8-ind3s
2024-06-19 18:49:00,221 - Feat - INFO - dec-start-outch512-inch448-facttt-r0.9-wh8-ind3s
2024-06-19 19:41:32,423 - Feat - INFO - dec-end-outch512-inch448-facttt-r0.9-wh8-ind3s
2024-06-19 21:16:00,389 - Feat - INFO - dec-start-outch512-inch448-facttucker-r0.1-wh4-ind1s
2024-06-19 21:23:06,590 - Feat - INFO - dec-end-outch512-inch448-facttucker-r0.1-wh4-ind1s
2024-06-19 21:25:00,933 - Feat - INFO - dec-start-outch512-inch448-facttucker-r0.1-wh4-ind2s
2024-06-19 21:32:06,251 - Feat - INFO - dec-end-outch512-inch448-facttucker-r0.1-wh4-ind2s
2024-06-19 21:34:00,793 - Feat - INFO - dec-start-outch512-inch448-facttucker-r0.25-wh4-ind1s
2024-06-19 21:47:58,692 - Feat - INFO - dec-end-outch512-inch448-facttucker-r0.25-wh4-ind1s
2024-06-19 21:50:00,128 - Feat - INFO - dec-start-outch512-inch448-facttucker-r0.25-wh4-ind2s
2024-06-19 22:03:54,333 - Feat - INFO - dec-end-outch512-inch448-facttucker-r0.25-wh4-ind2s
2024-06-19 22:05:00,821 - Feat - INFO - dec-start-outch512-inch448-facttucker-r0.5-wh4-ind1s
2024-06-19 22:30:27,878 - Feat - INFO - dec-end-outch512-inch448-facttucker-r0.5-wh4-ind1s
2024-06-19 22:32:00,420 - Feat - INFO - dec-start-outch512-inch448-facttucker-r0.5-wh4-ind2s
2024-06-19 22:57:18,286 - Feat - INFO - dec-end-outch512-inch448-facttucker-r0.5-wh4-ind2s
2024-06-19 22:59:00,960 - Feat - INFO - dec-start-outch512-inch448-facttucker-r0.75-wh4-ind1s
2024-06-19 23:36:12,925 - Feat - INFO - dec-end-outch512-inch448-facttucker-r0.75-wh4-ind1s
2024-06-19 23:38:00,183 - Feat - INFO - dec-start-outch512-inch448-facttucker-r0.75-wh4-ind2s
2024-06-20 00:15:17,073 - Feat - INFO - dec-end-outch512-inch448-facttucker-r0.75-wh4-ind2s
2024-06-20 00:17:00,453 - Feat - INFO - dec-start-outch512-inch448-facttucker-r0.9-wh4-ind1s
2024-06-20 01:02:01,662 - Feat - INFO - dec-end-outch512-inch448-facttucker-r0.9-wh4-ind1s
2024-06-20 01:04:00,092 - Feat - INFO - dec-start-outch512-inch448-facttucker-r0.9-wh4-ind2s
2024-06-20 01:48:33,774 - Feat - INFO - dec-end-outch512-inch448-facttucker-r0.9-wh4-ind2s
2024-06-20 01:50:00,107 - Feat - INFO - dec-start-outch512-inch448-facttucker-r0.1-wh6-ind1s
2024-06-20 02:03:08,613 - Feat - INFO - dec-end-outch512-inch448-facttucker-r0.1-wh6-ind1s
2024-06-20 02:05:00,913 - Feat - INFO - dec-start-outch512-inch448-facttucker-r0.1-wh6-ind2s
2024-06-20 02:17:41,610 - Feat - INFO - dec-end-outch512-inch448-facttucker-r0.1-wh6-ind2s
2024-06-20 02:19:00,081 - Feat - INFO - dec-start-outch512-inch448-facttucker-r0.25-wh6-ind1s
2024-06-20 02:42:32,867 - Feat - INFO - dec-end-outch512-inch448-facttucker-r0.25-wh6-ind1s
2024-06-20 02:44:00,482 - Feat - INFO - dec-start-outch512-inch448-facttucker-r0.25-wh6-ind2s
2024-06-20 03:07:39,382 - Feat - INFO - dec-end-outch512-inch448-facttucker-r0.25-wh6-ind2s
2024-06-20 03:09:00,877 - Feat - INFO - dec-start-outch512-inch448-facttucker-r0.5-wh6-ind1s
2024-06-20 03:49:01,251 - Feat - INFO - dec-end-outch512-inch448-facttucker-r0.5-wh6-ind1s
2024-06-20 03:51:00,793 - Feat - INFO - dec-start-outch512-inch448-facttucker-r0.5-wh6-ind2s
2024-06-20 04:30:48,971 - Feat - INFO - dec-end-outch512-inch448-facttucker-r0.5-wh6-ind2s
2024-06-20 04:32:00,185 - Feat - INFO - dec-start-outch512-inch448-facttucker-r0.75-wh6-ind1s
2024-06-20 05:29:06,339 - Feat - INFO - dec-end-outch512-inch448-facttucker-r0.75-wh6-ind1s
2024-06-20 05:31:00,570 - Feat - INFO - dec-start-outch512-inch448-facttucker-r0.75-wh6-ind2s
2024-06-20 06:28:08,119 - Feat - INFO - dec-end-outch512-inch448-facttucker-r0.75-wh6-ind2s
2024-06-20 06:30:00,473 - Feat - INFO - dec-start-outch512-inch448-facttucker-r0.9-wh6-ind1s
2024-06-20 07:38:36,822 - Feat - INFO - dec-end-outch512-inch448-facttucker-r0.9-wh6-ind1s
2024-06-20 07:40:00,129 - Feat - INFO - dec-start-outch512-inch448-facttucker-r0.9-wh6-ind2s
2024-06-20 08:48:25,433 - Feat - INFO - dec-end-outch512-inch448-facttucker-r0.9-wh6-ind2s
2024-06-20 08:50:00,722 - Feat - INFO - dec-start-outch512-inch448-facttucker-r0.1-wh8-ind1s
2024-06-20 09:12:59,628 - Feat - INFO - dec-end-outch512-inch448-facttucker-r0.1-wh8-ind1s
2024-06-20 09:15:00,978 - Feat - INFO - dec-start-outch512-inch448-facttucker-r0.1-wh8-ind2s
2024-06-20 09:37:58,435 - Feat - INFO - dec-end-outch512-inch448-facttucker-r0.1-wh8-ind2s
2024-06-20 09:40:00,882 - Feat - INFO - dec-start-outch512-inch448-facttucker-r0.25-wh8-ind1s
2024-06-20 10:18:18,219 - Feat - INFO - dec-end-outch512-inch448-facttucker-r0.25-wh8-ind1s
2024-06-20 10:20:00,742 - Feat - INFO - dec-start-outch512-inch448-facttucker-r0.25-wh8-ind2s
2024-06-20 10:58:15,146 - Feat - INFO - dec-end-outch512-inch448-facttucker-r0.25-wh8-ind2s
2024-06-20 11:00:00,637 - Feat - INFO - dec-start-outch512-inch448-facttucker-r0.5-wh8-ind1s
2024-06-20 12:03:57,662 - Feat - INFO - dec-end-outch512-inch448-facttucker-r0.5-wh8-ind1s
2024-06-20 12:06:00,234 - Feat - INFO - dec-start-outch512-inch448-facttucker-r0.5-wh8-ind2s
2024-06-20 13:10:15,379 - Feat - INFO - dec-end-outch512-inch448-facttucker-r0.5-wh8-ind2s
2024-06-20 13:12:00,589 - Feat - INFO - dec-start-outch512-inch448-facttucker-r0.75-wh8-ind1s
2024-06-20 14:43:31,350 - Feat - INFO - dec-end-outch512-inch448-facttucker-r0.75-wh8-ind1s
2024-06-20 14:45:00,563 - Feat - INFO - dec-start-outch512-inch448-facttucker-r0.75-wh8-ind2s
2024-06-20 16:16:27,461 - Feat - INFO - dec-end-outch512-inch448-facttucker-r0.75-wh8-ind2s
2024-06-20 16:18:00,804 - Feat - INFO - dec-start-outch512-inch448-facttucker-r0.9-wh8-ind1s
2024-06-20 18:05:16,850 - Feat - INFO - dec-end-outch512-inch448-facttucker-r0.9-wh8-ind1s
2024-06-20 18:07:00,202 - Feat - INFO - dec-start-outch512-inch448-facttucker-r0.9-wh8-ind2s
2024-06-20 19:54:06,811 - Feat - INFO - dec-end-outch512-inch448-facttucker-r0.9-wh8-ind2s
2024-06-20 19:56:00,089 - Feat - INFO - dec-start-outch512-inch448-facttucker-r0.1-wh2-ind2s
2024-06-20 19:59:27,079 - Feat - INFO - dec-end-outch512-inch448-facttucker-r0.1-wh2-ind2s
2024-06-20 20:01:00,515 - Feat - INFO - dec-start-outch512-inch448-facttucker-r0.25-wh2-ind2s
2024-06-20 20:08:45,508 - Feat - INFO - dec-end-outch512-inch448-facttucker-r0.25-wh2-ind2s
2024-06-20 20:10:00,092 - Feat - INFO - dec-start-outch512-inch448-facttucker-r0.5-wh2-ind2s
2024-06-20 20:25:44,959 - Feat - INFO - dec-end-outch512-inch448-facttucker-r0.5-wh2-ind2s
2024-06-20 20:27:00,089 - Feat - INFO - dec-start-outch512-inch448-facttucker-r0.75-wh2-ind2s
2024-06-20 20:50:46,700 - Feat - INFO - dec-end-outch512-inch448-facttucker-r0.75-wh2-ind2s
2024-06-20 20:52:00,036 - Feat - INFO - dec-start-outch512-inch448-facttucker-r0.9-wh2-ind2s
2024-06-20 21:20:21,635 - Feat - INFO - dec-end-outch512-inch448-facttucker-r0.9-wh2-ind2s
2024-06-20 21:22:00,739 - Feat - INFO - bas-start-outch512-inch448-wh2-ind2s
2024-06-20 21:36:07,448 - Feat - INFO - bas-end-outch512-inch448-wh2-ind2s
2024-06-20 21:38:00,701 - Feat - INFO - dec-start-outch512-inch448-facttt-r0.1-wh2-ind2s
2024-06-20 21:40:36,640 - Feat - INFO - dec-end-outch512-inch448-facttt-r0.1-wh2-ind2s
2024-06-20 21:42:00,047 - Feat - INFO - dec-start-outch512-inch448-facttt-r0.25-wh2-ind2s
2024-06-20 21:46:15,335 - Feat - INFO - dec-end-outch512-inch448-facttt-r0.25-wh2-ind2s
2024-06-20 21:48:00,769 - Feat - INFO - dec-start-outch512-inch448-facttt-r0.5-wh2-ind2s
2024-06-20 21:52:29,598 - Feat - INFO - dec-end-outch512-inch448-facttt-r0.5-wh2-ind2s
2024-06-20 21:54:00,027 - Feat - INFO - dec-start-outch512-inch448-facttt-r0.75-wh2-ind2s
2024-06-20 21:58:37,644 - Feat - INFO - dec-end-outch512-inch448-facttt-r0.75-wh2-ind2s
2024-06-20 22:00:00,081 - Feat - INFO - dec-start-outch512-inch448-facttt-r0.9-wh2-ind2s
2024-06-20 22:04:38,938 - Feat - INFO - dec-end-outch512-inch448-facttt-r0.9-wh2-ind2s
2024-06-20 22:06:00,035 - Feat - INFO - bas-start-outch512-inch448-wh4-ind2s
2024-06-20 22:34:14,046 - Feat - INFO - bas-end-outch512-inch448-wh4-ind2s
2024-06-20 22:36:00,310 - Feat - INFO - dec-start-outch512-inch448-facttt-r0.1-wh4-ind2s
2024-06-20 22:43:21,224 - Feat - INFO - dec-end-outch512-inch448-facttt-r0.1-wh4-ind2s
2024-06-20 22:45:00,615 - Feat - INFO - dec-start-outch512-inch448-facttt-r0.25-wh4-ind2s
2024-06-20 22:58:02,983 - Feat - INFO - dec-end-outch512-inch448-facttt-r0.25-wh4-ind2s
2024-06-20 23:00:00,435 - Feat - INFO - dec-start-outch512-inch448-facttt-r0.5-wh4-ind2s
2024-06-20 23:13:36,435 - Feat - INFO - dec-end-outch512-inch448-facttt-r0.5-wh4-ind2s
2024-06-20 23:15:00,859 - Feat - INFO - dec-start-outch512-inch448-facttt-r0.75-wh4-ind2s
2024-06-20 23:29:20,490 - Feat - INFO - dec-end-outch512-inch448-facttt-r0.75-wh4-ind2s
2024-06-20 23:31:00,928 - Feat - INFO - dec-start-outch512-inch448-facttt-r0.9-wh4-ind2s
2024-06-20 23:45:36,081 - Feat - INFO - dec-end-outch512-inch448-facttt-r0.9-wh4-ind2s
2024-06-20 23:47:00,132 - Feat - INFO - bas-start-outch512-inch448-wh6-ind2s
2024-06-21 00:31:58,847 - Feat - INFO - bas-end-outch512-inch448-wh6-ind2s
2024-06-21 00:33:00,070 - Feat - INFO - dec-start-outch512-inch448-facttt-r0.1-wh6-ind2s
2024-06-21 00:48:17,351 - Feat - INFO - dec-end-outch512-inch448-facttt-r0.1-wh6-ind2s
2024-06-21 00:50:00,740 - Feat - INFO - dec-start-outch512-inch448-facttt-r0.25-wh6-ind2s
2024-06-21 01:17:37,012 - Feat - INFO - dec-end-outch512-inch448-facttt-r0.25-wh6-ind2s
2024-06-21 01:19:00,415 - Feat - INFO - dec-start-outch512-inch448-facttt-r0.5-wh6-ind2s
2024-06-21 01:47:03,139 - Feat - INFO - dec-end-outch512-inch448-facttt-r0.5-wh6-ind2s
2024-06-21 01:49:00,598 - Feat - INFO - dec-start-outch512-inch448-facttt-r0.75-wh6-ind2s
2024-06-21 02:17:20,497 - Feat - INFO - dec-end-outch512-inch448-facttt-r0.75-wh6-ind2s
2024-06-21 02:19:00,941 - Feat - INFO - dec-start-outch512-inch448-facttt-r0.9-wh6-ind2s
2024-06-21 02:47:26,144 - Feat - INFO - dec-end-outch512-inch448-facttt-r0.9-wh6-ind2s
2024-06-21 02:49:00,291 - Feat - INFO - bas-start-outch512-inch448-wh8-ind2s
2024-06-21 14:12:00,293 - Feat - INFO - dec-start-outch512-inch448-factcp-r0.1-wh2-ind3s
2024-06-21 14:15:44,479 - Feat - INFO - dec-end-outch512-inch448-factcp-r0.1-wh2-ind3s
2024-06-21 14:21:00,346 - Feat - INFO - dec-start-outch512-inch448-factcp-r0.25-wh2-ind3s
2024-06-21 14:28:08,258 - Feat - INFO - dec-end-outch512-inch448-factcp-r0.25-wh2-ind3s
2024-06-21 14:37:00,057 - Feat - INFO - dec-start-outch512-inch448-factcp-r0.5-wh2-ind3s
2024-06-21 14:51:48,610 - Feat - INFO - dec-end-outch512-inch448-factcp-r0.5-wh2-ind3s
2024-06-21 15:05:01,056 - Feat - INFO - dec-start-outch512-inch448-factcp-r0.75-wh2-ind3s
2024-06-21 15:26:34,209 - Feat - INFO - dec-end-outch512-inch448-factcp-r0.75-wh2-ind3s
2024-06-21 15:42:00,856 - Feat - INFO - dec-start-outch512-inch448-factcp-r0.9-wh2-ind3s
2024-06-21 16:08:11,332 - Feat - INFO - dec-end-outch512-inch448-factcp-r0.9-wh2-ind3s
2024-06-21 16:11:00,963 - Feat - INFO - dec-start-outch512-inch448-factcp-r0.1-wh4-ind3s
2024-06-21 16:21:26,521 - Feat - INFO - dec-end-outch512-inch448-factcp-r0.1-wh4-ind3s
2024-06-21 18:11:00,541 - Feat - INFO - dec-start-outch512-inch448-factcp-r0.1-wh4-ind3s
2024-06-21 18:21:00,978 - Feat - INFO - dec-end-outch512-inch448-factcp-r0.1-wh4-ind3s
2024-06-21 18:26:00,305 - Feat - INFO - dec-start-outch512-inch448-factcp-r0.25-wh4-ind3s
2024-06-21 18:49:33,278 - Feat - INFO - dec-end-outch512-inch448-factcp-r0.25-wh4-ind3s
2024-06-21 18:59:00,278 - Feat - INFO - dec-start-outch512-inch448-factcp-r0.5-wh4-ind3s
2024-06-21 19:44:42,547 - Feat - INFO - dec-end-outch512-inch448-factcp-r0.5-wh4-ind3s
2024-06-21 19:58:00,650 - Feat - INFO - dec-start-outch512-inch448-factcp-r0.75-wh4-ind3s
2024-06-21 21:05:45,911 - Feat - INFO - dec-end-outch512-inch448-factcp-r0.75-wh4-ind3s
2024-06-21 21:21:01,004 - Feat - INFO - dec-start-outch512-inch448-factcp-r0.9-wh4-ind3s
2024-06-21 22:44:01,961 - Feat - INFO - dec-end-outch512-inch448-factcp-r0.9-wh4-ind3s
2024-06-21 22:47:00,912 - Feat - INFO - dec-start-outch512-inch448-factcp-r0.1-wh6-ind3s
2024-06-21 23:08:35,735 - Feat - INFO - dec-end-outch512-inch448-factcp-r0.1-wh6-ind3s
2024-06-21 23:14:00,226 - Feat - INFO - dec-start-outch512-inch448-factcp-r0.25-wh6-ind3s
2024-06-22 00:02:15,957 - Feat - INFO - dec-end-outch512-inch448-factcp-r0.25-wh6-ind3s
2024-06-22 00:11:00,415 - Feat - INFO - dec-start-outch512-inch448-factcp-r0.5-wh6-ind3s
2024-06-22 01:44:10,303 - Feat - INFO - dec-end-outch512-inch448-factcp-r0.5-wh6-ind3s
2024-06-22 01:57:00,916 - Feat - INFO - dec-start-outch512-inch448-factcp-r0.75-wh6-ind3s
2024-06-22 04:23:37,267 - Feat - INFO - dec-end-outch512-inch448-factcp-r0.75-wh6-ind3s
2024-06-22 04:38:01,026 - Feat - INFO - dec-start-outch512-inch448-factcp-r0.9-wh6-ind3s
2024-06-22 07:34:48,968 - Feat - INFO - dec-end-outch512-inch448-factcp-r0.9-wh6-ind3s
2024-06-22 07:38:00,941 - Feat - INFO - dec-start-outch512-inch448-factcp-r0.1-wh8-ind3s
2024-06-22 08:15:53,312 - Feat - INFO - dec-end-outch512-inch448-factcp-r0.1-wh8-ind3s
2024-06-22 08:21:00,806 - Feat - INFO - dec-start-outch512-inch448-factcp-r0.25-wh8-ind3s
2024-06-22 09:43:58,967 - Feat - INFO - dec-end-outch512-inch448-factcp-r0.25-wh8-ind3s
2024-06-22 09:52:00,302 - Feat - INFO - dec-start-outch512-inch448-factcp-r0.5-wh8-ind3s
2024-06-22 12:56:14,813 - Feat - INFO - dec-end-outch512-inch448-factcp-r0.5-wh8-ind3s
2024-06-22 16:16:00,180 - Feat - INFO - dec-start-outch512-inch448-factcp-r0.75-wh8-ind3s
2024-06-22 20:59:54,914 - Feat - INFO - dec-end-outch512-inch448-factcp-r0.75-wh8-ind3s
2024-06-22 21:14:00,868 - Feat - INFO - dec-start-outch512-inch448-factcp-r0.9-wh8-ind3s
2024-06-23 02:53:34,884 - Feat - INFO - dec-end-outch512-inch448-factcp-r0.9-wh8-ind3s
