2024-06-02 16:38:06,814 - KErnel - INFO - dec-start-outch512-inch384-facttt-r0.1-wh4-kern1-ind0s
2024-06-02 16:40:00,325 - KErnel - INFO - dec-start-outch512-inch384-facttt-r0.1-wh4-kern1-ind0s
2024-06-02 16:43:42,529 - KErnel - INFO - dec-end-outch512-inch384-facttt-r0.1-wh4-kernel1-ind0s
2024-06-02 16:45:00,620 - KErnel - INFO - dec-start-outch512-inch384-facttt-r0.1-wh4-kern1-ind1s
2024-06-02 16:48:40,860 - KErnel - INFO - dec-end-outch512-inch384-facttt-r0.1-wh4-kernel1-ind1s
2024-06-02 16:50:00,952 - KErnel - INFO - dec-start-outch512-inch384-facttt-r0.1-wh4-kern1-ind2s
2024-06-02 16:53:44,336 - KErnel - INFO - dec-end-outch512-inch384-facttt-r0.1-wh4-kernel1-ind2s
2024-06-02 16:55:00,437 - KErnel - INFO - dec-start-outch512-inch384-facttt-r0.25-wh4-kern1-ind0s
2024-06-02 16:59:03,875 - KErnel - INFO - dec-end-outch512-inch384-facttt-r0.25-wh4-kernel1-ind0s
2024-06-02 17:01:00,969 - KErnel - INFO - dec-start-outch512-inch384-facttt-r0.25-wh4-kern1-ind1s
2024-06-02 17:05:04,066 - KErnel - INFO - dec-end-outch512-inch384-facttt-r0.25-wh4-kernel1-ind1s
2024-06-02 17:07:00,205 - KErnel - INFO - dec-start-outch512-inch384-facttt-r0.25-wh4-kern1-ind2s
2024-06-02 17:11:02,174 - KErnel - INFO - dec-end-outch512-inch384-facttt-r0.25-wh4-kernel1-ind2s
2024-06-02 17:13:00,337 - KErnel - INFO - dec-start-outch512-inch384-facttt-r0.5-wh4-kern1-ind0s
2024-06-02 17:17:54,620 - KErnel - INFO - dec-end-outch512-inch384-facttt-r0.5-wh4-kernel1-ind0s
2024-06-02 17:19:00,728 - KErnel - INFO - dec-start-outch512-inch384-facttt-r0.5-wh4-kern1-ind1s
2024-06-02 17:23:51,137 - KErnel - INFO - dec-end-outch512-inch384-facttt-r0.5-wh4-kernel1-ind1s
2024-06-02 17:25:00,248 - KErnel - INFO - dec-start-outch512-inch384-facttt-r0.5-wh4-kern1-ind2s
2024-06-02 17:29:50,330 - KErnel - INFO - dec-end-outch512-inch384-facttt-r0.5-wh4-kernel1-ind2s
2024-06-02 17:31:00,474 - KErnel - INFO - dec-start-outch512-inch384-facttt-r0.75-wh4-kern1-ind0s
2024-06-02 17:36:42,454 - KErnel - INFO - dec-end-outch512-inch384-facttt-r0.75-wh4-kernel1-ind0s
2024-06-02 17:38:00,602 - KErnel - INFO - dec-start-outch512-inch384-facttt-r0.75-wh4-kern1-ind1s
2024-06-02 17:43:41,152 - KErnel - INFO - dec-end-outch512-inch384-facttt-r0.75-wh4-kernel1-ind1s
2024-06-02 17:45:00,303 - KErnel - INFO - dec-start-outch512-inch384-facttt-r0.75-wh4-kern1-ind2s
2024-06-02 17:50:39,857 - KErnel - INFO - dec-end-outch512-inch384-facttt-r0.75-wh4-kernel1-ind2s
2024-06-02 17:52:00,033 - KErnel - INFO - dec-start-outch512-inch384-facttt-r0.9-wh4-kern1-ind0s
2024-06-02 17:58:11,783 - KErnel - INFO - dec-end-outch512-inch384-facttt-r0.9-wh4-kernel1-ind0s
2024-06-02 18:00:01,001 - KErnel - INFO - dec-start-outch512-inch384-facttt-r0.9-wh4-kern1-ind1s
2024-06-02 18:06:13,774 - KErnel - INFO - dec-end-outch512-inch384-facttt-r0.9-wh4-kernel1-ind1s
2024-06-02 18:08:00,985 - KErnel - INFO - dec-start-outch512-inch384-facttt-r0.9-wh4-kern1-ind2s
2024-06-02 18:14:06,468 - KErnel - INFO - dec-end-outch512-inch384-facttt-r0.9-wh4-kernel1-ind2s
2024-06-02 18:16:00,771 - KErnel - INFO - dec-start-outch512-inch384-facttt-r0.1-wh4-kern3-ind0s
2024-06-02 18:21:46,453 - KErnel - INFO - dec-end-outch512-inch384-facttt-r0.1-wh4-kernel3-ind0s
2024-06-02 18:23:00,690 - KErnel - INFO - dec-start-outch512-inch384-facttt-r0.1-wh4-kern3-ind1s
2024-06-02 18:28:47,263 - KErnel - INFO - dec-end-outch512-inch384-facttt-r0.1-wh4-kernel3-ind1s
2024-06-02 18:30:00,501 - KErnel - INFO - dec-start-outch512-inch384-facttt-r0.1-wh4-kern3-ind2s
2024-06-02 18:35:57,072 - KErnel - INFO - dec-end-outch512-inch384-facttt-r0.1-wh4-kernel3-ind2s
2024-06-02 18:37:00,351 - KErnel - INFO - dec-start-outch512-inch384-facttt-r0.25-wh4-kern3-ind0s
2024-06-02 18:47:38,910 - KErnel - INFO - dec-end-outch512-inch384-facttt-r0.25-wh4-kernel3-ind0s
2024-06-02 18:49:00,231 - KErnel - INFO - dec-start-outch512-inch384-facttt-r0.25-wh4-kern3-ind1s
2024-06-02 18:59:44,196 - KErnel - INFO - dec-end-outch512-inch384-facttt-r0.25-wh4-kernel3-ind1s
2024-06-02 19:01:00,514 - KErnel - INFO - dec-start-outch512-inch384-facttt-r0.25-wh4-kern3-ind2s
2024-06-02 19:11:38,218 - KErnel - INFO - dec-end-outch512-inch384-facttt-r0.25-wh4-kernel3-ind2s
2024-06-02 19:13:00,549 - KErnel - INFO - dec-start-outch512-inch384-facttt-r0.5-wh4-kern3-ind0s
2024-06-02 19:24:01,696 - KErnel - INFO - dec-end-outch512-inch384-facttt-r0.5-wh4-kernel3-ind0s
2024-06-02 19:26:01,006 - KErnel - INFO - dec-start-outch512-inch384-facttt-r0.5-wh4-kern3-ind1s
2024-06-02 19:37:02,765 - KErnel - INFO - dec-end-outch512-inch384-facttt-r0.5-wh4-kernel3-ind1s
2024-06-02 19:39:00,133 - KErnel - INFO - dec-start-outch512-inch384-facttt-r0.5-wh4-kern3-ind2s
2024-06-02 19:50:01,983 - KErnel - INFO - dec-end-outch512-inch384-facttt-r0.5-wh4-kernel3-ind2s
2024-06-02 19:52:00,355 - KErnel - INFO - dec-start-outch512-inch384-facttt-r0.75-wh4-kern3-ind0s
2024-06-02 20:03:40,147 - KErnel - INFO - dec-end-outch512-inch384-facttt-r0.75-wh4-kernel3-ind0s
2024-06-02 20:05:00,486 - KErnel - INFO - dec-start-outch512-inch384-facttt-r0.75-wh4-kern3-ind1s
2024-06-02 20:16:44,525 - KErnel - INFO - dec-end-outch512-inch384-facttt-r0.75-wh4-kernel3-ind1s
2024-06-02 20:18:00,856 - KErnel - INFO - dec-start-outch512-inch384-facttt-r0.75-wh4-kern3-ind2s
2024-06-02 20:29:43,183 - KErnel - INFO - dec-end-outch512-inch384-facttt-r0.75-wh4-kernel3-ind2s
2024-06-02 20:31:00,524 - KErnel - INFO - dec-start-outch512-inch384-facttt-r0.9-wh4-kern3-ind0s
2024-06-02 20:42:51,766 - KErnel - INFO - dec-end-outch512-inch384-facttt-r0.9-wh4-kernel3-ind0s
2024-06-02 20:44:00,071 - KErnel - INFO - dec-start-outch512-inch384-facttt-r0.9-wh4-kern3-ind1s
2024-06-02 20:55:50,279 - KErnel - INFO - dec-end-outch512-inch384-facttt-r0.9-wh4-kernel3-ind1s
2024-06-02 20:57:00,605 - KErnel - INFO - dec-start-outch512-inch384-facttt-r0.9-wh4-kern3-ind2s
2024-06-02 21:08:51,568 - KErnel - INFO - dec-end-outch512-inch384-facttt-r0.9-wh4-kernel3-ind2s
2024-06-02 21:10:00,234 - KErnel - INFO - dec-start-outch512-inch384-facttt-r0.1-wh4-kern5-ind0s
2024-06-02 21:20:07,046 - KErnel - INFO - dec-end-outch512-inch384-facttt-r0.1-wh4-kernel5-ind0s
2024-06-02 21:22:00,710 - KErnel - INFO - dec-start-outch512-inch384-facttt-r0.1-wh4-kern5-ind1s
2024-06-02 21:32:07,271 - KErnel - INFO - dec-end-outch512-inch384-facttt-r0.1-wh4-kernel5-ind1s
2024-06-02 21:34:00,934 - KErnel - INFO - dec-start-outch512-inch384-facttt-r0.1-wh4-kern5-ind2s
2024-06-02 21:44:07,601 - KErnel - INFO - dec-end-outch512-inch384-facttt-r0.1-wh4-kernel5-ind2s
2024-06-02 21:46:00,369 - KErnel - INFO - dec-start-outch512-inch384-facttt-r0.25-wh4-kern5-ind0s
2024-06-02 21:56:28,767 - KErnel - INFO - dec-end-outch512-inch384-facttt-r0.25-wh4-kernel5-ind0s
2024-06-02 21:58:00,503 - KErnel - INFO - dec-start-outch512-inch384-facttt-r0.25-wh4-kern5-ind1s
2024-06-02 22:08:28,457 - KErnel - INFO - dec-end-outch512-inch384-facttt-r0.25-wh4-kernel5-ind1s
2024-06-02 22:10:00,192 - KErnel - INFO - dec-start-outch512-inch384-facttt-r0.25-wh4-kern5-ind2s
2024-06-02 22:20:28,264 - KErnel - INFO - dec-end-outch512-inch384-facttt-r0.25-wh4-kernel5-ind2s
2024-06-02 22:22:00,105 - KErnel - INFO - dec-start-outch512-inch384-facttt-r0.5-wh4-kern5-ind0s
2024-06-02 22:34:39,301 - KErnel - INFO - dec-end-outch512-inch384-facttt-r0.5-wh4-kernel5-ind0s
2024-06-02 22:36:00,128 - KErnel - INFO - dec-start-outch512-inch384-facttt-r0.5-wh4-kern5-ind1s
2024-06-02 22:48:45,102 - KErnel - INFO - dec-end-outch512-inch384-facttt-r0.5-wh4-kernel5-ind1s
2024-06-02 22:50:00,915 - KErnel - INFO - dec-start-outch512-inch384-facttt-r0.5-wh4-kern5-ind2s
2024-06-02 23:02:46,381 - KErnel - INFO - dec-end-outch512-inch384-facttt-r0.5-wh4-kernel5-ind2s
2024-06-02 23:04:00,272 - KErnel - INFO - dec-start-outch512-inch384-facttt-r0.75-wh4-kern5-ind0s
2024-06-02 23:17:33,489 - KErnel - INFO - dec-end-outch512-inch384-facttt-r0.75-wh4-kernel5-ind0s
2024-06-02 23:19:00,414 - KErnel - INFO - dec-start-outch512-inch384-facttt-r0.75-wh4-kern5-ind1s
2024-06-02 23:32:34,084 - KErnel - INFO - dec-end-outch512-inch384-facttt-r0.75-wh4-kernel5-ind1s
2024-06-02 23:34:01,003 - KErnel - INFO - dec-start-outch512-inch384-facttt-r0.75-wh4-kern5-ind2s
2024-06-02 23:47:32,548 - KErnel - INFO - dec-end-outch512-inch384-facttt-r0.75-wh4-kernel5-ind2s
2024-06-02 23:49:00,500 - KErnel - INFO - dec-start-outch512-inch384-facttt-r0.9-wh4-kern5-ind0s
2024-06-03 00:03:08,097 - KErnel - INFO - dec-end-outch512-inch384-facttt-r0.9-wh4-kernel5-ind0s
2024-06-03 00:05:00,106 - KErnel - INFO - dec-start-outch512-inch384-facttt-r0.9-wh4-kern5-ind1s
2024-06-03 00:19:30,874 - KErnel - INFO - dec-end-outch512-inch384-facttt-r0.9-wh4-kernel5-ind1s
2024-06-03 00:21:00,869 - KErnel - INFO - dec-start-outch512-inch384-facttt-r0.9-wh4-kern5-ind2s
2024-06-03 00:35:15,974 - KErnel - INFO - dec-end-outch512-inch384-facttt-r0.9-wh4-kernel5-ind2s
2024-06-03 00:37:00,352 - KErnel - INFO - dec-start-outch512-inch384-factcp-r0.1-wh4-kern1-ind0s
2024-06-03 00:46:29,320 - KErnel - INFO - dec-end-outch512-inch384-factcp-r0.1-wh4-kernel1-ind0s
2024-06-03 00:48:00,646 - KErnel - INFO - dec-start-outch512-inch384-factcp-r0.1-wh4-kern1-ind1s
2024-06-03 00:57:15,773 - KErnel - INFO - dec-end-outch512-inch384-factcp-r0.1-wh4-kernel1-ind1s
2024-06-03 00:59:00,107 - KErnel - INFO - dec-start-outch512-inch384-factcp-r0.1-wh4-kern1-ind2s
2024-06-03 01:08:14,209 - KErnel - INFO - dec-end-outch512-inch384-factcp-r0.1-wh4-kernel1-ind2s
2024-06-03 01:10:00,188 - KErnel - INFO - dec-start-outch512-inch384-factcp-r0.25-wh4-kern1-ind0s
2024-06-03 01:27:34,486 - KErnel - INFO - dec-end-outch512-inch384-factcp-r0.25-wh4-kernel1-ind0s
2024-06-03 01:29:00,481 - KErnel - INFO - dec-start-outch512-inch384-factcp-r0.25-wh4-kern1-ind1s
2024-06-03 01:46:35,959 - KErnel - INFO - dec-end-outch512-inch384-factcp-r0.25-wh4-kernel1-ind1s
2024-06-03 01:48:00,911 - KErnel - INFO - dec-start-outch512-inch384-factcp-r0.25-wh4-kern1-ind2s
2024-06-03 02:05:35,779 - KErnel - INFO - dec-end-outch512-inch384-factcp-r0.25-wh4-kernel1-ind2s
2024-06-03 02:07:00,338 - KErnel - INFO - dec-start-outch512-inch384-factcp-r0.5-wh4-kern1-ind0s
2024-06-03 02:37:57,069 - KErnel - INFO - dec-end-outch512-inch384-factcp-r0.5-wh4-kernel1-ind0s
2024-06-03 02:40:00,811 - KErnel - INFO - dec-start-outch512-inch384-factcp-r0.5-wh4-kern1-ind1s
2024-06-03 03:10:55,585 - KErnel - INFO - dec-end-outch512-inch384-factcp-r0.5-wh4-kernel1-ind1s
2024-06-03 03:13:00,326 - KErnel - INFO - dec-start-outch512-inch384-factcp-r0.5-wh4-kern1-ind2s
2024-06-03 03:43:56,304 - KErnel - INFO - dec-end-outch512-inch384-factcp-r0.5-wh4-kernel1-ind2s
2024-06-03 03:46:00,884 - KErnel - INFO - dec-start-outch512-inch384-factcp-r0.75-wh4-kern1-ind0s
2024-06-03 04:30:44,849 - KErnel - INFO - dec-end-outch512-inch384-factcp-r0.75-wh4-kernel1-ind0s
2024-06-03 04:32:00,700 - KErnel - INFO - dec-start-outch512-inch384-factcp-r0.75-wh4-kern1-ind1s
2024-06-03 05:16:47,217 - KErnel - INFO - dec-end-outch512-inch384-factcp-r0.75-wh4-kernel1-ind1s
2024-06-03 05:18:00,834 - KErnel - INFO - dec-start-outch512-inch384-factcp-r0.75-wh4-kern1-ind2s
2024-06-03 06:02:46,634 - KErnel - INFO - dec-end-outch512-inch384-factcp-r0.75-wh4-kernel1-ind2s
2024-06-03 06:04:00,451 - KErnel - INFO - dec-start-outch512-inch384-factcp-r0.9-wh4-kern1-ind0s
2024-06-03 06:57:21,569 - KErnel - INFO - dec-end-outch512-inch384-factcp-r0.9-wh4-kernel1-ind0s
2024-06-03 06:59:00,827 - KErnel - INFO - dec-start-outch512-inch384-factcp-r0.9-wh4-kern1-ind1s
2024-06-03 07:52:18,642 - KErnel - INFO - dec-end-outch512-inch384-factcp-r0.9-wh4-kernel1-ind1s
2024-06-03 07:54:00,079 - KErnel - INFO - dec-start-outch512-inch384-factcp-r0.9-wh4-kern1-ind2s
2024-06-03 08:47:14,262 - KErnel - INFO - dec-end-outch512-inch384-factcp-r0.9-wh4-kernel1-ind2s
2024-06-03 08:49:00,415 - KErnel - INFO - dec-start-outch512-inch384-facttucker-r0.1-wh4-kern1-ind0s
2024-06-03 08:52:47,294 - KErnel - INFO - dec-end-outch512-inch384-facttucker-r0.1-wh4-kernel1-ind0s
2024-06-03 08:56:00,943 - KErnel - INFO - bas-start-outch512-inch384-wh4-kernel1-ind1s
2024-06-03 09:02:23,809 - KErnel - INFO - bas-end-outch512-inch384-wh4-kernel1-ind1s
2024-06-03 09:04:00,878 - KErnel - INFO - bas-start-outch512-inch384-wh4-kernel1-ind2s
2024-06-03 09:10:22,377 - KErnel - INFO - bas-end-outch512-inch384-wh4-kernel1-ind2s
2024-06-03 09:12:00,498 - KErnel - INFO - bas-start-outch512-inch384-wh4-kernel3-ind1s
2024-06-03 09:35:47,343 - KErnel - INFO - bas-end-outch512-inch384-wh4-kernel3-ind1s
2024-06-03 09:37:00,427 - KErnel - INFO - bas-start-outch512-inch384-wh4-kernel3-ind2s
2024-06-03 10:00:47,746 - KErnel - INFO - bas-end-outch512-inch384-wh4-kernel3-ind2s
2024-06-03 10:02:00,858 - KErnel - INFO - bas-start-outch512-inch384-wh4-kernel5-ind1s
2024-06-03 10:37:47,583 - KErnel - INFO - bas-end-outch512-inch384-wh4-kernel5-ind1s
2024-06-03 10:39:00,685 - KErnel - INFO - bas-start-outch512-inch384-wh4-kernel5-ind2s
2024-06-03 11:14:54,607 - KErnel - INFO - bas-end-outch512-inch384-wh4-kernel5-ind2s
2024-06-03 11:16:00,850 - KErnel - INFO - dec-start-outch512-inch384-factcp-r0.1-wh4-kern1-ind0s
2024-06-08 00:28:00,597 - KErnel - INFO - dec-start-outch512-inch384-facttucker-r0.1-wh4-kern1-ind0s
2024-06-08 00:31:32,615 - KErnel - INFO - dec-end-outch512-inch384-facttucker-r0.1-wh4-kernel1-ind0s
2024-06-08 00:33:00,729 - KErnel - INFO - dec-start-outch512-inch384-facttucker-r0.1-wh4-kern1-ind1s
2024-06-08 00:36:31,797 - KErnel - INFO - dec-end-outch512-inch384-facttucker-r0.1-wh4-kernel1-ind1s
2024-06-08 00:38:00,926 - KErnel - INFO - dec-start-outch512-inch384-facttucker-r0.1-wh4-kern1-ind2s
2024-06-08 00:41:33,380 - KErnel - INFO - dec-end-outch512-inch384-facttucker-r0.1-wh4-kernel1-ind2s
2024-06-08 00:43:00,508 - KErnel - INFO - dec-start-outch512-inch384-facttucker-r0.25-wh4-kern1-ind0s
2024-06-08 00:47:05,844 - KErnel - INFO - dec-end-outch512-inch384-facttucker-r0.25-wh4-kernel1-ind0s
2024-06-08 00:49:01,032 - KErnel - INFO - dec-start-outch512-inch384-facttucker-r0.25-wh4-kern1-ind1s
2024-06-08 00:53:06,442 - KErnel - INFO - dec-end-outch512-inch384-facttucker-r0.25-wh4-kernel1-ind1s
2024-06-08 00:55:00,579 - KErnel - INFO - dec-start-outch512-inch384-facttucker-r0.25-wh4-kern1-ind2s
2024-06-08 00:59:06,708 - KErnel - INFO - dec-end-outch512-inch384-facttucker-r0.25-wh4-kernel1-ind2s
2024-06-08 01:01:00,956 - KErnel - INFO - dec-start-outch512-inch384-facttucker-r0.5-wh4-kern1-ind0s
2024-06-08 01:06:23,414 - KErnel - INFO - dec-end-outch512-inch384-facttucker-r0.5-wh4-kernel1-ind0s
2024-06-08 01:08:00,641 - KErnel - INFO - dec-start-outch512-inch384-facttucker-r0.5-wh4-kern1-ind1s
2024-06-08 01:13:23,378 - KErnel - INFO - dec-end-outch512-inch384-facttucker-r0.5-wh4-kernel1-ind1s
2024-06-08 01:15:00,608 - KErnel - INFO - dec-start-outch512-inch384-facttucker-r0.5-wh4-kern1-ind2s
2024-06-08 01:20:22,574 - KErnel - INFO - dec-end-outch512-inch384-facttucker-r0.5-wh4-kernel1-ind2s
2024-06-08 01:22:00,877 - KErnel - INFO - dec-start-outch512-inch384-facttucker-r0.75-wh4-kern1-ind0s
2024-06-08 01:28:23,233 - KErnel - INFO - dec-end-outch512-inch384-facttucker-r0.75-wh4-kernel1-ind0s
2024-06-08 01:30:00,498 - KErnel - INFO - dec-start-outch512-inch384-facttucker-r0.75-wh4-kern1-ind1s
2024-06-08 01:36:21,994 - KErnel - INFO - dec-end-outch512-inch384-facttucker-r0.75-wh4-kernel1-ind1s
2024-06-08 01:38:00,296 - KErnel - INFO - dec-start-outch512-inch384-facttucker-r0.75-wh4-kern1-ind2s
2024-06-08 01:44:21,736 - KErnel - INFO - dec-end-outch512-inch384-facttucker-r0.75-wh4-kernel1-ind2s
2024-06-08 01:46:00,067 - KErnel - INFO - dec-start-outch512-inch384-facttucker-r0.9-wh4-kern1-ind0s
2024-06-08 01:53:22,301 - KErnel - INFO - dec-end-outch512-inch384-facttucker-r0.9-wh4-kernel1-ind0s
2024-06-08 01:55:00,629 - KErnel - INFO - dec-start-outch512-inch384-facttucker-r0.9-wh4-kern1-ind1s
2024-06-08 02:02:23,764 - KErnel - INFO - dec-end-outch512-inch384-facttucker-r0.9-wh4-kernel1-ind1s
2024-06-08 02:04:00,089 - KErnel - INFO - dec-start-outch512-inch384-facttucker-r0.9-wh4-kern1-ind2s
2024-06-08 02:11:22,320 - KErnel - INFO - dec-end-outch512-inch384-facttucker-r0.9-wh4-kernel1-ind2s
2024-06-08 02:13:00,491 - KErnel - INFO - dec-start-outch512-inch384-facttucker-r0.1-wh4-kern3-ind0s
2024-06-08 02:19:12,823 - KErnel - INFO - dec-end-outch512-inch384-facttucker-r0.1-wh4-kernel3-ind0s
2024-06-08 02:21:00,975 - KErnel - INFO - dec-start-outch512-inch384-facttucker-r0.1-wh4-kern3-ind1s
2024-06-08 02:27:13,675 - KErnel - INFO - dec-end-outch512-inch384-facttucker-r0.1-wh4-kernel3-ind1s
2024-06-08 02:29:00,849 - KErnel - INFO - dec-start-outch512-inch384-facttucker-r0.1-wh4-kern3-ind2s
2024-06-08 02:35:12,330 - KErnel - INFO - dec-end-outch512-inch384-facttucker-r0.1-wh4-kernel3-ind2s
2024-06-08 02:37:00,672 - KErnel - INFO - dec-start-outch512-inch384-facttucker-r0.25-wh4-kern3-ind0s
2024-06-08 02:48:53,500 - KErnel - INFO - dec-end-outch512-inch384-facttucker-r0.25-wh4-kernel3-ind0s
2024-06-08 02:50:00,630 - KErnel - INFO - dec-start-outch512-inch384-facttucker-r0.25-wh4-kern3-ind1s
2024-06-08 03:01:54,110 - KErnel - INFO - dec-end-outch512-inch384-facttucker-r0.25-wh4-kernel3-ind1s
2024-06-08 03:03:00,609 - KErnel - INFO - dec-start-outch512-inch384-facttucker-r0.25-wh4-kern3-ind2s
2024-06-08 03:14:53,657 - KErnel - INFO - dec-end-outch512-inch384-facttucker-r0.25-wh4-kernel3-ind2s
2024-06-08 03:16:00,853 - KErnel - INFO - dec-start-outch512-inch384-facttucker-r0.5-wh4-kern3-ind0s
2024-06-08 03:36:46,013 - KErnel - INFO - dec-end-outch512-inch384-facttucker-r0.5-wh4-kernel3-ind0s
2024-06-08 03:38:00,216 - KErnel - INFO - dec-start-outch512-inch384-facttucker-r0.5-wh4-kern3-ind1s
2024-06-08 03:58:46,389 - KErnel - INFO - dec-end-outch512-inch384-facttucker-r0.5-wh4-kernel3-ind1s
2024-06-08 04:00:00,609 - KErnel - INFO - dec-start-outch512-inch384-facttucker-r0.5-wh4-kern3-ind2s
2024-06-08 04:20:43,241 - KErnel - INFO - dec-end-outch512-inch384-facttucker-r0.5-wh4-kernel3-ind2s
2024-06-08 04:22:00,554 - KErnel - INFO - dec-start-outch512-inch384-facttucker-r0.75-wh4-kern3-ind0s
2024-06-08 04:53:31,486 - KErnel - INFO - dec-end-outch512-inch384-facttucker-r0.75-wh4-kernel3-ind0s
2024-06-08 04:55:00,763 - KErnel - INFO - dec-start-outch512-inch384-facttucker-r0.75-wh4-kern3-ind1s
2024-06-08 05:26:31,511 - KErnel - INFO - dec-end-outch512-inch384-facttucker-r0.75-wh4-kernel3-ind1s
2024-06-08 05:28:00,444 - KErnel - INFO - dec-start-outch512-inch384-facttucker-r0.75-wh4-kern3-ind2s
2024-06-08 05:59:32,123 - KErnel - INFO - dec-end-outch512-inch384-facttucker-r0.75-wh4-kernel3-ind2s
2024-06-08 06:01:00,181 - KErnel - INFO - dec-start-outch512-inch384-facttucker-r0.9-wh4-kern3-ind0s
2024-06-08 06:37:41,049 - KErnel - INFO - dec-end-outch512-inch384-facttucker-r0.9-wh4-kernel3-ind0s
2024-06-08 06:39:00,118 - KErnel - INFO - dec-start-outch512-inch384-facttucker-r0.9-wh4-kern3-ind1s
2024-06-08 07:15:34,323 - KErnel - INFO - dec-end-outch512-inch384-facttucker-r0.9-wh4-kernel3-ind1s
2024-06-08 07:17:00,366 - KErnel - INFO - dec-start-outch512-inch384-facttucker-r0.9-wh4-kern3-ind2s
2024-06-08 07:53:41,051 - KErnel - INFO - dec-end-outch512-inch384-facttucker-r0.9-wh4-kernel3-ind2s
2024-06-08 07:55:00,171 - KErnel - INFO - dec-start-outch512-inch384-facttucker-r0.1-wh4-kern5-ind0s
2024-06-08 08:04:29,975 - KErnel - INFO - dec-end-outch512-inch384-facttucker-r0.1-wh4-kernel5-ind0s
2024-06-08 08:06:00,133 - KErnel - INFO - dec-start-outch512-inch384-facttucker-r0.1-wh4-kern5-ind1s
2024-06-08 08:15:27,242 - KErnel - INFO - dec-end-outch512-inch384-facttucker-r0.1-wh4-kernel5-ind1s
2024-06-08 08:17:00,388 - KErnel - INFO - dec-start-outch512-inch384-facttucker-r0.1-wh4-kern5-ind2s
2024-06-08 08:26:28,880 - KErnel - INFO - dec-end-outch512-inch384-facttucker-r0.1-wh4-kernel5-ind2s
2024-06-08 08:28:00,618 - KErnel - INFO - dec-start-outch512-inch384-facttucker-r0.25-wh4-kern5-ind0s
2024-06-08 08:50:59,264 - KErnel - INFO - dec-end-outch512-inch384-facttucker-r0.25-wh4-kernel5-ind0s
2024-06-08 08:53:00,985 - KErnel - INFO - dec-start-outch512-inch384-facttucker-r0.25-wh4-kern5-ind1s
2024-06-08 09:15:48,865 - KErnel - INFO - dec-end-outch512-inch384-facttucker-r0.25-wh4-kernel5-ind1s
2024-06-08 09:17:00,410 - KErnel - INFO - dec-start-outch512-inch384-facttucker-r0.25-wh4-kern5-ind2s
2024-06-08 09:39:38,181 - KErnel - INFO - dec-end-outch512-inch384-facttucker-r0.25-wh4-kernel5-ind2s
2024-06-08 09:41:00,729 - KErnel - INFO - dec-start-outch512-inch384-facttucker-r0.5-wh4-kern5-ind0s
2024-06-08 10:26:14,037 - KErnel - INFO - dec-end-outch512-inch384-facttucker-r0.5-wh4-kernel5-ind0s
2024-06-08 10:28:00,649 - KErnel - INFO - dec-start-outch512-inch384-facttucker-r0.5-wh4-kern5-ind1s
2024-06-08 11:13:14,130 - KErnel - INFO - dec-end-outch512-inch384-facttucker-r0.5-wh4-kernel5-ind1s
2024-06-08 11:15:00,758 - KErnel - INFO - dec-start-outch512-inch384-facttucker-r0.5-wh4-kern5-ind2s
2024-06-08 12:00:09,515 - KErnel - INFO - dec-end-outch512-inch384-facttucker-r0.5-wh4-kernel5-ind2s
2024-06-08 12:02:00,487 - KErnel - INFO - dec-start-outch512-inch384-facttucker-r0.75-wh4-kern5-ind0s
2024-06-08 13:10:25,010 - KErnel - INFO - dec-end-outch512-inch384-facttucker-r0.75-wh4-kernel5-ind0s
2024-06-08 13:12:00,637 - KErnel - INFO - dec-start-outch512-inch384-facttucker-r0.75-wh4-kern5-ind1s
2024-06-08 14:20:45,905 - KErnel - INFO - dec-end-outch512-inch384-facttucker-r0.75-wh4-kernel5-ind1s
2024-06-08 14:22:00,521 - KErnel - INFO - dec-start-outch512-inch384-facttucker-r0.75-wh4-kern5-ind2s
2024-06-08 15:29:15,263 - KErnel - INFO - dec-end-outch512-inch384-facttucker-r0.75-wh4-kernel5-ind2s
2024-06-08 15:31:00,532 - KErnel - INFO - dec-start-outch512-inch384-facttucker-r0.9-wh4-kern5-ind0s
2024-06-08 16:54:26,135 - KErnel - INFO - dec-end-outch512-inch384-facttucker-r0.9-wh4-kernel5-ind0s
2024-06-08 16:56:00,388 - KErnel - INFO - dec-start-outch512-inch384-facttucker-r0.9-wh4-kern5-ind1s
2024-06-08 18:19:28,868 - KErnel - INFO - dec-end-outch512-inch384-facttucker-r0.9-wh4-kernel5-ind1s
2024-06-08 18:21:00,139 - KErnel - INFO - dec-start-outch512-inch384-facttucker-r0.9-wh4-kern5-ind2s
2024-06-08 19:43:17,164 - KErnel - INFO - dec-end-outch512-inch384-facttucker-r0.9-wh4-kernel5-ind2s


CP



2024-06-09 13:48:00,598 - KErnel - INFO - dec-start-outch512-inch384-factcp-r0.1-wh4-kern1-ind0s
2024-06-09 13:57:18,712 - KErnel - INFO - dec-end-outch512-inch384-factcp-r0.1-wh4-kernel1-ind0s
2024-06-09 13:59:00,015 - KErnel - INFO - dec-start-outch512-inch384-factcp-r0.1-wh4-kern1-ind1s
2024-06-09 14:08:17,615 - KErnel - INFO - dec-end-outch512-inch384-factcp-r0.1-wh4-kernel1-ind1s
2024-06-09 14:10:00,946 - KErnel - INFO - dec-start-outch512-inch384-factcp-r0.1-wh4-kern1-ind2s
2024-06-09 14:19:19,177 - KErnel - INFO - dec-end-outch512-inch384-factcp-r0.1-wh4-kernel1-ind2s
2024-06-09 14:21:00,169 - KErnel - INFO - dec-start-outch512-inch384-factcp-r0.25-wh4-kern1-ind0s
2024-06-09 14:38:35,742 - KErnel - INFO - dec-end-outch512-inch384-factcp-r0.25-wh4-kernel1-ind0s
2024-06-09 14:40:00,698 - KErnel - INFO - dec-start-outch512-inch384-factcp-r0.25-wh4-kern1-ind1s
2024-06-09 14:57:32,697 - KErnel - INFO - dec-end-outch512-inch384-factcp-r0.25-wh4-kernel1-ind1s
2024-06-09 14:59:00,667 - KErnel - INFO - dec-start-outch512-inch384-factcp-r0.25-wh4-kern1-ind2s
2024-06-09 15:16:30,890 - KErnel - INFO - dec-end-outch512-inch384-factcp-r0.25-wh4-kernel1-ind2s
2024-06-09 15:18:00,601 - KErnel - INFO - dec-start-outch512-inch384-factcp-r0.5-wh4-kern1-ind0s
2024-06-09 15:48:53,266 - KErnel - INFO - dec-end-outch512-inch384-factcp-r0.5-wh4-kernel1-ind0s
2024-06-09 15:50:00,993 - KErnel - INFO - dec-start-outch512-inch384-factcp-r0.5-wh4-kern1-ind1s
2024-06-09 16:20:55,547 - KErnel - INFO - dec-end-outch512-inch384-factcp-r0.5-wh4-kernel1-ind1s
2024-06-09 16:23:00,380 - KErnel - INFO - dec-start-outch512-inch384-factcp-r0.5-wh4-kern1-ind2s
2024-06-09 16:53:54,490 - KErnel - INFO - dec-end-outch512-inch384-factcp-r0.5-wh4-kernel1-ind2s
2024-06-09 16:56:00,546 - KErnel - INFO - dec-start-outch512-inch384-factcp-r0.75-wh4-kern1-ind0s
2024-06-09 17:40:40,404 - KErnel - INFO - dec-end-outch512-inch384-factcp-r0.75-wh4-kernel1-ind0s
2024-06-09 17:42:00,612 - KErnel - INFO - dec-start-outch512-inch384-factcp-r0.75-wh4-kern1-ind1s
2024-06-09 18:26:40,790 - KErnel - INFO - dec-end-outch512-inch384-factcp-r0.75-wh4-kernel1-ind1s
2024-06-09 18:28:00,269 - KErnel - INFO - dec-start-outch512-inch384-factcp-r0.75-wh4-kern1-ind2s
2024-06-09 19:12:39,021 - KErnel - INFO - dec-end-outch512-inch384-factcp-r0.75-wh4-kernel1-ind2s
2024-06-09 19:14:00,131 - KErnel - INFO - dec-start-outch512-inch384-factcp-r0.9-wh4-kern1-ind0s
2024-06-09 20:07:12,520 - KErnel - INFO - dec-end-outch512-inch384-factcp-r0.9-wh4-kernel1-ind0s
2024-06-09 20:09:00,863 - KErnel - INFO - dec-start-outch512-inch384-factcp-r0.9-wh4-kern1-ind1s
2024-06-09 21:02:19,126 - KErnel - INFO - dec-end-outch512-inch384-factcp-r0.9-wh4-kernel1-ind1s
2024-06-09 21:04:00,319 - KErnel - INFO - dec-start-outch512-inch384-factcp-r0.9-wh4-kern1-ind2s
2024-06-09 21:57:18,057 - KErnel - INFO - dec-end-outch512-inch384-factcp-r0.9-wh4-kernel1-ind2s
2024-06-09 22:00:00,991 - KErnel - INFO - dec-start-outch512-inch384-factcp-r0.1-wh4-kern3-ind0s
2024-06-09 22:09:02,632 - KErnel - INFO - dec-end-outch512-inch384-factcp-r0.1-wh4-kernel3-ind0s
2024-06-09 22:12:00,340 - KErnel - INFO - dec-start-outch512-inch384-factcp-r0.1-wh4-kern3-ind1s
2024-06-09 22:21:01,467 - KErnel - INFO - dec-end-outch512-inch384-factcp-r0.1-wh4-kernel3-ind1s
2024-06-09 22:24:00,419 - KErnel - INFO - dec-start-outch512-inch384-factcp-r0.1-wh4-kern3-ind2s
2024-06-09 22:33:06,288 - KErnel - INFO - dec-end-outch512-inch384-factcp-r0.1-wh4-kernel3-ind2s
2024-06-09 22:38:00,646 - KErnel - INFO - dec-start-outch512-inch384-factcp-r0.25-wh4-kern3-ind0s
2024-06-09 22:58:20,860 - KErnel - INFO - dec-end-outch512-inch384-factcp-r0.25-wh4-kernel3-ind0s
2024-06-09 23:03:00,502 - KErnel - INFO - dec-start-outch512-inch384-factcp-r0.25-wh4-kern3-ind1s
2024-06-09 23:23:16,791 - KErnel - INFO - dec-end-outch512-inch384-factcp-r0.25-wh4-kernel3-ind1s
2024-06-09 23:28:00,130 - KErnel - INFO - dec-start-outch512-inch384-factcp-r0.25-wh4-kern3-ind2s
2024-06-09 23:48:11,715 - KErnel - INFO - dec-end-outch512-inch384-factcp-r0.25-wh4-kernel3-ind2s
2024-06-09 23:56:00,302 - KErnel - INFO - dec-start-outch512-inch384-factcp-r0.5-wh4-kern3-ind0s
2024-06-10 00:37:31,154 - KErnel - INFO - dec-end-outch512-inch384-factcp-r0.5-wh4-kernel3-ind0s
2024-06-10 00:45:01,017 - KErnel - INFO - dec-start-outch512-inch384-factcp-r0.5-wh4-kern3-ind1s
2024-06-10 01:26:16,669 - KErnel - INFO - dec-end-outch512-inch384-factcp-r0.5-wh4-kernel3-ind1s
2024-06-10 01:34:00,442 - KErnel - INFO - dec-start-outch512-inch384-factcp-r0.5-wh4-kern3-ind2s
2024-06-10 02:13:57,516 - KErnel - INFO - dec-end-outch512-inch384-factcp-r0.5-wh4-kernel3-ind2s
2024-06-10 02:25:00,223 - KErnel - INFO - dec-start-outch512-inch384-factcp-r0.75-wh4-kern3-ind0s
2024-06-10 03:23:48,482 - KErnel - INFO - dec-end-outch512-inch384-factcp-r0.75-wh4-kernel3-ind0s
2024-06-10 03:35:00,943 - KErnel - INFO - dec-start-outch512-inch384-factcp-r0.75-wh4-kern3-ind1s
2024-06-10 04:34:13,574 - KErnel - INFO - dec-end-outch512-inch384-factcp-r0.75-wh4-kernel3-ind1s
2024-06-10 04:45:00,110 - KErnel - INFO - dec-start-outch512-inch384-factcp-r0.75-wh4-kern3-ind2s
2024-06-10 05:42:56,571 - KErnel - INFO - dec-end-outch512-inch384-factcp-r0.75-wh4-kernel3-ind2s
2024-06-10 05:56:00,616 - KErnel - INFO - dec-start-outch512-inch384-factcp-r0.9-wh4-kern3-ind0s
2024-06-10 07:05:51,363 - KErnel - INFO - dec-end-outch512-inch384-factcp-r0.9-wh4-kernel3-ind0s
2024-06-10 07:18:00,913 - KErnel - INFO - dec-start-outch512-inch384-factcp-r0.9-wh4-kern3-ind1s
2024-06-10 08:27:46,083 - KErnel - INFO - dec-end-outch512-inch384-factcp-r0.9-wh4-kernel3-ind1s
2024-06-10 08:40:00,564 - KErnel - INFO - dec-start-outch512-inch384-factcp-r0.9-wh4-kern3-ind2s
2024-06-10 09:49:26,972 - KErnel - INFO - dec-end-outch512-inch384-factcp-r0.9-wh4-kernel3-ind2s
2024-06-10 10:00:00,695 - KErnel - INFO - dec-start-outch512-inch384-factcp-r0.1-wh4-kern5-ind0s
2024-06-10 10:15:52,116 - KErnel - INFO - dec-end-outch512-inch384-factcp-r0.1-wh4-kernel5-ind0s
2024-06-10 10:27:00,927 - KErnel - INFO - dec-start-outch512-inch384-factcp-r0.1-wh4-kern5-ind1s
2024-06-10 10:42:53,496 - KErnel - INFO - dec-end-outch512-inch384-factcp-r0.1-wh4-kernel5-ind1s
2024-06-10 10:54:01,015 - KErnel - INFO - dec-start-outch512-inch384-factcp-r0.1-wh4-kern5-ind2s
2024-06-10 11:09:54,247 - KErnel - INFO - dec-end-outch512-inch384-factcp-r0.1-wh4-kernel5-ind2s
2024-06-10 11:35:00,971 - KErnel - INFO - dec-start-outch512-inch384-factcp-r0.25-wh4-kern5-ind0s
2024-06-10 12:12:28,746 - KErnel - INFO - dec-end-outch512-inch384-factcp-r0.25-wh4-kernel5-ind0s
2024-06-10 12:38:00,947 - KErnel - INFO - dec-start-outch512-inch384-factcp-r0.25-wh4-kern5-ind1s
2024-06-10 13:15:10,321 - KErnel - INFO - dec-end-outch512-inch384-factcp-r0.25-wh4-kernel5-ind1s
2024-06-10 13:40:00,683 - KErnel - INFO - dec-start-outch512-inch384-factcp-r0.25-wh4-kern5-ind2s
2024-06-10 14:17:11,749 - KErnel - INFO - dec-end-outch512-inch384-factcp-r0.25-wh4-kernel5-ind2s
2024-06-10 15:07:00,939 - KErnel - INFO - dec-start-outch512-inch384-factcp-r0.5-wh4-kern5-ind0s
2024-06-10 16:25:28,512 - KErnel - INFO - dec-end-outch512-inch384-factcp-r0.5-wh4-kernel5-ind0s
2024-06-10 17:15:00,700 - KErnel - INFO - dec-start-outch512-inch384-factcp-r0.5-wh4-kern5-ind1s
2024-06-10 18:33:38,862 - KErnel - INFO - dec-end-outch512-inch384-factcp-r0.5-wh4-kernel5-ind1s
2024-06-10 19:23:00,556 - KErnel - INFO - dec-start-outch512-inch384-factcp-r0.5-wh4-kern5-ind2s
2024-06-10 20:40:27,025 - KErnel - INFO - dec-end-outch512-inch384-factcp-r0.5-wh4-kernel5-ind2s
2024-06-10 21:55:00,651 - KErnel - INFO - dec-start-outch512-inch384-factcp-r0.75-wh4-kern5-ind0s
2024-06-11 00:10:33,294 - KErnel - INFO - dec-end-outch512-inch384-factcp-r0.75-wh4-kernel5-ind0s
2024-06-11 01:25:00,202 - KErnel - INFO - dec-start-outch512-inch384-factcp-r0.75-wh4-kern5-ind1s
2024-06-11 03:40:55,537 - KErnel - INFO - dec-end-outch512-inch384-factcp-r0.75-wh4-kernel5-ind1s
2024-06-11 04:56:00,791 - KErnel - INFO - dec-start-outch512-inch384-factcp-r0.75-wh4-kern5-ind2s
2024-06-11 07:11:26,024 - KErnel - INFO - dec-end-outch512-inch384-factcp-r0.75-wh4-kernel5-ind2s
2024-06-11 08:42:00,873 - KErnel - INFO - dec-start-outch512-inch384-factcp-r0.9-wh4-kern5-ind0s
2024-06-11 11:49:11,014 - KErnel - INFO - dec-end-outch512-inch384-factcp-r0.9-wh4-kernel5-ind0s
2024-06-11 13:20:00,375 - KErnel - INFO - dec-start-outch512-inch384-factcp-r0.9-wh4-kern5-ind1s
2024-06-11 16:20:50,428 - KErnel - INFO - dec-end-outch512-inch384-factcp-r0.9-wh4-kernel5-ind1s
