2024-06-12 09:26:00,518 - Layer_fin - INFO - dec-start-outch512-inch448-facttucker-r0.1-wh2-ind1s
2024-06-12 09:31:44,854 - Layer_fin - INFO - dec-end-outch512-inch448-facttucker-r0.1-wh2-ind1s
2024-06-12 09:33:00,232 - Layer_fin - INFO - dec-start-outch512-inch448-facttucker-r0.1-wh2-ind2s
2024-06-12 09:39:05,632 - Layer_fin - INFO - dec-end-outch512-inch448-facttucker-r0.1-wh2-ind2s
2024-06-12 09:41:00,472 - Layer_fin - INFO - dec-start-outch512-inch448-facttucker-r0.25-wh2-ind1s
2024-06-12 09:49:55,935 - Layer_fin - INFO - dec-end-outch512-inch448-facttucker-r0.25-wh2-ind1s
2024-06-12 09:52:00,373 - Layer_fin - INFO - dec-start-outch512-inch448-facttucker-r0.25-wh2-ind2s
2024-06-12 10:00:56,432 - Layer_fin - INFO - dec-end-outch512-inch448-facttucker-r0.25-wh2-ind2s
2024-06-12 10:03:01,036 - Layer_fin - INFO - dec-start-outch512-inch448-facttucker-r0.5-wh2-ind1s
2024-06-12 10:20:13,474 - Layer_fin - INFO - dec-end-outch512-inch448-facttucker-r0.5-wh2-ind1s
2024-06-12 10:22:00,636 - Layer_fin - INFO - dec-start-outch512-inch448-facttucker-r0.5-wh2-ind2s
2024-06-12 10:39:15,311 - Layer_fin - INFO - dec-end-outch512-inch448-facttucker-r0.5-wh2-ind2s
2024-06-12 10:41:00,232 - Layer_fin - INFO - dec-start-outch512-inch448-facttucker-r0.75-wh2-ind1s
2024-06-12 11:06:32,005 - Layer_fin - INFO - dec-end-outch512-inch448-facttucker-r0.75-wh2-ind1s
2024-06-12 11:08:00,240 - Layer_fin - INFO - dec-start-outch512-inch448-facttucker-r0.75-wh2-ind2s
2024-06-12 11:33:33,916 - Layer_fin - INFO - dec-end-outch512-inch448-facttucker-r0.75-wh2-ind2s
2024-06-12 11:35:00,976 - Layer_fin - INFO - dec-start-outch512-inch448-facttucker-r0.9-wh2-ind1s
2024-06-12 12:05:50,100 - Layer_fin - INFO - dec-end-outch512-inch448-facttucker-r0.9-wh2-ind1s
2024-06-12 12:07:00,193 - Layer_fin - INFO - dec-start-outch512-inch448-facttucker-r0.9-wh2-ind2s
2024-06-12 12:37:50,224 - Layer_fin - INFO - dec-end-outch512-inch448-facttucker-r0.9-wh2-ind2s
2024-06-12 12:39:00,840 - Layer_fin - INFO - dec-start-outch512-inch448-facttt-r0.1-wh2-ind1s
2024-06-12 12:45:10,206 - Layer_fin - INFO - dec-end-outch512-inch448-facttt-r0.1-wh2-ind1s
2024-06-12 12:47:00,738 - Layer_fin - INFO - dec-start-outch512-inch448-facttt-r0.1-wh2-ind2s
2024-06-12 12:53:13,524 - Layer_fin - INFO - dec-end-outch512-inch448-facttt-r0.1-wh2-ind2s
2024-06-12 12:55:00,976 - Layer_fin - INFO - dec-start-outch512-inch448-facttt-r0.25-wh2-ind1s
2024-06-12 13:01:06,526 - Layer_fin - INFO - dec-end-outch512-inch448-facttt-r0.25-wh2-ind1s
2024-06-12 13:03:00,958 - Layer_fin - INFO - dec-start-outch512-inch448-facttt-r0.25-wh2-ind2s
2024-06-12 13:09:09,194 - Layer_fin - INFO - dec-end-outch512-inch448-facttt-r0.25-wh2-ind2s
2024-06-12 13:11:00,560 - Layer_fin - INFO - dec-start-outch512-inch448-facttt-r0.5-wh2-ind1s
2024-06-12 13:17:09,915 - Layer_fin - INFO - dec-end-outch512-inch448-facttt-r0.5-wh2-ind1s
2024-06-12 13:19:00,346 - Layer_fin - INFO - dec-start-outch512-inch448-facttt-r0.5-wh2-ind2s
2024-06-12 13:25:09,263 - Layer_fin - INFO - dec-end-outch512-inch448-facttt-r0.5-wh2-ind2s
2024-06-12 13:27:00,736 - Layer_fin - INFO - dec-start-outch512-inch448-facttt-r0.75-wh2-ind1s
2024-06-12 13:32:59,540 - Layer_fin - INFO - dec-end-outch512-inch448-facttt-r0.75-wh2-ind1s
2024-06-12 13:35:00,103 - Layer_fin - INFO - dec-start-outch512-inch448-facttt-r0.75-wh2-ind2s
2024-06-12 13:41:12,997 - Layer_fin - INFO - dec-end-outch512-inch448-facttt-r0.75-wh2-ind2s
2024-06-12 13:43:00,470 - Layer_fin - INFO - dec-start-outch512-inch448-facttt-r0.9-wh2-ind1s
2024-06-12 13:49:12,858 - Layer_fin - INFO - dec-end-outch512-inch448-facttt-r0.9-wh2-ind1s
2024-06-12 13:51:00,228 - Layer_fin - INFO - dec-start-outch512-inch448-facttt-r0.9-wh2-ind2s
2024-06-12 13:57:15,543 - Layer_fin - INFO - dec-end-outch512-inch448-facttt-r0.9-wh2-ind2s
2024-06-12 13:59:00,681 - Layer_fin - INFO - bas-start-outch512-inch448-wh2-ind1s
2024-06-12 14:01:26,148 - Layer_fin - INFO - bas-end-outch512-inch448-wh2-ind1s
2024-06-12 14:03:00,261 - Layer_fin - INFO - bas-start-outch512-inch448-wh2-ind2s
2024-06-12 14:05:25,010 - Layer_fin - INFO - bas-end-outch512-inch448-wh2-ind2s
2024-06-12 14:07:00,336 - Layer_fin - INFO - dec-start-outch512-inch448-factcp-r0.1-wh2-ind1s
2024-06-12 14:13:19,233 - Layer_fin - INFO - dec-end-outch512-inch448-factcp-r0.1-wh2-ind1s
2024-06-12 14:15:00,639 - Layer_fin - INFO - dec-start-outch512-inch448-factcp-r0.1-wh2-ind2s
2024-06-12 14:21:11,790 - Layer_fin - INFO - dec-end-outch512-inch448-factcp-r0.1-wh2-ind2s
2024-06-12 14:23:00,451 - Layer_fin - INFO - dec-start-outch512-inch448-factcp-r0.25-wh2-ind1s
2024-06-12 14:29:46,144 - Layer_fin - INFO - dec-end-outch512-inch448-factcp-r0.25-wh2-ind1s
2024-06-12 14:32:00,940 - Layer_fin - INFO - dec-start-outch512-inch448-factcp-r0.25-wh2-ind2s
2024-06-12 14:38:53,301 - Layer_fin - INFO - dec-end-outch512-inch448-factcp-r0.25-wh2-ind2s
2024-06-12 14:42:00,368 - Layer_fin - INFO - dec-start-outch512-inch448-factcp-r0.5-wh2-ind1s
2024-06-12 14:49:02,675 - Layer_fin - INFO - dec-end-outch512-inch448-factcp-r0.5-wh2-ind1s
2024-06-12 14:52:00,848 - Layer_fin - INFO - dec-start-outch512-inch448-factcp-r0.5-wh2-ind2s
2024-06-12 14:59:07,029 - Layer_fin - INFO - dec-end-outch512-inch448-factcp-r0.5-wh2-ind2s
2024-06-12 15:03:00,619 - Layer_fin - INFO - dec-start-outch512-inch448-factcp-r0.75-wh2-ind1s
2024-06-12 15:12:14,390 - Layer_fin - INFO - dec-end-outch512-inch448-factcp-r0.75-wh2-ind1s
2024-06-12 15:16:00,729 - Layer_fin - INFO - dec-start-outch512-inch448-factcp-r0.75-wh2-ind2s
2024-06-12 15:25:13,157 - Layer_fin - INFO - dec-end-outch512-inch448-factcp-r0.75-wh2-ind2s
2024-06-12 15:30:00,834 - Layer_fin - INFO - dec-start-outch512-inch448-factcp-r0.9-wh2-ind1s
2024-06-12 15:40:45,381 - Layer_fin - INFO - dec-end-outch512-inch448-factcp-r0.9-wh2-ind1s
2024-06-12 15:45:00,204 - Layer_fin - INFO - dec-start-outch512-inch448-factcp-r0.9-wh2-ind2s
2024-06-12 15:55:42,799 - Layer_fin - INFO - dec-end-outch512-inch448-factcp-r0.9-wh2-ind2s
2024-06-12 15:57:00,438 - Layer_fin - INFO - dec-start-outch512-inch448-facttucker-r0.1-wh4-ind1s
2024-06-12 16:02:59,392 - Layer_fin - INFO - dec-end-outch512-inch448-facttucker-r0.1-wh4-ind1s
2024-06-12 16:05:00,773 - Layer_fin - INFO - dec-start-outch512-inch448-facttucker-r0.1-wh4-ind2s
2024-06-12 16:11:11,451 - Layer_fin - INFO - dec-end-outch512-inch448-facttucker-r0.1-wh4-ind2s
2024-06-12 16:13:01,011 - Layer_fin - INFO - dec-start-outch512-inch448-facttucker-r0.25-wh4-ind1s
2024-06-12 16:22:36,209 - Layer_fin - INFO - dec-end-outch512-inch448-facttucker-r0.25-wh4-ind1s
2024-06-12 16:24:00,383 - Layer_fin - INFO - dec-start-outch512-inch448-facttucker-r0.25-wh4-ind2s
2024-06-12 16:33:34,886 - Layer_fin - INFO - dec-end-outch512-inch448-facttucker-r0.25-wh4-ind2s
2024-06-12 16:35:00,804 - Layer_fin - INFO - dec-start-outch512-inch448-facttucker-r0.5-wh4-ind1s
2024-06-12 16:53:09,597 - Layer_fin - INFO - dec-end-outch512-inch448-facttucker-r0.5-wh4-ind1s
2024-06-12 16:55:00,732 - Layer_fin - INFO - dec-start-outch512-inch448-facttucker-r0.5-wh4-ind2s
2024-06-12 17:13:10,604 - Layer_fin - INFO - dec-end-outch512-inch448-facttucker-r0.5-wh4-ind2s
2024-06-12 17:15:00,798 - Layer_fin - INFO - dec-start-outch512-inch448-facttucker-r0.75-wh4-ind1s
2024-06-12 17:41:25,552 - Layer_fin - INFO - dec-end-outch512-inch448-facttucker-r0.75-wh4-ind1s
2024-06-12 17:43:00,693 - Layer_fin - INFO - dec-start-outch512-inch448-facttucker-r0.75-wh4-ind2s
2024-06-12 18:09:25,442 - Layer_fin - INFO - dec-end-outch512-inch448-facttucker-r0.75-wh4-ind2s
2024-06-12 18:11:00,035 - Layer_fin - INFO - dec-start-outch512-inch448-facttucker-r0.9-wh4-ind1s
2024-06-12 18:42:35,564 - Layer_fin - INFO - dec-end-outch512-inch448-facttucker-r0.9-wh4-ind1s
2024-06-12 18:44:00,036 - Layer_fin - INFO - dec-start-outch512-inch448-facttucker-r0.9-wh4-ind2s
2024-06-12 19:15:34,228 - Layer_fin - INFO - dec-end-outch512-inch448-facttucker-r0.9-wh4-ind2s
2024-06-12 19:17:00,790 - Layer_fin - INFO - dec-start-outch512-inch448-facttt-r0.1-wh4-ind1s
2024-06-12 19:23:24,761 - Layer_fin - INFO - dec-end-outch512-inch448-facttt-r0.1-wh4-ind1s
2024-06-12 19:25:00,365 - Layer_fin - INFO - dec-start-outch512-inch448-facttt-r0.1-wh4-ind2s
2024-06-12 19:31:25,210 - Layer_fin - INFO - dec-end-outch512-inch448-facttt-r0.1-wh4-ind2s
2024-06-12 19:33:00,663 - Layer_fin - INFO - dec-start-outch512-inch448-facttt-r0.25-wh4-ind1s
2024-06-12 19:39:06,509 - Layer_fin - INFO - dec-end-outch512-inch448-facttt-r0.25-wh4-ind1s
2024-06-12 19:41:00,974 - Layer_fin - INFO - dec-start-outch512-inch448-facttt-r0.25-wh4-ind2s
2024-06-12 19:47:14,094 - Layer_fin - INFO - dec-end-outch512-inch448-facttt-r0.25-wh4-ind2s
2024-06-12 19:49:00,656 - Layer_fin - INFO - dec-start-outch512-inch448-facttt-r0.5-wh4-ind1s
2024-06-12 19:55:27,394 - Layer_fin - INFO - dec-end-outch512-inch448-facttt-r0.5-wh4-ind1s
2024-06-12 19:57:00,886 - Layer_fin - INFO - dec-start-outch512-inch448-facttt-r0.5-wh4-ind2s
2024-06-12 20:03:29,175 - Layer_fin - INFO - dec-end-outch512-inch448-facttt-r0.5-wh4-ind2s
2024-06-12 20:05:00,562 - Layer_fin - INFO - dec-start-outch512-inch448-facttt-r0.75-wh4-ind1s
2024-06-12 20:11:39,699 - Layer_fin - INFO - dec-end-outch512-inch448-facttt-r0.75-wh4-ind1s
2024-06-12 20:13:00,103 - Layer_fin - INFO - dec-start-outch512-inch448-facttt-r0.75-wh4-ind2s
2024-06-12 20:19:35,316 - Layer_fin - INFO - dec-end-outch512-inch448-facttt-r0.75-wh4-ind2s
2024-06-12 20:21:00,749 - Layer_fin - INFO - dec-start-outch512-inch448-facttt-r0.9-wh4-ind1s
2024-06-12 20:27:48,278 - Layer_fin - INFO - dec-end-outch512-inch448-facttt-r0.9-wh4-ind1s
2024-06-12 20:29:00,628 - Layer_fin - INFO - dec-start-outch512-inch448-facttt-r0.9-wh4-ind2s
2024-06-12 20:35:45,611 - Layer_fin - INFO - dec-end-outch512-inch448-facttt-r0.9-wh4-ind2s
2024-06-12 20:37:00,663 - Layer_fin - INFO - bas-start-outch512-inch448-wh4-ind1s
2024-06-12 20:39:53,493 - Layer_fin - INFO - bas-end-outch512-inch448-wh4-ind1s
2024-06-12 20:41:00,574 - Layer_fin - INFO - bas-start-outch512-inch448-wh4-ind2s
2024-06-12 20:43:50,995 - Layer_fin - INFO - bas-end-outch512-inch448-wh4-ind2s
2024-06-12 20:46:00,259 - Layer_fin - INFO - dec-start-outch512-inch448-factcp-r0.1-wh4-ind1s
2024-06-12 20:52:30,352 - Layer_fin - INFO - dec-end-outch512-inch448-factcp-r0.1-wh4-ind1s
2024-06-12 20:54:00,815 - Layer_fin - INFO - dec-start-outch512-inch448-factcp-r0.1-wh4-ind2s
2024-06-12 21:00:26,607 - Layer_fin - INFO - dec-end-outch512-inch448-factcp-r0.1-wh4-ind2s
2024-06-12 21:03:00,104 - Layer_fin - INFO - dec-start-outch512-inch448-factcp-r0.25-wh4-ind1s
2024-06-12 21:10:50,725 - Layer_fin - INFO - dec-end-outch512-inch448-factcp-r0.25-wh4-ind1s
2024-06-12 21:13:00,240 - Layer_fin - INFO - dec-start-outch512-inch448-factcp-r0.25-wh4-ind2s
2024-06-12 21:20:47,784 - Layer_fin - INFO - dec-end-outch512-inch448-factcp-r0.25-wh4-ind2s
2024-06-12 21:24:00,179 - Layer_fin - INFO - dec-start-outch512-inch448-factcp-r0.5-wh4-ind1s
2024-06-12 21:34:02,541 - Layer_fin - INFO - dec-end-outch512-inch448-factcp-r0.5-wh4-ind1s
2024-06-12 21:37:00,637 - Layer_fin - INFO - dec-start-outch512-inch448-factcp-r0.5-wh4-ind2s
2024-06-12 21:47:05,579 - Layer_fin - INFO - dec-end-outch512-inch448-factcp-r0.5-wh4-ind2s
2024-06-12 21:51:00,348 - Layer_fin - INFO - dec-start-outch512-inch448-factcp-r0.75-wh4-ind1s
2024-06-12 22:05:33,010 - Layer_fin - INFO - dec-end-outch512-inch448-factcp-r0.75-wh4-ind1s
2024-06-12 22:09:00,869 - Layer_fin - INFO - dec-start-outch512-inch448-factcp-r0.75-wh4-ind2s
2024-06-12 22:23:34,704 - Layer_fin - INFO - dec-end-outch512-inch448-factcp-r0.75-wh4-ind2s
2024-06-12 22:28:00,038 - Layer_fin - INFO - dec-start-outch512-inch448-factcp-r0.9-wh4-ind1s
2024-06-12 22:45:06,574 - Layer_fin - INFO - dec-end-outch512-inch448-factcp-r0.9-wh4-ind1s
2024-06-12 22:49:00,720 - Layer_fin - INFO - dec-start-outch512-inch448-factcp-r0.9-wh4-ind2s
2024-06-12 23:06:08,029 - Layer_fin - INFO - dec-end-outch512-inch448-factcp-r0.9-wh4-ind2s
2024-06-12 23:08:01,013 - Layer_fin - INFO - dec-start-outch512-inch448-facttucker-r0.1-wh6-ind1s
2024-06-12 23:14:24,274 - Layer_fin - INFO - dec-end-outch512-inch448-facttucker-r0.1-wh6-ind1s
2024-06-12 23:16:00,748 - Layer_fin - INFO - dec-start-outch512-inch448-facttucker-r0.1-wh6-ind2s
2024-06-12 23:22:22,931 - Layer_fin - INFO - dec-end-outch512-inch448-facttucker-r0.1-wh6-ind2s
2024-06-12 23:24:00,493 - Layer_fin - INFO - dec-start-outch512-inch448-facttucker-r0.25-wh6-ind1s
2024-06-12 23:35:07,543 - Layer_fin - INFO - dec-end-outch512-inch448-facttucker-r0.25-wh6-ind1s
2024-06-12 23:37:00,477 - Layer_fin - INFO - dec-start-outch512-inch448-facttucker-r0.25-wh6-ind2s
2024-06-12 23:48:07,203 - Layer_fin - INFO - dec-end-outch512-inch448-facttucker-r0.25-wh6-ind2s
2024-06-12 23:50:00,706 - Layer_fin - INFO - dec-start-outch512-inch448-facttucker-r0.5-wh6-ind1s
2024-06-13 00:10:14,163 - Layer_fin - INFO - dec-end-outch512-inch448-facttucker-r0.5-wh6-ind1s
2024-06-13 00:12:00,204 - Layer_fin - INFO - dec-start-outch512-inch448-facttucker-r0.5-wh6-ind2s
2024-06-13 00:32:13,230 - Layer_fin - INFO - dec-end-outch512-inch448-facttucker-r0.5-wh6-ind2s
2024-06-13 00:34:00,392 - Layer_fin - INFO - dec-start-outch512-inch448-facttucker-r0.75-wh6-ind1s
2024-06-13 01:03:02,932 - Layer_fin - INFO - dec-end-outch512-inch448-facttucker-r0.75-wh6-ind1s
2024-06-13 01:05:00,942 - Layer_fin - INFO - dec-start-outch512-inch448-facttucker-r0.75-wh6-ind2s
2024-06-13 01:34:03,463 - Layer_fin - INFO - dec-end-outch512-inch448-facttucker-r0.75-wh6-ind2s
2024-06-13 01:36:00,473 - Layer_fin - INFO - dec-start-outch512-inch448-facttucker-r0.9-wh6-ind1s
2024-06-13 02:10:23,282 - Layer_fin - INFO - dec-end-outch512-inch448-facttucker-r0.9-wh6-ind1s
2024-06-13 02:12:00,426 - Layer_fin - INFO - dec-start-outch512-inch448-facttucker-r0.9-wh6-ind2s
2024-06-13 02:46:20,382 - Layer_fin - INFO - dec-end-outch512-inch448-facttucker-r0.9-wh6-ind2s
2024-06-13 02:48:00,016 - Layer_fin - INFO - dec-start-outch512-inch448-facttt-r0.1-wh6-ind1s
2024-06-13 02:54:34,585 - Layer_fin - INFO - dec-end-outch512-inch448-facttt-r0.1-wh6-ind1s
2024-06-13 02:56:00,365 - Layer_fin - INFO - dec-start-outch512-inch448-facttt-r0.1-wh6-ind2s
2024-06-13 03:02:37,552 - Layer_fin - INFO - dec-end-outch512-inch448-facttt-r0.1-wh6-ind2s
2024-06-13 03:04:00,971 - Layer_fin - INFO - dec-start-outch512-inch448-facttt-r0.25-wh6-ind1s
2024-06-13 03:12:21,480 - Layer_fin - INFO - dec-end-outch512-inch448-facttt-r0.25-wh6-ind1s
2024-06-13 03:14:00,907 - Layer_fin - INFO - dec-start-outch512-inch448-facttt-r0.25-wh6-ind2s
2024-06-13 03:22:27,175 - Layer_fin - INFO - dec-end-outch512-inch448-facttt-r0.25-wh6-ind2s
2024-06-13 03:24:00,601 - Layer_fin - INFO - dec-start-outch512-inch448-facttt-r0.5-wh6-ind1s
2024-06-13 03:33:02,969 - Layer_fin - INFO - dec-end-outch512-inch448-facttt-r0.5-wh6-ind1s
2024-06-13 03:35:00,408 - Layer_fin - INFO - dec-start-outch512-inch448-facttt-r0.5-wh6-ind2s
2024-06-13 03:44:06,303 - Layer_fin - INFO - dec-end-outch512-inch448-facttt-r0.5-wh6-ind2s
2024-06-13 03:46:00,730 - Layer_fin - INFO - dec-start-outch512-inch448-facttt-r0.75-wh6-ind1s
2024-06-13 03:55:30,640 - Layer_fin - INFO - dec-end-outch512-inch448-facttt-r0.75-wh6-ind1s
2024-06-13 03:57:01,026 - Layer_fin - INFO - dec-start-outch512-inch448-facttt-r0.75-wh6-ind2s
2024-06-13 04:06:32,369 - Layer_fin - INFO - dec-end-outch512-inch448-facttt-r0.75-wh6-ind2s
2024-06-13 04:08:00,791 - Layer_fin - INFO - dec-start-outch512-inch448-facttt-r0.9-wh6-ind1s
2024-06-13 04:17:41,355 - Layer_fin - INFO - dec-end-outch512-inch448-facttt-r0.9-wh6-ind1s
2024-06-13 04:19:00,773 - Layer_fin - INFO - dec-start-outch512-inch448-facttt-r0.9-wh6-ind2s
2024-06-13 04:28:43,008 - Layer_fin - INFO - dec-end-outch512-inch448-facttt-r0.9-wh6-ind2s
2024-06-13 04:30:00,098 - Layer_fin - INFO - bas-start-outch512-inch448-wh6-ind1s
2024-06-13 04:34:12,058 - Layer_fin - INFO - bas-end-outch512-inch448-wh6-ind1s
2024-06-13 04:36:00,179 - Layer_fin - INFO - bas-start-outch512-inch448-wh6-ind2s
2024-06-13 04:40:11,547 - Layer_fin - INFO - bas-end-outch512-inch448-wh6-ind2s
2024-06-13 04:42:00,775 - Layer_fin - INFO - dec-start-outch512-inch448-factcp-r0.1-wh6-ind1s
2024-06-13 04:48:42,924 - Layer_fin - INFO - dec-end-outch512-inch448-factcp-r0.1-wh6-ind1s
2024-06-13 04:51:00,470 - Layer_fin - INFO - dec-start-outch512-inch448-factcp-r0.1-wh6-ind2s
2024-06-13 04:57:40,935 - Layer_fin - INFO - dec-end-outch512-inch448-factcp-r0.1-wh6-ind2s
2024-06-13 05:00:00,633 - Layer_fin - INFO - dec-start-outch512-inch448-factcp-r0.25-wh6-ind1s
2024-06-13 05:11:02,661 - Layer_fin - INFO - dec-end-outch512-inch448-factcp-r0.25-wh6-ind1s
2024-06-13 05:13:00,073 - Layer_fin - INFO - dec-start-outch512-inch448-factcp-r0.25-wh6-ind2s
2024-06-13 05:24:02,252 - Layer_fin - INFO - dec-end-outch512-inch448-factcp-r0.25-wh6-ind2s
2024-06-13 05:27:00,437 - Layer_fin - INFO - dec-start-outch512-inch448-factcp-r0.5-wh6-ind1s
2024-06-13 05:44:11,583 - Layer_fin - INFO - dec-end-outch512-inch448-factcp-r0.5-wh6-ind1s
2024-06-13 05:47:00,740 - Layer_fin - INFO - dec-start-outch512-inch448-factcp-r0.5-wh6-ind2s
2024-06-13 06:04:13,223 - Layer_fin - INFO - dec-end-outch512-inch448-factcp-r0.5-wh6-ind2s
2024-06-13 06:08:00,801 - Layer_fin - INFO - dec-start-outch512-inch448-factcp-r0.75-wh6-ind1s
2024-06-13 06:33:26,987 - Layer_fin - INFO - dec-end-outch512-inch448-factcp-r0.75-wh6-ind1s
2024-06-13 06:37:00,667 - Layer_fin - INFO - dec-start-outch512-inch448-factcp-r0.75-wh6-ind2s
2024-06-13 07:02:28,254 - Layer_fin - INFO - dec-end-outch512-inch448-factcp-r0.75-wh6-ind2s
2024-06-13 07:07:00,421 - Layer_fin - INFO - dec-start-outch512-inch448-factcp-r0.9-wh6-ind1s
2024-06-13 07:36:48,539 - Layer_fin - INFO - dec-end-outch512-inch448-factcp-r0.9-wh6-ind1s
2024-06-13 07:41:00,886 - Layer_fin - INFO - dec-start-outch512-inch448-factcp-r0.9-wh6-ind2s
2024-06-13 08:10:49,508 - Layer_fin - INFO - dec-end-outch512-inch448-factcp-r0.9-wh6-ind2s
2024-06-13 08:12:00,868 - Layer_fin - INFO - dec-start-outch512-inch448-facttucker-r0.1-wh8-ind1s
2024-06-13 08:19:37,758 - Layer_fin - INFO - dec-end-outch512-inch448-facttucker-r0.1-wh8-ind1s
2024-06-13 08:21:00,857 - Layer_fin - INFO - dec-start-outch512-inch448-facttucker-r0.1-wh8-ind2s
2024-06-13 08:28:36,817 - Layer_fin - INFO - dec-end-outch512-inch448-facttucker-r0.1-wh8-ind2s
2024-06-13 08:30:00,575 - Layer_fin - INFO - dec-start-outch512-inch448-facttucker-r0.25-wh8-ind1s
2024-06-13 08:43:03,861 - Layer_fin - INFO - dec-end-outch512-inch448-facttucker-r0.25-wh8-ind1s
2024-06-13 08:45:00,898 - Layer_fin - INFO - dec-start-outch512-inch448-facttucker-r0.25-wh8-ind2s
2024-06-13 08:58:02,290 - Layer_fin - INFO - dec-end-outch512-inch448-facttucker-r0.25-wh8-ind2s
2024-06-13 09:00:00,324 - Layer_fin - INFO - dec-start-outch512-inch448-facttucker-r0.5-wh8-ind1s
2024-06-13 09:22:24,474 - Layer_fin - INFO - dec-end-outch512-inch448-facttucker-r0.5-wh8-ind1s
2024-06-13 09:24:01,000 - Layer_fin - INFO - dec-start-outch512-inch448-facttucker-r0.5-wh8-ind2s
2024-06-13 09:46:25,540 - Layer_fin - INFO - dec-end-outch512-inch448-facttucker-r0.5-wh8-ind2s
2024-06-13 09:48:00,927 - Layer_fin - INFO - dec-start-outch512-inch448-facttucker-r0.75-wh8-ind1s
2024-06-13 10:20:24,915 - Layer_fin - INFO - dec-end-outch512-inch448-facttucker-r0.75-wh8-ind1s
2024-06-13 10:22:00,999 - Layer_fin - INFO - dec-start-outch512-inch448-facttucker-r0.75-wh8-ind2s
2024-06-13 10:54:25,051 - Layer_fin - INFO - dec-end-outch512-inch448-facttucker-r0.75-wh8-ind2s
2024-06-13 10:56:00,284 - Layer_fin - INFO - dec-start-outch512-inch448-facttucker-r0.9-wh8-ind1s
2024-06-13 11:33:56,304 - Layer_fin - INFO - dec-end-outch512-inch448-facttucker-r0.9-wh8-ind1s
2024-06-13 11:36:00,769 - Layer_fin - INFO - dec-start-outch512-inch448-facttucker-r0.9-wh8-ind2s
2024-06-13 12:13:57,271 - Layer_fin - INFO - dec-end-outch512-inch448-facttucker-r0.9-wh8-ind2s
2024-06-13 12:15:00,754 - Layer_fin - INFO - dec-start-outch512-inch448-facttt-r0.1-wh8-ind1s
2024-06-13 12:23:11,727 - Layer_fin - INFO - dec-end-outch512-inch448-facttt-r0.1-wh8-ind1s
2024-06-13 12:25:00,360 - Layer_fin - INFO - dec-start-outch512-inch448-facttt-r0.1-wh8-ind2s
2024-06-13 12:33:04,357 - Layer_fin - INFO - dec-end-outch512-inch448-facttt-r0.1-wh8-ind2s
2024-06-13 12:35:00,820 - Layer_fin - INFO - dec-start-outch512-inch448-facttt-r0.25-wh8-ind1s
2024-06-13 12:46:49,583 - Layer_fin - INFO - dec-end-outch512-inch448-facttt-r0.25-wh8-ind1s
2024-06-13 12:48:00,915 - Layer_fin - INFO - dec-start-outch512-inch448-facttt-r0.25-wh8-ind2s
2024-06-13 12:59:51,086 - Layer_fin - INFO - dec-end-outch512-inch448-facttt-r0.25-wh8-ind2s
2024-06-13 13:01:00,480 - Layer_fin - INFO - dec-start-outch512-inch448-facttt-r0.5-wh8-ind1s
2024-06-13 13:13:51,089 - Layer_fin - INFO - dec-end-outch512-inch448-facttt-r0.5-wh8-ind1s
2024-06-13 13:15:00,444 - Layer_fin - INFO - dec-start-outch512-inch448-facttt-r0.5-wh8-ind2s
2024-06-13 13:27:50,792 - Layer_fin - INFO - dec-end-outch512-inch448-facttt-r0.5-wh8-ind2s
2024-06-13 13:29:00,221 - Layer_fin - INFO - dec-start-outch512-inch448-facttt-r0.75-wh8-ind1s
2024-06-13 13:42:28,316 - Layer_fin - INFO - dec-end-outch512-inch448-facttt-r0.75-wh8-ind1s
2024-06-13 13:44:00,751 - Layer_fin - INFO - dec-start-outch512-inch448-facttt-r0.75-wh8-ind2s
2024-06-13 13:57:28,556 - Layer_fin - INFO - dec-end-outch512-inch448-facttt-r0.75-wh8-ind2s
2024-06-13 13:59:00,994 - Layer_fin - INFO - dec-start-outch512-inch448-facttt-r0.9-wh8-ind1s
2024-06-13 14:12:43,833 - Layer_fin - INFO - dec-end-outch512-inch448-facttt-r0.9-wh8-ind1s
2024-06-13 14:14:00,244 - Layer_fin - INFO - dec-start-outch512-inch448-facttt-r0.9-wh8-ind2s
2024-06-13 14:27:43,979 - Layer_fin - INFO - dec-end-outch512-inch448-facttt-r0.9-wh8-ind2s
2024-06-13 14:29:00,048 - Layer_fin - INFO - bas-start-outch512-inch448-wh8-ind1s
2024-06-13 14:35:19,156 - Layer_fin - INFO - bas-end-outch512-inch448-wh8-ind1s
2024-06-13 14:37:00,240 - Layer_fin - INFO - bas-start-outch512-inch448-wh8-ind2s
2024-06-13 14:43:18,801 - Layer_fin - INFO - bas-end-outch512-inch448-wh8-ind2s
2024-06-13 14:45:00,175 - Layer_fin - INFO - dec-start-outch512-inch448-factcp-r0.1-wh8-ind1s
2024-06-13 14:53:35,449 - Layer_fin - INFO - dec-end-outch512-inch448-factcp-r0.1-wh8-ind1s
2024-06-13 14:55:00,848 - Layer_fin - INFO - dec-start-outch512-inch448-factcp-r0.1-wh8-ind2s
2024-06-13 15:03:37,561 - Layer_fin - INFO - dec-end-outch512-inch448-factcp-r0.1-wh8-ind2s
2024-06-13 15:06:00,261 - Layer_fin - INFO - dec-start-outch512-inch448-factcp-r0.25-wh8-ind1s
2024-06-13 15:20:40,699 - Layer_fin - INFO - dec-end-outch512-inch448-factcp-r0.25-wh8-ind1s
2024-06-13 15:23:00,143 - Layer_fin - INFO - dec-start-outch512-inch448-factcp-r0.25-wh8-ind2s
2024-06-13 15:37:41,026 - Layer_fin - INFO - dec-end-outch512-inch448-factcp-r0.25-wh8-ind2s
2024-06-13 15:41:00,408 - Layer_fin - INFO - dec-start-outch512-inch448-factcp-r0.5-wh8-ind1s
2024-06-13 16:04:47,168 - Layer_fin - INFO - dec-end-outch512-inch448-factcp-r0.5-wh8-ind1s
2024-06-13 16:08:00,261 - Layer_fin - INFO - dec-start-outch512-inch448-factcp-r0.5-wh8-ind2s
2024-06-13 16:31:47,343 - Layer_fin - INFO - dec-end-outch512-inch448-factcp-r0.5-wh8-ind2s
2024-06-13 16:36:00,096 - Layer_fin - INFO - dec-start-outch512-inch448-factcp-r0.75-wh8-ind1s
2024-06-13 17:11:56,943 - Layer_fin - INFO - dec-end-outch512-inch448-factcp-r0.75-wh8-ind1s
2024-06-13 17:16:00,559 - Layer_fin - INFO - dec-start-outch512-inch448-factcp-r0.75-wh8-ind2s
2024-06-13 17:51:56,093 - Layer_fin - INFO - dec-end-outch512-inch448-factcp-r0.75-wh8-ind2s
2024-06-13 17:56:00,834 - Layer_fin - INFO - dec-start-outch512-inch448-factcp-r0.9-wh8-ind1s
2024-06-13 18:38:05,058 - Layer_fin - INFO - dec-end-outch512-inch448-factcp-r0.9-wh8-ind1s
2024-06-13 18:42:00,961 - Layer_fin - INFO - dec-start-outch512-inch448-factcp-r0.9-wh8-ind2s
2024-06-13 19:24:04,921 - Layer_fin - INFO - dec-end-outch512-inch448-factcp-r0.9-wh8-ind2s
