2024-06-23 09:29:00,021 - Outch - INFO - bas-start-outch384-inch192-wh4-ind3s
2024-06-23 09:37:36,011 - Outch - INFO - bas-end-outch384-inch192-wh4-ind3s
2024-06-23 09:39:00,099 - Outch - INFO - bas-start-outch384-inch192-wh4-ind3s
2024-06-23 09:47:36,776 - Outch - INFO - bas-end-outch384-inch192-wh4-ind3s
2024-06-23 09:49:00,865 - Outch - INFO - bas-start-outch384-inch192-wh4-ind3s
2024-06-23 09:57:40,903 - Outch - INFO - bas-end-outch384-inch192-wh4-ind3s
2024-06-23 09:59:00,988 - Outch - INFO - bas-start-outch384-inch192-wh4-ind3s
2024-06-23 10:07:47,258 - Outch - INFO - bas-end-outch384-inch192-wh4-ind3s
2024-06-23 10:09:00,336 - Outch - INFO - bas-start-outch384-inch192-wh4-ind3s
2024-06-23 10:17:32,948 - Outch - INFO - bas-end-outch384-inch192-wh4-ind3s
2024-06-23 10:19:00,500 - Outch - INFO - dec-start-outch384-inch192-facttucker-r0.1-wh4-ind3s
2024-06-23 10:22:08,119 - Outch - INFO - dec-end-outch384-inch192-facttucker-r0.1-wh4-ind3s
2024-06-23 10:24:00,112 - Outch - INFO - dec-start-outch384-inch192-facttucker-r0.25-wh4-ind3s
2024-06-23 10:28:51,613 - Outch - INFO - dec-end-outch384-inch192-facttucker-r0.25-wh4-ind3s
2024-06-23 10:30:00,661 - Outch - INFO - dec-start-outch384-inch192-facttucker-r0.5-wh4-ind3s
2024-06-23 10:37:39,317 - Outch - INFO - dec-end-outch384-inch192-facttucker-r0.5-wh4-ind3s
2024-06-23 10:39:00,209 - Outch - INFO - dec-start-outch384-inch192-facttucker-r0.75-wh4-ind3s
2024-06-23 10:50:27,340 - Outch - INFO - dec-end-outch384-inch192-facttucker-r0.75-wh4-ind3s
2024-06-23 10:52:00,145 - Outch - INFO - dec-start-outch384-inch192-facttucker-r0.9-wh4-ind3s
2024-06-23 11:05:31,565 - Outch - INFO - dec-end-outch384-inch192-facttucker-r0.9-wh4-ind3s
2024-06-23 11:07:00,672 - Outch - INFO - dec-start-outch384-inch192-facttt-r0.1-wh4-ind3s
2024-06-23 11:09:47,918 - Outch - INFO - dec-end-outch384-inch192-facttt-r0.1-wh4-ind3s
2024-06-23 11:11:00,034 - Outch - INFO - dec-start-outch384-inch192-facttt-r0.25-wh4-ind3s
2024-06-23 11:15:12,507 - Outch - INFO - dec-end-outch384-inch192-facttt-r0.25-wh4-ind3s
2024-06-23 11:17:00,688 - Outch - INFO - dec-start-outch384-inch192-facttt-r0.5-wh4-ind3s
2024-06-23 11:22:10,347 - Outch - INFO - dec-end-outch384-inch192-facttt-r0.5-wh4-ind3s
2024-06-23 11:24:00,522 - Outch - INFO - dec-start-outch384-inch192-facttt-r0.75-wh4-ind3s
2024-06-23 11:29:32,921 - Outch - INFO - dec-end-outch384-inch192-facttt-r0.75-wh4-ind3s
2024-06-23 11:31:01,021 - Outch - INFO - dec-start-outch384-inch192-facttt-r0.9-wh4-ind3s
2024-06-23 11:37:00,015 - Outch - INFO - dec-end-outch384-inch192-facttt-r0.9-wh4-ind3s
2024-06-23 11:39:00,129 - Outch - INFO - bas-start-outch320-inch192-wh4-ind3s
2024-06-23 11:46:05,374 - Outch - INFO - bas-end-outch320-inch192-wh4-ind3s
2024-06-23 11:48:00,494 - Outch - INFO - bas-start-outch320-inch192-wh4-ind3s
2024-06-23 11:55:15,621 - Outch - INFO - bas-end-outch320-inch192-wh4-ind3s
2024-06-23 11:57:00,730 - Outch - INFO - bas-start-outch320-inch192-wh4-ind3s
2024-06-23 12:04:15,319 - Outch - INFO - bas-end-outch320-inch192-wh4-ind3s
2024-06-23 12:06:00,428 - Outch - INFO - bas-start-outch320-inch192-wh4-ind3s
2024-06-23 12:13:14,935 - Outch - INFO - bas-end-outch320-inch192-wh4-ind3s
2024-06-23 12:15:01,045 - Outch - INFO - bas-start-outch320-inch192-wh4-ind3s
2024-06-23 12:22:15,570 - Outch - INFO - bas-end-outch320-inch192-wh4-ind3s
2024-06-23 12:24:01,016 - Outch - INFO - dec-start-outch320-inch192-facttucker-r0.1-wh4-ind3s
2024-06-23 12:27:07,917 - Outch - INFO - dec-end-outch320-inch192-facttucker-r0.1-wh4-ind3s
2024-06-23 12:29:00,737 - Outch - INFO - dec-start-outch320-inch192-facttucker-r0.25-wh4-ind3s
2024-06-23 12:33:32,550 - Outch - INFO - dec-end-outch320-inch192-facttucker-r0.25-wh4-ind3s
2024-06-23 12:35:00,269 - Outch - INFO - dec-start-outch320-inch192-facttucker-r0.5-wh4-ind3s
2024-06-23 12:42:03,822 - Outch - INFO - dec-end-outch320-inch192-facttucker-r0.5-wh4-ind3s
2024-06-23 12:44:00,453 - Outch - INFO - dec-start-outch320-inch192-facttucker-r0.75-wh4-ind3s
2024-06-23 12:53:47,475 - Outch - INFO - dec-end-outch320-inch192-facttucker-r0.75-wh4-ind3s
2024-06-23 12:55:00,094 - Outch - INFO - dec-start-outch320-inch192-facttucker-r0.9-wh4-ind3s
2024-06-23 13:06:57,056 - Outch - INFO - dec-end-outch320-inch192-facttucker-r0.9-wh4-ind3s
2024-06-23 13:08:00,158 - Outch - INFO - dec-start-outch320-inch192-facttt-r0.1-wh4-ind3s
2024-06-23 13:10:41,768 - Outch - INFO - dec-end-outch320-inch192-facttt-r0.1-wh4-ind3s
2024-06-23 13:12:00,892 - Outch - INFO - dec-start-outch320-inch192-facttt-r0.25-wh4-ind3s
2024-06-23 13:16:23,586 - Outch - INFO - dec-end-outch320-inch192-facttt-r0.25-wh4-ind3s
2024-06-23 13:18:00,738 - Outch - INFO - dec-start-outch320-inch192-facttt-r0.5-wh4-ind3s
2024-06-23 13:23:03,108 - Outch - INFO - dec-end-outch320-inch192-facttt-r0.5-wh4-ind3s
2024-06-23 13:25:00,285 - Outch - INFO - dec-start-outch320-inch192-facttt-r0.75-wh4-ind3s
2024-06-23 13:30:30,903 - Outch - INFO - dec-end-outch320-inch192-facttt-r0.75-wh4-ind3s
2024-06-23 13:32:00,051 - Outch - INFO - dec-start-outch320-inch192-facttt-r0.9-wh4-ind3s
2024-06-23 13:37:40,141 - Outch - INFO - dec-end-outch320-inch192-facttt-r0.9-wh4-ind3s
2024-06-23 13:39:00,229 - Outch - INFO - bas-start-outch256-inch192-wh4-ind3s
2024-06-23 13:44:42,405 - Outch - INFO - bas-end-outch256-inch192-wh4-ind3s
2024-06-23 13:46:00,487 - Outch - INFO - bas-start-outch256-inch192-wh4-ind3s
2024-06-23 13:51:38,372 - Outch - INFO - bas-end-outch256-inch192-wh4-ind3s
2024-06-23 13:53:00,457 - Outch - INFO - bas-start-outch256-inch192-wh4-ind3s
2024-06-23 13:58:40,256 - Outch - INFO - bas-end-outch256-inch192-wh4-ind3s
2024-06-23 14:00:00,340 - Outch - INFO - bas-start-outch256-inch192-wh4-ind3s
2024-06-23 14:05:39,533 - Outch - INFO - bas-end-outch256-inch192-wh4-ind3s
2024-06-23 14:07:00,618 - Outch - INFO - bas-start-outch256-inch192-wh4-ind3s
2024-06-23 14:12:39,247 - Outch - INFO - bas-end-outch256-inch192-wh4-ind3s
2024-06-23 14:14:00,574 - Outch - INFO - dec-start-outch256-inch192-facttucker-r0.1-wh4-ind3s
2024-06-23 14:16:50,363 - Outch - INFO - dec-end-outch256-inch192-facttucker-r0.1-wh4-ind3s
2024-06-23 14:18:00,009 - Outch - INFO - dec-start-outch256-inch192-facttucker-r0.25-wh4-ind3s
2024-06-23 14:22:00,507 - Outch - INFO - dec-end-outch256-inch192-facttucker-r0.25-wh4-ind3s
2024-06-23 14:24:00,102 - Outch - INFO - dec-start-outch256-inch192-facttucker-r0.5-wh4-ind3s
2024-06-23 14:30:23,863 - Outch - INFO - dec-end-outch256-inch192-facttucker-r0.5-wh4-ind3s
2024-06-23 14:32:00,385 - Outch - INFO - dec-start-outch256-inch192-facttucker-r0.75-wh4-ind3s
2024-06-23 14:41:09,978 - Outch - INFO - dec-end-outch256-inch192-facttucker-r0.75-wh4-ind3s
2024-06-23 14:43:00,489 - Outch - INFO - dec-start-outch256-inch192-facttucker-r0.9-wh4-ind3s
2024-06-23 14:53:08,212 - Outch - INFO - dec-end-outch256-inch192-facttucker-r0.9-wh4-ind3s
2024-06-23 14:55:00,364 - Outch - INFO - dec-start-outch256-inch192-facttt-r0.1-wh4-ind3s
2024-06-23 14:57:49,546 - Outch - INFO - dec-end-outch256-inch192-facttt-r0.1-wh4-ind3s
2024-06-23 14:59:00,662 - Outch - INFO - dec-start-outch256-inch192-facttt-r0.25-wh4-ind3s
2024-06-23 15:03:18,215 - Outch - INFO - dec-end-outch256-inch192-facttt-r0.25-wh4-ind3s
2024-06-23 15:05:00,364 - Outch - INFO - dec-start-outch256-inch192-facttt-r0.5-wh4-ind3s
2024-06-23 15:09:52,141 - Outch - INFO - dec-end-outch256-inch192-facttt-r0.5-wh4-ind3s
2024-06-23 15:11:00,260 - Outch - INFO - dec-start-outch256-inch192-facttt-r0.75-wh4-ind3s
2024-06-23 15:16:19,220 - Outch - INFO - dec-end-outch256-inch192-facttt-r0.75-wh4-ind3s
2024-06-23 15:18:00,373 - Outch - INFO - dec-start-outch256-inch192-facttt-r0.9-wh4-ind3s
2024-06-23 15:23:55,945 - Outch - INFO - dec-end-outch256-inch192-facttt-r0.9-wh4-ind3s
2024-06-23 15:25:00,014 - Outch - INFO - bas-start-outch192-inch192-wh4-ind3s
2024-06-23 15:29:10,981 - Outch - INFO - bas-end-outch192-inch192-wh4-ind3s
2024-06-23 15:31:00,053 - Outch - INFO - bas-start-outch192-inch192-wh4-ind3s
2024-06-23 15:35:11,144 - Outch - INFO - bas-end-outch192-inch192-wh4-ind3s
2024-06-23 15:37:00,256 - Outch - INFO - bas-start-outch192-inch192-wh4-ind3s
2024-06-23 15:41:11,298 - Outch - INFO - bas-end-outch192-inch192-wh4-ind3s
2024-06-23 15:43:00,410 - Outch - INFO - bas-start-outch192-inch192-wh4-ind3s
2024-06-23 15:47:11,692 - Outch - INFO - bas-end-outch192-inch192-wh4-ind3s
2024-06-23 15:49:00,761 - Outch - INFO - bas-start-outch192-inch192-wh4-ind3s
2024-06-23 15:53:11,758 - Outch - INFO - bas-end-outch192-inch192-wh4-ind3s
2024-06-23 15:55:01,018 - Outch - INFO - dec-start-outch192-inch192-facttucker-r0.1-wh4-ind3s
2024-06-23 15:57:23,313 - Outch - INFO - dec-end-outch192-inch192-facttucker-r0.1-wh4-ind3s
2024-06-23 15:59:00,817 - Outch - INFO - dec-start-outch192-inch192-facttucker-r0.25-wh4-ind3s
2024-06-23 16:02:37,569 - Outch - INFO - dec-end-outch192-inch192-facttucker-r0.25-wh4-ind3s
2024-06-23 16:04:00,045 - Outch - INFO - dec-start-outch192-inch192-facttucker-r0.5-wh4-ind3s
2024-06-23 16:09:20,486 - Outch - INFO - dec-end-outch192-inch192-facttucker-r0.5-wh4-ind3s
2024-06-23 16:11:00,857 - Outch - INFO - dec-start-outch192-inch192-facttucker-r0.75-wh4-ind3s
2024-06-23 16:18:18,549 - Outch - INFO - dec-end-outch192-inch192-facttucker-r0.75-wh4-ind3s
2024-06-23 16:20:00,937 - Outch - INFO - dec-start-outch192-inch192-facttucker-r0.9-wh4-ind3s
2024-06-23 16:28:23,660 - Outch - INFO - dec-end-outch192-inch192-facttucker-r0.9-wh4-ind3s
2024-06-23 16:30:00,750 - Outch - INFO - dec-start-outch192-inch192-facttt-r0.1-wh4-ind3s
2024-06-23 16:32:52,778 - Outch - INFO - dec-end-outch192-inch192-facttt-r0.1-wh4-ind3s
2024-06-23 16:34:00,868 - Outch - INFO - dec-start-outch192-inch192-facttt-r0.25-wh4-ind3s
2024-06-23 16:38:11,133 - Outch - INFO - dec-end-outch192-inch192-facttt-r0.25-wh4-ind3s
2024-06-23 16:40:00,279 - Outch - INFO - dec-start-outch192-inch192-facttt-r0.5-wh4-ind3s
2024-06-23 16:44:43,269 - Outch - INFO - dec-end-outch192-inch192-facttt-r0.5-wh4-ind3s
2024-06-23 16:46:00,387 - Outch - INFO - dec-start-outch192-inch192-facttt-r0.75-wh4-ind3s
2024-06-23 16:51:01,083 - Outch - INFO - dec-end-outch192-inch192-facttt-r0.75-wh4-ind3s
2024-06-23 16:53:00,244 - Outch - INFO - dec-start-outch192-inch192-facttt-r0.9-wh4-ind3s
2024-06-23 16:58:34,697 - Outch - INFO - dec-end-outch192-inch192-facttt-r0.9-wh4-ind3s
2024-06-23 17:22:00,233 - Outch - INFO - dec-start-outch384-inch192-factcp-r0.1-wh4-ind3s
2024-06-23 17:26:57,099 - Outch - INFO - dec-end-outch384-inch192-factcp-r0.1-wh4-ind3s
2024-06-23 17:29:00,659 - Outch - INFO - dec-start-outch384-inch192-factcp-r0.25-wh4-ind3s
2024-06-23 17:38:48,890 - Outch - INFO - dec-end-outch384-inch192-factcp-r0.25-wh4-ind3s
2024-06-23 17:41:00,708 - Outch - INFO - dec-start-outch384-inch192-factcp-r0.5-wh4-ind3s
2024-06-23 18:01:31,665 - Outch - INFO - dec-end-outch384-inch192-factcp-r0.5-wh4-ind3s
2024-06-23 18:05:00,283 - Outch - INFO - dec-start-outch384-inch192-factcp-r0.75-wh4-ind3s
2024-06-23 18:34:31,916 - Outch - INFO - dec-end-outch384-inch192-factcp-r0.75-wh4-ind3s
2024-06-23 18:38:00,653 - Outch - INFO - dec-start-outch384-inch192-factcp-r0.9-wh4-ind3s
2024-06-23 19:15:16,184 - Outch - INFO - dec-end-outch384-inch192-factcp-r0.9-wh4-ind3s
2024-06-23 19:17:00,194 - Outch - INFO - dec-start-outch320-inch192-factcp-r0.1-wh4-ind3s
2024-06-23 19:22:16,139 - Outch - INFO - dec-end-outch320-inch192-factcp-r0.1-wh4-ind3s
2024-06-23 19:24:00,888 - Outch - INFO - dec-start-outch320-inch192-factcp-r0.25-wh4-ind3s
2024-06-23 19:33:13,656 - Outch - INFO - dec-end-outch320-inch192-factcp-r0.25-wh4-ind3s
2024-06-23 19:36:00,196 - Outch - INFO - dec-start-outch320-inch192-factcp-r0.5-wh4-ind3s
2024-06-23 19:53:14,669 - Outch - INFO - dec-end-outch320-inch192-factcp-r0.5-wh4-ind3s
2024-06-23 19:56:00,286 - Outch - INFO - dec-start-outch320-inch192-factcp-r0.75-wh4-ind3s
2024-06-23 20:21:48,267 - Outch - INFO - dec-end-outch320-inch192-factcp-r0.75-wh4-ind3s
2024-06-23 20:25:00,700 - Outch - INFO - dec-start-outch320-inch192-factcp-r0.9-wh4-ind3s
2024-06-23 21:00:51,166 - Outch - INFO - dec-end-outch320-inch192-factcp-r0.9-wh4-ind3s


2024-06-23 21:25:00,907 - Outch - INFO - dec-start-outch256-inch192-factcp-r0.1-wh4-ind3s
2024-06-23 21:29:20,554 - Outch - INFO - dec-end-outch256-inch192-factcp-r0.1-wh4-ind3s
2024-06-23 21:31:00,022 - Outch - INFO - dec-start-outch256-inch192-factcp-r0.25-wh4-ind3s
2024-06-23 21:38:54,185 - Outch - INFO - dec-end-outch256-inch192-factcp-r0.25-wh4-ind3s
2024-06-23 21:41:00,600 - Outch - INFO - dec-start-outch256-inch192-factcp-r0.5-wh4-ind3s
2024-06-23 21:58:21,646 - Outch - INFO - dec-end-outch256-inch192-factcp-r0.5-wh4-ind3s
2024-06-23 22:01:00,651 - Outch - INFO - dec-start-outch256-inch192-factcp-r0.75-wh4-ind3s
2024-06-23 22:26:37,887 - Outch - INFO - dec-end-outch256-inch192-factcp-r0.75-wh4-ind3s
2024-06-23 22:29:00,557 - Outch - INFO - dec-start-outch256-inch192-factcp-r0.9-wh4-ind3s
2024-06-23 23:01:33,205 - Outch - INFO - dec-end-outch256-inch192-factcp-r0.9-wh4-ind3s
2024-06-23 23:03:00,631 - Outch - INFO - dec-start-outch192-inch192-factcp-r0.1-wh4-ind3s
2024-06-23 23:07:14,774 - Outch - INFO - dec-end-outch192-inch192-factcp-r0.1-wh4-ind3s
2024-06-23 23:09:00,673 - Outch - INFO - dec-start-outch192-inch192-factcp-r0.25-wh4-ind3s
2024-06-23 23:16:09,801 - Outch - INFO - dec-end-outch192-inch192-factcp-r0.25-wh4-ind3s
2024-06-23 23:18:00,224 - Outch - INFO - dec-start-outch192-inch192-factcp-r0.5-wh4-ind3s
2024-06-23 23:31:34,127 - Outch - INFO - dec-end-outch192-inch192-factcp-r0.5-wh4-ind3s
2024-06-23 23:34:00,573 - Outch - INFO - dec-start-outch192-inch192-factcp-r0.75-wh4-ind3s
2024-06-23 23:57:45,617 - Outch - INFO - dec-end-outch192-inch192-factcp-r0.75-wh4-ind3s
2024-06-24 00:00:00,614 - Outch - INFO - dec-start-outch192-inch192-factcp-r0.9-wh4-ind3s
2024-06-24 00:28:01,649 - Outch - INFO - dec-end-outch192-inch192-factcp-r0.9-wh4-ind3s
