2024-05-31 17:15:00,403 - Outch - INFO - bas-start-outch384-inch192-wh4-ind1s
2024-05-31 17:23:39,775 - Outch - INFO - bas-end-outch384-inch192-wh4-ind1s
2024-05-31 17:25:00,860 - Outch - INFO - bas-start-outch384-inch192-wh4-ind2s
2024-05-31 17:33:40,926 - Outch - INFO - bas-end-outch384-inch192-wh4-ind2s
2024-05-31 17:35:01,013 - Outch - INFO - bas-start-outch320-inch192-wh4-ind1s
2024-05-31 17:42:16,836 - Outch - INFO - bas-end-outch320-inch192-wh4-ind1s
2024-05-31 17:44:00,944 - Outch - INFO - bas-start-outch320-inch192-wh4-ind2s
2024-05-31 17:51:16,877 - Outch - INFO - bas-end-outch320-inch192-wh4-ind2s
2024-05-31 17:53:00,983 - Outch - INFO - bas-start-outch256-inch192-wh4-ind1s
2024-05-31 17:58:44,675 - Outch - INFO - bas-end-outch256-inch192-wh4-ind1s
2024-05-31 18:00:00,756 - Outch - INFO - bas-start-outch256-inch192-wh4-ind2s
2024-05-31 18:05:44,220 - Outch - INFO - bas-end-outch256-inch192-wh4-ind2s
2024-05-31 18:07:00,302 - Outch - INFO - bas-start-outch192-inch192-wh4-ind1s
2024-05-31 18:11:17,206 - Outch - INFO - bas-end-outch192-inch192-wh4-ind1s
2024-05-31 18:13:00,312 - Outch - INFO - bas-start-outch192-inch192-wh4-ind2s
2024-05-31 18:17:14,173 - Outch - INFO - bas-end-outch192-inch192-wh4-ind2s
2024-05-31 18:19:00,347 - Outch - INFO - dec-start-outch384-inch192-facttt-r0.1-wh4-ind1s
2024-05-31 18:22:03,256 - Outch - INFO - dec-end-outch384-inch192-facttt-r0.1-wh4-ind1s
2024-05-31 18:24:00,405 - Outch - INFO - dec-start-outch384-inch192-facttt-r0.1-wh4-ind2s
2024-05-31 18:27:05,068 - Outch - INFO - dec-end-outch384-inch192-facttt-r0.1-wh4-ind2s
2024-05-31 18:29:00,223 - Outch - INFO - dec-start-outch384-inch192-facttt-r0.25-wh4-ind1s
2024-05-31 18:33:29,920 - Outch - INFO - dec-end-outch384-inch192-facttt-r0.25-wh4-ind1s
2024-05-31 18:35:00,049 - Outch - INFO - dec-start-outch384-inch192-facttt-r0.25-wh4-ind2s
2024-05-31 18:39:29,251 - Outch - INFO - dec-end-outch384-inch192-facttt-r0.25-wh4-ind2s
2024-05-31 18:41:00,410 - Outch - INFO - dec-start-outch384-inch192-facttt-r0.5-wh4-ind1s
2024-05-31 18:46:27,515 - Outch - INFO - dec-end-outch384-inch192-facttt-r0.5-wh4-ind1s
2024-05-31 18:48:00,672 - Outch - INFO - dec-start-outch384-inch192-facttt-r0.5-wh4-ind2s
2024-05-31 18:53:18,182 - Outch - INFO - dec-end-outch384-inch192-facttt-r0.5-wh4-ind2s
2024-05-31 18:55:00,347 - Outch - INFO - dec-start-outch384-inch192-facttt-r0.75-wh4-ind1s
2024-05-31 19:00:44,456 - Outch - INFO - dec-end-outch384-inch192-facttt-r0.75-wh4-ind1s
2024-05-31 19:02:00,598 - Outch - INFO - dec-start-outch384-inch192-facttt-r0.75-wh4-ind2s
2024-05-31 19:07:47,889 - Outch - INFO - dec-end-outch384-inch192-facttt-r0.75-wh4-ind2s
2024-05-31 19:09:00,032 - Outch - INFO - dec-start-outch384-inch192-facttt-r0.9-wh4-ind1s
2024-05-31 19:15:16,447 - Outch - INFO - dec-end-outch384-inch192-facttt-r0.9-wh4-ind1s
2024-05-31 19:17:00,603 - Outch - INFO - dec-start-outch384-inch192-facttt-r0.9-wh4-ind2s
2024-05-31 19:23:17,830 - Outch - INFO - dec-end-outch384-inch192-facttt-r0.9-wh4-ind2s
2024-05-31 19:25:00,979 - Outch - INFO - dec-start-outch320-inch192-facttt-r0.1-wh4-ind1s
2024-05-31 19:27:59,121 - Outch - INFO - dec-end-outch320-inch192-facttt-r0.1-wh4-ind1s
2024-05-31 19:29:00,217 - Outch - INFO - dec-start-outch320-inch192-facttt-r0.1-wh4-ind2s
2024-05-31 19:31:59,737 - Outch - INFO - dec-end-outch320-inch192-facttt-r0.1-wh4-ind2s
2024-05-31 19:33:00,835 - Outch - INFO - dec-start-outch320-inch192-facttt-r0.25-wh4-ind1s
2024-05-31 19:37:50,358 - Outch - INFO - dec-end-outch320-inch192-facttt-r0.25-wh4-ind1s
2024-05-31 19:39:00,464 - Outch - INFO - dec-start-outch320-inch192-facttt-r0.25-wh4-ind2s
2024-05-31 19:43:49,628 - Outch - INFO - dec-end-outch320-inch192-facttt-r0.25-wh4-ind2s
2024-05-31 19:45:00,759 - Outch - INFO - dec-start-outch320-inch192-facttt-r0.5-wh4-ind1s
2024-05-31 19:50:29,915 - Outch - INFO - dec-end-outch320-inch192-facttt-r0.5-wh4-ind1s
2024-05-31 19:52:00,061 - Outch - INFO - dec-start-outch320-inch192-facttt-r0.5-wh4-ind2s
2024-05-31 19:57:28,462 - Outch - INFO - dec-end-outch320-inch192-facttt-r0.5-wh4-ind2s
2024-05-31 19:59:00,615 - Outch - INFO - dec-start-outch320-inch192-facttt-r0.75-wh4-ind1s
2024-05-31 20:04:51,529 - Outch - INFO - dec-end-outch320-inch192-facttt-r0.75-wh4-ind1s
2024-05-31 20:06:00,660 - Outch - INFO - dec-start-outch320-inch192-facttt-r0.75-wh4-ind2s
2024-05-31 20:11:42,676 - Outch - INFO - dec-end-outch320-inch192-facttt-r0.75-wh4-ind2s
2024-05-31 20:13:00,815 - Outch - INFO - dec-start-outch320-inch192-facttt-r0.9-wh4-ind1s
2024-05-31 20:19:01,281 - Outch - INFO - dec-end-outch320-inch192-facttt-r0.9-wh4-ind1s
2024-05-31 20:21:00,457 - Outch - INFO - dec-start-outch320-inch192-facttt-r0.9-wh4-ind2s
2024-05-31 20:27:06,631 - Outch - INFO - dec-end-outch320-inch192-facttt-r0.9-wh4-ind2s
2024-05-31 20:29:00,787 - Outch - INFO - dec-start-outch256-inch192-facttt-r0.1-wh4-ind1s
2024-05-31 20:32:13,820 - Outch - INFO - dec-end-outch256-inch192-facttt-r0.1-wh4-ind1s
2024-05-31 20:34:00,945 - Outch - INFO - dec-start-outch256-inch192-facttt-r0.1-wh4-ind2s
2024-05-31 20:37:14,096 - Outch - INFO - dec-end-outch256-inch192-facttt-r0.1-wh4-ind2s
2024-05-31 20:39:00,227 - Outch - INFO - dec-start-outch256-inch192-facttt-r0.25-wh4-ind1s
2024-05-31 20:43:44,096 - Outch - INFO - dec-end-outch256-inch192-facttt-r0.25-wh4-ind1s
2024-05-31 20:45:00,219 - Outch - INFO - dec-start-outch256-inch192-facttt-r0.25-wh4-ind2s
2024-05-31 20:49:43,880 - Outch - INFO - dec-end-outch256-inch192-facttt-r0.25-wh4-ind2s
2024-05-31 20:51:01,002 - Outch - INFO - dec-start-outch256-inch192-facttt-r0.5-wh4-ind1s
2024-05-31 20:56:17,197 - Outch - INFO - dec-end-outch256-inch192-facttt-r0.5-wh4-ind1s
2024-05-31 20:58:00,351 - Outch - INFO - dec-start-outch256-inch192-facttt-r0.5-wh4-ind2s
2024-05-31 21:03:26,336 - Outch - INFO - dec-end-outch256-inch192-facttt-r0.5-wh4-ind2s
2024-05-31 21:05:00,482 - Outch - INFO - dec-start-outch256-inch192-facttt-r0.75-wh4-ind1s
2024-05-31 21:10:35,435 - Outch - INFO - dec-end-outch256-inch192-facttt-r0.75-wh4-ind1s
2024-05-31 21:12:00,570 - Outch - INFO - dec-start-outch256-inch192-facttt-r0.75-wh4-ind2s
2024-05-31 21:17:32,506 - Outch - INFO - dec-end-outch256-inch192-facttt-r0.75-wh4-ind2s
2024-05-31 21:19:00,642 - Outch - INFO - dec-start-outch256-inch192-facttt-r0.9-wh4-ind1s
2024-05-31 21:25:16,103 - Outch - INFO - dec-end-outch256-inch192-facttt-r0.9-wh4-ind1s
2024-05-31 21:27:00,261 - Outch - INFO - dec-start-outch256-inch192-facttt-r0.9-wh4-ind2s
2024-05-31 21:33:17,227 - Outch - INFO - dec-end-outch256-inch192-facttt-r0.9-wh4-ind2s
2024-05-31 21:35:00,373 - Outch - INFO - dec-start-outch192-inch192-facttt-r0.1-wh4-ind1s
2024-05-31 21:38:03,269 - Outch - INFO - dec-end-outch192-inch192-facttt-r0.1-wh4-ind1s
2024-05-31 21:40:00,415 - Outch - INFO - dec-start-outch192-inch192-facttt-r0.1-wh4-ind2s
2024-05-31 21:43:02,911 - Outch - INFO - dec-end-outch192-inch192-facttt-r0.1-wh4-ind2s
2024-05-31 21:45:00,063 - Outch - INFO - dec-start-outch192-inch192-facttt-r0.25-wh4-ind1s
2024-05-31 21:49:49,040 - Outch - INFO - dec-end-outch192-inch192-facttt-r0.25-wh4-ind1s
2024-05-31 21:51:00,148 - Outch - INFO - dec-start-outch192-inch192-facttt-r0.25-wh4-ind2s
2024-05-31 21:55:47,650 - Outch - INFO - dec-end-outch192-inch192-facttt-r0.25-wh4-ind2s
2024-05-31 21:57:00,712 - Outch - INFO - dec-start-outch192-inch192-facttt-r0.5-wh4-ind1s
2024-05-31 22:02:20,840 - Outch - INFO - dec-end-outch192-inch192-facttt-r0.5-wh4-ind1s
2024-05-31 22:04:00,980 - Outch - INFO - dec-start-outch192-inch192-facttt-r0.5-wh4-ind2s
2024-05-31 22:09:21,933 - Outch - INFO - dec-end-outch192-inch192-facttt-r0.5-wh4-ind2s
2024-05-31 22:11:00,072 - Outch - INFO - dec-start-outch192-inch192-facttt-r0.75-wh4-ind1s
2024-05-31 22:16:37,051 - Outch - INFO - dec-end-outch192-inch192-facttt-r0.75-wh4-ind1s
2024-05-31 22:18:00,176 - Outch - INFO - dec-start-outch192-inch192-facttt-r0.75-wh4-ind2s
2024-05-31 22:23:39,196 - Outch - INFO - dec-end-outch192-inch192-facttt-r0.75-wh4-ind2s
2024-05-31 22:25:00,318 - Outch - INFO - dec-start-outch192-inch192-facttt-r0.9-wh4-ind1s
2024-05-31 22:31:13,791 - Outch - INFO - dec-end-outch192-inch192-facttt-r0.9-wh4-ind1s
2024-05-31 22:33:00,896 - Outch - INFO - dec-start-outch192-inch192-facttt-r0.9-wh4-ind2s
2024-05-31 22:39:08,749 - Outch - INFO - dec-end-outch192-inch192-facttt-r0.9-wh4-ind2s
2024-05-31 22:41:00,826 - Outch - INFO - dec-start-outch384-inch192-factcp-r0.1-wh4-ind1s
2024-05-31 22:46:31,196 - Outch - INFO - dec-end-outch384-inch192-factcp-r0.1-wh4-ind1s
2024-05-31 22:48:00,150 - Outch - INFO - dec-start-outch384-inch192-factcp-r0.1-wh4-ind2s
2024-05-31 22:53:30,757 - Outch - INFO - dec-end-outch384-inch192-factcp-r0.1-wh4-ind2s
2024-05-31 22:56:00,492 - Outch - INFO - dec-start-outch384-inch192-factcp-r0.25-wh4-ind1s
2024-05-31 23:06:21,441 - Outch - INFO - dec-end-outch384-inch192-factcp-r0.25-wh4-ind1s
2024-05-31 23:08:00,825 - Outch - INFO - dec-start-outch384-inch192-factcp-r0.25-wh4-ind2s
2024-05-31 23:18:22,932 - Outch - INFO - dec-end-outch384-inch192-factcp-r0.25-wh4-ind2s
2024-05-31 23:21:00,119 - Outch - INFO - dec-start-outch384-inch192-factcp-r0.5-wh4-ind1s
2024-05-31 23:41:18,199 - Outch - INFO - dec-end-outch384-inch192-factcp-r0.5-wh4-ind1s
2024-05-31 23:44:00,298 - Outch - INFO - dec-start-outch384-inch192-factcp-r0.5-wh4-ind2s
2024-06-01 00:04:19,325 - Outch - INFO - dec-end-outch384-inch192-factcp-r0.5-wh4-ind2s
2024-06-01 00:07:00,416 - Outch - INFO - dec-start-outch384-inch192-factcp-r0.75-wh4-ind1s
2024-06-01 00:37:41,763 - Outch - INFO - dec-end-outch384-inch192-factcp-r0.75-wh4-ind1s
2024-06-01 00:41:00,531 - Outch - INFO - dec-start-outch384-inch192-factcp-r0.75-wh4-ind2s
2024-06-01 01:11:37,502 - Outch - INFO - dec-end-outch384-inch192-factcp-r0.75-wh4-ind2s
2024-06-01 01:15:00,428 - Outch - INFO - dec-start-outch384-inch192-factcp-r0.9-wh4-ind1s
2024-06-01 01:50:51,797 - Outch - INFO - dec-end-outch384-inch192-factcp-r0.9-wh4-ind1s
2024-06-01 01:54:00,846 - Outch - INFO - dec-start-outch384-inch192-factcp-r0.9-wh4-ind2s
2024-06-01 02:29:54,183 - Outch - INFO - dec-end-outch384-inch192-factcp-r0.9-wh4-ind2s
2024-06-01 02:32:01,040 - Outch - INFO - dec-start-outch320-inch192-factcp-r0.1-wh4-ind1s
2024-06-01 02:37:23,704 - Outch - INFO - dec-end-outch320-inch192-factcp-r0.1-wh4-ind1s
2024-06-01 02:39:00,526 - Outch - INFO - dec-start-outch320-inch192-factcp-r0.1-wh4-ind2s
2024-06-01 02:44:19,407 - Outch - INFO - dec-end-outch320-inch192-factcp-r0.1-wh4-ind2s
2024-06-01 02:46:00,788 - Outch - INFO - dec-start-outch320-inch192-factcp-r0.25-wh4-ind1s
2024-06-01 02:55:30,521 - Outch - INFO - dec-end-outch320-inch192-factcp-r0.25-wh4-ind1s
2024-06-01 02:57:00,558 - Outch - INFO - dec-start-outch320-inch192-factcp-r0.25-wh4-ind2s
2024-06-01 03:06:29,113 - Outch - INFO - dec-end-outch320-inch192-factcp-r0.25-wh4-ind2s
2024-06-01 03:09:00,053 - Outch - INFO - dec-start-outch320-inch192-factcp-r0.5-wh4-ind1s
2024-06-01 03:26:31,704 - Outch - INFO - dec-end-outch320-inch192-factcp-r0.5-wh4-ind1s
2024-06-01 03:29:00,309 - Outch - INFO - dec-start-outch320-inch192-factcp-r0.5-wh4-ind2s
2024-06-01 03:46:34,565 - Outch - INFO - dec-end-outch320-inch192-factcp-r0.5-wh4-ind2s
2024-06-01 03:49:00,215 - Outch - INFO - dec-start-outch320-inch192-factcp-r0.75-wh4-ind1s
2024-06-01 04:16:22,738 - Outch - INFO - dec-end-outch320-inch192-factcp-r0.75-wh4-ind1s
2024-06-01 04:19:00,723 - Outch - INFO - dec-start-outch320-inch192-factcp-r0.75-wh4-ind2s
2024-06-01 04:46:10,035 - Outch - INFO - dec-end-outch320-inch192-factcp-r0.75-wh4-ind2s
2024-06-01 04:49:00,679 - Outch - INFO - dec-start-outch320-inch192-factcp-r0.9-wh4-ind1s
2024-06-01 05:22:02,031 - Outch - INFO - dec-end-outch320-inch192-factcp-r0.9-wh4-ind1s
2024-06-01 05:25:00,238 - Outch - INFO - dec-start-outch320-inch192-factcp-r0.9-wh4-ind2s
2024-06-01 05:58:02,170 - Outch - INFO - dec-end-outch320-inch192-factcp-r0.9-wh4-ind2s
2024-06-01 06:00:00,213 - Outch - INFO - dec-start-outch256-inch192-factcp-r0.1-wh4-ind1s
2024-06-01 06:05:02,946 - Outch - INFO - dec-end-outch256-inch192-factcp-r0.1-wh4-ind1s
2024-06-01 06:07:00,955 - Outch - INFO - dec-start-outch256-inch192-factcp-r0.1-wh4-ind2s
2024-06-01 06:12:02,819 - Outch - INFO - dec-end-outch256-inch192-factcp-r0.1-wh4-ind2s
2024-06-01 06:14:00,730 - Outch - INFO - dec-start-outch256-inch192-factcp-r0.25-wh4-ind1s
2024-06-01 06:22:36,748 - Outch - INFO - dec-end-outch256-inch192-factcp-r0.25-wh4-ind1s
2024-06-01 06:24:00,774 - Outch - INFO - dec-start-outch256-inch192-factcp-r0.25-wh4-ind2s
2024-06-01 06:32:37,555 - Outch - INFO - dec-end-outch256-inch192-factcp-r0.25-wh4-ind2s
2024-06-01 06:35:00,896 - Outch - INFO - dec-start-outch256-inch192-factcp-r0.5-wh4-ind1s
2024-06-01 06:50:54,921 - Outch - INFO - dec-end-outch256-inch192-factcp-r0.5-wh4-ind1s
2024-06-01 06:53:00,466 - Outch - INFO - dec-start-outch256-inch192-factcp-r0.5-wh4-ind2s
2024-06-01 07:08:53,169 - Outch - INFO - dec-end-outch256-inch192-factcp-r0.5-wh4-ind2s
2024-06-01 07:11:00,064 - Outch - INFO - dec-start-outch256-inch192-factcp-r0.75-wh4-ind1s
2024-06-01 07:36:13,966 - Outch - INFO - dec-end-outch256-inch192-factcp-r0.75-wh4-ind1s
2024-06-01 07:39:00,403 - Outch - INFO - dec-start-outch256-inch192-factcp-r0.75-wh4-ind2s
2024-06-01 08:04:03,082 - Outch - INFO - dec-end-outch256-inch192-factcp-r0.75-wh4-ind2s
2024-06-01 08:07:00,054 - Outch - INFO - dec-start-outch256-inch192-factcp-r0.9-wh4-ind1s
2024-06-01 08:37:25,651 - Outch - INFO - dec-end-outch256-inch192-factcp-r0.9-wh4-ind1s
2024-06-01 08:40:00,349 - Outch - INFO - dec-start-outch256-inch192-factcp-r0.9-wh4-ind2s
2024-06-01 09:09:32,741 - Outch - INFO - dec-end-outch256-inch192-factcp-r0.9-wh4-ind2s
2024-06-01 09:11:00,099 - Outch - INFO - dec-start-outch192-inch192-factcp-r0.1-wh4-ind1s
2024-06-01 09:15:35,153 - Outch - INFO - dec-end-outch192-inch192-factcp-r0.1-wh4-ind1s
2024-06-01 09:17:00,520 - Outch - INFO - dec-start-outch192-inch192-factcp-r0.1-wh4-ind2s
2024-06-01 09:21:36,599 - Outch - INFO - dec-end-outch192-inch192-factcp-r0.1-wh4-ind2s
2024-06-01 09:23:00,348 - Outch - INFO - dec-start-outch192-inch192-factcp-r0.25-wh4-ind1s
2024-06-01 09:30:39,510 - Outch - INFO - dec-end-outch192-inch192-factcp-r0.25-wh4-ind1s
2024-06-01 09:32:00,264 - Outch - INFO - dec-start-outch192-inch192-factcp-r0.25-wh4-ind2s
2024-06-01 09:39:40,083 - Outch - INFO - dec-end-outch192-inch192-factcp-r0.25-wh4-ind2s
2024-06-01 09:42:00,757 - Outch - INFO - dec-start-outch192-inch192-factcp-r0.5-wh4-ind1s
2024-06-01 09:55:51,830 - Outch - INFO - dec-end-outch192-inch192-factcp-r0.5-wh4-ind1s
2024-06-01 09:58:00,482 - Outch - INFO - dec-start-outch192-inch192-factcp-r0.5-wh4-ind2s
2024-06-01 10:11:51,817 - Outch - INFO - dec-end-outch192-inch192-factcp-r0.5-wh4-ind2s
2024-06-01 10:14:00,495 - Outch - INFO - dec-start-outch192-inch192-factcp-r0.75-wh4-ind1s
2024-06-01 10:34:18,902 - Outch - INFO - dec-end-outch192-inch192-factcp-r0.75-wh4-ind1s
2024-06-01 10:37:00,382 - Outch - INFO - dec-start-outch192-inch192-factcp-r0.75-wh4-ind2s
2024-06-01 10:57:16,962 - Outch - INFO - dec-end-outch192-inch192-factcp-r0.75-wh4-ind2s
2024-06-01 11:00:00,169 - Outch - INFO - dec-start-outch192-inch192-factcp-r0.9-wh4-ind1s
2024-06-01 11:26:14,072 - Outch - INFO - dec-end-outch192-inch192-factcp-r0.9-wh4-ind1s
2024-06-01 11:29:00,251 - Outch - INFO - dec-start-outch192-inch192-factcp-r0.9-wh4-ind2s
2024-06-01 11:55:12,615 - Outch - INFO - dec-end-outch192-inch192-factcp-r0.9-wh4-ind2s
2024-06-06 09:30:00,669 - Outch - INFO - dec-start-outch384-inch192-facttucker-r0.1-wh4-ind1s
2024-06-06 09:33:25,834 - Outch - INFO - dec-end-outch384-inch192-facttucker-r0.1-wh4-ind1s
2024-06-06 09:35:00,333 - Outch - INFO - dec-start-outch384-inch192-facttucker-r0.1-wh4-ind2s
2024-06-06 09:38:27,042 - Outch - INFO - dec-end-outch384-inch192-facttucker-r0.1-wh4-ind2s
2024-06-06 09:40:00,078 - Outch - INFO - dec-start-outch384-inch192-facttucker-r0.25-wh4-ind1s
2024-06-06 09:45:18,368 - Outch - INFO - dec-end-outch384-inch192-facttucker-r0.25-wh4-ind1s
2024-06-06 09:47:00,376 - Outch - INFO - dec-start-outch384-inch192-facttucker-r0.25-wh4-ind2s
2024-06-06 09:52:19,218 - Outch - INFO - dec-end-outch384-inch192-facttucker-r0.25-wh4-ind2s
2024-06-06 09:54:00,176 - Outch - INFO - dec-start-outch384-inch192-facttucker-r0.5-wh4-ind1s
2024-06-06 10:02:19,761 - Outch - INFO - dec-end-outch384-inch192-facttucker-r0.5-wh4-ind1s
2024-06-06 10:04:00,700 - Outch - INFO - dec-start-outch384-inch192-facttucker-r0.5-wh4-ind2s
2024-06-06 10:12:23,175 - Outch - INFO - dec-end-outch384-inch192-facttucker-r0.5-wh4-ind2s
2024-06-06 10:14:00,089 - Outch - INFO - dec-start-outch384-inch192-facttucker-r0.75-wh4-ind1s
2024-06-06 10:26:03,981 - Outch - INFO - dec-end-outch384-inch192-facttucker-r0.75-wh4-ind1s
2024-06-06 10:28:00,913 - Outch - INFO - dec-start-outch384-inch192-facttucker-r0.75-wh4-ind2s
2024-06-06 10:40:03,620 - Outch - INFO - dec-end-outch384-inch192-facttucker-r0.75-wh4-ind2s
2024-06-06 10:42:00,464 - Outch - INFO - dec-start-outch384-inch192-facttucker-r0.9-wh4-ind1s
2024-06-06 10:56:10,870 - Outch - INFO - dec-end-outch384-inch192-facttucker-r0.9-wh4-ind1s
2024-06-06 10:58:00,689 - Outch - INFO - dec-start-outch384-inch192-facttucker-r0.9-wh4-ind2s
2024-06-06 11:12:07,292 - Outch - INFO - dec-end-outch384-inch192-facttucker-r0.9-wh4-ind2s
2024-06-06 11:14:00,696 - Outch - INFO - dec-start-outch320-inch192-facttucker-r0.1-wh4-ind1s
2024-06-06 11:17:23,415 - Outch - INFO - dec-end-outch320-inch192-facttucker-r0.1-wh4-ind1s
2024-06-06 11:19:00,849 - Outch - INFO - dec-start-outch320-inch192-facttucker-r0.1-wh4-ind2s
2024-06-06 11:22:24,090 - Outch - INFO - dec-end-outch320-inch192-facttucker-r0.1-wh4-ind2s
2024-06-06 11:24:00,914 - Outch - INFO - dec-start-outch320-inch192-facttucker-r0.25-wh4-ind1s
2024-06-06 11:28:45,934 - Outch - INFO - dec-end-outch320-inch192-facttucker-r0.25-wh4-ind1s
2024-06-06 11:30:00,744 - Outch - INFO - dec-start-outch320-inch192-facttucker-r0.25-wh4-ind2s
2024-06-06 11:34:47,070 - Outch - INFO - dec-end-outch320-inch192-facttucker-r0.25-wh4-ind2s
2024-06-06 11:36:00,722 - Outch - INFO - dec-start-outch320-inch192-facttucker-r0.5-wh4-ind1s
2024-06-06 11:43:37,952 - Outch - INFO - dec-end-outch320-inch192-facttucker-r0.5-wh4-ind1s
2024-06-06 11:45:00,666 - Outch - INFO - dec-start-outch320-inch192-facttucker-r0.5-wh4-ind2s
2024-06-06 11:52:38,708 - Outch - INFO - dec-end-outch320-inch192-facttucker-r0.5-wh4-ind2s
2024-06-06 11:54:00,301 - Outch - INFO - dec-start-outch320-inch192-facttucker-r0.75-wh4-ind1s
2024-06-06 12:04:20,533 - Outch - INFO - dec-end-outch320-inch192-facttucker-r0.75-wh4-ind1s
2024-06-06 12:06:00,239 - Outch - INFO - dec-start-outch320-inch192-facttucker-r0.75-wh4-ind2s
2024-06-06 12:16:15,978 - Outch - INFO - dec-end-outch320-inch192-facttucker-r0.75-wh4-ind2s
2024-06-06 12:18:00,572 - Outch - INFO - dec-start-outch320-inch192-facttucker-r0.9-wh4-ind1s
2024-06-06 12:30:26,109 - Outch - INFO - dec-end-outch320-inch192-facttucker-r0.9-wh4-ind1s
2024-06-06 12:32:00,743 - Outch - INFO - dec-start-outch320-inch192-facttucker-r0.9-wh4-ind2s
2024-06-06 12:44:26,788 - Outch - INFO - dec-end-outch320-inch192-facttucker-r0.9-wh4-ind2s
2024-06-06 12:46:00,190 - Outch - INFO - dec-start-outch256-inch192-facttucker-r0.1-wh4-ind1s
2024-06-06 12:49:02,860 - Outch - INFO - dec-end-outch256-inch192-facttucker-r0.1-wh4-ind1s
2024-06-06 12:51:00,253 - Outch - INFO - dec-start-outch256-inch192-facttucker-r0.1-wh4-ind2s
2024-06-06 12:54:02,464 - Outch - INFO - dec-end-outch256-inch192-facttucker-r0.1-wh4-ind2s
2024-06-06 12:56:00,230 - Outch - INFO - dec-start-outch256-inch192-facttucker-r0.25-wh4-ind1s
2024-06-06 13:00:30,427 - Outch - INFO - dec-end-outch256-inch192-facttucker-r0.25-wh4-ind1s
2024-06-06 13:02:00,044 - Outch - INFO - dec-start-outch256-inch192-facttucker-r0.25-wh4-ind2s
2024-06-06 13:06:25,610 - Outch - INFO - dec-end-outch256-inch192-facttucker-r0.25-wh4-ind2s
2024-06-06 13:08:00,176 - Outch - INFO - dec-start-outch256-inch192-facttucker-r0.5-wh4-ind1s
2024-06-06 13:14:47,446 - Outch - INFO - dec-end-outch256-inch192-facttucker-r0.5-wh4-ind1s
2024-06-06 13:16:00,984 - Outch - INFO - dec-start-outch256-inch192-facttucker-r0.5-wh4-ind2s
2024-06-06 13:22:42,524 - Outch - INFO - dec-end-outch256-inch192-facttucker-r0.5-wh4-ind2s
2024-06-06 13:24:00,927 - Outch - INFO - dec-start-outch256-inch192-facttucker-r0.75-wh4-ind1s
2024-06-06 13:33:28,035 - Outch - INFO - dec-end-outch256-inch192-facttucker-r0.75-wh4-ind1s
2024-06-06 13:35:00,576 - Outch - INFO - dec-start-outch256-inch192-facttucker-r0.75-wh4-ind2s
2024-06-06 13:44:28,461 - Outch - INFO - dec-end-outch256-inch192-facttucker-r0.75-wh4-ind2s
2024-06-06 13:46:00,952 - Outch - INFO - dec-start-outch256-inch192-facttucker-r0.9-wh4-ind1s
2024-06-06 13:56:39,564 - Outch - INFO - dec-end-outch256-inch192-facttucker-r0.9-wh4-ind1s
2024-06-06 13:58:00,042 - Outch - INFO - dec-start-outch256-inch192-facttucker-r0.9-wh4-ind2s
2024-06-06 14:08:39,206 - Outch - INFO - dec-end-outch256-inch192-facttucker-r0.9-wh4-ind2s
2024-06-06 14:10:00,505 - Outch - INFO - dec-start-outch192-inch192-facttucker-r0.1-wh4-ind1s
2024-06-06 14:12:41,855 - Outch - INFO - dec-end-outch192-inch192-facttucker-r0.1-wh4-ind1s
2024-06-06 14:14:00,163 - Outch - INFO - dec-start-outch192-inch192-facttucker-r0.1-wh4-ind2s
2024-06-06 14:16:40,914 - Outch - INFO - dec-end-outch192-inch192-facttucker-r0.1-wh4-ind2s
2024-06-06 14:18:00,406 - Outch - INFO - dec-start-outch192-inch192-facttucker-r0.25-wh4-ind1s
2024-06-06 14:22:09,010 - Outch - INFO - dec-end-outch192-inch192-facttucker-r0.25-wh4-ind1s
2024-06-06 14:24:00,476 - Outch - INFO - dec-start-outch192-inch192-facttucker-r0.25-wh4-ind2s
2024-06-06 14:28:08,342 - Outch - INFO - dec-end-outch192-inch192-facttucker-r0.25-wh4-ind2s
2024-06-06 14:30:00,738 - Outch - INFO - dec-start-outch192-inch192-facttucker-r0.5-wh4-ind1s
2024-06-06 14:35:50,281 - Outch - INFO - dec-end-outch192-inch192-facttucker-r0.5-wh4-ind1s
2024-06-06 14:37:00,744 - Outch - INFO - dec-start-outch192-inch192-facttucker-r0.5-wh4-ind2s
2024-06-06 14:42:46,292 - Outch - INFO - dec-end-outch192-inch192-facttucker-r0.5-wh4-ind2s
2024-06-06 14:44:00,637 - Outch - INFO - dec-start-outch192-inch192-facttucker-r0.75-wh4-ind1s
2024-06-06 14:51:35,894 - Outch - INFO - dec-end-outch192-inch192-facttucker-r0.75-wh4-ind1s
2024-06-06 14:53:00,303 - Outch - INFO - dec-start-outch192-inch192-facttucker-r0.75-wh4-ind2s
2024-06-06 15:00:37,370 - Outch - INFO - dec-end-outch192-inch192-facttucker-r0.75-wh4-ind2s
2024-06-06 15:02:00,738 - Outch - INFO - dec-start-outch192-inch192-facttucker-r0.9-wh4-ind1s
2024-06-06 15:10:57,467 - Outch - INFO - dec-end-outch192-inch192-facttucker-r0.9-wh4-ind1s
2024-06-06 15:12:00,821 - Outch - INFO - dec-start-outch192-inch192-facttucker-r0.9-wh4-ind2s
2024-06-06 15:20:59,316 - Outch - INFO - dec-end-outch192-inch192-facttucker-r0.9-wh4-ind2s
